#
# There is insufficient memory for the Java Runtime Environment to continue.
# Native memory allocation (malloc) failed to allocate 806256 bytes for Chunk::new
# Possible reasons:
#   The system is out of physical RAM or swap space
#   In 32 bit mode, the process size limit was hit
# Possible solutions:
#   Reduce memory load on the system
#   Increase physical memory or swap space
#   Check if swap backing store is full
#   Use 64 bit Java on a 64 bit OS
#   Decrease Java heap size (-Xmx/-Xms)
#   Decrease number of Java threads
#   Decrease Java thread stack sizes (-Xss)
#   Set larger code cache with -XX:ReservedCodeCacheSize=
# This output file may be truncated or incomplete.
#
#  Out of Memory Error (allocation.cpp:390), pid=14416, tid=0x0000000000006220
#
# JRE version: Java(TM) SE Runtime Environment (8.0_101-b13) (build 1.8.0_101-b13)
# Java VM: Java HotSpot(TM) 64-Bit Server VM (25.101-b13 mixed mode windows-amd64 compressed oops)
# Failed to write core dump. Minidumps are not enabled by default on client versions of Windows
#

---------------  T H R E A D  ---------------

Current thread (0x000000000305a000):  JavaThread "C2 CompilerThread0" daemon [_thread_in_native, id=25120, stack(0x00000000080f0000,0x00000000081f0000)]

Stack: [0x00000000080f0000,0x00000000081f0000]
[error occurred during error reporting (printing stack bounds), id 0xc0000005]

Native frames: (J=compiled Java code, j=interpreted, Vv=VM code, C=native code)


Current CompileTask:
C2:  13630 1268   !   4       com.android.dx.cf.code.BytecodeArray::parseInstruction (2764 bytes)


---------------  P R O C E S S  ---------------

Java Threads: ( => current thread )
  0x0000000007b59800 JavaThread "Service Thread" daemon [_thread_blocked, id=15140, stack(0x00000000083f0000,0x00000000084f0000)]
  0x000000000678e000 JavaThread "C1 CompilerThread2" daemon [_thread_in_vm, id=940, stack(0x00000000082f0000,0x00000000083f0000)]
  0x000000000305e800 JavaThread "C2 CompilerThread1" daemon [_thread_in_native, id=4020, stack(0x00000000081f0000,0x00000000082f0000)]
=>0x000000000305a000 JavaThread "C2 CompilerThread0" daemon [_thread_in_native, id=25120, stack(0x00000000080f0000,0x00000000081f0000)]
  0x0000000007b32800 JavaThread "Attach Listener" daemon [_thread_blocked, id=6016, stack(0x0000000007ff0000,0x00000000080f0000)]
  0x0000000006742800 JavaThread "Signal Dispatcher" daemon [_thread_blocked, id=12068, stack(0x0000000007ef0000,0x0000000007ff0000)]
  0x000000000671a800 JavaThread "Finalizer" daemon [_thread_blocked, id=14716, stack(0x0000000007990000,0x0000000007a90000)]
  0x000000000304f800 JavaThread "Reference Handler" daemon [_thread_blocked, id=8080, stack(0x0000000007890000,0x0000000007990000)]
  0x0000000002f61000 JavaThread "main" [_thread_in_Java, id=3384, stack(0x00000000029d0000,0x0000000002ad0000)]

Other Threads:
  0x00000000066f8000 VMThread [stack: 0x0000000007790000,0x0000000007890000] [id=18164]
  0x0000000007b7c800 WatcherThread [stack: 0x00000000084f0000,0x00000000085f0000] [id=17848]

VM state:not at safepoint (normal execution)

VM Mutex/Monitor currently owned by a thread: None

Heap:
 PSYoungGen      total 37888K, used 11717K [0x00000000eab00000, 0x00000000ed500000, 0x0000000100000000)
  eden space 32768K, 20% used [0x00000000eab00000,0x00000000eb172898,0x00000000ecb00000)
  from space 5120K, 99% used [0x00000000ecb00000,0x00000000ecffee18,0x00000000ed000000)
  to   space 5120K, 0% used [0x00000000ed000000,0x00000000ed000000,0x00000000ed500000)
 ParOldGen       total 86016K, used 1299K [0x00000000c0000000, 0x00000000c5400000, 0x00000000eab00000)
  object space 86016K, 1% used [0x00000000c0000000,0x00000000c0144f48,0x00000000c5400000)
 Metaspace       used 6167K, capacity 7064K, committed 7424K, reserved 1056768K
  class space    used 615K, capacity 656K, committed 768K, reserved 1048576K

Card table byte_map: [0x0000000003420000,0x0000000003630000] byte_map_base: 0x0000000002e20000

Marking Bits: (ParMarkBitMap*) 0x0000000058ffa6d0
 Begin Bits: [0x0000000003b90000, 0x0000000004b90000)
 End Bits:   [0x0000000004b90000, 0x0000000005b90000)

Polling page: 0x0000000000f80000

CodeCache: size=245760Kb used=5447Kb max_used=5447Kb free=240312Kb
 bounds [0x000000000f010000, 0x000000000f570000, 0x000000001e010000]
 total_blobs=1610 nmethods=1339 adapters=184
 compilation: enabled

Compilation events (10 events):
Event: 13.620 Thread 0x000000000678e000 nmethod 1340 0x000000000f561a50 code [0x000000000f561ba0, 0x000000000f561cb0]
Event: 13.620 Thread 0x000000000678e000 1341       2       com.android.dx.dex.file.ProtoIdItem::shortFormCharFor (20 bytes)
Event: 13.620 Thread 0x000000000678e000 nmethod 1341 0x000000000f561d10 code [0x000000000f561e80, 0x000000000f562088]
Event: 13.621 Thread 0x000000000678e000 1342       2       com.android.dx.dex.file.MethodIdItem::addContents (23 bytes)
Event: 13.621 Thread 0x000000000678e000 nmethod 1342 0x000000000f562210 code [0x000000000f5623a0, 0x000000000f562678]
Event: 13.621 Thread 0x000000000678e000 1343       2       com.android.dx.dex.file.MemberIdItem::addContents (26 bytes)
Event: 13.622 Thread 0x000000000678e000 nmethod 1343 0x000000000f5629d0 code [0x000000000f562b60, 0x000000000f562ea8]
Event: 13.622 Thread 0x000000000678e000 1344       2       com.android.dx.dex.file.MethodIdItem::getMethodRef (8 bytes)
Event: 13.622 Thread 0x000000000678e000 nmethod 1344 0x000000000f563150 code [0x000000000f5632a0, 0x000000000f563430]
Event: 13.622 Thread 0x000000000678e000 1345       2       java.util.HashMap::getNode (148 bytes)

GC Heap History (2 events):
Event: 13.330 GC heap before
{Heap before GC invocations=1 (full 0):
 PSYoungGen      total 37888K, used 32768K [0x00000000eab00000, 0x00000000ed500000, 0x0000000100000000)
  eden space 32768K, 100% used [0x00000000eab00000,0x00000000ecb00000,0x00000000ecb00000)
  from space 5120K, 0% used [0x00000000ed000000,0x00000000ed000000,0x00000000ed500000)
  to   space 5120K, 0% used [0x00000000ecb00000,0x00000000ecb00000,0x00000000ed000000)
 ParOldGen       total 86016K, used 0K [0x00000000c0000000, 0x00000000c5400000, 0x00000000eab00000)
  object space 86016K, 0% used [0x00000000c0000000,0x00000000c0000000,0x00000000c5400000)
 Metaspace       used 6064K, capacity 6968K, committed 7040K, reserved 1056768K
  class space    used 609K, capacity 624K, committed 640K, reserved 1048576K
Event: 13.391 GC heap after
Heap after GC invocations=1 (full 0):
 PSYoungGen      total 37888K, used 5115K [0x00000000eab00000, 0x00000000ed500000, 0x0000000100000000)
  eden space 32768K, 0% used [0x00000000eab00000,0x00000000eab00000,0x00000000ecb00000)
  from space 5120K, 99% used [0x00000000ecb00000,0x00000000ecffee18,0x00000000ed000000)
  to   space 5120K, 0% used [0x00000000ed000000,0x00000000ed000000,0x00000000ed500000)
 ParOldGen       total 86016K, used 1299K [0x00000000c0000000, 0x00000000c5400000, 0x00000000eab00000)
  object space 86016K, 1% used [0x00000000c0000000,0x00000000c0144f48,0x00000000c5400000)
 Metaspace       used 6064K, capacity 6968K, committed 7040K, reserved 1056768K
  class space    used 609K, capacity 624K, committed 640K, reserved 1048576K
}

Deoptimization events (10 events):
Event: 13.444 Thread 0x0000000007c51800 Uncommon trap: reason=class_check action=maybe_recompile pc=0x000000000f486840 method=java.util.HashMap.putVal(ILjava/lang/Object;Ljava/lang/Object;ZZ)Ljava/lang/Object; @ 203
Event: 13.595 Thread 0x0000000002f61000 Uncommon trap: reason=class_check action=maybe_recompile pc=0x000000000f508128 method=java.util.Arrays.hashCode([Ljava/lang/Object;)I @ 43
Event: 13.595 Thread 0x0000000002f61000 Uncommon trap: reason=class_check action=maybe_recompile pc=0x000000000f508128 method=java.util.Arrays.hashCode([Ljava/lang/Object;)I @ 43
Event: 13.596 Thread 0x0000000002f61000 Uncommon trap: reason=class_check action=maybe_recompile pc=0x000000000f508128 method=java.util.Arrays.hashCode([Ljava/lang/Object;)I @ 43
Event: 13.596 Thread 0x0000000002f61000 Uncommon trap: reason=class_check action=maybe_recompile pc=0x000000000f508128 method=java.util.Arrays.hashCode([Ljava/lang/Object;)I @ 43
Event: 13.602 Thread 0x0000000002f61000 Uncommon trap: reason=class_check action=maybe_recompile pc=0x000000000f4aa4c4 method=java.util.HashMap.putVal(ILjava/lang/Object;Ljava/lang/Object;ZZ)Ljava/lang/Object; @ 203
Event: 13.603 Thread 0x0000000002f61000 Uncommon trap: reason=class_check action=maybe_recompile pc=0x000000000f4aa4c4 method=java.util.HashMap.putVal(ILjava/lang/Object;Ljava/lang/Object;ZZ)Ljava/lang/Object; @ 203
Event: 13.606 Thread 0x0000000002f61000 Uncommon trap: reason=class_check action=maybe_recompile pc=0x000000000f486840 method=java.util.HashMap.putVal(ILjava/lang/Object;Ljava/lang/Object;ZZ)Ljava/lang/Object; @ 203
Event: 13.616 Thread 0x0000000002f61000 Uncommon trap: reason=bimorphic action=maybe_recompile pc=0x000000000f2b3734 method=java.util.HashMap.getNode(ILjava/lang/Object;)Ljava/util/HashMap$Node; @ 126
Event: 13.617 Thread 0x0000000002f61000 Uncommon trap: reason=bimorphic action=maybe_recompile pc=0x000000000f2b3734 method=java.util.HashMap.getNode(ILjava/lang/Object;)Ljava/util/HashMap$Node; @ 126

Internal exceptions (3 events):
Event: 7.408 Thread 0x0000000002f61000 Exception <a 'java/lang/NoSuchMethodError': Method sun.misc.Unsafe.defineClass(Ljava/lang/String;[BII)Ljava/lang/Class; name or signature does not match> (0x00000000eab07cc0) thrown at [C:\re\workspace\8-2-build-windows-amd64-cygwin\jdk8u101\7261\hotspot\sT×Ì¡@
Event: 7.408 Thread 0x0000000002f61000 Exception <a 'java/lang/NoSuchMethodError': Method sun.misc.Unsafe.prefetchRead(Ljava/lang/Object;J)V name or signature does not match> (0x00000000eab07fa8) thrown at [C:\re\workspace\8-2-build-windows-amd64-cygwin\jdk8u101\7261\hotspot\src\share\vm\prims\Ösu•#*@
Event: 13.069 Thread 0x0000000007d58000 Implicit null exception at 0x000000000f30afa2 to 0x000000000f30b092

Events (10 events):
Event: 13.606 Thread 0x0000000002f61000 DEOPT PACKING pc=0x000000000f486840 sp=0x0000000002aced10
Event: 13.607 Thread 0x0000000002f61000 DEOPT UNPACKING pc=0x000000000f05582a sp=0x0000000002acec98 mode 2
Event: 13.616 Thread 0x0000000002f61000 Uncommon trap: trap_request=0xffffffc6 fr.pc=0x000000000f2b3734
Event: 13.616 Thread 0x0000000002f61000 DEOPT PACKING pc=0x000000000f2b3734 sp=0x0000000002acee50
Event: 13.616 Thread 0x0000000002f61000 DEOPT UNPACKING pc=0x000000000f05582a sp=0x0000000002acedd0 mode 2
Event: 13.617 Thread 0x0000000002f61000 Uncommon trap: trap_request=0xffffffc6 fr.pc=0x000000000f2b3734
Event: 13.617 Thread 0x0000000002f61000 DEOPT PACKING pc=0x000000000f2b3734 sp=0x0000000002acee00
Event: 13.617 Thread 0x0000000002f61000 DEOPT UNPACKING pc=0x000000000f05582a sp=0x0000000002aced80 mode 2
Event: 13.617 loading class com/android/dx/dex/file/ProtoIdItem
Event: 13.617 loading class com/android/dx/dex/file/ProtoIdItem done


Dynamic libraries:
0x00007ff67b770000 - 0x00007ff67b7a7000 	C:\Program Files\Java\jdk1.8.0_101\bin\java.exe
0x00007ffd253d0000 - 0x00007ffd25591000 	C:\Windows\SYSTEM32\ntdll.dll
0x00007ffd227d0000 - 0x00007ffd2287d000 	C:\Windows\system32\KERNEL32.DLL
0x00007ffd225c0000 - 0x00007ffd227a8000 	C:\Windows\system32\KERNELBASE.dll
0x00007ffd23bf0000 - 0x00007ffd23c97000 	C:\Windows\system32\ADVAPI32.dll
0x00007ffd22bd0000 - 0x00007ffd22c6d000 	C:\Windows\system32\msvcrt.dll
0x00007ffd25210000 - 0x00007ffd2526b000 	C:\Windows\system32\sechost.dll
0x00007ffd23ad0000 - 0x00007ffd23bec000 	C:\Windows\system32\RPCRT4.dll
0x00007ffd23970000 - 0x00007ffd23ac6000 	C:\Windows\system32\USER32.dll
0x00007ffd22c70000 - 0x00007ffd22df6000 	C:\Windows\system32\GDI32.dll
0x00007ffd1d0d0000 - 0x00007ffd1d344000 	C:\Windows\WinSxS\amd64_microsoft.windows.common-controls_6595b64144ccf1df_6.0.10586.589_none_a2ddb3caa539acce\COMCTL32.dll
0x00007ffd22e00000 - 0x00007ffd2307d000 	C:\Windows\system32\combase.dll
0x00007ffd21a80000 - 0x00007ffd21aea000 	C:\Windows\system32\bcryptPrimitives.dll
0x00007ffd23820000 - 0x00007ffd2385b000 	C:\Windows\system32\IMM32.DLL
0x00007ffd218e0000 - 0x00007ffd21911000 	C:\Windows\system32\nvinitx.dll
0x00007ffd218d0000 - 0x00007ffd218da000 	C:\Windows\SYSTEM32\VERSION.dll
0x000000000f000000 - 0x000000000f006000 	C:\Program Files\NVIDIA Corporation\CoProcManager\_etoured.dll
0x00007ffd1fd60000 - 0x00007ffd1fd92000 	C:\Program Files\NVIDIA Corporation\CoProcManager\nvd3d9wrapx.dll
0x00007ffd231b0000 - 0x00007ffd235d9000 	C:\Windows\system32\SETUPAPI.dll
0x00007ffd22570000 - 0x00007ffd225b3000 	C:\Windows\system32\CFGMGR32.dll
0x00007ffd1fd30000 - 0x00007ffd1fd52000 	C:\Program Files\NVIDIA Corporation\CoProcManager\nvdxgiwrapx.dll
0x0000000059080000 - 0x0000000059152000 	C:\Program Files\Java\jdk1.8.0_101\jre\bin\msvcr100.dll
0x00000000587e0000 - 0x000000005907a000 	C:\Program Files\Java\jdk1.8.0_101\jre\bin\server\jvm.dll
0x00007ffd25270000 - 0x00007ffd25278000 	C:\Windows\system32\PSAPI.DLL
0x00007ffd18770000 - 0x00007ffd18779000 	C:\Windows\SYSTEM32\WSOCK32.dll
0x00007ffd235e0000 - 0x00007ffd2364b000 	C:\Windows\system32\WS2_32.dll
0x00007ffd1fc20000 - 0x00007ffd1fc43000 	C:\Windows\SYSTEM32\WINMM.dll
0x00007ffd1fbc0000 - 0x00007ffd1fbec000 	C:\Windows\SYSTEM32\WINMMBASE.dll
0x00000000587d0000 - 0x00000000587df000 	C:\Program Files\Java\jdk1.8.0_101\jre\bin\verify.dll
0x00000000587a0000 - 0x00000000587c9000 	C:\Program Files\Java\jdk1.8.0_101\jre\bin\java.dll
0x0000000058780000 - 0x0000000058796000 	C:\Program Files\Java\jdk1.8.0_101\jre\bin\zip.dll
0x00007ffd23cb0000 - 0x00007ffd2520c000 	C:\Windows\system32\SHELL32.dll
0x00007ffd21e90000 - 0x00007ffd224d5000 	C:\Windows\system32\windows.storage.dll
0x00007ffd22b70000 - 0x00007ffd22bc2000 	C:\Windows\system32\shlwapi.dll
0x00007ffd219f0000 - 0x00007ffd219ff000 	C:\Windows\system32\kernel.appcore.dll
0x00007ffd21b50000 - 0x00007ffd21c05000 	C:\Windows\system32\shcore.dll
0x00007ffd21a20000 - 0x00007ffd21a6b000 	C:\Windows\system32\powrprof.dll
0x00007ffd21a00000 - 0x00007ffd21a14000 	C:\Windows\system32\profapi.dll

VM Arguments:
jvm_args: -Djava.awt.headless=true -Xmx1024M -Dfile.encoding=GBK -Duser.country=CN -Duser.language=zh -Duser.variant 
java_command: com.android.dx.command.Main --dex --num-threads=4 --output C:\Users\shenb\Desktop\Mpzn\app\build\intermediates\pre-dexed\debug\com.android.support-support-vector-drawable-24.0.0-beta1_f1ca201a0833fc2a3fdc81261f6fa08d3215426a.jar C:\Users\shenb\Desktop\Mpzn\app\build\intermediates\exploded-aar\com.android.support\support-vector-drawable\24.0.0-beta1\jars\classes.jar
java_class_path (initial): D:\AndroidSDK\build-tools\23.0.3\lib\dx.jar
Launcher Type: SUN_STANDARD

Environment Variables:
JAVA_HOME=C:\Program Files\Java\jdk1.8.0_101
PATH=C:\ProgramData\Oracle\Java\javapath;C:\Program Files (x86)\Intel\iCLS Client\;C:\Program Files\Intel\iCLS Client\;C:\Windows\system32;C:\Windows;C:\Windows\System32\Wbem;C:\Windows\System32\WindowsPowerShell\v1.0\;C:\Program Files\Intel\Intel(R) Management Engine Components\DAL;C:\Program Files\Intel\Intel(R) Management Engine Components\IPT;C:\Program Files (x86)\Intel\Intel(R) Management Engine Components\DAL;C:\Program Files (x86)\Intel\Intel(R) Management Engine Components\IPT;C:\Program Files (x86)\VisualSVN Server\bin;C:\Program Files\TortoiseSVN\bin;C:\Program Files\TortoiseGit\bin;D:\AS\android-sdk-windows\platform-tools;C:\Program Files\Java\jdk1.8.0_101\bin;D:\adt-bundle-windows-x64\android-sdk-windows\platform-tools;D:\adt-bundle-windows-x64\android-sdk-windows\tools;D:\apache-tomcat-6.0.44\bin
USERNAME=Icy
OS=Windows_NT
PROCESSOR_IDENTIFIER=Intel64 Family 6 Model 58 Stepping 9, GenuineIntel



---------------  S Y S T E M  ---------------

OS: Windows 10.0 , 64 bit Build 10586 (10.0.10586.589)

CPU:total 4 (2 cores per cpu, 2 threads per core) family 6 model 58 stepping 9, cmov, cx8, fxsr, mmx, sse, sse2, sse3, ssse3, sse4.1, sse4.2, popcnt, avx, aes, clmul, erms, ht, tsc, tscinvbit, tscinv

Memory: 4k page, physical 8241668k(1358036k free), swap 14752000k(6924k free)

vm_info: Java HotSpot(TM) 64-Bit Server VM (25.101-b13) for windows-amd64 JRE (1.8.0_101-b13), built on Jun 22 2016 01:21:29 by "java_re" with MS VC++ 10.0 (VS2010)

time: Wed Nov 09 15:35:07 2016
elapsed time: 13 seconds (0d 0h 0m 13s)

