#
# There is insufficient memory for the Java Runtime Environment to continue.
# Native memory allocation (malloc) failed to allocate 1124976 bytes for Chunk::new
# Possible reasons:
#   The system is out of physical RAM or swap space
#   In 32 bit mode, the process size limit was hit
# Possible solutions:
#   Reduce memory load on the system
#   Increase physical memory or swap space
#   Check if swap backing store is full
#   Use 64 bit Java on a 64 bit OS
#   Decrease Java heap size (-Xmx/-Xms)
#   Decrease number of Java threads
#   Decrease Java thread stack sizes (-Xss)
#   Set larger code cache with -XX:ReservedCodeCacheSize=
# This output file may be truncated or incomplete.
#
#  Out of Memory Error (allocation.cpp:390), pid=5676, tid=0x0000000000004d3c
#
# JRE version: Java(TM) SE Runtime Environment (8.0_101-b13) (build 1.8.0_101-b13)
# Java VM: Java HotSpot(TM) 64-Bit Server VM (25.101-b13 mixed mode windows-amd64 compressed oops)
# Failed to write core dump. Minidumps are not enabled by default on client versions of Windows
#

---------------  T H R E A D  ---------------

Current thread (0x000000000335b000):  JavaThread "C2 CompilerThread0" daemon [_thread_in_native, id=19772, stack(0x00000000083a0000,0x00000000084a0000)]

Stack: [0x00000000083a0000,0x00000000084a0000]
[error occurred during error reporting (printing stack bounds), id 0xc0000005]

Native frames: (J=compiled Java code, j=interpreted, Vv=VM code, C=native code)


Current CompileTask:
C2:   5017 1745   !   4       com.android.dx.cf.code.BytecodeArray::parseInstruction (2764 bytes)


---------------  P R O C E S S  ---------------

Java Threads: ( => current thread )
  0x0000000008119800 JavaThread "pool-1-thread-4" [_thread_in_Java, id=25488, stack(0x00000000094a0000,0x00000000095a0000)]
  0x0000000008118800 JavaThread "pool-1-thread-3" [_thread_blocked, id=3940, stack(0x00000000093a0000,0x00000000094a0000)]
  0x0000000008117800 JavaThread "pool-1-thread-2" [_thread_in_Java, id=14096, stack(0x00000000092a0000,0x00000000093a0000)]
  0x0000000008115000 JavaThread "pool-2-thread-1" [_thread_blocked, id=15748, stack(0x00000000091a0000,0x00000000092a0000)]
  0x0000000008114000 JavaThread "pool-1-thread-1" [_thread_in_Java, id=11632, stack(0x00000000090a0000,0x00000000091a0000)]
  0x0000000007e00000 JavaThread "Service Thread" daemon [_thread_blocked, id=23288, stack(0x00000000086a0000,0x00000000087a0000)]
  0x0000000007dfc000 JavaThread "C1 CompilerThread2" daemon [_thread_blocked, id=10916, stack(0x00000000085a0000,0x00000000086a0000)]
  0x0000000006a8c000 JavaThread "C2 CompilerThread1" daemon [_thread_in_native, id=4100, stack(0x00000000084a0000,0x00000000085a0000)]
=>0x000000000335b000 JavaThread "C2 CompilerThread0" daemon [_thread_in_native, id=19772, stack(0x00000000083a0000,0x00000000084a0000)]
  0x0000000007de2800 JavaThread "Attach Listener" daemon [_thread_blocked, id=16616, stack(0x00000000082a0000,0x00000000083a0000)]
  0x0000000006a42800 JavaThread "Signal Dispatcher" daemon [_thread_blocked, id=23368, stack(0x00000000081a0000,0x00000000082a0000)]
  0x0000000006a1a800 JavaThread "Finalizer" daemon [_thread_blocked, id=4940, stack(0x0000000007ca0000,0x0000000007da0000)]
  0x000000000334f800 JavaThread "Reference Handler" daemon [_thread_blocked, id=15548, stack(0x0000000007ba0000,0x0000000007ca0000)]
  0x0000000003261000 JavaThread "main" [_thread_in_Java, id=20692, stack(0x0000000003120000,0x0000000003220000)]

Other Threads:
  0x00000000069f8000 VMThread [stack: 0x0000000007aa0000,0x0000000007ba0000] [id=21076]
  0x0000000007e17800 WatcherThread [stack: 0x00000000087a0000,0x00000000088a0000] [id=22052]

VM state:not at safepoint (normal execution)

VM Mutex/Monitor currently owned by a thread: None

Heap:
 PSYoungGen      total 70656K, used 38305K [0x00000000eab00000, 0x00000000ef500000, 0x0000000100000000)
  eden space 65536K, 50% used [0x00000000eab00000,0x00000000ecb6b278,0x00000000eeb00000)
  from space 5120K, 99% used [0x00000000ef000000,0x00000000ef4fd550,0x00000000ef500000)
  to   space 5120K, 0% used [0x00000000eeb00000,0x00000000eeb00000,0x00000000ef000000)
 ParOldGen       total 86016K, used 15285K [0x00000000c0000000, 0x00000000c5400000, 0x00000000eab00000)
  object space 86016K, 17% used [0x00000000c0000000,0x00000000c0eed600,0x00000000c5400000)
 Metaspace       used 6363K, capacity 7158K, committed 7296K, reserved 1056768K
  class space    used 608K, capacity 622K, committed 640K, reserved 1048576K

Card table byte_map: [0x0000000003720000,0x0000000003930000] byte_map_base: 0x0000000003120000

Marking Bits: (ParMarkBitMap*) 0x0000000058ffa6d0
 Begin Bits: [0x0000000003e90000, 0x0000000004e90000)
 End Bits:   [0x0000000004e90000, 0x0000000005e90000)

Polling page: 0x00000000015c0000

CodeCache: size=245760Kb used=7931Kb max_used=7946Kb free=237828Kb
 bounds [0x000000000f010000, 0x000000000f7e0000, 0x000000001e010000]
 total_blobs=2002 nmethods=1730 adapters=184
 compilation: enabled

Compilation events (10 events):
Event: 4.900 Thread 0x0000000007dfc000 1774       2       com.android.dx.ssa.SsaBasicBlock::getLiveOutRegs (26 bytes)
Event: 4.901 Thread 0x0000000007dfc000 nmethod 1774 0x000000000f7bc510 code [0x000000000f7bc680, 0x000000000f7bc988]
Event: 4.915 Thread 0x0000000006a8c000 nmethod 1725 0x000000000f7d2e90 code [0x000000000f7d3140, 0x000000000f7d5588]
Event: 4.915 Thread 0x0000000006a8c000 1724       4       com.android.dx.ssa.SsaMethod::mapRegisters (87 bytes)
Event: 4.924 Thread 0x0000000007dfc000 1776 %     3       com.android.dx.util.IntList::binarysearch @ 45 (124 bytes)
Event: 4.925 Thread 0x0000000007dfc000 nmethod 1776% 0x000000000f7bbb50 code [0x000000000f7bbce0, 0x000000000f7bc210]
Event: 4.925 Thread 0x0000000007dfc000 1777       3       com.android.dx.util.IntList::binarysearch (124 bytes)
Event: 4.925 Thread 0x0000000007dfc000 nmethod 1777 0x000000000f7bb250 code [0x000000000f7bb3e0, 0x000000000f7bb890]
Event: 4.956 Thread 0x0000000006a8c000 nmethod 1724 0x000000000f7d7d50 code [0x000000000f7d7f60, 0x000000000f7d8d40]
Event: 4.956 Thread 0x0000000006a8c000 1721       4       com.android.dx.ssa.SsaMethod::forEachBlockDepthFirst (194 bytes)

GC Heap History (8 events):
Event: 1.412 GC heap before
{Heap before GC invocations=1 (full 0):
 PSYoungGen      total 37888K, used 32768K [0x00000000eab00000, 0x00000000ed500000, 0x0000000100000000)
  eden space 32768K, 100% used [0x00000000eab00000,0x00000000ecb00000,0x00000000ecb00000)
  from space 5120K, 0% used [0x00000000ed000000,0x00000000ed000000,0x00000000ed500000)
  to   space 5120K, 0% used [0x00000000ecb00000,0x00000000ecb00000,0x00000000ed000000)
 ParOldGen       total 86016K, used 0K [0x00000000c0000000, 0x00000000c5400000, 0x00000000eab00000)
  object space 86016K, 0% used [0x00000000c0000000,0x00000000c0000000,0x00000000c5400000)
 Metaspace       used 6051K, capacity 6902K, committed 7040K, reserved 1056768K
  class space    used 607K, capacity 622K, committed 640K, reserved 1048576K
Event: 1.423 GC heap after
Heap after GC invocations=1 (full 0):
 PSYoungGen      total 37888K, used 5116K [0x00000000eab00000, 0x00000000ed500000, 0x0000000100000000)
  eden space 32768K, 0% used [0x00000000eab00000,0x00000000eab00000,0x00000000ecb00000)
  from space 5120K, 99% used [0x00000000ecb00000,0x00000000ecfff1c8,0x00000000ed000000)
  to   space 5120K, 0% used [0x00000000ed000000,0x00000000ed000000,0x00000000ed500000)
 ParOldGen       total 86016K, used 1268K [0x00000000c0000000, 0x00000000c5400000, 0x00000000eab00000)
  object space 86016K, 1% used [0x00000000c0000000,0x00000000c013d188,0x00000000c5400000)
 Metaspace       used 6051K, capacity 6902K, committed 7040K, reserved 1056768K
  class space    used 607K, capacity 622K, committed 640K, reserved 1048576K
}
Event: 3.023 GC heap before
{Heap before GC invocations=2 (full 0):
 PSYoungGen      total 37888K, used 37884K [0x00000000eab00000, 0x00000000ed500000, 0x0000000100000000)
  eden space 32768K, 100% used [0x00000000eab00000,0x00000000ecb00000,0x00000000ecb00000)
  from space 5120K, 99% used [0x00000000ecb00000,0x00000000ecfff1c8,0x00000000ed000000)
  to   space 5120K, 0% used [0x00000000ed000000,0x00000000ed000000,0x00000000ed500000)
 ParOldGen       total 86016K, used 1268K [0x00000000c0000000, 0x00000000c5400000, 0x00000000eab00000)
  object space 86016K, 1% used [0x00000000c0000000,0x00000000c013d188,0x00000000c5400000)
 Metaspace       used 6266K, capacity 7094K, committed 7296K, reserved 1056768K
  class space    used 607K, capacity 622K, committed 640K, reserved 1048576K
Event: 3.036 GC heap after
Heap after GC invocations=2 (full 0):
 PSYoungGen      total 37888K, used 5103K [0x00000000eab00000, 0x00000000ed500000, 0x0000000100000000)
  eden space 32768K, 0% used [0x00000000eab00000,0x00000000eab00000,0x00000000ecb00000)
  from space 5120K, 99% used [0x00000000ed000000,0x00000000ed4fbcb8,0x00000000ed500000)
  to   space 5120K, 0% used [0x00000000ecb00000,0x00000000ecb00000,0x00000000ed000000)
 ParOldGen       total 86016K, used 5249K [0x00000000c0000000, 0x00000000c5400000, 0x00000000eab00000)
  object space 86016K, 6% used [0x00000000c0000000,0x00000000c0520620,0x00000000c5400000)
 Metaspace       used 6266K, capacity 7094K, committed 7296K, reserved 1056768K
  class space    used 607K, capacity 622K, committed 640K, reserved 1048576K
}
Event: 4.045 GC heap before
{Heap before GC invocations=3 (full 0):
 PSYoungGen      total 37888K, used 37871K [0x00000000eab00000, 0x00000000ed500000, 0x0000000100000000)
  eden space 32768K, 100% used [0x00000000eab00000,0x00000000ecb00000,0x00000000ecb00000)
  from space 5120K, 99% used [0x00000000ed000000,0x00000000ed4fbcb8,0x00000000ed500000)
  to   space 5120K, 0% used [0x00000000ecb00000,0x00000000ecb00000,0x00000000ed000000)
 ParOldGen       total 86016K, used 5249K [0x00000000c0000000, 0x00000000c5400000, 0x00000000eab00000)
  object space 86016K, 6% used [0x00000000c0000000,0x00000000c0520620,0x00000000c5400000)
 Metaspace       used 6320K, capacity 7158K, committed 7296K, reserved 1056768K
  class space    used 608K, capacity 622K, committed 640K, reserved 1048576K
Event: 4.210 GC heap after
Heap after GC invocations=3 (full 0):
 PSYoungGen      total 37888K, used 5105K [0x00000000eab00000, 0x00000000ef500000, 0x0000000100000000)
  eden space 32768K, 0% used [0x00000000eab00000,0x00000000eab00000,0x00000000ecb00000)
  from space 5120K, 99% used [0x00000000ecb00000,0x00000000ecffc678,0x00000000ed000000)
  to   space 5120K, 0% used [0x00000000ef000000,0x00000000ef000000,0x00000000ef500000)
 ParOldGen       total 86016K, used 10038K [0x00000000c0000000, 0x00000000c5400000, 0x00000000eab00000)
  object space 86016K, 11% used [0x00000000c0000000,0x00000000c09cda28,0x00000000c5400000)
 Metaspace       used 6320K, capacity 7158K, committed 7296K, reserved 1056768K
  class space    used 608K, capacity 622K, committed 640K, reserved 1048576K
}
Event: 4.567 GC heap before
{Heap before GC invocations=4 (full 0):
 PSYoungGen      total 37888K, used 37873K [0x00000000eab00000, 0x00000000ef500000, 0x0000000100000000)
  eden space 32768K, 100% used [0x00000000eab00000,0x00000000ecb00000,0x00000000ecb00000)
  from space 5120K, 99% used [0x00000000ecb00000,0x00000000ecffc678,0x00000000ed000000)
  to   space 5120K, 0% used [0x00000000ef000000,0x00000000ef000000,0x00000000ef500000)
 ParOldGen       total 86016K, used 10038K [0x00000000c0000000, 0x00000000c5400000, 0x00000000eab00000)
  object space 86016K, 11% used [0x00000000c0000000,0x00000000c09cda28,0x00000000c5400000)
 Metaspace       used 6355K, capacity 7158K, committed 7296K, reserved 1056768K
  class space    used 608K, capacity 622K, committed 640K, reserved 1048576K
Event: 4.634 GC heap after
Heap after GC invocations=4 (full 0):
 PSYoungGen      total 70656K, used 5109K [0x00000000eab00000, 0x00000000ef500000, 0x0000000100000000)
  eden space 65536K, 0% used [0x00000000eab00000,0x00000000eab00000,0x00000000eeb00000)
  from space 5120K, 99% used [0x00000000ef000000,0x00000000ef4fd550,0x00000000ef500000)
  to   space 5120K, 0% used [0x00000000eeb00000,0x00000000eeb00000,0x00000000ef000000)
 ParOldGen       total 86016K, used 15285K [0x00000000c0000000, 0x00000000c5400000, 0x00000000eab00000)
  object space 86016K, 17% used [0x00000000c0000000,0x00000000c0eed600,0x00000000c5400000)
 Metaspace       used 6355K, capacity 7158K, committed 7296K, reserved 1056768K
  class space    used 608K, capacity 622K, committed 640K, reserved 1048576K
}

Deoptimization events (10 events):
Event: 3.742 Thread 0x0000000008119800 Uncommon trap: reason=class_check action=maybe_recompile pc=0x000000000f6be820 method=com.android.dx.rop.code.RegisterSpec.withSimpleType()Lcom/android/dx/rop/code/RegisterSpec; @ 21
Event: 3.745 Thread 0x0000000008119800 Uncommon trap: reason=class_check action=maybe_recompile pc=0x000000000f6be820 method=com.android.dx.rop.code.RegisterSpec.withSimpleType()Lcom/android/dx/rop/code/RegisterSpec; @ 21
Event: 3.836 Thread 0x0000000008117800 Uncommon trap: reason=bimorphic action=maybe_recompile pc=0x000000000f723f90 method=com.android.dx.ssa.SCCP.setLatticeValueTo(IILcom/android/dx/rop/cst/Constant;)Z @ 43
Event: 3.843 Thread 0x0000000008117800 Uncommon trap: reason=unstable_if action=reinterpret pc=0x000000000f549ddc method=com.android.dx.ssa.SCCP.simulateStmt(Lcom/android/dx/ssa/SsaInsn;)V @ 53
Event: 3.903 Thread 0x0000000008117800 Uncommon trap: reason=unstable_if action=reinterpret pc=0x000000000f468b7c method=com.android.dx.util.IntList.binarysearch(I)I @ 105
Event: 4.212 Thread 0x0000000008117800 Uncommon trap: reason=unstable_if action=reinterpret pc=0x000000000f6b8eac method=com.android.dx.ssa.SsaMethod.blockIndexToRopLabel(I)I @ 1
Event: 4.266 Thread 0x0000000008118800 Uncommon trap: reason=bimorphic action=maybe_recompile pc=0x000000000f723f90 method=com.android.dx.ssa.SCCP.setLatticeValueTo(IILcom/android/dx/rop/cst/Constant;)Z @ 43
Event: 4.416 Thread 0x0000000008119800 Uncommon trap: reason=unstable_if action=reinterpret pc=0x000000000f6af74c method=com.android.dx.ssa.LiteralOpUpgrader$1.visitNonMoveInsn(Lcom/android/dx/ssa/NormalSsaInsn;)V @ 55
Event: 4.417 Thread 0x0000000008119800 Uncommon trap: reason=unstable_if action=reinterpret pc=0x000000000f46589c method=com.android.dx.ssa.SsaMethod.updateOneDefinition(Lcom/android/dx/ssa/SsaInsn;Lcom/android/dx/rop/code/RegisterSpec;)V @ 4
Event: 4.525 Thread 0x0000000008117800 Uncommon trap: reason=unstable_if action=reinterpret pc=0x000000000f767e18 method=com.android.dx.cf.code.RopperMachine.run(Lcom/android/dx/cf/code/Frame;II)V @ 1500

Internal exceptions (3 events):
Event: 0.191 Thread 0x0000000003261000 Exception <a 'java/lang/NoSuchMethodError': Method sun.misc.Unsafe.defineClass(Ljava/lang/String;[BII)Ljava/lang/Class; name or signature does not match> (0x00000000eab07cc0) thrown at [C:\re\workspace\8-2-build-windows-amd64-cygwin\jdk8u101\7261\hotspot\sw
¡œ~È?
Event: 0.191 Thread 0x0000000003261000 Exception <a 'java/lang/NoSuchMethodError': Method sun.misc.Unsafe.prefetchRead(Ljava/lang/Object;J)V name or signature does not match> (0x00000000eab07fa8) thrown at [C:\re\workspace\8-2-build-windows-amd64-cygwin\jdk8u101\7261\hotspot\src\share\vm\prims\ªŠvž¢@
Event: 2.954 Thread 0x0000000008117800 Implicit null exception at 0x000000000f584be2 to 0x000000000f5872e1

Events (10 events):
Event: 4.417 Thread 0x0000000008119800 DEOPT UNPACKING pc=0x000000000f05582a sp=0x000000000959e918 mode 2
Event: 4.471 Executing VM operation: EnableBiasedLocking
Event: 4.503 Executing VM operation: EnableBiasedLocking done
Event: 4.525 Thread 0x0000000008117800 Uncommon trap: trap_request=0xffffff65 fr.pc=0x000000000f767e18
Event: 4.525 Thread 0x0000000008117800 DEOPT PACKING pc=0x000000000f767e18 sp=0x000000000939e440
Event: 4.525 Thread 0x0000000008117800 DEOPT UNPACKING pc=0x000000000f05582a sp=0x000000000939e418 mode 2
Event: 4.567 Executing VM operation: ParallelGCFailedAllocation
Event: 4.634 Executing VM operation: ParallelGCFailedAllocation done
Event: 4.925 Thread 0x0000000008119800 DEOPT PACKING pc=0x000000000f7469d9 sp=0x000000000959ea30
Event: 4.925 Thread 0x0000000008119800 DEOPT UNPACKING pc=0x000000000f05787f sp=0x000000000959e728 mode 0


Dynamic libraries:
0x00007ff7f02f0000 - 0x00007ff7f0327000 	C:\Program Files\Java\jdk1.8.0_101\bin\java.exe
0x00007ffd253d0000 - 0x00007ffd25591000 	C:\Windows\SYSTEM32\ntdll.dll
0x00007ffd227d0000 - 0x00007ffd2287d000 	C:\Windows\system32\KERNEL32.DLL
0x00007ffd225c0000 - 0x00007ffd227a8000 	C:\Windows\system32\KERNELBASE.dll
0x00007ffd23bf0000 - 0x00007ffd23c97000 	C:\Windows\system32\ADVAPI32.dll
0x00007ffd22bd0000 - 0x00007ffd22c6d000 	C:\Windows\system32\msvcrt.dll
0x00007ffd25210000 - 0x00007ffd2526b000 	C:\Windows\system32\sechost.dll
0x00007ffd23ad0000 - 0x00007ffd23bec000 	C:\Windows\system32\RPCRT4.dll
0x00007ffd23970000 - 0x00007ffd23ac6000 	C:\Windows\system32\USER32.dll
0x00007ffd22c70000 - 0x00007ffd22df6000 	C:\Windows\system32\GDI32.dll
0x00007ffd1d0d0000 - 0x00007ffd1d344000 	C:\Windows\WinSxS\amd64_microsoft.windows.common-controls_6595b64144ccf1df_6.0.10586.589_none_a2ddb3caa539acce\COMCTL32.dll
0x00007ffd22e00000 - 0x00007ffd2307d000 	C:\Windows\system32\combase.dll
0x00007ffd21a80000 - 0x00007ffd21aea000 	C:\Windows\system32\bcryptPrimitives.dll
0x00007ffd23820000 - 0x00007ffd2385b000 	C:\Windows\system32\IMM32.DLL
0x00007ffd218e0000 - 0x00007ffd21911000 	C:\Windows\system32\nvinitx.dll
0x00007ffd218d0000 - 0x00007ffd218da000 	C:\Windows\SYSTEM32\VERSION.dll
0x000000000f000000 - 0x000000000f006000 	C:\Program Files\NVIDIA Corporation\CoProcManager\_etoured.dll
0x00007ffd1fd60000 - 0x00007ffd1fd92000 	C:\Program Files\NVIDIA Corporation\CoProcManager\nvd3d9wrapx.dll
0x00007ffd231b0000 - 0x00007ffd235d9000 	C:\Windows\system32\SETUPAPI.dll
0x00007ffd22570000 - 0x00007ffd225b3000 	C:\Windows\system32\CFGMGR32.dll
0x00007ffd1fd30000 - 0x00007ffd1fd52000 	C:\Program Files\NVIDIA Corporation\CoProcManager\nvdxgiwrapx.dll
0x0000000059080000 - 0x0000000059152000 	C:\Program Files\Java\jdk1.8.0_101\jre\bin\msvcr100.dll
0x00000000587e0000 - 0x000000005907a000 	C:\Program Files\Java\jdk1.8.0_101\jre\bin\server\jvm.dll
0x00007ffd25270000 - 0x00007ffd25278000 	C:\Windows\system32\PSAPI.DLL
0x00007ffd18770000 - 0x00007ffd18779000 	C:\Windows\SYSTEM32\WSOCK32.dll
0x00007ffd235e0000 - 0x00007ffd2364b000 	C:\Windows\system32\WS2_32.dll
0x00007ffd1fc20000 - 0x00007ffd1fc43000 	C:\Windows\SYSTEM32\WINMM.dll
0x00007ffd1fbc0000 - 0x00007ffd1fbec000 	C:\Windows\SYSTEM32\WINMMBASE.dll
0x00000000587d0000 - 0x00000000587df000 	C:\Program Files\Java\jdk1.8.0_101\jre\bin\verify.dll
0x00000000587a0000 - 0x00000000587c9000 	C:\Program Files\Java\jdk1.8.0_101\jre\bin\java.dll
0x0000000058780000 - 0x0000000058796000 	C:\Program Files\Java\jdk1.8.0_101\jre\bin\zip.dll
0x00007ffd23cb0000 - 0x00007ffd2520c000 	C:\Windows\system32\SHELL32.dll
0x00007ffd21e90000 - 0x00007ffd224d5000 	C:\Windows\system32\windows.storage.dll
0x00007ffd22b70000 - 0x00007ffd22bc2000 	C:\Windows\system32\shlwapi.dll
0x00007ffd219f0000 - 0x00007ffd219ff000 	C:\Windows\system32\kernel.appcore.dll
0x00007ffd21b50000 - 0x00007ffd21c05000 	C:\Windows\system32\shcore.dll
0x00007ffd21a20000 - 0x00007ffd21a6b000 	C:\Windows\system32\powrprof.dll
0x00007ffd21a00000 - 0x00007ffd21a14000 	C:\Windows\system32\profapi.dll

VM Arguments:
jvm_args: -Djava.awt.headless=true -Xmx1024M -Dfile.encoding=GBK -Duser.country=CN -Duser.language=zh -Duser.variant 
java_command: com.android.dx.command.Main --dex --force-jumbo --num-threads=4 --output C:\Users\shenb\Desktop\Mpzn\app\build\intermediates\pre-dexed\debug\com.android.support-appcompat-v7-24.0.0-beta1_d515f51dfcb55e439189c49b490c0fe5253c292c.jar C:\Users\shenb\Desktop\Mpzn\app\build\intermediates\exploded-aar\com.android.support\appcompat-v7\24.0.0-beta1\jars\classes.jar
java_class_path (initial): D:\AndroidSDK\build-tools\23.0.3\lib\dx.jar
Launcher Type: SUN_STANDARD

Environment Variables:
JAVA_HOME=C:\Program Files\Java\jdk1.8.0_101
PATH=C:\ProgramData\Oracle\Java\javapath;C:\Program Files (x86)\Intel\iCLS Client\;C:\Program Files\Intel\iCLS Client\;C:\Windows\system32;C:\Windows;C:\Windows\System32\Wbem;C:\Windows\System32\WindowsPowerShell\v1.0\;C:\Program Files\Intel\Intel(R) Management Engine Components\DAL;C:\Program Files\Intel\Intel(R) Management Engine Components\IPT;C:\Program Files (x86)\Intel\Intel(R) Management Engine Components\DAL;C:\Program Files (x86)\Intel\Intel(R) Management Engine Components\IPT;C:\Program Files (x86)\VisualSVN Server\bin;C:\Program Files\TortoiseSVN\bin;C:\Program Files\TortoiseGit\bin;D:\AS\android-sdk-windows\platform-tools;C:\Program Files\Java\jdk1.8.0_101\bin;D:\adt-bundle-windows-x64\android-sdk-windows\platform-tools;D:\adt-bundle-windows-x64\android-sdk-windows\tools;D:\apache-tomcat-6.0.44\bin
USERNAME=Icy
OS=Windows_NT
PROCESSOR_IDENTIFIER=Intel64 Family 6 Model 58 Stepping 9, GenuineIntel



---------------  S Y S T E M  ---------------

OS: Windows 10.0 , 64 bit Build 10586 (10.0.10586.589)

CPU:total 4 (2 cores per cpu, 2 threads per core) family 6 model 58 stepping 9, cmov, cx8, fxsr, mmx, sse, sse2, sse3, ssse3, sse4.1, sse4.2, popcnt, avx, aes, clmul, erms, ht, tsc, tscinvbit, tscinv

Memory: 4k page, physical 8241668k(1284104k free), swap 14752000k(5336k free)

vm_info: Java HotSpot(TM) 64-Bit Server VM (25.101-b13) for windows-amd64 JRE (1.8.0_101-b13), built on Jun 22 2016 01:21:29 by "java_re" with MS VC++ 10.0 (VS2010)

time: Wed Nov 09 16:47:18 2016
elapsed time: 5 seconds (0d 0h 0m 5s)

