#
# There is insufficient memory for the Java Runtime Environment to continue.
# Native memory allocation (malloc) failed to allocate 1024496 bytes for Chunk::new
# Possible reasons:
#   The system is out of physical RAM or swap space
#   In 32 bit mode, the process size limit was hit
# Possible solutions:
#   Reduce memory load on the system
#   Increase physical memory or swap space
#   Check if swap backing store is full
#   Use 64 bit Java on a 64 bit OS
#   Decrease Java heap size (-Xmx/-Xms)
#   Decrease number of Java threads
#   Decrease Java thread stack sizes (-Xss)
#   Set larger code cache with -XX:ReservedCodeCacheSize=
# This output file may be truncated or incomplete.
#
#  Out of Memory Error (allocation.cpp:390), pid=16544, tid=0x00000000000049d0
#
# JRE version: Java(TM) SE Runtime Environment (8.0_101-b13) (build 1.8.0_101-b13)
# Java VM: Java HotSpot(TM) 64-Bit Server VM (25.101-b13 mixed mode windows-amd64 compressed oops)
# Failed to write core dump. Minidumps are not enabled by default on client versions of Windows
#

---------------  T H R E A D  ---------------

Current thread (0x0000000006c9c000):  JavaThread "C2 CompilerThread0" daemon [_thread_in_native, id=18896, stack(0x00000000081a0000,0x00000000082a0000)]

Stack: [0x00000000081a0000,0x00000000082a0000]
[error occurred during error reporting (printing stack bounds), id 0xc0000005]

Native frames: (J=compiled Java code, j=interpreted, Vv=VM code, C=native code)


Current CompileTask:
C2:   5201 1813       4       com.android.dx.ssa.back.FirstFitLocalCombiningAllocator::handleNormalUnassociated (99 bytes)


---------------  P R O C E S S  ---------------

Java Threads: ( => current thread )
  0x000000000853f000 JavaThread "pool-1-thread-4" [_thread_blocked, id=18164, stack(0x0000000008ea0000,0x0000000008fa0000)]
  0x000000000852b800 JavaThread "pool-1-thread-3" [_thread_blocked, id=16308, stack(0x0000000008da0000,0x0000000008ea0000)]
  0x000000000852a800 JavaThread "pool-1-thread-2" [_thread_blocked, id=12236, stack(0x0000000008ca0000,0x0000000008da0000)]
  0x000000000852a000 JavaThread "pool-2-thread-1" [_thread_blocked, id=18224, stack(0x0000000008ba0000,0x0000000008ca0000)]
  0x0000000008529000 JavaThread "pool-1-thread-1" [_thread_blocked, id=4200, stack(0x0000000008aa0000,0x0000000008ba0000)]
  0x000000000830a800 JavaThread "Service Thread" daemon [_thread_blocked, id=24956, stack(0x00000000088a0000,0x00000000089a0000)]
  0x00000000082fb800 JavaThread "C1 CompilerThread2" daemon [_thread_blocked, id=7460, stack(0x00000000087a0000,0x00000000088a0000)]
  0x0000000006c9e800 JavaThread "C2 CompilerThread1" daemon [_thread_in_native, id=10212, stack(0x00000000086a0000,0x00000000087a0000)]
=>0x0000000006c9c000 JavaThread "C2 CompilerThread0" daemon [_thread_in_native, id=18896, stack(0x00000000081a0000,0x00000000082a0000)]
  0x0000000006c4c800 JavaThread "Attach Listener" daemon [_thread_blocked, id=18740, stack(0x00000000080a0000,0x00000000081a0000)]
  0x0000000006c4b800 JavaThread "Signal Dispatcher" daemon [_thread_blocked, id=5976, stack(0x0000000007fa0000,0x00000000080a0000)]
  0x0000000006c2a800 JavaThread "Finalizer" daemon [_thread_blocked, id=3936, stack(0x0000000007ea0000,0x0000000007fa0000)]
  0x000000000347f800 JavaThread "Reference Handler" daemon [_thread_blocked, id=24708, stack(0x0000000007da0000,0x0000000007ea0000)]
  0x0000000003391000 JavaThread "main" [_thread_blocked, id=24968, stack(0x0000000002e80000,0x0000000002f80000)]

Other Threads:
  0x0000000006c08000 VMThread [stack: 0x0000000007ca0000,0x0000000007da0000] [id=940]
  0x0000000008314800 WatcherThread [stack: 0x00000000089a0000,0x0000000008aa0000] [id=4376]

VM state:not at safepoint (normal execution)

VM Mutex/Monitor currently owned by a thread: None

Heap:
 PSYoungGen      total 37888K, used 26959K [0x00000000eab00000, 0x00000000ed500000, 0x0000000100000000)
  eden space 32768K, 66% used [0x00000000eab00000,0x00000000ec055fa8,0x00000000ecb00000)
  from space 5120K, 99% used [0x00000000ecb00000,0x00000000ecffe028,0x00000000ed000000)
  to   space 5120K, 0% used [0x00000000ed000000,0x00000000ed000000,0x00000000ed500000)
 ParOldGen       total 86016K, used 9804K [0x00000000c0000000, 0x00000000c5400000, 0x00000000eab00000)
  object space 86016K, 11% used [0x00000000c0000000,0x00000000c0993150,0x00000000c5400000)
 Metaspace       used 6394K, capacity 7158K, committed 7296K, reserved 1056768K
  class space    used 608K, capacity 622K, committed 640K, reserved 1048576K

Card table byte_map: [0x0000000003930000,0x0000000003b40000] byte_map_base: 0x0000000003330000

Marking Bits: (ParMarkBitMap*) 0x0000000058ffa6d0
 Begin Bits: [0x00000000040a0000, 0x00000000050a0000)
 End Bits:   [0x00000000050a0000, 0x00000000060a0000)

Polling page: 0x0000000000ff0000

CodeCache: size=245760Kb used=7300Kb max_used=7310Kb free=238459Kb
 bounds [0x000000000f010000, 0x000000000f740000, 0x000000001e010000]
 total_blobs=2062 nmethods=1790 adapters=184
 compilation: enabled

Compilation events (10 events):
Event: 4.957 Thread 0x0000000006c9e800 nmethod 1808 0x000000000f728dd0 code [0x000000000f728fc0, 0x000000000f729990]
Event: 4.960 Thread 0x0000000006c9e800 1811       4       com.android.dx.dex.code.RopToDop::dopFor (792 bytes)
Event: 4.984 Thread 0x0000000006c9c000 nmethod 1810 0x000000000f73add0 code [0x000000000f73afe0, 0x000000000f73bf58]
Event: 4.987 Thread 0x0000000006c9c000 1812       4       com.android.dx.ssa.BasicRegisterMapper::addMapping (68 bytes)
Event: 4.996 Thread 0x0000000006c9c000 nmethod 1812 0x000000000f7111d0 code [0x000000000f711320, 0x000000000f711758]
Event: 4.996 Thread 0x0000000006c9c000 1813       4       com.android.dx.ssa.back.FirstFitLocalCombiningAllocator::handleNormalUnassociated (99 bytes)
Event: 5.063 Thread 0x00000000082fb800 1829       2       java.util.concurrent.locks.ReentrantLock$NonfairSync::tryAcquire (6 bytes)
Event: 5.063 Thread 0x00000000082fb800 nmethod 1829 0x000000000f70fd90 code [0x000000000f70ff00, 0x000000000f710068]
Event: 5.063 Thread 0x00000000082fb800 1830       2       java.util.concurrent.locks.ReentrantLock$Sync::nonfairTryAcquire (67 bytes)
Event: 5.064 Thread 0x00000000082fb800 nmethod 1830 0x000000000f70f890 code [0x000000000f70fa00, 0x000000000f70fc88]

GC Heap History (6 events):
Event: 1.812 GC heap before
{Heap before GC invocations=1 (full 0):
 PSYoungGen      total 37888K, used 32768K [0x00000000eab00000, 0x00000000ed500000, 0x0000000100000000)
  eden space 32768K, 100% used [0x00000000eab00000,0x00000000ecb00000,0x00000000ecb00000)
  from space 5120K, 0% used [0x00000000ed000000,0x00000000ed000000,0x00000000ed500000)
  to   space 5120K, 0% used [0x00000000ecb00000,0x00000000ecb00000,0x00000000ed000000)
 ParOldGen       total 86016K, used 0K [0x00000000c0000000, 0x00000000c5400000, 0x00000000eab00000)
  object space 86016K, 0% used [0x00000000c0000000,0x00000000c0000000,0x00000000c5400000)
 Metaspace       used 6030K, capacity 6902K, committed 7040K, reserved 1056768K
  class space    used 607K, capacity 622K, committed 640K, reserved 1048576K
Event: 1.823 GC heap after
Heap after GC invocations=1 (full 0):
 PSYoungGen      total 37888K, used 5099K [0x00000000eab00000, 0x00000000ed500000, 0x0000000100000000)
  eden space 32768K, 0% used [0x00000000eab00000,0x00000000eab00000,0x00000000ecb00000)
  from space 5120K, 99% used [0x00000000ecb00000,0x00000000ecffae90,0x00000000ed000000)
  to   space 5120K, 0% used [0x00000000ed000000,0x00000000ed000000,0x00000000ed500000)
 ParOldGen       total 86016K, used 1054K [0x00000000c0000000, 0x00000000c5400000, 0x00000000eab00000)
  object space 86016K, 1% used [0x00000000c0000000,0x00000000c0107b98,0x00000000c5400000)
 Metaspace       used 6030K, capacity 6902K, committed 7040K, reserved 1056768K
  class space    used 607K, capacity 622K, committed 640K, reserved 1048576K
}
Event: 2.810 GC heap before
{Heap before GC invocations=2 (full 0):
 PSYoungGen      total 37888K, used 37867K [0x00000000eab00000, 0x00000000ed500000, 0x0000000100000000)
  eden space 32768K, 100% used [0x00000000eab00000,0x00000000ecb00000,0x00000000ecb00000)
  from space 5120K, 99% used [0x00000000ecb00000,0x00000000ecffae90,0x00000000ed000000)
  to   space 5120K, 0% used [0x00000000ed000000,0x00000000ed000000,0x00000000ed500000)
 ParOldGen       total 86016K, used 1054K [0x00000000c0000000, 0x00000000c5400000, 0x00000000eab00000)
  object space 86016K, 1% used [0x00000000c0000000,0x00000000c0107b98,0x00000000c5400000)
 Metaspace       used 6271K, capacity 7094K, committed 7296K, reserved 1056768K
  class space    used 607K, capacity 622K, committed 640K, reserved 1048576K
Event: 2.823 GC heap after
Heap after GC invocations=2 (full 0):
 PSYoungGen      total 37888K, used 5090K [0x00000000eab00000, 0x00000000ed500000, 0x0000000100000000)
  eden space 32768K, 0% used [0x00000000eab00000,0x00000000eab00000,0x00000000ecb00000)
  from space 5120K, 99% used [0x00000000ed000000,0x00000000ed4f8ac8,0x00000000ed500000)
  to   space 5120K, 0% used [0x00000000ecb00000,0x00000000ecb00000,0x00000000ed000000)
 ParOldGen       total 86016K, used 4696K [0x00000000c0000000, 0x00000000c5400000, 0x00000000eab00000)
  object space 86016K, 5% used [0x00000000c0000000,0x00000000c0496398,0x00000000c5400000)
 Metaspace       used 6271K, capacity 7094K, committed 7296K, reserved 1056768K
  class space    used 607K, capacity 622K, committed 640K, reserved 1048576K
}
Event: 4.404 GC heap before
{Heap before GC invocations=3 (full 0):
 PSYoungGen      total 37888K, used 37858K [0x00000000eab00000, 0x00000000ed500000, 0x0000000100000000)
  eden space 32768K, 100% used [0x00000000eab00000,0x00000000ecb00000,0x00000000ecb00000)
  from space 5120K, 99% used [0x00000000ed000000,0x00000000ed4f8ac8,0x00000000ed500000)
  to   space 5120K, 0% used [0x00000000ecb00000,0x00000000ecb00000,0x00000000ed000000)
 ParOldGen       total 86016K, used 4696K [0x00000000c0000000, 0x00000000c5400000, 0x00000000eab00000)
  object space 86016K, 5% used [0x00000000c0000000,0x00000000c0496398,0x00000000c5400000)
 Metaspace       used 6371K, capacity 7158K, committed 7296K, reserved 1056768K
  class space    used 608K, capacity 622K, committed 640K, reserved 1048576K
Event: 4.422 GC heap after
Heap after GC invocations=3 (full 0):
 PSYoungGen      total 37888K, used 5112K [0x00000000eab00000, 0x00000000ed500000, 0x0000000100000000)
  eden space 32768K, 0% used [0x00000000eab00000,0x00000000eab00000,0x00000000ecb00000)
  from space 5120K, 99% used [0x00000000ecb00000,0x00000000ecffe028,0x00000000ed000000)
  to   space 5120K, 0% used [0x00000000ed000000,0x00000000ed000000,0x00000000ed500000)
 ParOldGen       total 86016K, used 9804K [0x00000000c0000000, 0x00000000c5400000, 0x00000000eab00000)
  object space 86016K, 11% used [0x00000000c0000000,0x00000000c0993150,0x00000000c5400000)
 Metaspace       used 6371K, capacity 7158K, committed 7296K, reserved 1056768K
  class space    used 608K, capacity 622K, committed 640K, reserved 1048576K
}

Deoptimization events (10 events):
Event: 2.626 Thread 0x000000000852a800 Uncommon trap: reason=unstable_if action=reinterpret pc=0x000000000f53e0f8 method=com.android.dx.ssa.SCCP.simulateStmt(Lcom/android/dx/ssa/SsaInsn;)V @ 53
Event: 3.776 Thread 0x0000000008529000 Uncommon trap: reason=bimorphic action=maybe_recompile pc=0x000000000f5a6df4 method=com.android.dx.ssa.SCCP.simulatePhi(Lcom/android/dx/ssa/PhiInsn;)V @ 124
Event: 3.808 Thread 0x000000000853f000 Uncommon trap: reason=bimorphic action=maybe_recompile pc=0x000000000f639284 method=com.android.dx.rop.code.RegisterSpec.withSimpleType()Lcom/android/dx/rop/code/RegisterSpec; @ 21
Event: 4.027 Thread 0x000000000853f000 Uncommon trap: reason=unstable_if action=reinterpret pc=0x000000000f3ae884 method=com.android.dx.rop.code.RegisterSpecSet.<init>(I)V @ 2
Event: 4.391 Thread 0x000000000852a800 Uncommon trap: reason=unstable_if action=reinterpret pc=0x000000000f6e2870 method=com.android.dx.ssa.LiteralOpUpgrader$1.visitNonMoveInsn(Lcom/android/dx/ssa/NormalSsaInsn;)V @ 55
Event: 4.392 Thread 0x000000000852a800 Uncommon trap: reason=unstable_if action=reinterpret pc=0x000000000f3f845c method=com.android.dx.ssa.SsaMethod.updateOneDefinition(Lcom/android/dx/ssa/SsaInsn;Lcom/android/dx/rop/code/RegisterSpec;)V @ 4
Event: 4.397 Thread 0x000000000852a800 Uncommon trap: reason=bimorphic action=maybe_recompile pc=0x000000000f5a6eb8 method=com.android.dx.ssa.SCCP.setLatticeValueTo(IILcom/android/dx/rop/cst/Constant;)Z @ 43
Event: 4.397 Thread 0x000000000852a800 Uncommon trap: reason=bimorphic action=maybe_recompile pc=0x000000000f5a6eb8 method=com.android.dx.ssa.SCCP.setLatticeValueTo(IILcom/android/dx/rop/cst/Constant;)Z @ 43
Event: 4.397 Thread 0x000000000852a800 Uncommon trap: reason=bimorphic action=maybe_recompile pc=0x000000000f5a6eb8 method=com.android.dx.ssa.SCCP.setLatticeValueTo(IILcom/android/dx/rop/cst/Constant;)Z @ 43
Event: 4.397 Thread 0x000000000852a800 Uncommon trap: reason=bimorphic action=maybe_recompile pc=0x000000000f5a6eb8 method=com.android.dx.ssa.SCCP.setLatticeValueTo(IILcom/android/dx/rop/cst/Constant;)Z @ 43

Internal exceptions (2 events):
Event: 0.061 Thread 0x0000000003391000 Exception <a 'java/lang/NoSuchMethodError': Method sun.misc.Unsafe.defineClass(Ljava/lang/String;[BII)Ljava/lang/Class; name or signature does not match> (0x00000000eab07cc0) thrown at [C:\re\workspace\8-2-build-windows-amd64-cygwin\jdk8u101\7261\hotspot\s}‡¹f¯?
Event: 0.061 Thread 0x0000000003391000 Exception <a 'java/lang/NoSuchMethodError': Method sun.misc.Unsafe.prefetchRead(Ljava/lang/Object;J)V name or signature does not match> (0x00000000eab07fa8) thrown at [C:\re\workspace\8-2-build-windows-amd64-cygwin\jdk8u101\7261\hotspot\src\share\vm\prims\

Events (10 events):
Event: 4.397 Thread 0x000000000852a800 DEOPT PACKING pc=0x000000000f5a6eb8 sp=0x0000000008d9eca0
Event: 4.397 Thread 0x000000000852a800 DEOPT UNPACKING pc=0x000000000f05582a sp=0x0000000008d9ebf8 mode 2
Event: 4.397 Thread 0x000000000852a800 Uncommon trap: trap_request=0xffffffc6 fr.pc=0x000000000f5a6eb8
Event: 4.397 Thread 0x000000000852a800 DEOPT PACKING pc=0x000000000f5a6eb8 sp=0x0000000008d9ed40
Event: 4.397 Thread 0x000000000852a800 DEOPT UNPACKING pc=0x000000000f05582a sp=0x0000000008d9ec98 mode 2
Event: 4.397 Thread 0x000000000852a800 Uncommon trap: trap_request=0xffffffc6 fr.pc=0x000000000f5a6eb8
Event: 4.397 Thread 0x000000000852a800 DEOPT PACKING pc=0x000000000f5a6eb8 sp=0x0000000008d9ed40
Event: 4.397 Thread 0x000000000852a800 DEOPT UNPACKING pc=0x000000000f05582a sp=0x0000000008d9ec98 mode 2
Event: 4.401 Executing VM operation: ParallelGCFailedAllocation
Event: 4.422 Executing VM operation: ParallelGCFailedAllocation done


Dynamic libraries:
0x00007ff7f02f0000 - 0x00007ff7f0327000 	C:\Program Files\Java\jdk1.8.0_101\bin\java.exe
0x00007ffd253d0000 - 0x00007ffd25591000 	C:\Windows\SYSTEM32\ntdll.dll
0x00007ffd227d0000 - 0x00007ffd2287d000 	C:\Windows\system32\KERNEL32.DLL
0x00007ffd225c0000 - 0x00007ffd227a8000 	C:\Windows\system32\KERNELBASE.dll
0x00007ffd23bf0000 - 0x00007ffd23c97000 	C:\Windows\system32\ADVAPI32.dll
0x00007ffd22bd0000 - 0x00007ffd22c6d000 	C:\Windows\system32\msvcrt.dll
0x00007ffd25210000 - 0x00007ffd2526b000 	C:\Windows\system32\sechost.dll
0x00007ffd23ad0000 - 0x00007ffd23bec000 	C:\Windows\system32\RPCRT4.dll
0x00007ffd23970000 - 0x00007ffd23ac6000 	C:\Windows\system32\USER32.dll
0x00007ffd22c70000 - 0x00007ffd22df6000 	C:\Windows\system32\GDI32.dll
0x00007ffd1d0d0000 - 0x00007ffd1d344000 	C:\Windows\WinSxS\amd64_microsoft.windows.common-controls_6595b64144ccf1df_6.0.10586.589_none_a2ddb3caa539acce\COMCTL32.dll
0x00007ffd22e00000 - 0x00007ffd2307d000 	C:\Windows\system32\combase.dll
0x00007ffd21a80000 - 0x00007ffd21aea000 	C:\Windows\system32\bcryptPrimitives.dll
0x00007ffd23820000 - 0x00007ffd2385b000 	C:\Windows\system32\IMM32.DLL
0x00007ffd218e0000 - 0x00007ffd21911000 	C:\Windows\system32\nvinitx.dll
0x00007ffd218d0000 - 0x00007ffd218da000 	C:\Windows\SYSTEM32\VERSION.dll
0x000000000f000000 - 0x000000000f006000 	C:\Program Files\NVIDIA Corporation\CoProcManager\_etoured.dll
0x00007ffd1fd60000 - 0x00007ffd1fd92000 	C:\Program Files\NVIDIA Corporation\CoProcManager\nvd3d9wrapx.dll
0x00007ffd231b0000 - 0x00007ffd235d9000 	C:\Windows\system32\SETUPAPI.dll
0x00007ffd22570000 - 0x00007ffd225b3000 	C:\Windows\system32\CFGMGR32.dll
0x00007ffd1fd30000 - 0x00007ffd1fd52000 	C:\Program Files\NVIDIA Corporation\CoProcManager\nvdxgiwrapx.dll
0x0000000059080000 - 0x0000000059152000 	C:\Program Files\Java\jdk1.8.0_101\jre\bin\msvcr100.dll
0x00000000587e0000 - 0x000000005907a000 	C:\Program Files\Java\jdk1.8.0_101\jre\bin\server\jvm.dll
0x00007ffd25270000 - 0x00007ffd25278000 	C:\Windows\system32\PSAPI.DLL
0x00007ffd18770000 - 0x00007ffd18779000 	C:\Windows\SYSTEM32\WSOCK32.dll
0x00007ffd235e0000 - 0x00007ffd2364b000 	C:\Windows\system32\WS2_32.dll
0x00007ffd1fc20000 - 0x00007ffd1fc43000 	C:\Windows\SYSTEM32\WINMM.dll
0x00007ffd1fbc0000 - 0x00007ffd1fbec000 	C:\Windows\SYSTEM32\WINMMBASE.dll
0x00000000587d0000 - 0x00000000587df000 	C:\Program Files\Java\jdk1.8.0_101\jre\bin\verify.dll
0x00000000587a0000 - 0x00000000587c9000 	C:\Program Files\Java\jdk1.8.0_101\jre\bin\java.dll
0x0000000058780000 - 0x0000000058796000 	C:\Program Files\Java\jdk1.8.0_101\jre\bin\zip.dll
0x00007ffd23cb0000 - 0x00007ffd2520c000 	C:\Windows\system32\SHELL32.dll
0x00007ffd21e90000 - 0x00007ffd224d5000 	C:\Windows\system32\windows.storage.dll
0x00007ffd22b70000 - 0x00007ffd22bc2000 	C:\Windows\system32\shlwapi.dll
0x00007ffd219f0000 - 0x00007ffd219ff000 	C:\Windows\system32\kernel.appcore.dll
0x00007ffd21b50000 - 0x00007ffd21c05000 	C:\Windows\system32\shcore.dll
0x00007ffd21a20000 - 0x00007ffd21a6b000 	C:\Windows\system32\powrprof.dll
0x00007ffd21a00000 - 0x00007ffd21a14000 	C:\Windows\system32\profapi.dll

VM Arguments:
jvm_args: -Djava.awt.headless=true -Xmx1024M -Dfile.encoding=GBK -Duser.country=CN -Duser.language=zh -Duser.variant 
java_command: com.android.dx.command.Main --dex --force-jumbo --num-threads=4 --output C:\Users\shenb\Desktop\Mpzn\app\build\intermediates\pre-dexed\debug\internal_impl-24.0.0-beta1_f7d6c382c6a451f7d977222c0b155ef681c5045d.jar C:\Users\shenb\Desktop\Mpzn\app\build\intermediates\exploded-aar\com.android.support\support-v4\24.0.0-beta1\jars\libs\internal_impl-24.0.0-beta1.jar
java_class_path (initial): D:\AndroidSDK\build-tools\23.0.3\lib\dx.jar
Launcher Type: SUN_STANDARD

Environment Variables:
JAVA_HOME=C:\Program Files\Java\jdk1.8.0_101
PATH=C:\ProgramData\Oracle\Java\javapath;C:\Program Files (x86)\Intel\iCLS Client\;C:\Program Files\Intel\iCLS Client\;C:\Windows\system32;C:\Windows;C:\Windows\System32\Wbem;C:\Windows\System32\WindowsPowerShell\v1.0\;C:\Program Files\Intel\Intel(R) Management Engine Components\DAL;C:\Program Files\Intel\Intel(R) Management Engine Components\IPT;C:\Program Files (x86)\Intel\Intel(R) Management Engine Components\DAL;C:\Program Files (x86)\Intel\Intel(R) Management Engine Components\IPT;C:\Program Files (x86)\VisualSVN Server\bin;C:\Program Files\TortoiseSVN\bin;C:\Program Files\TortoiseGit\bin;D:\AS\android-sdk-windows\platform-tools;C:\Program Files\Java\jdk1.8.0_101\bin;D:\adt-bundle-windows-x64\android-sdk-windows\platform-tools;D:\adt-bundle-windows-x64\android-sdk-windows\tools;D:\apache-tomcat-6.0.44\bin
USERNAME=Icy
OS=Windows_NT
PROCESSOR_IDENTIFIER=Intel64 Family 6 Model 58 Stepping 9, GenuineIntel



---------------  S Y S T E M  ---------------

OS: Windows 10.0 , 64 bit Build 10586 (10.0.10586.589)

CPU:total 4 (2 cores per cpu, 2 threads per core) family 6 model 58 stepping 9, cmov, cx8, fxsr, mmx, sse, sse2, sse3, ssse3, sse4.1, sse4.2, popcnt, avx, aes, clmul, erms, ht, tsc, tscinvbit, tscinv

Memory: 4k page, physical 8241668k(1236024k free), swap 14752000k(5392k free)

vm_info: Java HotSpot(TM) 64-Bit Server VM (25.101-b13) for windows-amd64 JRE (1.8.0_101-b13), built on Jun 22 2016 01:21:29 by "java_re" with MS VC++ 10.0 (VS2010)

time: Wed Nov 09 16:47:08 2016
elapsed time: 5 seconds (0d 0h 0m 5s)

