#
# There is insufficient memory for the Java Runtime Environment to continue.
# Native memory allocation (malloc) failed to allocate 32744 bytes for ChunkPool::allocate
# Possible reasons:
#   The system is out of physical RAM or swap space
#   In 32 bit mode, the process size limit was hit
# Possible solutions:
#   Reduce memory load on the system
#   Increase physical memory or swap space
#   Check if swap backing store is full
#   Use 64 bit Java on a 64 bit OS
#   Decrease Java heap size (-Xmx/-Xms)
#   Decrease number of Java threads
#   Decrease Java thread stack sizes (-Xss)
#   Set larger code cache with -XX:ReservedCodeCacheSize=
# This output file may be truncated or incomplete.
#
#  Out of Memory Error (allocation.cpp:273), pid=5428, tid=0x0000000000003534
#
# JRE version: Java(TM) SE Runtime Environment (8.0_101-b13) (build 1.8.0_101-b13)
# Java VM: Java HotSpot(TM) 64-Bit Server VM (25.101-b13 mixed mode windows-amd64 compressed oops)
# Failed to write core dump. Minidumps are not enabled by default on client versions of Windows
#

---------------  T H R E A D  ---------------

Current thread (0x0000000007e53000):  JavaThread "C2 CompilerThread0" daemon [_thread_in_native, id=13620, stack(0x0000000008410000,0x0000000008510000)]

Stack: [0x0000000008410000,0x0000000008510000]
[error occurred during error reporting (printing stack bounds), id 0xc0000005]

Native frames: (J=compiled Java code, j=interpreted, Vv=VM code, C=native code)


Current CompileTask:
C2:   6309  528       4       com.android.dx.util.Bits::set (19 bytes)


---------------  P R O C E S S  ---------------

Java Threads: ( => current thread )
  0x0000000008085800 JavaThread "pool-1-thread-4" [_thread_new, id=1440, stack(0x0000000000000000,0x0000000000000000)]
  0x0000000008083000 JavaThread "pool-1-thread-2" [_thread_in_Java, id=13836, stack(0x0000000008b10000,0x0000000008c10000)]
  0x0000000007f9f000 JavaThread "pool-2-thread-1" [_thread_blocked, id=4824, stack(0x0000000008a10000,0x0000000008b10000)]
  0x0000000007e6e000 JavaThread "Service Thread" daemon [_thread_blocked, id=13400, stack(0x0000000008710000,0x0000000008810000)]
  0x0000000006aae000 JavaThread "C1 CompilerThread2" daemon [_thread_in_native, id=11912, stack(0x0000000008610000,0x0000000008710000)]
  0x0000000006aab000 JavaThread "C2 CompilerThread1" daemon [_thread_in_vm, id=3316, stack(0x0000000008510000,0x0000000008610000)]
=>0x0000000007e53000 JavaThread "C2 CompilerThread0" daemon [_thread_in_native, id=13620, stack(0x0000000008410000,0x0000000008510000)]
  0x0000000006a63000 JavaThread "Attach Listener" daemon [_thread_blocked, id=9516, stack(0x0000000008310000,0x0000000008410000)]
  0x0000000006a62000 JavaThread "Signal Dispatcher" daemon [_thread_blocked, id=11696, stack(0x0000000008210000,0x0000000008310000)]
  0x0000000006a3a000 JavaThread "Finalizer" daemon [_thread_blocked, id=13500, stack(0x0000000007ca0000,0x0000000007da0000)]
  0x0000000006a18800 JavaThread "Reference Handler" daemon [_thread_blocked, id=12928, stack(0x0000000007ba0000,0x0000000007ca0000)]
  0x0000000003281000 JavaThread "main" [_thread_blocked, id=14032, stack(0x0000000003080000,0x0000000003180000)]

Other Threads:
  0x0000000006a17000 VMThread [stack: 0x0000000007aa0000,0x0000000007ba0000] [id=14008]
  0x0000000007e94000 WatcherThread [stack: 0x0000000008810000,0x0000000008910000] [id=8608]

VM state:not at safepoint (normal execution)

VM Mutex/Monitor currently owned by a thread: None

Heap:
 PSYoungGen      total 37888K, used 11803K [0x00000000eab00000, 0x00000000ed500000, 0x0000000100000000)
  eden space 32768K, 36% used [0x00000000eab00000,0x00000000eb686fa0,0x00000000ecb00000)
  from space 5120K, 0% used [0x00000000ed000000,0x00000000ed000000,0x00000000ed500000)
  to   space 5120K, 0% used [0x00000000ecb00000,0x00000000ecb00000,0x00000000ed000000)
 ParOldGen       total 86016K, used 0K [0x00000000c0000000, 0x00000000c5400000, 0x00000000eab00000)
  object space 86016K, 0% used [0x00000000c0000000,0x00000000c0000000,0x00000000c5400000)
 Metaspace       used 5530K, capacity 6518K, committed 6784K, reserved 1056768K
  class space    used 601K, capacity 622K, committed 640K, reserved 1048576K

Card table byte_map: [0x0000000003740000,0x0000000003950000] byte_map_base: 0x0000000003140000

Marking Bits: (ParMarkBitMap*) 0x0000000054d3a6d0
 Begin Bits: [0x0000000003eb0000, 0x0000000004eb0000)
 End Bits:   [0x0000000004eb0000, 0x0000000005eb0000)

Polling page: 0x0000000001710000

CodeCache: size=245760Kb used=2070Kb max_used=2082Kb free=243689Kb
 bounds [0x000000000f010000, 0x000000000f280000, 0x000000001e010000]
 total_blobs=782 nmethods=512 adapters=183
 compilation: enabled

Compilation events (10 events):
Event: 6.287 Thread 0x0000000006aae000  511       3       com.android.dx.ssa.back.LivenessAnalyzer::liveOutAtBlock (68 bytes)
Event: 6.288 Thread 0x0000000006aae000 nmethod 511 0x000000000f214ed0 code [0x000000000f2150e0, 0x000000000f215b88]
Event: 6.288 Thread 0x0000000006aae000  514       3       com.android.dx.rop.code.PlainInsn::<init> (73 bytes)
Event: 6.289 Thread 0x0000000006aae000 nmethod 514 0x000000000f216190 code [0x000000000f216320, 0x000000000f2167e8]
Event: 6.289 Thread 0x0000000006aae000  512   !   3       com.android.dx.cf.code.BytecodeArray::parseInstruction (2764 bytes)
Event: 6.293 Thread 0x0000000007e53000  520       4       java.util.BitSet::nextSetBit (102 bytes)
Event: 6.296 Thread 0x0000000007e53000 nmethod 520 0x000000000f2196d0 code [0x000000000f219820, 0x000000000f219958]
Event: 6.298 Thread 0x0000000006aab000  525   !   4       com.android.dx.util.IntList::get (36 bytes)
Event: 6.299 Thread 0x0000000006aab000 nmethod 525 0x000000000f219a90 code [0x000000000f219bc0, 0x000000000f219c78]
Event: 6.305 Thread 0x0000000007e53000  528       4       com.android.dx.util.Bits::set (19 bytes)

GC Heap History (0 events):
No events

Deoptimization events (0 events):
No events

Internal exceptions (2 events):
Event: 3.176 Thread 0x0000000003281000 Exception <a 'java/lang/NoSuchMethodError': Method sun.misc.Unsafe.defineClass(Ljava/lang/String;[BII)Ljava/lang/Class; name or signature does not match> (0x00000000eab07cc0) thrown at [C:\re\workspace\8-2-build-windows-amd64-cygwin\jdk8u101\7261\hotspot\s‘©íg	@
Event: 3.176 Thread 0x0000000003281000 Exception <a 'java/lang/NoSuchMethodError': Method sun.misc.Unsafe.prefetchRead(Ljava/lang/Object;J)V name or signature does not match> (0x00000000eab07fa8) thrown at [C:\re\workspace\8-2-build-windows-amd64-cygwin\jdk8u101\7261\hotspot\src\share\vm\prims\

Events (10 events):
Event: 6.217 loading class java/io/PrintWriter done
Event: 6.217 loading class com/android/dx/dex/file/DebugInfoItem
Event: 6.217 loading class com/android/dx/dex/file/DebugInfoItem done
Event: 6.218 loading class com/android/dx/dex/file/MethodAnnotationStruct
Event: 6.218 loading class com/android/dx/dex/file/MethodAnnotationStruct done
Event: 6.219 loading class com/android/dx/rop/annotation/AnnotationsList
Event: 6.219 loading class com/android/dx/rop/annotation/AnnotationsList done
Event: 6.219 loading class com/android/dx/dex/file/MethodIdItem
Event: 6.219 loading class com/android/dx/dex/file/MethodIdItem done
Event: 6.220 Thread 0x0000000007f9c000 Thread exited: 0x0000000007f9c000


Dynamic libraries:
0x00007ff67bb80000 - 0x00007ff67bbb7000 	C:\Program Files\Java\jdk1.8.0_101\bin\java.exe
0x00007fffae780000 - 0x00007fffae941000 	C:\Windows\SYSTEM32\ntdll.dll
0x00007fffad9c0000 - 0x00007fffada6d000 	C:\Windows\system32\KERNEL32.DLL
0x00007fffab760000 - 0x00007fffab948000 	C:\Windows\system32\KERNELBASE.dll
0x00007fffad7a0000 - 0x00007fffad847000 	C:\Windows\system32\ADVAPI32.dll
0x00007fffad920000 - 0x00007fffad9bd000 	C:\Windows\system32\msvcrt.dll
0x00007fffae280000 - 0x00007fffae2db000 	C:\Windows\system32\sechost.dll
0x00007fffade20000 - 0x00007fffadf3c000 	C:\Windows\system32\RPCRT4.dll
0x00007fffad5e0000 - 0x00007fffad736000 	C:\Windows\system32\USER32.dll
0x00007fffabb80000 - 0x00007fffabd06000 	C:\Windows\system32\GDI32.dll
0x00007fffa6ba0000 - 0x00007fffa6e14000 	C:\Windows\WinSxS\amd64_microsoft.windows.common-controls_6595b64144ccf1df_6.0.10586.589_none_a2ddb3caa539acce\COMCTL32.dll
0x00007fffadba0000 - 0x00007fffade1d000 	C:\Windows\system32\combase.dll
0x00007fffaae30000 - 0x00007fffaae9a000 	C:\Windows\system32\bcryptPrimitives.dll
0x00007fffae090000 - 0x00007fffae0cb000 	C:\Windows\system32\IMM32.DLL
0x00007fffaac90000 - 0x00007fffaacc1000 	C:\Windows\system32\nvinitx.dll
0x00007fffaac80000 - 0x00007fffaac8a000 	C:\Windows\SYSTEM32\VERSION.dll
0x000000000f000000 - 0x000000000f006000 	C:\Program Files\NVIDIA Corporation\CoProcManager\_etoured.dll
0x00007fffa9500000 - 0x00007fffa9532000 	C:\Program Files\NVIDIA Corporation\CoProcManager\nvd3d9wrapx.dll
0x00007fffae350000 - 0x00007fffae779000 	C:\Windows\system32\SETUPAPI.dll
0x00007fffab710000 - 0x00007fffab753000 	C:\Windows\system32\CFGMGR32.dll
0x00007fffa94d0000 - 0x00007fffa94f2000 	C:\Program Files\NVIDIA Corporation\CoProcManager\nvdxgiwrapx.dll
0x0000000054dc0000 - 0x0000000054e92000 	C:\Program Files\Java\jdk1.8.0_101\jre\bin\msvcr100.dll
0x0000000054520000 - 0x0000000054dba000 	C:\Program Files\Java\jdk1.8.0_101\jre\bin\server\jvm.dll
0x00007fffadae0000 - 0x00007fffadae8000 	C:\Windows\system32\PSAPI.DLL
0x00007fffa8a60000 - 0x00007fffa8a69000 	C:\Windows\SYSTEM32\WSOCK32.dll
0x00007fffae2e0000 - 0x00007fffae34b000 	C:\Windows\system32\WS2_32.dll
0x00007fffa8fd0000 - 0x00007fffa8ff3000 	C:\Windows\SYSTEM32\WINMM.dll
0x00007fffa8f70000 - 0x00007fffa8f9c000 	C:\Windows\SYSTEM32\WINMMBASE.dll
0x0000000054510000 - 0x000000005451f000 	C:\Program Files\Java\jdk1.8.0_101\jre\bin\verify.dll
0x00000000544e0000 - 0x0000000054509000 	C:\Program Files\Java\jdk1.8.0_101\jre\bin\java.dll
0x00000000544c0000 - 0x00000000544d6000 	C:\Program Files\Java\jdk1.8.0_101\jre\bin\zip.dll
0x00007fffabea0000 - 0x00007fffad3fc000 	C:\Windows\system32\SHELL32.dll
0x00007fffaaf30000 - 0x00007fffab575000 	C:\Windows\system32\windows.storage.dll
0x00007fffad400000 - 0x00007fffad452000 	C:\Windows\system32\shlwapi.dll
0x00007fffaae20000 - 0x00007fffaae2f000 	C:\Windows\system32\kernel.appcore.dll
0x00007fffab580000 - 0x00007fffab635000 	C:\Windows\system32\shcore.dll
0x00007fffaada0000 - 0x00007fffaadeb000 	C:\Windows\system32\powrprof.dll
0x00007fffaadf0000 - 0x00007fffaae04000 	C:\Windows\system32\profapi.dll

VM Arguments:
jvm_args: -Djava.awt.headless=true -Xmx1024M -Dfile.encoding=GBK -Duser.country=CN -Duser.language=zh -Duser.variant 
java_command: com.android.dx.command.Main --dex --force-jumbo --num-threads=4 --output C:\Users\shenb\Desktop\Mpzn\app\build\intermediates\pre-dexed\debug\systembartint-1.0.3_292111883c63a620e0a6f3a8ca27bc8cbb2ad2e2.jar C:\Users\shenb\.gradle\caches\modules-2\files-2.1\com.readystatesoftware.systembartint\systembartint\1.0.3\de4f7404e2f58d8f6e83cb1e85d0c2d6c2987287\systembartint-1.0.3.jar
java_class_path (initial): D:\AndroidSDK\build-tools\23.0.3\lib\dx.jar
Launcher Type: SUN_STANDARD

Environment Variables:
JAVA_HOME=C:\Program Files\Java\jdk1.8.0_101
PATH=C:\ProgramData\Oracle\Java\javapath;C:\Program Files (x86)\Intel\iCLS Client\;C:\Program Files\Intel\iCLS Client\;C:\Windows\system32;C:\Windows;C:\Windows\System32\Wbem;C:\Windows\System32\WindowsPowerShell\v1.0\;C:\Program Files\Intel\Intel(R) Management Engine Components\DAL;C:\Program Files\Intel\Intel(R) Management Engine Components\IPT;C:\Program Files (x86)\Intel\Intel(R) Management Engine Components\DAL;C:\Program Files (x86)\Intel\Intel(R) Management Engine Components\IPT;C:\Program Files (x86)\VisualSVN Server\bin;C:\Program Files\TortoiseSVN\bin;C:\Program Files\TortoiseGit\bin;D:\AS\android-sdk-windows\platform-tools;C:\Program Files\Java\jdk1.8.0_101\bin;D:\adt-bundle-windows-x64\android-sdk-windows\platform-tools;D:\adt-bundle-windows-x64\android-sdk-windows\tools;D:\apache-tomcat-6.0.44\bin
USERNAME=Icy
OS=Windows_NT
PROCESSOR_IDENTIFIER=Intel64 Family 6 Model 58 Stepping 9, GenuineIntel



---------------  S Y S T E M  ---------------

OS: Windows 10.0 , 64 bit Build 10586 (10.0.10586.589)

CPU:total 4 (2 cores per cpu, 2 threads per core) family 6 model 58 stepping 9, cmov, cx8, fxsr, mmx, sse, sse2, sse3, ssse3, sse4.1, sse4.2, popcnt, avx, aes, clmul, erms, ht, tsc, tscinvbit, tscinv

Memory: 4k page, physical 8241668k(651444k free), swap 14949184k(5136k free)

vm_info: Java HotSpot(TM) 64-Bit Server VM (25.101-b13) for windows-amd64 JRE (1.8.0_101-b13), built on Jun 22 2016 01:21:29 by "java_re" with MS VC++ 10.0 (VS2010)

time: Tue Sep 27 17:59:00 2016
elapsed time: 6 seconds (0d 0h 0m 6s)

