#
# There is insufficient memory for the Java Runtime Environment to continue.
# Native memory allocation (malloc) failed to allocate 788496 bytes for Chunk::new
# Possible reasons:
#   The system is out of physical RAM or swap space
#   In 32 bit mode, the process size limit was hit
# Possible solutions:
#   Reduce memory load on the system
#   Increase physical memory or swap space
#   Check if swap backing store is full
#   Use 64 bit Java on a 64 bit OS
#   Decrease Java heap size (-Xmx/-Xms)
#   Decrease number of Java threads
#   Decrease Java thread stack sizes (-Xss)
#   Set larger code cache with -XX:ReservedCodeCacheSize=
# This output file may be truncated or incomplete.
#
#  Out of Memory Error (allocation.cpp:390), pid=10588, tid=0x0000000000003134
#
# JRE version: Java(TM) SE Runtime Environment (8.0_101-b13) (build 1.8.0_101-b13)
# Java VM: Java HotSpot(TM) 64-Bit Server VM (25.101-b13 mixed mode windows-amd64 compressed oops)
# Failed to write core dump. Minidumps are not enabled by default on client versions of Windows
#

---------------  T H R E A D  ---------------

Current thread (0x00000000035ca000):  JavaThread "C2 CompilerThread0" daemon [_thread_in_native, id=12596, stack(0x0000000008610000,0x0000000008710000)]

Stack: [0x0000000008610000,0x0000000008710000]
[error occurred during error reporting (printing stack bounds), id 0xc0000005]

Native frames: (J=compiled Java code, j=interpreted, Vv=VM code, C=native code)


Current CompileTask:
C2:   4738 1444   !   4       com.android.dx.cf.code.BytecodeArray::parseInstruction (2764 bytes)


---------------  P R O C E S S  ---------------

Java Threads: ( => current thread )
  0x000000000828b800 JavaThread "pool-1-thread-4" [_thread_in_Java, id=10320, stack(0x0000000008f10000,0x0000000009010000)]
  0x000000000828a800 JavaThread "pool-1-thread-3" [_thread_in_Java, id=9196, stack(0x0000000008e10000,0x0000000008f10000)]
  0x0000000008284000 JavaThread "pool-1-thread-2" [_thread_in_vm, id=3120, stack(0x0000000008d10000,0x0000000008e10000)]
  0x000000000827e000 JavaThread "pool-2-thread-1" [_thread_blocked, id=12256, stack(0x0000000008c10000,0x0000000008d10000)]
  0x000000000827d000 JavaThread "pool-1-thread-1" [_thread_in_Java, id=3352, stack(0x0000000008b10000,0x0000000008c10000)]
  0x0000000008079800 JavaThread "Service Thread" daemon [_thread_blocked, id=12332, stack(0x0000000008910000,0x0000000008a10000)]
  0x0000000006cfd800 JavaThread "C1 CompilerThread2" daemon [_thread_blocked, id=12528, stack(0x0000000008810000,0x0000000008910000)]
  0x00000000035cc000 JavaThread "C2 CompilerThread1" daemon [_thread_blocked, id=6280, stack(0x0000000008710000,0x0000000008810000)]
=>0x00000000035ca000 JavaThread "C2 CompilerThread0" daemon [_thread_in_native, id=12596, stack(0x0000000008610000,0x0000000008710000)]
  0x0000000008052800 JavaThread "Attach Listener" daemon [_thread_blocked, id=9356, stack(0x0000000008510000,0x0000000008610000)]
  0x0000000006cb2800 JavaThread "Signal Dispatcher" daemon [_thread_blocked, id=6212, stack(0x0000000008410000,0x0000000008510000)]
  0x0000000006c8a000 JavaThread "Finalizer" daemon [_thread_blocked, id=11824, stack(0x0000000007f10000,0x0000000008010000)]
  0x0000000006c69000 JavaThread "Reference Handler" daemon [_thread_blocked, id=2844, stack(0x0000000007e10000,0x0000000007f10000)]
  0x00000000034d1000 JavaThread "main" [_thread_in_Java, id=12860, stack(0x0000000002fc0000,0x00000000030c0000)]

Other Threads:
  0x0000000006c67000 VMThread [stack: 0x0000000007d10000,0x0000000007e10000] [id=9968]
  0x00000000080d7000 WatcherThread [stack: 0x0000000008a10000,0x0000000008b10000] [id=2624]

VM state:not at safepoint (normal execution)

VM Mutex/Monitor currently owned by a thread: None

Heap:
 PSYoungGen      total 37888K, used 33885K [0x00000000eab00000, 0x00000000ed500000, 0x0000000100000000)
  eden space 32768K, 87% used [0x00000000eab00000,0x00000000ec717938,0x00000000ecb00000)
  from space 5120K, 99% used [0x00000000ecb00000,0x00000000ecfffc88,0x00000000ed000000)
  to   space 5120K, 0% used [0x00000000ed000000,0x00000000ed000000,0x00000000ed500000)
 ParOldGen       total 86016K, used 1433K [0x00000000c0000000, 0x00000000c5400000, 0x00000000eab00000)
  object space 86016K, 1% used [0x00000000c0000000,0x00000000c0166678,0x00000000c5400000)
 Metaspace       used 6198K, capacity 7032K, committed 7296K, reserved 1056768K
  class space    used 598K, capacity 624K, committed 640K, reserved 1048576K

Card table byte_map: [0x0000000003990000,0x0000000003ba0000] byte_map_base: 0x0000000003390000

Marking Bits: (ParMarkBitMap*) 0x0000000054d3a6d0
 Begin Bits: [0x0000000004100000, 0x0000000005100000)
 End Bits:   [0x0000000005100000, 0x0000000006100000)

Polling page: 0x00000000013d0000

CodeCache: size=245760Kb used=6225Kb max_used=6241Kb free=239534Kb
 bounds [0x000000000f010000, 0x000000000f640000, 0x000000001e010000]
 total_blobs=1760 nmethods=1490 adapters=183
 compilation: enabled

Compilation events (10 events):
Event: 4.478 Thread 0x0000000006cfd800 nmethod 1503 0x000000000f615110 code [0x000000000f615260, 0x000000000f615370]
Event: 4.485 Thread 0x00000000035ca000 nmethod 1334 0x000000000f61a410 code [0x000000000f61a720, 0x000000000f61ca60]
Event: 4.485 Thread 0x00000000035ca000 1498       4       com.android.dx.ssa.SsaBasicBlock::forEachInsn (37 bytes)
Event: 4.502 Thread 0x00000000035ca000 nmethod 1498 0x000000000f620a50 code [0x000000000f620c20, 0x000000000f6215b8]
Event: 4.502 Thread 0x00000000035ca000 1494       4       com.android.dx.ssa.NormalSsaInsn::accept (25 bytes)
Event: 4.513 Thread 0x00000000035ca000 nmethod 1494 0x000000000f615d50 code [0x000000000f615f00, 0x000000000f6164d8]
Event: 4.513 Thread 0x00000000035ca000 1444   !   4       com.android.dx.cf.code.BytecodeArray::parseInstruction (2764 bytes)
Event: 4.654 Thread 0x00000000035cc000 nmethod 1450 0x000000000f626850 code [0x000000000f626e00, 0x000000000f62a508]
Event: 4.655 Thread 0x00000000035cc000 1316       4       com.android.dx.rop.code.ThrowingCstInsn::withNewRegisters (25 bytes)
Event: 4.657 Thread 0x00000000035cc000 nmethod 1316 0x000000000f615710 code [0x000000000f615860, 0x000000000f615a98]

GC Heap History (2 events):
Event: 3.476 GC heap before
{Heap before GC invocations=1 (full 0):
 PSYoungGen      total 37888K, used 32768K [0x00000000eab00000, 0x00000000ed500000, 0x0000000100000000)
  eden space 32768K, 100% used [0x00000000eab00000,0x00000000ecb00000,0x00000000ecb00000)
  from space 5120K, 0% used [0x00000000ed000000,0x00000000ed000000,0x00000000ed500000)
  to   space 5120K, 0% used [0x00000000ecb00000,0x00000000ecb00000,0x00000000ed000000)
 ParOldGen       total 86016K, used 0K [0x00000000c0000000, 0x00000000c5400000, 0x00000000eab00000)
  object space 86016K, 0% used [0x00000000c0000000,0x00000000c0000000,0x00000000c5400000)
 Metaspace       used 6042K, capacity 6902K, committed 7040K, reserved 1056768K
  class space    used 595K, capacity 622K, committed 640K, reserved 1048576K
Event: 3.846 GC heap after
Heap after GC invocations=1 (full 0):
 PSYoungGen      total 37888K, used 5119K [0x00000000eab00000, 0x00000000ed500000, 0x0000000100000000)
  eden space 32768K, 0% used [0x00000000eab00000,0x00000000eab00000,0x00000000ecb00000)
  from space 5120K, 99% used [0x00000000ecb00000,0x00000000ecfffc88,0x00000000ed000000)
  to   space 5120K, 0% used [0x00000000ed000000,0x00000000ed000000,0x00000000ed500000)
 ParOldGen       total 86016K, used 1433K [0x00000000c0000000, 0x00000000c5400000, 0x00000000eab00000)
  object space 86016K, 1% used [0x00000000c0000000,0x00000000c0166678,0x00000000c5400000)
 Metaspace       used 6042K, capacity 6902K, committed 7040K, reserved 1056768K
  class space    used 595K, capacity 622K, committed 640K, reserved 1048576K
}

Deoptimization events (10 events):
Event: 4.080 Thread 0x0000000008284000 Uncommon trap: reason=unstable_if action=reinterpret pc=0x000000000f557350 method=com.android.dx.rop.code.DexTranslationAdvice.requiresSourcesInOrder(Lcom/android/dx/rop/code/Rop;Lcom/android/dx/rop/code/RegisterSpecList;)Z @ 21
Event: 4.353 Thread 0x0000000008284000 Uncommon trap: reason=class_check action=maybe_recompile pc=0x000000000f514214 method=com.android.dx.ssa.NormalSsaInsn.accept(Lcom/android/dx/ssa/SsaInsn$Visitor;)V @ 9
Event: 4.353 Thread 0x0000000008284000 Uncommon trap: reason=class_check action=maybe_recompile pc=0x000000000f2681b0 method=com.android.dx.ssa.NormalSsaInsn.accept(Lcom/android/dx/ssa/SsaInsn$Visitor;)V @ 9
Event: 4.355 Thread 0x000000000828a800 Uncommon trap: reason=unstable_if action=reinterpret pc=0x000000000f5390e4 method=com.android.dx.rop.code.DexTranslationAdvice.requiresSourcesInOrder(Lcom/android/dx/rop/code/Rop;Lcom/android/dx/rop/code/RegisterSpecList;)Z @ 21
Event: 4.357 Thread 0x0000000008284000 Uncommon trap: reason=class_check action=maybe_recompile pc=0x000000000f514214 method=com.android.dx.ssa.NormalSsaInsn.accept(Lcom/android/dx/ssa/SsaInsn$Visitor;)V @ 9
Event: 4.357 Thread 0x0000000008284000 Uncommon trap: reason=class_check action=maybe_recompile pc=0x000000000f2681b0 method=com.android.dx.ssa.NormalSsaInsn.accept(Lcom/android/dx/ssa/SsaInsn$Visitor;)V @ 9
Event: 4.359 Thread 0x0000000008284000 Uncommon trap: reason=class_check action=maybe_recompile pc=0x000000000f514214 method=com.android.dx.ssa.NormalSsaInsn.accept(Lcom/android/dx/ssa/SsaInsn$Visitor;)V @ 9
Event: 4.417 Thread 0x000000000828b800 Uncommon trap: reason=class_check action=maybe_recompile pc=0x000000000f2eaeb0 method=com.android.dx.ssa.NormalSsaInsn.accept(Lcom/android/dx/ssa/SsaInsn$Visitor;)V @ 9
Event: 4.444 Thread 0x000000000828a800 Uncommon trap: reason=bimorphic action=maybe_recompile pc=0x000000000f22b724 method=java.util.HashMap.getNode(ILjava/lang/Object;)Ljava/util/HashMap$Node; @ 126
Event: 4.444 Thread 0x000000000828a800 Uncommon trap: reason=class_check action=maybe_recompile pc=0x000000000f3c2888 method=java.util.HashMap.putVal(ILjava/lang/Object;Ljava/lang/Object;ZZ)Ljava/lang/Object; @ 203

Internal exceptions (2 events):
Event: 0.064 Thread 0x00000000034d1000 Exception <a 'java/lang/NoSuchMethodError': Method sun.misc.Unsafe.defineClass(Ljava/lang/String;[BII)Ljava/lang/Class; name or signature does not match> (0x00000000eab07cc0) thrown at [C:\re\workspace\8-2-build-windows-amd64-cygwin\jdk8u101\7261\hotspot\sÂBI
Event: 0.064 Thread 0x00000000034d1000 Exception <a 'java/lang/NoSuchMethodError': Method sun.misc.Unsafe.prefetchRead(Ljava/lang/Object;J)V name or signature does not match> (0x00000000eab07fa8) thrown at [C:\re\workspace\8-2-build-windows-amd64-cygwin\jdk8u101\7261\hotspot\src\share\vm\prims\

Events (10 events):
Event: 4.417 Thread 0x000000000828b800 DEOPT PACKING pc=0x000000000f2eaeb0 sp=0x000000000900ea10
Event: 4.417 Thread 0x000000000828b800 DEOPT UNPACKING pc=0x000000000f05582a sp=0x000000000900e950 mode 2
Event: 4.444 Thread 0x000000000828a800 Uncommon trap: trap_request=0xffffffc6 fr.pc=0x000000000f22b724
Event: 4.444 Thread 0x000000000828a800 DEOPT PACKING pc=0x000000000f22b724 sp=0x0000000008f0e530
Event: 4.444 Thread 0x000000000828a800 DEOPT UNPACKING pc=0x000000000f05582a sp=0x0000000008f0e4b0 mode 2
Event: 4.444 Thread 0x000000000828a800 Uncommon trap: trap_request=0xffffffde fr.pc=0x000000000f3c2888
Event: 4.444 Thread 0x000000000828a800 DEOPT PACKING pc=0x000000000f3c2888 sp=0x0000000008f0e510
Event: 4.444 Thread 0x000000000828a800 DEOPT UNPACKING pc=0x000000000f05582a sp=0x0000000008f0e488 mode 2
Event: 4.445 Thread 0x000000000828a800 DEOPT PACKING pc=0x000000000f3cf244 sp=0x0000000008f0e700
Event: 4.445 Thread 0x000000000828a800 DEOPT UNPACKING pc=0x000000000f05787f sp=0x0000000008f0e4c8 mode 0


Dynamic libraries:
0x00007ff67bb80000 - 0x00007ff67bbb7000 	C:\Program Files\Java\jdk1.8.0_101\bin\java.exe
0x00007fffae780000 - 0x00007fffae941000 	C:\Windows\SYSTEM32\ntdll.dll
0x00007fffad9c0000 - 0x00007fffada6d000 	C:\Windows\system32\KERNEL32.DLL
0x00007fffab760000 - 0x00007fffab948000 	C:\Windows\system32\KERNELBASE.dll
0x00007fffad7a0000 - 0x00007fffad847000 	C:\Windows\system32\ADVAPI32.dll
0x00007fffad920000 - 0x00007fffad9bd000 	C:\Windows\system32\msvcrt.dll
0x00007fffae280000 - 0x00007fffae2db000 	C:\Windows\system32\sechost.dll
0x00007fffade20000 - 0x00007fffadf3c000 	C:\Windows\system32\RPCRT4.dll
0x00007fffad5e0000 - 0x00007fffad736000 	C:\Windows\system32\USER32.dll
0x00007fffabb80000 - 0x00007fffabd06000 	C:\Windows\system32\GDI32.dll
0x00007fffa6ba0000 - 0x00007fffa6e14000 	C:\Windows\WinSxS\amd64_microsoft.windows.common-controls_6595b64144ccf1df_6.0.10586.589_none_a2ddb3caa539acce\COMCTL32.dll
0x00007fffadba0000 - 0x00007fffade1d000 	C:\Windows\system32\combase.dll
0x00007fffaae30000 - 0x00007fffaae9a000 	C:\Windows\system32\bcryptPrimitives.dll
0x00007fffae090000 - 0x00007fffae0cb000 	C:\Windows\system32\IMM32.DLL
0x00007fffaac90000 - 0x00007fffaacc1000 	C:\Windows\system32\nvinitx.dll
0x00007fffaac80000 - 0x00007fffaac8a000 	C:\Windows\SYSTEM32\VERSION.dll
0x000000000f000000 - 0x000000000f006000 	C:\Program Files\NVIDIA Corporation\CoProcManager\_etoured.dll
0x00007fffa9500000 - 0x00007fffa9532000 	C:\Program Files\NVIDIA Corporation\CoProcManager\nvd3d9wrapx.dll
0x00007fffae350000 - 0x00007fffae779000 	C:\Windows\system32\SETUPAPI.dll
0x00007fffab710000 - 0x00007fffab753000 	C:\Windows\system32\CFGMGR32.dll
0x00007fffa94d0000 - 0x00007fffa94f2000 	C:\Program Files\NVIDIA Corporation\CoProcManager\nvdxgiwrapx.dll
0x0000000054dc0000 - 0x0000000054e92000 	C:\Program Files\Java\jdk1.8.0_101\jre\bin\msvcr100.dll
0x0000000054520000 - 0x0000000054dba000 	C:\Program Files\Java\jdk1.8.0_101\jre\bin\server\jvm.dll
0x00007fffadae0000 - 0x00007fffadae8000 	C:\Windows\system32\PSAPI.DLL
0x00007fffa8a60000 - 0x00007fffa8a69000 	C:\Windows\SYSTEM32\WSOCK32.dll
0x00007fffae2e0000 - 0x00007fffae34b000 	C:\Windows\system32\WS2_32.dll
0x00007fffa8fd0000 - 0x00007fffa8ff3000 	C:\Windows\SYSTEM32\WINMM.dll
0x00007fffa8f70000 - 0x00007fffa8f9c000 	C:\Windows\SYSTEM32\WINMMBASE.dll
0x0000000054510000 - 0x000000005451f000 	C:\Program Files\Java\jdk1.8.0_101\jre\bin\verify.dll
0x00000000544e0000 - 0x0000000054509000 	C:\Program Files\Java\jdk1.8.0_101\jre\bin\java.dll
0x00000000544c0000 - 0x00000000544d6000 	C:\Program Files\Java\jdk1.8.0_101\jre\bin\zip.dll
0x00007fffabea0000 - 0x00007fffad3fc000 	C:\Windows\system32\SHELL32.dll
0x00007fffaaf30000 - 0x00007fffab575000 	C:\Windows\system32\windows.storage.dll
0x00007fffad400000 - 0x00007fffad452000 	C:\Windows\system32\shlwapi.dll
0x00007fffaae20000 - 0x00007fffaae2f000 	C:\Windows\system32\kernel.appcore.dll
0x00007fffab580000 - 0x00007fffab635000 	C:\Windows\system32\shcore.dll
0x00007fffaada0000 - 0x00007fffaadeb000 	C:\Windows\system32\powrprof.dll
0x00007fffaadf0000 - 0x00007fffaae04000 	C:\Windows\system32\profapi.dll

VM Arguments:
jvm_args: -Djava.awt.headless=true -Xmx1024M -Dfile.encoding=GBK -Duser.country=CN -Duser.language=zh -Duser.variant 
java_command: com.android.dx.command.Main --dex --force-jumbo --num-threads=4 --output C:\Users\shenb\Desktop\Mpzn\app\build\intermediates\pre-dexed\debug\SocialSDK_WeiXin_1_544ac8b5c98d070713fd60751ba3b16c9e31c99a.jar C:\Users\shenb\Desktop\Mpzn\app\libs\SocialSDK_WeiXin_1.jar
java_class_path (initial): D:\AndroidSDK\build-tools\23.0.3\lib\dx.jar
Launcher Type: SUN_STANDARD

Environment Variables:
JAVA_HOME=C:\Program Files\Java\jdk1.8.0_101
PATH=C:\ProgramData\Oracle\Java\javapath;C:\Program Files (x86)\Intel\iCLS Client\;C:\Program Files\Intel\iCLS Client\;C:\Windows\system32;C:\Windows;C:\Windows\System32\Wbem;C:\Windows\System32\WindowsPowerShell\v1.0\;C:\Program Files\Intel\Intel(R) Management Engine Components\DAL;C:\Program Files\Intel\Intel(R) Management Engine Components\IPT;C:\Program Files (x86)\Intel\Intel(R) Management Engine Components\DAL;C:\Program Files (x86)\Intel\Intel(R) Management Engine Components\IPT;C:\Program Files (x86)\VisualSVN Server\bin;C:\Program Files\TortoiseSVN\bin;C:\Program Files\TortoiseGit\bin;D:\AS\android-sdk-windows\platform-tools;C:\Program Files\Java\jdk1.8.0_101\bin;D:\adt-bundle-windows-x64\android-sdk-windows\platform-tools;D:\adt-bundle-windows-x64\android-sdk-windows\tools;D:\apache-tomcat-6.0.44\bin
USERNAME=Icy
OS=Windows_NT
PROCESSOR_IDENTIFIER=Intel64 Family 6 Model 58 Stepping 9, GenuineIntel



---------------  S Y S T E M  ---------------

OS: Windows 10.0 , 64 bit Build 10586 (10.0.10586.589)

CPU:total 4 (2 cores per cpu, 2 threads per core) family 6 model 58 stepping 9, cmov, cx8, fxsr, mmx, sse, sse2, sse3, ssse3, sse4.1, sse4.2, popcnt, avx, aes, clmul, erms, ht, tsc, tscinvbit, tscinv

Memory: 4k page, physical 8241668k(1184292k free), swap 14949184k(5332k free)

vm_info: Java HotSpot(TM) 64-Bit Server VM (25.101-b13) for windows-amd64 JRE (1.8.0_101-b13), built on Jun 22 2016 01:21:29 by "java_re" with MS VC++ 10.0 (VS2010)

time: Tue Sep 27 18:03:33 2016
elapsed time: 4 seconds (0d 0h 0m 4s)

