#
# There is insufficient memory for the Java Runtime Environment to continue.
# Native memory allocation (malloc) failed to allocate 65552 bytes for Chunk::new
# Possible reasons:
#   The system is out of physical RAM or swap space
#   In 32 bit mode, the process size limit was hit
# Possible solutions:
#   Reduce memory load on the system
#   Increase physical memory or swap space
#   Check if swap backing store is full
#   Use 64 bit Java on a 64 bit OS
#   Decrease Java heap size (-Xmx/-Xms)
#   Decrease number of Java threads
#   Decrease Java thread stack sizes (-Xss)
#   Set larger code cache with -XX:ReservedCodeCacheSize=
# This output file may be truncated or incomplete.
#
#  Out of Memory Error (allocation.cpp:390), pid=4828, tid=0x0000000000002dc8
#
# JRE version: Java(TM) SE Runtime Environment (8.0_101-b13) (build 1.8.0_101-b13)
# Java VM: Java HotSpot(TM) 64-Bit Server VM (25.101-b13 mixed mode windows-amd64 compressed oops)
# Failed to write core dump. Minidumps are not enabled by default on client versions of Windows
#

---------------  T H R E A D  ---------------

Current thread (0x0000000008028000):  JavaThread "C2 CompilerThread1" daemon [_thread_in_native, id=11720, stack(0x00000000083d0000,0x00000000084d0000)]

Stack: [0x00000000083d0000,0x00000000084d0000]
[error occurred during error reporting (printing stack bounds), id 0xc0000005]

Native frames: (J=compiled Java code, j=interpreted, Vv=VM code, C=native code)


Current CompileTask:
C2:   2917 1323       4       com.android.dx.ssa.SCCP::simulateBranch (666 bytes)


---------------  P R O C E S S  ---------------

Java Threads: ( => current thread )
  0x0000000008284000 JavaThread "pool-1-thread-4" [_thread_in_Java, id=4092, stack(0x0000000008bd0000,0x0000000008cd0000)]
  0x0000000008282800 JavaThread "pool-1-thread-3" [_thread_in_Java, id=12204, stack(0x0000000008ad0000,0x0000000008bd0000)]
  0x0000000008254000 JavaThread "pool-1-thread-2" [_thread_in_Java, id=5608, stack(0x00000000089d0000,0x0000000008ad0000)]
  0x0000000008250800 JavaThread "pool-2-thread-1" [_thread_blocked, id=12172, stack(0x00000000088d0000,0x00000000089d0000)]
  0x0000000008250000 JavaThread "pool-1-thread-1" [_thread_in_Java, id=10116, stack(0x00000000087d0000,0x00000000088d0000)]
  0x0000000008032000 JavaThread "Service Thread" daemon [_thread_blocked, id=7792, stack(0x00000000085d0000,0x00000000086d0000)]
  0x000000000802a800 JavaThread "C1 CompilerThread2" daemon [_thread_blocked, id=8452, stack(0x00000000084d0000,0x00000000085d0000)]
=>0x0000000008028000 JavaThread "C2 CompilerThread1" daemon [_thread_in_native, id=11720, stack(0x00000000083d0000,0x00000000084d0000)]
  0x00000000069cb000 JavaThread "C2 CompilerThread0" daemon [_thread_blocked, id=13620, stack(0x0000000007ed0000,0x0000000007fd0000)]
  0x00000000069c9800 JavaThread "Attach Listener" daemon [_thread_blocked, id=148, stack(0x0000000007dd0000,0x0000000007ed0000)]
  0x00000000069c8800 JavaThread "Signal Dispatcher" daemon [_thread_blocked, id=1452, stack(0x0000000007cd0000,0x0000000007dd0000)]
  0x000000000329a000 JavaThread "Finalizer" daemon [_thread_blocked, id=11268, stack(0x0000000007bd0000,0x0000000007cd0000)]
  0x000000000328f800 JavaThread "Reference Handler" daemon [_thread_blocked, id=11648, stack(0x0000000007ad0000,0x0000000007bd0000)]
  0x00000000031a1000 JavaThread "main" [_thread_in_Java, id=5280, stack(0x0000000002fa0000,0x00000000030a0000)]

Other Threads:
  0x0000000006938000 VMThread [stack: 0x00000000079d0000,0x0000000007ad0000] [id=4668]
  0x0000000008045000 WatcherThread [stack: 0x00000000086d0000,0x00000000087d0000] [id=2176]

VM state:not at safepoint (normal execution)

VM Mutex/Monitor currently owned by a thread: None

Heap:
 PSYoungGen      total 37888K, used 14371K [0x00000000eab00000, 0x00000000ed500000, 0x0000000100000000)
  eden space 32768K, 28% used [0x00000000eab00000,0x00000000eb40c7f0,0x00000000ecb00000)
  from space 5120K, 99% used [0x00000000ed000000,0x00000000ed4fc720,0x00000000ed500000)
  to   space 5120K, 0% used [0x00000000ecb00000,0x00000000ecb00000,0x00000000ed000000)
 ParOldGen       total 86016K, used 6145K [0x00000000c0000000, 0x00000000c5400000, 0x00000000eab00000)
  object space 86016K, 7% used [0x00000000c0000000,0x00000000c0600798,0x00000000c5400000)
 Metaspace       used 6185K, capacity 7030K, committed 7296K, reserved 1056768K
  class space    used 608K, capacity 622K, committed 640K, reserved 1048576K

Card table byte_map: [0x0000000003660000,0x0000000003870000] byte_map_base: 0x0000000003060000

Marking Bits: (ParMarkBitMap*) 0x0000000054d3a6d0
 Begin Bits: [0x0000000003dd0000, 0x0000000004dd0000)
 End Bits:   [0x0000000004dd0000, 0x0000000005dd0000)

Polling page: 0x0000000000df0000

CodeCache: size=245760Kb used=5717Kb max_used=5736Kb free=240042Kb
 bounds [0x000000000f010000, 0x000000000f5b0000, 0x000000001e010000]
 total_blobs=1655 nmethods=1383 adapters=184
 compilation: disabled (not enough contiguous free space left)

Compilation events (10 events):
Event: 2.698 Thread 0x000000000802a800 nmethod 1388 0x000000000f5a81d0 code [0x000000000f5a8320, 0x000000000f5a8490]
Event: 2.736 Thread 0x000000000802a800 1390       1       java.util.HashMap$Node::getKey (5 bytes)
Event: 2.736 Thread 0x000000000802a800 nmethod 1390 0x000000000f5a8510 code [0x000000000f5a8660, 0x000000000f5a8770]
Event: 2.738 Thread 0x000000000802a800 1391       3       com.android.dx.cf.code.OneLocalsArray::merge (22 bytes)
Event: 2.738 Thread 0x000000000802a800 nmethod 1391 0x000000000f5a87d0 code [0x000000000f5a89a0, 0x000000000f5a90d8]
Event: 2.738 Thread 0x000000000802a800 1392       3       com.android.dx.util.IntList::equals (82 bytes)
Event: 2.739 Thread 0x000000000802a800 nmethod 1392 0x000000000f5a9310 code [0x000000000f5a94a0, 0x000000000f5a9a50]
Event: 2.739 Thread 0x000000000802a800 1393       3       com.android.dx.rop.type.Type::isReference (15 bytes)
Event: 2.739 Thread 0x000000000802a800 nmethod 1393 0x000000000f5a9c50 code [0x000000000f5a9da0, 0x000000000f5a9f50]
Event: 2.745 Thread 0x00000000069cb000 


GC Heap History (4 events):
Event: 2.427 GC heap before
{Heap before GC invocations=1 (full 0):
 PSYoungGen      total 37888K, used 32768K [0x00000000eab00000, 0x00000000ed500000, 0x0000000100000000)
  eden space 32768K, 100% used [0x00000000eab00000,0x00000000ecb00000,0x00000000ecb00000)
  from space 5120K, 0% used [0x00000000ed000000,0x00000000ed000000,0x00000000ed500000)
  to   space 5120K, 0% used [0x00000000ecb00000,0x00000000ecb00000,0x00000000ed000000)
 ParOldGen       total 86016K, used 0K [0x00000000c0000000, 0x00000000c5400000, 0x00000000eab00000)
  object space 86016K, 0% used [0x00000000c0000000,0x00000000c0000000,0x00000000c5400000)
 Metaspace       used 6042K, capacity 6902K, committed 7040K, reserved 1056768K
  class space    used 605K, capacity 622K, committed 640K, reserved 1048576K
Event: 2.443 GC heap after
Heap after GC invocations=1 (full 0):
 PSYoungGen      total 37888K, used 5114K [0x00000000eab00000, 0x00000000ed500000, 0x0000000100000000)
  eden space 32768K, 0% used [0x00000000eab00000,0x00000000eab00000,0x00000000ecb00000)
  from space 5120K, 99% used [0x00000000ecb00000,0x00000000ecffeaa8,0x00000000ed000000)
  to   space 5120K, 0% used [0x00000000ed000000,0x00000000ed000000,0x00000000ed500000)
 ParOldGen       total 86016K, used 1905K [0x00000000c0000000, 0x00000000c5400000, 0x00000000eab00000)
  object space 86016K, 2% used [0x00000000c0000000,0x00000000c01dc490,0x00000000c5400000)
 Metaspace       used 6042K, capacity 6902K, committed 7040K, reserved 1056768K
  class space    used 605K, capacity 622K, committed 640K, reserved 1048576K
}
Event: 2.863 GC heap before
{Heap before GC invocations=2 (full 0):
 PSYoungGen      total 37888K, used 37882K [0x00000000eab00000, 0x00000000ed500000, 0x0000000100000000)
  eden space 32768K, 100% used [0x00000000eab00000,0x00000000ecb00000,0x00000000ecb00000)
  from space 5120K, 99% used [0x00000000ecb00000,0x00000000ecffeaa8,0x00000000ed000000)
  to   space 5120K, 0% used [0x00000000ed000000,0x00000000ed000000,0x00000000ed500000)
 ParOldGen       total 86016K, used 1905K [0x00000000c0000000, 0x00000000c5400000, 0x00000000eab00000)
  object space 86016K, 2% used [0x00000000c0000000,0x00000000c01dc490,0x00000000c5400000)
 Metaspace       used 6173K, capacity 7030K, committed 7296K, reserved 1056768K
  class space    used 607K, capacity 622K, committed 640K, reserved 1048576K
Event: 2.886 GC heap after
Heap after GC invocations=2 (full 0):
 PSYoungGen      total 37888K, used 5105K [0x00000000eab00000, 0x00000000ed500000, 0x0000000100000000)
  eden space 32768K, 0% used [0x00000000eab00000,0x00000000eab00000,0x00000000ecb00000)
  from space 5120K, 99% used [0x00000000ed000000,0x00000000ed4fc720,0x00000000ed500000)
  to   space 5120K, 0% used [0x00000000ecb00000,0x00000000ecb00000,0x00000000ed000000)
 ParOldGen       total 86016K, used 6145K [0x00000000c0000000, 0x00000000c5400000, 0x00000000eab00000)
  object space 86016K, 7% used [0x00000000c0000000,0x00000000c0600798,0x00000000c5400000)
 Metaspace       used 6173K, capacity 7030K, committed 7296K, reserved 1056768K
  class space    used 607K, capacity 622K, committed 640K, reserved 1048576K
}

Deoptimization events (10 events):
Event: 2.220 Thread 0x0000000008282800 Uncommon trap: reason=unstable_if action=reinterpret pc=0x000000000f2d8f9c method=com.android.dx.rop.cst.Constant.compareTo(Lcom/android/dx/rop/cst/Constant;)I @ 12
Event: 2.301 Thread 0x0000000008250000 Uncommon trap: reason=bimorphic action=maybe_recompile pc=0x000000000f280c0c method=java.util.HashMap.getNode(ILjava/lang/Object;)Ljava/util/HashMap$Node; @ 126
Event: 2.306 Thread 0x0000000008250000 Uncommon trap: reason=unstable_if action=reinterpret pc=0x000000000f3191ec method=com.android.dx.rop.code.RegisterSpecSet.put(Lcom/android/dx/rop/code/RegisterSpec;)V @ 77
Event: 2.306 Thread 0x0000000008250000 Uncommon trap: reason=unstable_if action=reinterpret pc=0x000000000f3960e0 method=com.android.dx.rop.code.RegisterSpecSet.put(Lcom/android/dx/rop/code/RegisterSpec;)V @ 77
Event: 2.307 Thread 0x0000000008250000 Uncommon trap: reason=bimorphic action=maybe_recompile pc=0x000000000f280c0c method=java.util.HashMap.getNode(ILjava/lang/Object;)Ljava/util/HashMap$Node; @ 126
Event: 2.307 Thread 0x0000000008250000 Uncommon trap: reason=bimorphic action=maybe_recompile pc=0x000000000f280c0c method=java.util.HashMap.getNode(ILjava/lang/Object;)Ljava/util/HashMap$Node; @ 126
Event: 2.307 Thread 0x0000000008250000 Uncommon trap: reason=bimorphic action=maybe_recompile pc=0x000000000f280c0c method=java.util.HashMap.getNode(ILjava/lang/Object;)Ljava/util/HashMap$Node; @ 126
Event: 2.307 Thread 0x0000000008250000 Uncommon trap: reason=bimorphic action=maybe_recompile pc=0x000000000f238024 method=java.util.HashMap.getNode(ILjava/lang/Object;)Ljava/util/HashMap$Node; @ 126
Event: 2.364 Thread 0x0000000008284000 Uncommon trap: reason=unstable_if action=reinterpret pc=0x000000000f2d181c method=com.android.dx.rop.code.RegisterSpec.equals(ILcom/android/dx/rop/type/TypeBearer;Lcom/android/dx/rop/code/LocalItem;)Z @ 42
Event: 2.477 Thread 0x0000000008254000 Uncommon trap: reason=uninitialized action=reinterpret pc=0x000000000f4dd184 method=com.android.dx.cf.code.BytecodeArray.parseInstruction(ILcom/android/dx/cf/code/BytecodeArray$Visitor;)I @ 1031

Internal exceptions (3 events):
Event: 0.283 Thread 0x00000000031a1000 Exception <a 'java/lang/NoSuchMethodError': Method sun.misc.Unsafe.defineClass(Ljava/lang/String;[BII)Ljava/lang/Class; name or signature does not match> (0x00000000eab07cc0) thrown at [C:\re\workspace\8-2-build-windows-amd64-cygwin\jdk8u101\7261\hotspot\sHÅ=¢Ú“?
Event: 0.283 Thread 0x00000000031a1000 Exception <a 'java/lang/NoSuchMethodError': Method sun.misc.Unsafe.prefetchRead(Ljava/lang/Object;J)V name or signature does not match> (0x00000000eab07fa8) thrown at [C:\re\workspace\8-2-build-windows-amd64-cygwin\jdk8u101\7261\hotspot\src\share\vm\prims\ÆßƒIÑ@
Event: 2.190 Thread 0x0000000008284000 Implicit null exception at 0x000000000f2df4a2 to 0x000000000f2df592

Events (10 events):
Event: 2.687 loading class com/android/dx/dex/file/AnnotationSetRefItem
Event: 2.687 loading class com/android/dx/dex/file/AnnotationSetRefItem done
Event: 2.767 Thread 0x00000000031a1000 DEOPT PACKING pc=0x000000000f38fec9 sp=0x000000000309e550
Event: 2.767 Thread 0x00000000031a1000 DEOPT UNPACKING pc=0x000000000f05787f sp=0x000000000309e318 mode 0
Event: 2.859 Executing VM operation: ParallelGCFailedAllocation
Event: 2.886 Executing VM operation: ParallelGCFailedAllocation done
Event: 2.896 loading class com/android/dx/cf/attrib/AttDeprecated
Event: 2.896 loading class com/android/dx/cf/attrib/AttDeprecated done
Event: 2.897 loading class com/android/dx/cf/attrib/AttRuntimeVisibleAnnotations
Event: 2.897 loading class com/android/dx/cf/attrib/AttRuntimeVisibleAnnotations done


Dynamic libraries:
0x00007ff67bb80000 - 0x00007ff67bbb7000 	C:\Program Files\Java\jdk1.8.0_101\bin\java.exe
0x00007fffae780000 - 0x00007fffae941000 	C:\Windows\SYSTEM32\ntdll.dll
0x00007fffad9c0000 - 0x00007fffada6d000 	C:\Windows\system32\KERNEL32.DLL
0x00007fffab760000 - 0x00007fffab948000 	C:\Windows\system32\KERNELBASE.dll
0x00007fffad7a0000 - 0x00007fffad847000 	C:\Windows\system32\ADVAPI32.dll
0x00007fffad920000 - 0x00007fffad9bd000 	C:\Windows\system32\msvcrt.dll
0x00007fffae280000 - 0x00007fffae2db000 	C:\Windows\system32\sechost.dll
0x00007fffade20000 - 0x00007fffadf3c000 	C:\Windows\system32\RPCRT4.dll
0x00007fffad5e0000 - 0x00007fffad736000 	C:\Windows\system32\USER32.dll
0x00007fffabb80000 - 0x00007fffabd06000 	C:\Windows\system32\GDI32.dll
0x00007fffa6ba0000 - 0x00007fffa6e14000 	C:\Windows\WinSxS\amd64_microsoft.windows.common-controls_6595b64144ccf1df_6.0.10586.589_none_a2ddb3caa539acce\COMCTL32.dll
0x00007fffadba0000 - 0x00007fffade1d000 	C:\Windows\system32\combase.dll
0x00007fffaae30000 - 0x00007fffaae9a000 	C:\Windows\system32\bcryptPrimitives.dll
0x00007fffae090000 - 0x00007fffae0cb000 	C:\Windows\system32\IMM32.DLL
0x00007fffaac90000 - 0x00007fffaacc1000 	C:\Windows\system32\nvinitx.dll
0x00007fffaac80000 - 0x00007fffaac8a000 	C:\Windows\SYSTEM32\VERSION.dll
0x000000000f000000 - 0x000000000f006000 	C:\Program Files\NVIDIA Corporation\CoProcManager\_etoured.dll
0x00007fffa9500000 - 0x00007fffa9532000 	C:\Program Files\NVIDIA Corporation\CoProcManager\nvd3d9wrapx.dll
0x00007fffae350000 - 0x00007fffae779000 	C:\Windows\system32\SETUPAPI.dll
0x00007fffab710000 - 0x00007fffab753000 	C:\Windows\system32\CFGMGR32.dll
0x00007fffa94d0000 - 0x00007fffa94f2000 	C:\Program Files\NVIDIA Corporation\CoProcManager\nvdxgiwrapx.dll
0x0000000054dc0000 - 0x0000000054e92000 	C:\Program Files\Java\jdk1.8.0_101\jre\bin\msvcr100.dll
0x0000000054520000 - 0x0000000054dba000 	C:\Program Files\Java\jdk1.8.0_101\jre\bin\server\jvm.dll
0x00007fffadae0000 - 0x00007fffadae8000 	C:\Windows\system32\PSAPI.DLL
0x00007fffa8a60000 - 0x00007fffa8a69000 	C:\Windows\SYSTEM32\WSOCK32.dll
0x00007fffae2e0000 - 0x00007fffae34b000 	C:\Windows\system32\WS2_32.dll
0x00007fffa8fd0000 - 0x00007fffa8ff3000 	C:\Windows\SYSTEM32\WINMM.dll
0x00007fffa8f70000 - 0x00007fffa8f9c000 	C:\Windows\SYSTEM32\WINMMBASE.dll
0x0000000054510000 - 0x000000005451f000 	C:\Program Files\Java\jdk1.8.0_101\jre\bin\verify.dll
0x00000000544e0000 - 0x0000000054509000 	C:\Program Files\Java\jdk1.8.0_101\jre\bin\java.dll
0x00000000544c0000 - 0x00000000544d6000 	C:\Program Files\Java\jdk1.8.0_101\jre\bin\zip.dll
0x00007fffabea0000 - 0x00007fffad3fc000 	C:\Windows\system32\SHELL32.dll
0x00007fffaaf30000 - 0x00007fffab575000 	C:\Windows\system32\windows.storage.dll
0x00007fffad400000 - 0x00007fffad452000 	C:\Windows\system32\shlwapi.dll
0x00007fffaae20000 - 0x00007fffaae2f000 	C:\Windows\system32\kernel.appcore.dll
0x00007fffab580000 - 0x00007fffab635000 	C:\Windows\system32\shcore.dll
0x00007fffaada0000 - 0x00007fffaadeb000 	C:\Windows\system32\powrprof.dll
0x00007fffaadf0000 - 0x00007fffaae04000 	C:\Windows\system32\profapi.dll

VM Arguments:
jvm_args: -Djava.awt.headless=true -Xmx1024M -Dfile.encoding=GBK -Duser.country=CN -Duser.language=zh -Duser.variant 
java_command: com.android.dx.command.Main --dex --force-jumbo --num-threads=4 --output C:\Users\shenb\Desktop\Mpzn\app\build\intermediates\pre-dexed\debug\com.android.support-recyclerview-v7-24.0.0-beta1_5d33449f5a3d643c14cec2d16b9e07beee5ac31c.jar C:\Users\shenb\Desktop\Mpzn\app\build\intermediates\exploded-aar\com.android.support\recyclerview-v7\24.0.0-beta1\jars\classes.jar
java_class_path (initial): D:\AndroidSDK\build-tools\23.0.3\lib\dx.jar
Launcher Type: SUN_STANDARD

Environment Variables:
JAVA_HOME=C:\Program Files\Java\jdk1.8.0_101
PATH=C:\ProgramData\Oracle\Java\javapath;C:\Program Files (x86)\Intel\iCLS Client\;C:\Program Files\Intel\iCLS Client\;C:\Windows\system32;C:\Windows;C:\Windows\System32\Wbem;C:\Windows\System32\WindowsPowerShell\v1.0\;C:\Program Files\Intel\Intel(R) Management Engine Components\DAL;C:\Program Files\Intel\Intel(R) Management Engine Components\IPT;C:\Program Files (x86)\Intel\Intel(R) Management Engine Components\DAL;C:\Program Files (x86)\Intel\Intel(R) Management Engine Components\IPT;C:\Program Files (x86)\VisualSVN Server\bin;C:\Program Files\TortoiseSVN\bin;C:\Program Files\TortoiseGit\bin;D:\AS\android-sdk-windows\platform-tools;C:\Program Files\Java\jdk1.8.0_101\bin;D:\adt-bundle-windows-x64\android-sdk-windows\platform-tools;D:\adt-bundle-windows-x64\android-sdk-windows\tools;D:\apache-tomcat-6.0.44\bin
USERNAME=Icy
OS=Windows_NT
PROCESSOR_IDENTIFIER=Intel64 Family 6 Model 58 Stepping 9, GenuineIntel



---------------  S Y S T E M  ---------------

OS: Windows 10.0 , 64 bit Build 10586 (10.0.10586.589)

CPU:total 4 (2 cores per cpu, 2 threads per core) family 6 model 58 stepping 9, cmov, cx8, fxsr, mmx, sse, sse2, sse3, ssse3, sse4.1, sse4.2, popcnt, avx, aes, clmul, erms, ht, tsc, tscinvbit, tscinv

Memory: 4k page, physical 8241668k(619600k free), swap 14949184k(4116k free)

vm_info: Java HotSpot(TM) 64-Bit Server VM (25.101-b13) for windows-amd64 JRE (1.8.0_101-b13), built on Jun 22 2016 01:21:29 by "java_re" with MS VC++ 10.0 (VS2010)

time: Tue Sep 27 17:56:29 2016
elapsed time: 2 seconds (0d 0h 0m 2s)

