#
# There is insufficient memory for the Java Runtime Environment to continue.
# Native memory allocation (malloc) failed to allocate 32744 bytes for ChunkPool::allocate
# Possible reasons:
#   The system is out of physical RAM or swap space
#   In 32 bit mode, the process size limit was hit
# Possible solutions:
#   Reduce memory load on the system
#   Increase physical memory or swap space
#   Check if swap backing store is full
#   Use 64 bit Java on a 64 bit OS
#   Decrease Java heap size (-Xmx/-Xms)
#   Decrease number of Java threads
#   Decrease Java thread stack sizes (-Xss)
#   Set larger code cache with -XX:ReservedCodeCacheSize=
# This output file may be truncated or incomplete.
#
#  Out of Memory Error (allocation.cpp:273), pid=22820, tid=0x0000000000005194
#
# JRE version: Java(TM) SE Runtime Environment (8.0_101-b13) (build 1.8.0_101-b13)
# Java VM: Java HotSpot(TM) 64-Bit Server VM (25.101-b13 mixed mode windows-amd64 compressed oops)
# Failed to write core dump. Minidumps are not enabled by default on client versions of Windows
#

---------------  T H R E A D  ---------------

Current thread (0x0000000006b4d800):  JavaThread "C2 CompilerThread1" daemon [_thread_in_native, id=20884, stack(0x0000000008550000,0x0000000008650000)]

Stack: [0x0000000008550000,0x0000000008650000]
[error occurred during error reporting (printing stack bounds), id 0xc0000005]

Native frames: (J=compiled Java code, j=interpreted, Vv=VM code, C=native code)


Current CompileTask:
C2:   7694 1530   !   4       com.android.dx.cf.cst.ConstantPoolParser::parse0 (731 bytes)


---------------  P R O C E S S  ---------------

Java Threads: ( => current thread )
  0x00000000083fc000 JavaThread "pool-1-thread-4" [_thread_blocked, id=20308, stack(0x0000000008d50000,0x0000000008e50000)]
  0x00000000083fb800 JavaThread "pool-1-thread-3" [_thread_blocked, id=18928, stack(0x0000000008c50000,0x0000000008d50000)]
  0x00000000083fa800 JavaThread "pool-1-thread-2" [_thread_blocked, id=17952, stack(0x0000000008b50000,0x0000000008c50000)]
  0x00000000083f8000 JavaThread "pool-2-thread-1" [_thread_blocked, id=8476, stack(0x0000000008a50000,0x0000000008b50000)]
  0x00000000083f7000 JavaThread "pool-1-thread-1" [_thread_blocked, id=20432, stack(0x0000000008950000,0x0000000008a50000)]
  0x00000000081b6000 JavaThread "Service Thread" daemon [_thread_blocked, id=7032, stack(0x0000000008750000,0x0000000008850000)]
  0x00000000081b2800 JavaThread "C1 CompilerThread2" daemon [_thread_blocked, id=19264, stack(0x0000000008650000,0x0000000008750000)]
=>0x0000000006b4d800 JavaThread "C2 CompilerThread1" daemon [_thread_in_native, id=20884, stack(0x0000000008550000,0x0000000008650000)]
  0x0000000006b4b000 JavaThread "C2 CompilerThread0" daemon [_thread_blocked, id=25196, stack(0x0000000008050000,0x0000000008150000)]
  0x0000000006b49800 JavaThread "Attach Listener" daemon [_thread_blocked, id=22008, stack(0x0000000007f50000,0x0000000008050000)]
  0x0000000006b48800 JavaThread "Signal Dispatcher" daemon [_thread_blocked, id=23176, stack(0x0000000007e50000,0x0000000007f50000)]
  0x0000000006ada000 JavaThread "Finalizer" daemon [_thread_blocked, id=21652, stack(0x0000000007d40000,0x0000000007e40000)]
  0x0000000006ab9000 JavaThread "Reference Handler" daemon [_thread_blocked, id=15132, stack(0x0000000007c40000,0x0000000007d40000)]
  0x0000000003321000 JavaThread "main" [_thread_blocked, id=12372, stack(0x0000000003180000,0x0000000003280000)]

Other Threads:
  0x0000000006ab7000 VMThread [stack: 0x0000000007b40000,0x0000000007c40000] [id=20428]
  0x00000000081fa800 WatcherThread [stack: 0x0000000008850000,0x0000000008950000] [id=23164]

VM state:at safepoint (normal execution)

VM Mutex/Monitor currently owned by a thread:  ([mutex/lock_event])
[0x000000000331cac0] Threads_lock - owner thread: 0x0000000006ab7000
[0x000000000331ccc0] Heap_lock - owner thread: 0x00000000083fc000

Heap:
 PSYoungGen      total 37888K, used 37880K [0x00000000eab00000, 0x00000000ed500000, 0x0000000100000000)
  eden space 32768K, 100% used [0x00000000eab00000,0x00000000ecb00000,0x00000000ecb00000)
  from space 5120K, 99% used [0x00000000ecb00000,0x00000000ecffe060,0x00000000ed000000)
  to   space 5120K, 99% used [0x00000000ed000000,0x00000000ed4fca90,0x00000000ed500000)
 ParOldGen       total 86016K, used 4459K [0x00000000c0000000, 0x00000000c5400000, 0x00000000eab00000)
  object space 86016K, 5% used [0x00000000c0000000,0x00000000c045aec8,0x00000000c5400000)
 Metaspace       used 6278K, capacity 7094K, committed 7296K, reserved 1056768K
  class space    used 607K, capacity 622K, committed 640K, reserved 1048576K

Card table byte_map: [0x00000000037e0000,0x00000000039f0000] byte_map_base: 0x00000000031e0000

Marking Bits: (ParMarkBitMap*) 0x0000000058ffa6d0
 Begin Bits: [0x0000000003f50000, 0x0000000004f50000)
 End Bits:   [0x0000000004f50000, 0x0000000005f50000)

Polling page: 0x00000000016c0000

CodeCache: size=245760Kb used=6762Kb max_used=6774Kb free=238997Kb
 bounds [0x000000000f010000, 0x000000000f6c0000, 0x000000001e010000]
 total_blobs=1872 nmethods=1601 adapters=184
 compilation: enabled

Compilation events (10 events):
Event: 6.983 Thread 0x0000000006b4b000 1598       4       com.android.dx.rop.cst.CstFieldRef::compareTo0 (43 bytes)
Event: 6.987 Thread 0x0000000006b4b000 nmethod 1598 0x000000000f683450 code [0x000000000f6835c0, 0x000000000f683a18]
Event: 6.988 Thread 0x0000000006b4b000 1599       4       com.android.dx.ssa.DeadCodeRemover::pruneDeadInstructions (246 bytes)
Event: 7.000 Thread 0x0000000006b4b000 nmethod 1599 0x000000000f6adbd0 code [0x000000000f6add60, 0x000000000f6ae378]
Event: 7.001 Thread 0x00000000081b2800 1600       3       java.util.concurrent.locks.LockSupport::park (23 bytes)
Event: 7.001 Thread 0x00000000081b2800 nmethod 1600 0x000000000f6ad610 code [0x000000000f6ad780, 0x000000000f6adac8]
Event: 7.002 Thread 0x0000000006b4b000 1602       4       java.io.DataInputStream::readUnsignedShort (39 bytes)
Event: 7.010 Thread 0x0000000006b4b000 nmethod 1602 0x000000000f6af590 code [0x000000000f6af720, 0x000000000f6b0138]
Event: 7.022 Thread 0x0000000006b4b000 1603       4       com.android.dx.cf.code.Merger::isPossiblyAssignableFrom (202 bytes)
Event: 7.045 Thread 0x0000000006b4b000 nmethod 1603 0x000000000f6b2810 code [0x000000000f6b29e0, 0x000000000f6b3050]

GC Heap History (3 events):
Event: 2.851 GC heap before
{Heap before GC invocations=1 (full 0):
 PSYoungGen      total 37888K, used 32768K [0x00000000eab00000, 0x00000000ed500000, 0x0000000100000000)
  eden space 32768K, 100% used [0x00000000eab00000,0x00000000ecb00000,0x00000000ecb00000)
  from space 5120K, 0% used [0x00000000ed000000,0x00000000ed000000,0x00000000ed500000)
  to   space 5120K, 0% used [0x00000000ecb00000,0x00000000ecb00000,0x00000000ed000000)
 ParOldGen       total 86016K, used 0K [0x00000000c0000000, 0x00000000c5400000, 0x00000000eab00000)
  object space 86016K, 0% used [0x00000000c0000000,0x00000000c0000000,0x00000000c5400000)
 Metaspace       used 6006K, capacity 6902K, committed 7040K, reserved 1056768K
  class space    used 607K, capacity 622K, committed 640K, reserved 1048576K
Event: 3.442 GC heap after
Heap after GC invocations=1 (full 0):
 PSYoungGen      total 37888K, used 5112K [0x00000000eab00000, 0x00000000ed500000, 0x0000000100000000)
  eden space 32768K, 0% used [0x00000000eab00000,0x00000000eab00000,0x00000000ecb00000)
  from space 5120K, 99% used [0x00000000ecb00000,0x00000000ecffe060,0x00000000ed000000)
  to   space 5120K, 0% used [0x00000000ed000000,0x00000000ed000000,0x00000000ed500000)
 ParOldGen       total 86016K, used 769K [0x00000000c0000000, 0x00000000c5400000, 0x00000000eab00000)
  object space 86016K, 0% used [0x00000000c0000000,0x00000000c00c0540,0x00000000c5400000)
 Metaspace       used 6006K, capacity 6902K, committed 7040K, reserved 1056768K
  class space    used 607K, capacity 622K, committed 640K, reserved 1048576K
}
Event: 7.052 GC heap before
{Heap before GC invocations=2 (full 0):
 PSYoungGen      total 37888K, used 37880K [0x00000000eab00000, 0x00000000ed500000, 0x0000000100000000)
  eden space 32768K, 100% used [0x00000000eab00000,0x00000000ecb00000,0x00000000ecb00000)
  from space 5120K, 99% used [0x00000000ecb00000,0x00000000ecffe060,0x00000000ed000000)
  to   space 5120K, 0% used [0x00000000ed000000,0x00000000ed000000,0x00000000ed500000)
 ParOldGen       total 86016K, used 769K [0x00000000c0000000, 0x00000000c5400000, 0x00000000eab00000)
  object space 86016K, 0% used [0x00000000c0000000,0x00000000c00c0540,0x00000000c5400000)
 Metaspace       used 6278K, capacity 7094K, committed 7296K, reserved 1056768K
  class space    used 607K, capacity 622K, committed 640K, reserved 1048576K

Deoptimization events (4 events):
Event: 0.551 Thread 0x0000000003321000 Uncommon trap: reason=unstable_if action=reinterpret pc=0x000000000f164694 method=java.lang.String.compareTo(Ljava/lang/String;)I @ 38
Event: 2.098 Thread 0x00000000083f7000 Uncommon trap: reason=unstable_if action=reinterpret pc=0x000000000f3a111c method=com.android.dx.rop.cst.Constant.compareTo(Lcom/android/dx/rop/cst/Constant;)I @ 12
Event: 3.493 Thread 0x00000000083fa800 Uncommon trap: reason=null_check action=make_not_entrant pc=0x000000000f475360 method=com.android.dx.rop.type.Type.equals(Ljava/lang/Object;)Z @ 8
Event: 5.640 Thread 0x00000000083fb800 Uncommon trap: reason=unstable_if action=reinterpret pc=0x000000000f583478 method=com.android.dx.ssa.SCCP.simulateStmt(Lcom/android/dx/ssa/SsaInsn;)V @ 53

Internal exceptions (3 events):
Event: 0.053 Thread 0x0000000003321000 Exception <a 'java/lang/NoSuchMethodError': Method sun.misc.Unsafe.defineClass(Ljava/lang/String;[BII)Ljava/lang/Class; name or signature does not match> (0x00000000eab07cc0) thrown at [C:\re\workspace\8-2-build-windows-amd64-cygwin\jdk8u101\7261\hotspot\s§4ôº*´?
Event: 0.053 Thread 0x0000000003321000 Exception <a 'java/lang/NoSuchMethodError': Method sun.misc.Unsafe.prefetchRead(Ljava/lang/Object;J)V name or signature does not match> (0x00000000eab07fa8) thrown at [C:\re\workspace\8-2-build-windows-amd64-cygwin\jdk8u101\7261\hotspot\src\share\vm\prims\eœ2ﬂèÒ@
Event: 3.493 Thread 0x00000000083fa800 Implicit null exception at 0x000000000f475262 to 0x000000000f475352

Events (10 events):
Event: 3.493 Thread 0x00000000083fa800 DEOPT PACKING pc=0x000000000f475360 sp=0x0000000008c4e960
Event: 3.493 Thread 0x00000000083fa800 DEOPT UNPACKING pc=0x000000000f05582a sp=0x0000000008c4e8e8 mode 2
Event: 4.278 Executing VM operation: EnableBiasedLocking
Event: 5.059 Executing VM operation: EnableBiasedLocking done
Event: 5.292 Thread 0x00000000083fb800 DEOPT PACKING pc=0x000000000f3834ed sp=0x0000000008d4ec00
Event: 5.293 Thread 0x00000000083fb800 DEOPT UNPACKING pc=0x000000000f05787f sp=0x0000000008d4e998 mode 0
Event: 5.640 Thread 0x00000000083fb800 Uncommon trap: trap_request=0xffffff65 fr.pc=0x000000000f583478
Event: 5.640 Thread 0x00000000083fb800 DEOPT PACKING pc=0x000000000f583478 sp=0x0000000008d4eac0
Event: 5.640 Thread 0x00000000083fb800 DEOPT UNPACKING pc=0x000000000f05582a sp=0x0000000008d4eaa8 mode 2
Event: 7.051 Executing VM operation: ParallelGCFailedAllocation


Dynamic libraries:
0x00007ff67b770000 - 0x00007ff67b7a7000 	C:\Program Files\Java\jdk1.8.0_101\bin\java.exe
0x00007ffd253d0000 - 0x00007ffd25591000 	C:\Windows\SYSTEM32\ntdll.dll
0x00007ffd227d0000 - 0x00007ffd2287d000 	C:\Windows\system32\KERNEL32.DLL
0x00007ffd225c0000 - 0x00007ffd227a8000 	C:\Windows\system32\KERNELBASE.dll
0x00007ffd23bf0000 - 0x00007ffd23c97000 	C:\Windows\system32\ADVAPI32.dll
0x00007ffd22bd0000 - 0x00007ffd22c6d000 	C:\Windows\system32\msvcrt.dll
0x00007ffd25210000 - 0x00007ffd2526b000 	C:\Windows\system32\sechost.dll
0x00007ffd23ad0000 - 0x00007ffd23bec000 	C:\Windows\system32\RPCRT4.dll
0x00007ffd23970000 - 0x00007ffd23ac6000 	C:\Windows\system32\USER32.dll
0x00007ffd22c70000 - 0x00007ffd22df6000 	C:\Windows\system32\GDI32.dll
0x00007ffd1d0d0000 - 0x00007ffd1d344000 	C:\Windows\WinSxS\amd64_microsoft.windows.common-controls_6595b64144ccf1df_6.0.10586.589_none_a2ddb3caa539acce\COMCTL32.dll
0x00007ffd22e00000 - 0x00007ffd2307d000 	C:\Windows\system32\combase.dll
0x00007ffd21a80000 - 0x00007ffd21aea000 	C:\Windows\system32\bcryptPrimitives.dll
0x00007ffd23820000 - 0x00007ffd2385b000 	C:\Windows\system32\IMM32.DLL
0x00007ffd218e0000 - 0x00007ffd21911000 	C:\Windows\system32\nvinitx.dll
0x00007ffd218d0000 - 0x00007ffd218da000 	C:\Windows\SYSTEM32\VERSION.dll
0x000000000f000000 - 0x000000000f006000 	C:\Program Files\NVIDIA Corporation\CoProcManager\_etoured.dll
0x00007ffd1fd60000 - 0x00007ffd1fd92000 	C:\Program Files\NVIDIA Corporation\CoProcManager\nvd3d9wrapx.dll
0x00007ffd231b0000 - 0x00007ffd235d9000 	C:\Windows\system32\SETUPAPI.dll
0x00007ffd22570000 - 0x00007ffd225b3000 	C:\Windows\system32\CFGMGR32.dll
0x00007ffd1fd30000 - 0x00007ffd1fd52000 	C:\Program Files\NVIDIA Corporation\CoProcManager\nvdxgiwrapx.dll
0x0000000059080000 - 0x0000000059152000 	C:\Program Files\Java\jdk1.8.0_101\jre\bin\msvcr100.dll
0x00000000587e0000 - 0x000000005907a000 	C:\Program Files\Java\jdk1.8.0_101\jre\bin\server\jvm.dll
0x00007ffd25270000 - 0x00007ffd25278000 	C:\Windows\system32\PSAPI.DLL
0x00007ffd18770000 - 0x00007ffd18779000 	C:\Windows\SYSTEM32\WSOCK32.dll
0x00007ffd1fc20000 - 0x00007ffd1fc43000 	C:\Windows\SYSTEM32\WINMM.dll
0x00007ffd235e0000 - 0x00007ffd2364b000 	C:\Windows\system32\WS2_32.dll
0x0000000001690000 - 0x00000000016bc000 	C:\Windows\SYSTEM32\WINMMBASE.dll
0x00000000587d0000 - 0x00000000587df000 	C:\Program Files\Java\jdk1.8.0_101\jre\bin\verify.dll
0x00000000587a0000 - 0x00000000587c9000 	C:\Program Files\Java\jdk1.8.0_101\jre\bin\java.dll
0x0000000058780000 - 0x0000000058796000 	C:\Program Files\Java\jdk1.8.0_101\jre\bin\zip.dll
0x00007ffd23cb0000 - 0x00007ffd2520c000 	C:\Windows\system32\SHELL32.dll
0x00007ffd21e90000 - 0x00007ffd224d5000 	C:\Windows\system32\windows.storage.dll
0x00007ffd22b70000 - 0x00007ffd22bc2000 	C:\Windows\system32\shlwapi.dll
0x00007ffd219f0000 - 0x00007ffd219ff000 	C:\Windows\system32\kernel.appcore.dll
0x00007ffd21b50000 - 0x00007ffd21c05000 	C:\Windows\system32\shcore.dll
0x00007ffd21a20000 - 0x00007ffd21a6b000 	C:\Windows\system32\powrprof.dll
0x00007ffd21a00000 - 0x00007ffd21a14000 	C:\Windows\system32\profapi.dll

VM Arguments:
jvm_args: -Djava.awt.headless=true -Xmx1024M -Dfile.encoding=GBK -Duser.country=CN -Duser.language=zh -Duser.variant 
java_command: com.android.dx.command.Main --dex --force-jumbo --num-threads=4 --output C:\Users\shenb\Desktop\Mpzn\app\build\intermediates\pre-dexed\debug\internal_impl-24.0.0-beta1_f7d6c382c6a451f7d977222c0b155ef681c5045d.jar C:\Users\shenb\Desktop\Mpzn\app\build\intermediates\exploded-aar\com.android.support\support-v4\24.0.0-beta1\jars\libs\internal_impl-24.0.0-beta1.jar
java_class_path (initial): D:\AndroidSDK\build-tools\23.0.3\lib\dx.jar
Launcher Type: SUN_STANDARD

Environment Variables:
JAVA_HOME=C:\Program Files\Java\jdk1.8.0_101
PATH=C:\ProgramData\Oracle\Java\javapath;C:\Program Files (x86)\Intel\iCLS Client\;C:\Program Files\Intel\iCLS Client\;C:\Windows\system32;C:\Windows;C:\Windows\System32\Wbem;C:\Windows\System32\WindowsPowerShell\v1.0\;C:\Program Files\Intel\Intel(R) Management Engine Components\DAL;C:\Program Files\Intel\Intel(R) Management Engine Components\IPT;C:\Program Files (x86)\Intel\Intel(R) Management Engine Components\DAL;C:\Program Files (x86)\Intel\Intel(R) Management Engine Components\IPT;C:\Program Files (x86)\VisualSVN Server\bin;C:\Program Files\TortoiseSVN\bin;C:\Program Files\TortoiseGit\bin;D:\AS\android-sdk-windows\platform-tools;C:\Program Files\Java\jdk1.8.0_101\bin;D:\adt-bundle-windows-x64\android-sdk-windows\platform-tools;D:\adt-bundle-windows-x64\android-sdk-windows\tools;D:\apache-tomcat-6.0.44\bin
USERNAME=Icy
OS=Windows_NT
PROCESSOR_IDENTIFIER=Intel64 Family 6 Model 58 Stepping 9, GenuineIntel



---------------  S Y S T E M  ---------------

OS: Windows 10.0 , 64 bit Build 10586 (10.0.10586.589)

CPU:total 4 (2 cores per cpu, 2 threads per core) family 6 model 58 stepping 9, cmov, cx8, fxsr, mmx, sse, sse2, sse3, ssse3, sse4.1, sse4.2, popcnt, avx, aes, clmul, erms, ht, tsc, tscinvbit, tscinv

Memory: 4k page, physical 8241668k(602004k free), swap 14752000k(5040k free)

vm_info: Java HotSpot(TM) 64-Bit Server VM (25.101-b13) for windows-amd64 JRE (1.8.0_101-b13), built on Jun 22 2016 01:21:29 by "java_re" with MS VC++ 10.0 (VS2010)

time: Wed Nov 09 16:02:03 2016
elapsed time: 7 seconds (0d 0h 0m 7s)

