#
# There is insufficient memory for the Java Runtime Environment to continue.
# Native memory allocation (malloc) failed to allocate 131088 bytes for Chunk::new
# Possible reasons:
#   The system is out of physical RAM or swap space
#   In 32 bit mode, the process size limit was hit
# Possible solutions:
#   Reduce memory load on the system
#   Increase physical memory or swap space
#   Check if swap backing store is full
#   Use 64 bit Java on a 64 bit OS
#   Decrease Java heap size (-Xmx/-Xms)
#   Decrease number of Java threads
#   Decrease Java thread stack sizes (-Xss)
#   Set larger code cache with -XX:ReservedCodeCacheSize=
# This output file may be truncated or incomplete.
#
#  Out of Memory Error (allocation.cpp:390), pid=14732, tid=0x00000000000022d8
#
# JRE version: Java(TM) SE Runtime Environment (8.0_101-b13) (build 1.8.0_101-b13)
# Java VM: Java HotSpot(TM) 64-Bit Server VM (25.101-b13 mixed mode windows-amd64 compressed oops)
# Failed to write core dump. Minidumps are not enabled by default on client versions of Windows
#

---------------  T H R E A D  ---------------

Current thread (0x000000000286d800):  JavaThread "C2 CompilerThread1" daemon [_thread_in_native, id=8920, stack(0x00000000079a0000,0x0000000007aa0000)]

Stack: [0x00000000079a0000,0x0000000007aa0000]
[error occurred during error reporting (printing stack bounds), id 0xc0000005]

Native frames: (J=compiled Java code, j=interpreted, Vv=VM code, C=native code)


Current CompileTask:
C2:  15267 1931       4       com.android.dx.cf.code.Simulator$SimVisitor::visitConstant (332 bytes)


---------------  P R O C E S S  ---------------

Java Threads: ( => current thread )
  0x000000000756b800 JavaThread "pool-1-thread-4" [_thread_in_Java, id=6540, stack(0x00000000081a0000,0x00000000082a0000)]
  0x000000000756a800 JavaThread "pool-1-thread-3" [_thread_in_Java, id=13480, stack(0x00000000080a0000,0x00000000081a0000)]
  0x0000000007569800 JavaThread "pool-1-thread-2" [_thread_blocked, id=5988, stack(0x0000000007fa0000,0x00000000080a0000)]
  0x0000000007514800 JavaThread "pool-2-thread-1" [_thread_blocked, id=2760, stack(0x0000000007ea0000,0x0000000007fa0000)]
  0x0000000007513800 JavaThread "pool-1-thread-1" [_thread_in_Java, id=14804, stack(0x0000000007da0000,0x0000000007ea0000)]
  0x00000000072fd000 JavaThread "Service Thread" daemon [_thread_blocked, id=3116, stack(0x0000000007ba0000,0x0000000007ca0000)]
  0x0000000005f9c800 JavaThread "C1 CompilerThread2" daemon [_thread_blocked, id=10936, stack(0x0000000007aa0000,0x0000000007ba0000)]
=>0x000000000286d800 JavaThread "C2 CompilerThread1" daemon [_thread_in_native, id=8920, stack(0x00000000079a0000,0x0000000007aa0000)]
  0x000000000286b800 JavaThread "C2 CompilerThread0" daemon [_thread_in_native, id=7764, stack(0x00000000078a0000,0x00000000079a0000)]
  0x0000000005f52000 JavaThread "Attach Listener" daemon [_thread_blocked, id=576, stack(0x00000000077a0000,0x00000000078a0000)]
  0x00000000072e3800 JavaThread "Signal Dispatcher" daemon [_thread_blocked, id=1492, stack(0x00000000076a0000,0x00000000077a0000)]
  0x0000000005f2a000 JavaThread "Finalizer" daemon [_thread_blocked, id=14400, stack(0x00000000071a0000,0x00000000072a0000)]
  0x0000000005f09000 JavaThread "Reference Handler" daemon [_thread_blocked, id=15268, stack(0x00000000070a0000,0x00000000071a0000)]
  0x0000000002771000 JavaThread "main" [_thread_blocked, id=7704, stack(0x00000000024e0000,0x00000000025e0000)]

Other Threads:
  0x0000000005f07000 VMThread [stack: 0x0000000006fa0000,0x00000000070a0000] [id=13628]
  0x0000000007314800 WatcherThread [stack: 0x0000000007ca0000,0x0000000007da0000] [id=7080]

VM state:not at safepoint (normal execution)

VM Mutex/Monitor currently owned by a thread: None

Heap:
 PSYoungGen      total 70656K, used 45164K [0x00000000eab00000, 0x00000000f4600000, 0x0000000100000000)
  eden space 65536K, 61% used [0x00000000eab00000,0x00000000ed220b38,0x00000000eeb00000)
  from space 5120K, 99% used [0x00000000eeb00000,0x00000000eeffa7e0,0x00000000ef000000)
  to   space 13824K, 0% used [0x00000000f3880000,0x00000000f3880000,0x00000000f4600000)
 ParOldGen       total 86016K, used 28591K [0x00000000c0000000, 0x00000000c5400000, 0x00000000eab00000)
  object space 86016K, 33% used [0x00000000c0000000,0x00000000c1bebd08,0x00000000c5400000)
 Metaspace       used 6495K, capacity 7192K, committed 7424K, reserved 1056768K
  class space    used 625K, capacity 656K, committed 768K, reserved 1048576K

Card table byte_map: [0x0000000002c30000,0x0000000002e40000] byte_map_base: 0x0000000002630000

Marking Bits: (ParMarkBitMap*) 0x0000000054d3a6d0
 Begin Bits: [0x00000000033a0000, 0x00000000043a0000)
 End Bits:   [0x00000000043a0000, 0x00000000053a0000)

Polling page: 0x0000000002130000

CodeCache: size=245760Kb used=8635Kb max_used=8635Kb free=237124Kb
 bounds [0x000000000f010000, 0x000000000f890000, 0x000000001e010000]
 total_blobs=2179 nmethods=1908 adapters=183
 compilation: enabled

Compilation events (10 events):
Event: 15.221 Thread 0x0000000005f9c800 nmethod 1932 0x000000000f8622d0 code [0x000000000f8624c0, 0x000000000f862ff8]
Event: 15.222 Thread 0x000000000286b800 1933 %     4       com.android.dx.ssa.back.SsaToRop::removePhiFunctions @ 56 (83 bytes)
Event: 15.232 Thread 0x000000000286b800 nmethod 1933% 0x000000000f860a50 code [0x000000000f860bc0, 0x000000000f860fc8]
Event: 15.232 Thread 0x000000000286b800 1934       4       com.android.dx.ssa.back.SsaToRop::removePhiFunctions (83 bytes)
Event: 15.244 Thread 0x0000000005f9c800 1936       3       com.android.dx.cf.code.Simulator::requiredArrayTypeFor (61 bytes)
Event: 15.245 Thread 0x0000000005f9c800 nmethod 1936 0x000000000f84bf90 code [0x000000000f84c180, 0x000000000f84cad8]
Event: 15.251 Thread 0x0000000005f9c800 1938       3       com.android.dx.ssa.LiteralOpUpgrader$1::visitNonMoveInsn (203 bytes)
Event: 15.255 Thread 0x0000000005f9c800 nmethod 1938 0x000000000f883e50 code [0x000000000f884320, 0x000000000f887ee8]
Event: 15.255 Thread 0x0000000005f9c800 1939       3       com.android.dx.ssa.ConstCollector$1::compare (42 bytes)
Event: 15.256 Thread 0x0000000005f9c800 nmethod 1939 0x000000000f84ac10 code [0x000000000f84ae00, 0x000000000f84bb38]

GC Heap History (10 events):
Event: 7.067 GC heap before
{Heap before GC invocations=1 (full 0):
 PSYoungGen      total 37888K, used 32768K [0x00000000eab00000, 0x00000000ed500000, 0x0000000100000000)
  eden space 32768K, 100% used [0x00000000eab00000,0x00000000ecb00000,0x00000000ecb00000)
  from space 5120K, 0% used [0x00000000ed000000,0x00000000ed000000,0x00000000ed500000)
  to   space 5120K, 0% used [0x00000000ecb00000,0x00000000ecb00000,0x00000000ed000000)
 ParOldGen       total 86016K, used 0K [0x00000000c0000000, 0x00000000c5400000, 0x00000000eab00000)
  object space 86016K, 0% used [0x00000000c0000000,0x00000000c0000000,0x00000000c5400000)
 Metaspace       used 5903K, capacity 6776K, committed 7040K, reserved 1056768K
  class space    used 600K, capacity 624K, committed 640K, reserved 1048576K
Event: 7.097 GC heap after
Heap after GC invocations=1 (full 0):
 PSYoungGen      total 37888K, used 5113K [0x00000000eab00000, 0x00000000ed500000, 0x0000000100000000)
  eden space 32768K, 0% used [0x00000000eab00000,0x00000000eab00000,0x00000000ecb00000)
  from space 5120K, 99% used [0x00000000ecb00000,0x00000000ecffe5d8,0x00000000ed000000)
  to   space 5120K, 0% used [0x00000000ed000000,0x00000000ed000000,0x00000000ed500000)
 ParOldGen       total 86016K, used 4408K [0x00000000c0000000, 0x00000000c5400000, 0x00000000eab00000)
  object space 86016K, 5% used [0x00000000c0000000,0x00000000c044e170,0x00000000c5400000)
 Metaspace       used 5903K, capacity 6776K, committed 7040K, reserved 1056768K
  class space    used 600K, capacity 624K, committed 640K, reserved 1048576K
}
Event: 10.301 GC heap before
{Heap before GC invocations=2 (full 0):
 PSYoungGen      total 37888K, used 37881K [0x00000000eab00000, 0x00000000ed500000, 0x0000000100000000)
  eden space 32768K, 100% used [0x00000000eab00000,0x00000000ecb00000,0x00000000ecb00000)
  from space 5120K, 99% used [0x00000000ecb00000,0x00000000ecffe5d8,0x00000000ed000000)
  to   space 5120K, 0% used [0x00000000ed000000,0x00000000ed000000,0x00000000ed500000)
 ParOldGen       total 86016K, used 4408K [0x00000000c0000000, 0x00000000c5400000, 0x00000000eab00000)
  object space 86016K, 5% used [0x00000000c0000000,0x00000000c044e170,0x00000000c5400000)
 Metaspace       used 6168K, capacity 6968K, committed 7040K, reserved 1056768K
  class space    used 604K, capacity 624K, committed 640K, reserved 1048576K
Event: 10.398 GC heap after
Heap after GC invocations=2 (full 0):
 PSYoungGen      total 37888K, used 5119K [0x00000000eab00000, 0x00000000ef500000, 0x0000000100000000)
  eden space 32768K, 0% used [0x00000000eab00000,0x00000000eab00000,0x00000000ecb00000)
  from space 5120K, 99% used [0x00000000ed000000,0x00000000ed4ffd28,0x00000000ed500000)
  to   space 5120K, 0% used [0x00000000ecb00000,0x00000000ecb00000,0x00000000ed000000)
 ParOldGen       total 86016K, used 9037K [0x00000000c0000000, 0x00000000c5400000, 0x00000000eab00000)
  object space 86016K, 10% used [0x00000000c0000000,0x00000000c08d35f0,0x00000000c5400000)
 Metaspace       used 6168K, capacity 6968K, committed 7040K, reserved 1056768K
  class space    used 604K, capacity 624K, committed 640K, reserved 1048576K
}
Event: 11.682 GC heap before
{Heap before GC invocations=3 (full 0):
 PSYoungGen      total 37888K, used 37887K [0x00000000eab00000, 0x00000000ef500000, 0x0000000100000000)
  eden space 32768K, 100% used [0x00000000eab00000,0x00000000ecb00000,0x00000000ecb00000)
  from space 5120K, 99% used [0x00000000ed000000,0x00000000ed4ffd28,0x00000000ed500000)
  to   space 5120K, 0% used [0x00000000ecb00000,0x00000000ecb00000,0x00000000ed000000)
 ParOldGen       total 86016K, used 9037K [0x00000000c0000000, 0x00000000c5400000, 0x00000000eab00000)
  object space 86016K, 10% used [0x00000000c0000000,0x00000000c08d35f0,0x00000000c5400000)
 Metaspace       used 6356K, capacity 7128K, committed 7424K, reserved 1056768K
  class space    used 623K, capacity 656K, committed 768K, reserved 1048576K
Event: 11.787 GC heap after
Heap after GC invocations=3 (full 0):
 PSYoungGen      total 37888K, used 5119K [0x00000000eab00000, 0x00000000ef500000, 0x0000000100000000)
  eden space 32768K, 0% used [0x00000000eab00000,0x00000000eab00000,0x00000000ecb00000)
  from space 5120K, 99% used [0x00000000ecb00000,0x00000000ecfffd28,0x00000000ed000000)
  to   space 5120K, 0% used [0x00000000ef000000,0x00000000ef000000,0x00000000ef500000)
 ParOldGen       total 86016K, used 13761K [0x00000000c0000000, 0x00000000c5400000, 0x00000000eab00000)
  object space 86016K, 15% used [0x00000000c0000000,0x00000000c0d707f0,0x00000000c5400000)
 Metaspace       used 6356K, capacity 7128K, committed 7424K, reserved 1056768K
  class space    used 623K, capacity 656K, committed 768K, reserved 1048576K
}
Event: 12.586 GC heap before
{Heap before GC invocations=4 (full 0):
 PSYoungGen      total 37888K, used 37887K [0x00000000eab00000, 0x00000000ef500000, 0x0000000100000000)
  eden space 32768K, 100% used [0x00000000eab00000,0x00000000ecb00000,0x00000000ecb00000)
  from space 5120K, 99% used [0x00000000ecb00000,0x00000000ecfffd28,0x00000000ed000000)
  to   space 5120K, 0% used [0x00000000ef000000,0x00000000ef000000,0x00000000ef500000)
 ParOldGen       total 86016K, used 13761K [0x00000000c0000000, 0x00000000c5400000, 0x00000000eab00000)
  object space 86016K, 15% used [0x00000000c0000000,0x00000000c0d707f0,0x00000000c5400000)
 Metaspace       used 6376K, capacity 7128K, committed 7424K, reserved 1056768K
  class space    used 623K, capacity 656K, committed 768K, reserved 1048576K
Event: 12.651 GC heap after
Heap after GC invocations=4 (full 0):
 PSYoungGen      total 70656K, used 5104K [0x00000000eab00000, 0x00000000ef500000, 0x0000000100000000)
  eden space 65536K, 0% used [0x00000000eab00000,0x00000000eab00000,0x00000000eeb00000)
  from space 5120K, 99% used [0x00000000ef000000,0x00000000ef4fc090,0x00000000ef500000)
  to   space 5120K, 0% used [0x00000000eeb00000,0x00000000eeb00000,0x00000000ef000000)
 ParOldGen       total 86016K, used 18575K [0x00000000c0000000, 0x00000000c5400000, 0x00000000eab00000)
  object space 86016K, 21% used [0x00000000c0000000,0x00000000c1223c48,0x00000000c5400000)
 Metaspace       used 6376K, capacity 7128K, committed 7424K, reserved 1056768K
  class space    used 623K, capacity 656K, committed 768K, reserved 1048576K
}
Event: 13.837 GC heap before
{Heap before GC invocations=5 (full 0):
 PSYoungGen      total 70656K, used 70640K [0x00000000eab00000, 0x00000000ef500000, 0x0000000100000000)
  eden space 65536K, 100% used [0x00000000eab00000,0x00000000eeb00000,0x00000000eeb00000)
  from space 5120K, 99% used [0x00000000ef000000,0x00000000ef4fc090,0x00000000ef500000)
  to   space 5120K, 0% used [0x00000000eeb00000,0x00000000eeb00000,0x00000000ef000000)
 ParOldGen       total 86016K, used 18575K [0x00000000c0000000, 0x00000000c5400000, 0x00000000eab00000)
  object space 86016K, 21% used [0x00000000c0000000,0x00000000c1223c48,0x00000000c5400000)
 Metaspace       used 6435K, capacity 7128K, committed 7424K, reserved 1056768K
  class space    used 624K, capacity 656K, committed 768K, reserved 1048576K
Event: 13.951 GC heap after
Heap after GC invocations=5 (full 0):
 PSYoungGen      total 70656K, used 5097K [0x00000000eab00000, 0x00000000f4600000, 0x0000000100000000)
  eden space 65536K, 0% used [0x00000000eab00000,0x00000000eab00000,0x00000000eeb00000)
  from space 5120K, 99% used [0x00000000eeb00000,0x00000000eeffa7e0,0x00000000ef000000)
  to   space 13824K, 0% used [0x00000000f3880000,0x00000000f3880000,0x00000000f4600000)
 ParOldGen       total 86016K, used 28591K [0x00000000c0000000, 0x00000000c5400000, 0x00000000eab00000)
  object space 86016K, 33% used [0x00000000c0000000,0x00000000c1bebd08,0x00000000c5400000)
 Metaspace       used 6435K, capacity 7128K, committed 7424K, reserved 1056768K
  class space    used 624K, capacity 656K, committed 768K, reserved 1048576K
}

Deoptimization events (10 events):
Event: 11.966 Thread 0x0000000007569800 Uncommon trap: reason=bimorphic action=maybe_recompile pc=0x000000000f740ef8 method=com.android.dx.cf.code.BytecodeArray.parseInstruction(ILcom/android/dx/cf/code/BytecodeArray$Visitor;)I @ 2554
Event: 11.967 Thread 0x0000000007569800 Uncommon trap: reason=bimorphic action=maybe_recompile pc=0x000000000f740ef8 method=com.android.dx.cf.code.BytecodeArray.parseInstruction(ILcom/android/dx/cf/code/BytecodeArray$Visitor;)I @ 2554
Event: 11.990 Thread 0x0000000007513800 Uncommon trap: reason=unstable_if action=reinterpret pc=0x000000000f57bf58 method=java.util.HashMap.resize()[Ljava/util/HashMap$Node; @ 206
Event: 13.263 Thread 0x0000000007513800 Uncommon trap: reason=bimorphic action=maybe_recompile pc=0x000000000f79b8dc method=com.android.dx.cf.code.BytecodeArray.parseInstruction(ILcom/android/dx/cf/code/BytecodeArray$Visitor;)I @ 1035
Event: 13.263 Thread 0x0000000007513800 Uncommon trap: reason=bimorphic action=maybe_recompile pc=0x000000000f79b8dc method=com.android.dx.cf.code.BytecodeArray.parseInstruction(ILcom/android/dx/cf/code/BytecodeArray$Visitor;)I @ 1035
Event: 13.347 Thread 0x0000000007569800 Uncommon trap: reason=bimorphic action=maybe_recompile pc=0x000000000f490df4 method=com.android.dx.ssa.LiteralOpUpgrader.tryReplacingWithConstant(Lcom/android/dx/ssa/NormalSsaInsn;)Z @ 62
Event: 13.347 Thread 0x0000000007569800 Uncommon trap: reason=unstable_if action=reinterpret pc=0x000000000f48debc method=com.android.dx.ssa.LiteralOpUpgrader$1.visitNonMoveInsn(Lcom/android/dx/ssa/NormalSsaInsn;)V @ 24
Event: 14.028 Thread 0x000000000756a800 Uncommon trap: reason=unstable_if action=reinterpret pc=0x000000000f67d204 method=com.android.dx.cf.code.Merger.mergeType(Lcom/android/dx/rop/type/TypeBearer;Lcom/android/dx/rop/type/TypeBearer;)Lcom/android/dx/rop/type/TypeBearer; @ 52
Event: 14.983 Thread 0x000000000756a800 Uncommon trap: reason=unstable_if action=reinterpret pc=0x000000000f835be4 method=com.android.dx.ssa.Dominators.run()V @ 346
Event: 14.990 Thread 0x000000000756a800 Uncommon trap: reason=unstable_if action=reinterpret pc=0x000000000f759780 method=com.android.dx.ssa.Dominators.run()V @ 462

Internal exceptions (5 events):
Event: 3.191 Thread 0x0000000002771000 Exception <a 'java/lang/NoSuchMethodError': Method sun.misc.Unsafe.defineClass(Ljava/lang/String;[BII)Ljava/lang/Class; name or signature does not match> (0x00000000eab07cc0) thrown at [C:\re\workspace\8-2-build-windows-amd64-cygwin\jdk8u101\7261\hotspot\shC÷BQ‡	@
Event: 3.191 Thread 0x0000000002771000 Exception <a 'java/lang/NoSuchMethodError': Method sun.misc.Unsafe.prefetchRead(Ljava/lang/Object;J)V name or signature does not match> (0x00000000eab07fa8) thrown at [C:\re\workspace\8-2-build-windows-amd64-cygwin\jdk8u101\7261\hotspot\src\share\vm\prims\ƒÇ¥_Úü%@
Event: 10.994 Thread 0x000000000756b800 Exception <a 'java/lang/ArrayIndexOutOfBoundsException': 18> (0x00000000ec6036f0) thrown at [C:\re\workspace\8-2-build-windows-amd64-cygwin\jdk8u101\7261\hotspot\src\share\vm\interpreter\interpreterRuntime.cpp, line 366]
Event: 10.995 Thread 0x000000000756b800 Exception <a 'java/lang/ArrayIndexOutOfBoundsException'> (0x00000000ec605270) thrown at [C:\re\workspace\8-2-build-windows-amd64-cygwin\jdk8u101\7261\hotspot\src\share\vm\runtime\sharedRuntime.cpp, line 605]
Event: 10.996 Thread 0x000000000756b800 Exception <a 'java/lang/ArrayIndexOutOfBoundsException'> (0x00000000ec606558) thrown at [C:\re\workspace\8-2-build-windows-amd64-cygwin\jdk8u101\7261\hotspot\src\share\vm\runtime\sharedRuntime.cpp, line 605]

Events (10 events):
Event: 14.983 Thread 0x000000000756a800 DEOPT UNPACKING pc=0x000000000f05582a sp=0x000000000819e810 mode 2
Event: 14.990 Thread 0x000000000756a800 Uncommon trap: trap_request=0xffffff65 fr.pc=0x000000000f759780
Event: 14.990 Thread 0x000000000756a800 DEOPT PACKING pc=0x000000000f759780 sp=0x000000000819e840
Event: 14.990 Thread 0x000000000756a800 DEOPT UNPACKING pc=0x000000000f05582a sp=0x000000000819e810 mode 2
Event: 15.212 loading class java/util/HashMap$KeySet
Event: 15.212 loading class java/util/HashMap$KeySet done
Event: 15.213 loading class java/util/HashMap$KeyIterator
Event: 15.213 loading class java/util/HashMap$KeyIterator done
Event: 15.242 Thread 0x0000000007513800 DEOPT PACKING pc=0x000000000f48cb46 sp=0x0000000007e9e830
Event: 15.242 Thread 0x0000000007513800 DEOPT UNPACKING pc=0x000000000f05787f sp=0x0000000007e9e5f0 mode 0


Dynamic libraries:
0x00007ff78fcc0000 - 0x00007ff78fcf7000 	C:\Program Files\Java\jdk1.8.0_101\bin\java.exe
0x00007fffae780000 - 0x00007fffae941000 	C:\Windows\SYSTEM32\ntdll.dll
0x00007fffad9c0000 - 0x00007fffada6d000 	C:\Windows\system32\KERNEL32.DLL
0x00007fffab760000 - 0x00007fffab948000 	C:\Windows\system32\KERNELBASE.dll
0x00007fffad7a0000 - 0x00007fffad847000 	C:\Windows\system32\ADVAPI32.dll
0x00007fffad920000 - 0x00007fffad9bd000 	C:\Windows\system32\msvcrt.dll
0x00007fffae280000 - 0x00007fffae2db000 	C:\Windows\system32\sechost.dll
0x00007fffade20000 - 0x00007fffadf3c000 	C:\Windows\system32\RPCRT4.dll
0x00007fffad5e0000 - 0x00007fffad736000 	C:\Windows\system32\USER32.dll
0x00007fffabb80000 - 0x00007fffabd06000 	C:\Windows\system32\GDI32.dll
0x00007fffa6ba0000 - 0x00007fffa6e14000 	C:\Windows\WinSxS\amd64_microsoft.windows.common-controls_6595b64144ccf1df_6.0.10586.589_none_a2ddb3caa539acce\COMCTL32.dll
0x00007fffadba0000 - 0x00007fffade1d000 	C:\Windows\system32\combase.dll
0x00007fffaae30000 - 0x00007fffaae9a000 	C:\Windows\system32\bcryptPrimitives.dll
0x00007fffae090000 - 0x00007fffae0cb000 	C:\Windows\system32\IMM32.DLL
0x00007fffaac90000 - 0x00007fffaacc1000 	C:\Windows\system32\nvinitx.dll
0x00007fffaac80000 - 0x00007fffaac8a000 	C:\Windows\SYSTEM32\VERSION.dll
0x000000000f000000 - 0x000000000f006000 	C:\Program Files\NVIDIA Corporation\CoProcManager\_etoured.dll
0x00007fffa9500000 - 0x00007fffa9532000 	C:\Program Files\NVIDIA Corporation\CoProcManager\nvd3d9wrapx.dll
0x00007fffae350000 - 0x00007fffae779000 	C:\Windows\system32\SETUPAPI.dll
0x00007fffab710000 - 0x00007fffab753000 	C:\Windows\system32\CFGMGR32.dll
0x00007fffa94d0000 - 0x00007fffa94f2000 	C:\Program Files\NVIDIA Corporation\CoProcManager\nvdxgiwrapx.dll
0x0000000054dc0000 - 0x0000000054e92000 	C:\Program Files\Java\jdk1.8.0_101\jre\bin\msvcr100.dll
0x0000000054520000 - 0x0000000054dba000 	C:\Program Files\Java\jdk1.8.0_101\jre\bin\server\jvm.dll
0x00007fffadae0000 - 0x00007fffadae8000 	C:\Windows\system32\PSAPI.DLL
0x00007fffa8bc0000 - 0x00007fffa8bc9000 	C:\Windows\SYSTEM32\WSOCK32.dll
0x00007fffae2e0000 - 0x00007fffae34b000 	C:\Windows\system32\WS2_32.dll
0x00007fffa8fd0000 - 0x00007fffa8ff3000 	C:\Windows\SYSTEM32\WINMM.dll
0x00007fffa8f70000 - 0x00007fffa8f9c000 	C:\Windows\SYSTEM32\WINMMBASE.dll
0x0000000054510000 - 0x000000005451f000 	C:\Program Files\Java\jdk1.8.0_101\jre\bin\verify.dll
0x00000000544e0000 - 0x0000000054509000 	C:\Program Files\Java\jdk1.8.0_101\jre\bin\java.dll
0x00000000544c0000 - 0x00000000544d6000 	C:\Program Files\Java\jdk1.8.0_101\jre\bin\zip.dll
0x00007fffabea0000 - 0x00007fffad3fc000 	C:\Windows\system32\SHELL32.dll
0x00007fffaaf30000 - 0x00007fffab575000 	C:\Windows\system32\windows.storage.dll
0x00007fffad400000 - 0x00007fffad452000 	C:\Windows\system32\shlwapi.dll
0x00007fffaae20000 - 0x00007fffaae2f000 	C:\Windows\system32\kernel.appcore.dll
0x00007fffab580000 - 0x00007fffab635000 	C:\Windows\system32\shcore.dll
0x00007fffaada0000 - 0x00007fffaadeb000 	C:\Windows\system32\powrprof.dll
0x00007fffaadf0000 - 0x00007fffaae04000 	C:\Windows\system32\profapi.dll

VM Arguments:
jvm_args: -Djava.awt.headless=true -Xmx1024M -Dfile.encoding=GBK -Duser.country=CN -Duser.language=zh -Duser.variant 
java_command: com.android.dx.command.Main --dex --force-jumbo --num-threads=4 --output C:\Users\shenb\Desktop\Mpzn\app\build\intermediates\pre-dexed\debug\BaiduLBS_Android_45d63e570ec94413ba49b3ed06521f02cbb18f64.jar C:\Users\shenb\Desktop\Mpzn\app\libs\BaiduLBS_Android.jar
java_class_path (initial): D:\AndroidSDK\build-tools\23.0.3\lib\dx.jar
Launcher Type: SUN_STANDARD

Environment Variables:
JAVA_HOME=C:\Program Files\Java\jdk1.8.0_101
PATH=C:\ProgramData\Oracle\Java\javapath;C:\Program Files (x86)\Intel\iCLS Client\;C:\Program Files\Intel\iCLS Client\;C:\Windows\system32;C:\Windows;C:\Windows\System32\Wbem;C:\Windows\System32\WindowsPowerShell\v1.0\;C:\Program Files\Intel\Intel(R) Management Engine Components\DAL;C:\Program Files\Intel\Intel(R) Management Engine Components\IPT;C:\Program Files (x86)\Intel\Intel(R) Management Engine Components\DAL;C:\Program Files (x86)\Intel\Intel(R) Management Engine Components\IPT;C:\Program Files (x86)\VisualSVN Server\bin;C:\Program Files\TortoiseSVN\bin;C:\Program Files\TortoiseGit\bin;D:\AS\android-sdk-windows\platform-tools;C:\Program Files\Java\jdk1.8.0_101\bin;D:\adt-bundle-windows-x64\android-sdk-windows\platform-tools;D:\adt-bundle-windows-x64\android-sdk-windows\tools;D:\apache-tomcat-6.0.44\bin
USERNAME=Icy
OS=Windows_NT
PROCESSOR_IDENTIFIER=Intel64 Family 6 Model 58 Stepping 9, GenuineIntel



---------------  S Y S T E M  ---------------

OS: Windows 10.0 , 64 bit Build 10586 (10.0.10586.589)

CPU:total 4 (2 cores per cpu, 2 threads per core) family 6 model 58 stepping 9, cmov, cx8, fxsr, mmx, sse, sse2, sse3, ssse3, sse4.1, sse4.2, popcnt, avx, aes, clmul, erms, ht, tsc, tscinvbit, tscinv

Memory: 4k page, physical 8241668k(1175948k free), swap 14949184k(4220k free)

vm_info: Java HotSpot(TM) 64-Bit Server VM (25.101-b13) for windows-amd64 JRE (1.8.0_101-b13), built on Jun 22 2016 01:21:29 by "java_re" with MS VC++ 10.0 (VS2010)

time: Wed Sep 28 18:06:43 2016
elapsed time: 15 seconds (0d 0h 0m 15s)

