#
# There is insufficient memory for the Java Runtime Environment to continue.
# Native memory allocation (malloc) failed to allocate 616576 bytes for Chunk::new
# Possible reasons:
#   The system is out of physical RAM or swap space
#   In 32 bit mode, the process size limit was hit
# Possible solutions:
#   Reduce memory load on the system
#   Increase physical memory or swap space
#   Check if swap backing store is full
#   Use 64 bit Java on a 64 bit OS
#   Decrease Java heap size (-Xmx/-Xms)
#   Decrease number of Java threads
#   Decrease Java thread stack sizes (-Xss)
#   Set larger code cache with -XX:ReservedCodeCacheSize=
# This output file may be truncated or incomplete.
#
#  Out of Memory Error (allocation.cpp:390), pid=21092, tid=0x0000000000000298
#
# JRE version: Java(TM) SE Runtime Environment (8.0_101-b13) (build 1.8.0_101-b13)
# Java VM: Java HotSpot(TM) 64-Bit Server VM (25.101-b13 mixed mode windows-amd64 compressed oops)
# Failed to write core dump. Minidumps are not enabled by default on client versions of Windows
#

---------------  T H R E A D  ---------------

Current thread (0x0000000006785800):  JavaThread "C2 CompilerThread1" daemon [_thread_in_native, id=664, stack(0x0000000008190000,0x0000000008290000)]

Stack: [0x0000000008190000,0x0000000008290000]
[error occurred during error reporting (printing stack bounds), id 0xc0000005]

Native frames: (J=compiled Java code, j=interpreted, Vv=VM code, C=native code)


Current CompileTask:
C2:   8994 1533       4       com.android.dx.dex.code.RopToDop::dopFor (792 bytes)


---------------  P R O C E S S  ---------------

Java Threads: ( => current thread )
  0x0000000007dae800 JavaThread "pool-1-thread-4" [_thread_blocked, id=15488, stack(0x0000000008990000,0x0000000008a90000)]
  0x0000000007dae000 JavaThread "pool-1-thread-3" [_thread_blocked, id=23312, stack(0x0000000008890000,0x0000000008990000)]
  0x0000000007dad000 JavaThread "pool-1-thread-2" [_thread_blocked, id=15924, stack(0x0000000008790000,0x0000000008890000)]
  0x0000000007cfc800 JavaThread "pool-2-thread-1" [_thread_blocked, id=6104, stack(0x0000000008690000,0x0000000008790000)]
  0x0000000007d93000 JavaThread "pool-1-thread-1" [_thread_blocked, id=2968, stack(0x0000000008590000,0x0000000008690000)]
  0x0000000007aee800 JavaThread "Service Thread" daemon [_thread_blocked, id=20348, stack(0x0000000008390000,0x0000000008490000)]
  0x000000000678e000 JavaThread "C1 CompilerThread2" daemon [_thread_blocked, id=11904, stack(0x0000000008290000,0x0000000008390000)]
=>0x0000000006785800 JavaThread "C2 CompilerThread1" daemon [_thread_in_native, id=664, stack(0x0000000008190000,0x0000000008290000)]
  0x0000000006783800 JavaThread "C2 CompilerThread0" daemon [_thread_in_vm, id=8896, stack(0x0000000008090000,0x0000000008190000)]
  0x0000000006782800 JavaThread "Attach Listener" daemon [_thread_blocked, id=20128, stack(0x0000000007f90000,0x0000000008090000)]
  0x0000000007a98800 JavaThread "Signal Dispatcher" daemon [_thread_blocked, id=4940, stack(0x0000000007e90000,0x0000000007f90000)]
  0x0000000003058000 JavaThread "Finalizer" daemon [_thread_blocked, id=992, stack(0x0000000007990000,0x0000000007a90000)]
  0x0000000003052800 JavaThread "Reference Handler" daemon [_thread_blocked, id=3004, stack(0x0000000007890000,0x0000000007990000)]
  0x0000000002f61000 JavaThread "main" [_thread_in_Java, id=13272, stack(0x0000000002e60000,0x0000000002f60000)]

Other Threads:
  0x00000000066f7000 VMThread [stack: 0x0000000007790000,0x0000000007890000] [id=4144]
  0x0000000007b33800 WatcherThread [stack: 0x0000000008490000,0x0000000008590000] [id=20276]

VM state:not at safepoint (normal execution)

VM Mutex/Monitor currently owned by a thread:  ([mutex/lock_event])
[0x0000000002e5cd10] Heap_lock - owner thread: 0x0000000007d93000

Heap:
 PSYoungGen      total 37888K, used 5119K [0x00000000eab00000, 0x00000000ed500000, 0x0000000100000000)
  eden space 32768K, 0% used [0x00000000eab00000,0x00000000eab00020,0x00000000ecb00000)
  from space 5120K, 99% used [0x00000000ed000000,0x00000000ed4ffc88,0x00000000ed500000)
  to   space 5120K, 0% used [0x00000000ecb00000,0x00000000ecb00000,0x00000000ed000000)
 ParOldGen       total 86016K, used 5242K [0x00000000c0000000, 0x00000000c5400000, 0x00000000eab00000)
  object space 86016K, 6% used [0x00000000c0000000,0x00000000c051eba0,0x00000000c5400000)
 Metaspace       used 6200K, capacity 7032K, committed 7296K, reserved 1056768K
  class space    used 599K, capacity 624K, committed 640K, reserved 1048576K

Card table byte_map: [0x0000000003420000,0x0000000003630000] byte_map_base: 0x0000000002e20000

Marking Bits: (ParMarkBitMap*) 0x0000000058ffa6d0
 Begin Bits: [0x0000000003b90000, 0x0000000004b90000)
 End Bits:   [0x0000000004b90000, 0x0000000005b90000)

Polling page: 0x00000000029a0000

CodeCache: size=245760Kb used=6742Kb max_used=6759Kb free=239017Kb
 bounds [0x000000000f010000, 0x000000000f6c0000, 0x000000001e010000]
 total_blobs=1798 nmethods=1528 adapters=183
 compilation: enabled

Compilation events (10 events):
Event: 8.050 Thread 0x0000000006785800 1534   !   4       com.android.dx.cf.code.BaseMachine::arg (36 bytes)
Event: 8.051 Thread 0x0000000006785800 nmethod 1534 0x000000000f67dc90 code [0x000000000f67ddc0, 0x000000000f67de78]
Event: 8.052 Thread 0x0000000006785800 1532       4       com.android.dx.rop.code.Insn::getLocalAssignment (48 bytes)
Event: 8.053 Thread 0x0000000006785800 nmethod 1532 0x000000000f67d1d0 code [0x000000000f67d300, 0x000000000f67d3b8]
Event: 8.053 Thread 0x0000000006785800 1533       4       com.android.dx.dex.code.RopToDop::dopFor (792 bytes)
Event: 8.060 Thread 0x000000000678e000 nmethod 1548 0x000000000f687050 code [0x000000000f6887a0, 0x000000000f6990e8]
Event: 8.109 Thread 0x000000000678e000 1552       3       com.android.dx.ssa.back.FirstFitLocalCombiningAllocator::isEven (12 bytes)
Event: 8.109 Thread 0x000000000678e000 nmethod 1552 0x000000000f67ce50 code [0x000000000f67cfa0, 0x000000000f67d130]
Event: 8.981 Thread 0x0000000006783800 nmethod 1529 0x000000000f6adad0 code [0x000000000f6adce0, 0x000000000f6af658]
Event: 8.981 Thread 0x0000000006783800 1551       4       com.android.dx.ssa.SCCP::simulatePhi (169 bytes)

GC Heap History (4 events):
Event: 3.407 GC heap before
{Heap before GC invocations=1 (full 0):
 PSYoungGen      total 37888K, used 32768K [0x00000000eab00000, 0x00000000ed500000, 0x0000000100000000)
  eden space 32768K, 100% used [0x00000000eab00000,0x00000000ecb00000,0x00000000ecb00000)
  from space 5120K, 0% used [0x00000000ed000000,0x00000000ed000000,0x00000000ed500000)
  to   space 5120K, 0% used [0x00000000ecb00000,0x00000000ecb00000,0x00000000ed000000)
 ParOldGen       total 86016K, used 0K [0x00000000c0000000, 0x00000000c5400000, 0x00000000eab00000)
  object space 86016K, 0% used [0x00000000c0000000,0x00000000c0000000,0x00000000c5400000)
 Metaspace       used 6050K, capacity 6902K, committed 7040K, reserved 1056768K
  class space    used 596K, capacity 622K, committed 640K, reserved 1048576K
Event: 4.659 GC heap after
Heap after GC invocations=1 (full 0):
 PSYoungGen      total 37888K, used 5101K [0x00000000eab00000, 0x00000000ed500000, 0x0000000100000000)
  eden space 32768K, 0% used [0x00000000eab00000,0x00000000eab00000,0x00000000ecb00000)
  from space 5120K, 99% used [0x00000000ecb00000,0x00000000ecffb5d0,0x00000000ed000000)
  to   space 5120K, 0% used [0x00000000ed000000,0x00000000ed000000,0x00000000ed500000)
 ParOldGen       total 86016K, used 1300K [0x00000000c0000000, 0x00000000c5400000, 0x00000000eab00000)
  object space 86016K, 1% used [0x00000000c0000000,0x00000000c0145098,0x00000000c5400000)
 Metaspace       used 6050K, capacity 6902K, committed 7040K, reserved 1056768K
  class space    used 596K, capacity 622K, committed 640K, reserved 1048576K
}
Event: 8.116 GC heap before
{Heap before GC invocations=2 (full 0):
 PSYoungGen      total 37888K, used 37869K [0x00000000eab00000, 0x00000000ed500000, 0x0000000100000000)
  eden space 32768K, 100% used [0x00000000eab00000,0x00000000ecb00000,0x00000000ecb00000)
  from space 5120K, 99% used [0x00000000ecb00000,0x00000000ecffb5d0,0x00000000ed000000)
  to   space 5120K, 0% used [0x00000000ed000000,0x00000000ed000000,0x00000000ed500000)
 ParOldGen       total 86016K, used 1300K [0x00000000c0000000, 0x00000000c5400000, 0x00000000eab00000)
  object space 86016K, 1% used [0x00000000c0000000,0x00000000c0145098,0x00000000c5400000)
 Metaspace       used 6200K, capacity 7032K, committed 7296K, reserved 1056768K
  class space    used 599K, capacity 624K, committed 640K, reserved 1048576K
Event: 8.980 GC heap after
Heap after GC invocations=2 (full 0):
 PSYoungGen      total 37888K, used 5119K [0x00000000eab00000, 0x00000000ed500000, 0x0000000100000000)
  eden space 32768K, 0% used [0x00000000eab00000,0x00000000eab00000,0x00000000ecb00000)
  from space 5120K, 99% used [0x00000000ed000000,0x00000000ed4ffc88,0x00000000ed500000)
  to   space 5120K, 0% used [0x00000000ecb00000,0x00000000ecb00000,0x00000000ed000000)
 ParOldGen       total 86016K, used 5242K [0x00000000c0000000, 0x00000000c5400000, 0x00000000eab00000)
  object space 86016K, 6% used [0x00000000c0000000,0x00000000c051eba0,0x00000000c5400000)
 Metaspace       used 6200K, capacity 7032K, committed 7296K, reserved 1056768K
  class space    used 599K, capacity 624K, committed 640K, reserved 1048576K
}

Deoptimization events (10 events):
Event: 6.098 Thread 0x0000000007dae800 Uncommon trap: reason=class_check action=maybe_recompile pc=0x000000000f2368f0 method=com.android.dx.ssa.NormalSsaInsn.accept(Lcom/android/dx/ssa/SsaInsn$Visitor;)V @ 9
Event: 6.101 Thread 0x0000000007dae800 Uncommon trap: reason=class_check action=maybe_recompile pc=0x000000000f48a0b4 method=com.android.dx.ssa.NormalSsaInsn.accept(Lcom/android/dx/ssa/SsaInsn$Visitor;)V @ 9
Event: 6.102 Thread 0x0000000007dae800 Uncommon trap: reason=class_check action=maybe_recompile pc=0x000000000f251330 method=com.android.dx.ssa.NormalSsaInsn.accept(Lcom/android/dx/ssa/SsaInsn$Visitor;)V @ 9
Event: 6.547 Thread 0x0000000002f61000 Uncommon trap: reason=bimorphic action=maybe_recompile pc=0x000000000f5ede04 method=com.android.dx.cf.code.BytecodeArray.parseInstruction(ILcom/android/dx/cf/code/BytecodeArray$Visitor;)I @ 2281
Event: 6.567 Thread 0x0000000002f61000 Uncommon trap: reason=bimorphic action=maybe_recompile pc=0x000000000f63804c method=com.android.dx.ssa.SCCP.simulatePhi(Lcom/android/dx/ssa/PhiInsn;)V @ 124
Event: 6.567 Thread 0x0000000002f61000 Uncommon trap: reason=bimorphic action=maybe_recompile pc=0x000000000f63804c method=com.android.dx.ssa.SCCP.simulatePhi(Lcom/android/dx/ssa/PhiInsn;)V @ 124
Event: 6.567 Thread 0x0000000002f61000 Uncommon trap: reason=bimorphic action=maybe_recompile pc=0x000000000f63804c method=com.android.dx.ssa.SCCP.simulatePhi(Lcom/android/dx/ssa/PhiInsn;)V @ 124
Event: 6.567 Thread 0x0000000002f61000 Uncommon trap: reason=bimorphic action=maybe_recompile pc=0x000000000f63804c method=com.android.dx.ssa.SCCP.simulatePhi(Lcom/android/dx/ssa/PhiInsn;)V @ 124
Event: 8.038 Thread 0x0000000007dae800 Uncommon trap: reason=unstable_if action=reinterpret pc=0x000000000f5f185c method=com.android.dx.cf.code.ByteCatchList.listFor(I)Lcom/android/dx/cf/code/ByteCatchList; @ 47
Event: 8.108 Thread 0x0000000007dae000 Uncommon trap: reason=bimorphic action=maybe_recompile pc=0x000000000f66a748 method=com.android.dx.ssa.SCCP.simulatePhi(Lcom/android/dx/ssa/PhiInsn;)V @ 124

Internal exceptions (2 events):
Event: 0.056 Thread 0x0000000002f61000 Exception <a 'java/lang/NoSuchMethodError': Method sun.misc.Unsafe.defineClass(Ljava/lang/String;[BII)Ljava/lang/Class; name or signature does not match> (0x00000000eab07cc0) thrown at [C:\re\workspace\8-2-build-windows-amd64-cygwin\jdk8u101\7261\hotspot\sO[`ª¾¬?
Event: 0.056 Thread 0x0000000002f61000 Exception <a 'java/lang/NoSuchMethodError': Method sun.misc.Unsafe.prefetchRead(Ljava/lang/Object;J)V name or signature does not match> (0x00000000eab07fa8) thrown at [C:\re\workspace\8-2-build-windows-amd64-cygwin\jdk8u101\7261\hotspot\src\share\vm\prims\

Events (10 events):
Event: 7.924 loading class com/android/dx/rop/code/RegisterSpec$1
Event: 7.924 loading class com/android/dx/rop/code/RegisterSpec$1 done
Event: 8.038 Thread 0x0000000007dae800 Uncommon trap: trap_request=0xffffff65 fr.pc=0x000000000f5f185c
Event: 8.038 Thread 0x0000000007dae800 DEOPT PACKING pc=0x000000000f5f185c sp=0x0000000008a8e810
Event: 8.038 Thread 0x0000000007dae800 DEOPT UNPACKING pc=0x000000000f05582a sp=0x0000000008a8e670 mode 2
Event: 8.108 Thread 0x0000000007dae000 Uncommon trap: trap_request=0xffffffc6 fr.pc=0x000000000f66a748
Event: 8.108 Thread 0x0000000007dae000 DEOPT PACKING pc=0x000000000f66a748 sp=0x000000000898ea30
Event: 8.109 Thread 0x0000000007dae000 DEOPT UNPACKING pc=0x000000000f05582a sp=0x000000000898ea18 mode 2
Event: 8.116 Executing VM operation: ParallelGCFailedAllocation
Event: 8.980 Executing VM operation: ParallelGCFailedAllocation done


Dynamic libraries:
0x00007ff67b770000 - 0x00007ff67b7a7000 	C:\Program Files\Java\jdk1.8.0_101\bin\java.exe
0x00007ffd253d0000 - 0x00007ffd25591000 	C:\Windows\SYSTEM32\ntdll.dll
0x00007ffd227d0000 - 0x00007ffd2287d000 	C:\Windows\system32\KERNEL32.DLL
0x00007ffd225c0000 - 0x00007ffd227a8000 	C:\Windows\system32\KERNELBASE.dll
0x00007ffd23bf0000 - 0x00007ffd23c97000 	C:\Windows\system32\ADVAPI32.dll
0x00007ffd22bd0000 - 0x00007ffd22c6d000 	C:\Windows\system32\msvcrt.dll
0x00007ffd25210000 - 0x00007ffd2526b000 	C:\Windows\system32\sechost.dll
0x00007ffd23ad0000 - 0x00007ffd23bec000 	C:\Windows\system32\RPCRT4.dll
0x00007ffd23970000 - 0x00007ffd23ac6000 	C:\Windows\system32\USER32.dll
0x00007ffd22c70000 - 0x00007ffd22df6000 	C:\Windows\system32\GDI32.dll
0x00007ffd1d0d0000 - 0x00007ffd1d344000 	C:\Windows\WinSxS\amd64_microsoft.windows.common-controls_6595b64144ccf1df_6.0.10586.589_none_a2ddb3caa539acce\COMCTL32.dll
0x00007ffd22e00000 - 0x00007ffd2307d000 	C:\Windows\system32\combase.dll
0x00007ffd21a80000 - 0x00007ffd21aea000 	C:\Windows\system32\bcryptPrimitives.dll
0x00007ffd23820000 - 0x00007ffd2385b000 	C:\Windows\system32\IMM32.DLL
0x00007ffd218e0000 - 0x00007ffd21911000 	C:\Windows\system32\nvinitx.dll
0x00007ffd218d0000 - 0x00007ffd218da000 	C:\Windows\SYSTEM32\VERSION.dll
0x000000000f000000 - 0x000000000f006000 	C:\Program Files\NVIDIA Corporation\CoProcManager\_etoured.dll
0x00007ffd1fd60000 - 0x00007ffd1fd92000 	C:\Program Files\NVIDIA Corporation\CoProcManager\nvd3d9wrapx.dll
0x00007ffd231b0000 - 0x00007ffd235d9000 	C:\Windows\system32\SETUPAPI.dll
0x00007ffd22570000 - 0x00007ffd225b3000 	C:\Windows\system32\CFGMGR32.dll
0x00007ffd1fd30000 - 0x00007ffd1fd52000 	C:\Program Files\NVIDIA Corporation\CoProcManager\nvdxgiwrapx.dll
0x0000000059080000 - 0x0000000059152000 	C:\Program Files\Java\jdk1.8.0_101\jre\bin\msvcr100.dll
0x00000000587e0000 - 0x000000005907a000 	C:\Program Files\Java\jdk1.8.0_101\jre\bin\server\jvm.dll
0x00007ffd25270000 - 0x00007ffd25278000 	C:\Windows\system32\PSAPI.DLL
0x00007ffd18770000 - 0x00007ffd18779000 	C:\Windows\SYSTEM32\WSOCK32.dll
0x00007ffd235e0000 - 0x00007ffd2364b000 	C:\Windows\system32\WS2_32.dll
0x00007ffd1fc20000 - 0x00007ffd1fc43000 	C:\Windows\SYSTEM32\WINMM.dll
0x00007ffd1fbc0000 - 0x00007ffd1fbec000 	C:\Windows\SYSTEM32\WINMMBASE.dll
0x00000000587d0000 - 0x00000000587df000 	C:\Program Files\Java\jdk1.8.0_101\jre\bin\verify.dll
0x00000000587a0000 - 0x00000000587c9000 	C:\Program Files\Java\jdk1.8.0_101\jre\bin\java.dll
0x0000000058780000 - 0x0000000058796000 	C:\Program Files\Java\jdk1.8.0_101\jre\bin\zip.dll
0x00007ffd23cb0000 - 0x00007ffd2520c000 	C:\Windows\system32\SHELL32.dll
0x00007ffd21e90000 - 0x00007ffd224d5000 	C:\Windows\system32\windows.storage.dll
0x00007ffd22b70000 - 0x00007ffd22bc2000 	C:\Windows\system32\shlwapi.dll
0x00007ffd219f0000 - 0x00007ffd219ff000 	C:\Windows\system32\kernel.appcore.dll
0x00007ffd21b50000 - 0x00007ffd21c05000 	C:\Windows\system32\shcore.dll
0x00007ffd21a20000 - 0x00007ffd21a6b000 	C:\Windows\system32\powrprof.dll
0x00007ffd21a00000 - 0x00007ffd21a14000 	C:\Windows\system32\profapi.dll

VM Arguments:
jvm_args: -Djava.awt.headless=true -Xmx1024M -Dfile.encoding=GBK -Duser.country=CN -Duser.language=zh -Duser.variant 
java_command: com.android.dx.command.Main --dex --force-jumbo --num-threads=4 --output C:\Users\shenb\Desktop\Mpzn\app\build\intermediates\pre-dexed\debug\SocialSDK_WeiXin_1_544ac8b5c98d070713fd60751ba3b16c9e31c99a.jar C:\Users\shenb\Desktop\Mpzn\app\libs\SocialSDK_WeiXin_1.jar
java_class_path (initial): D:\AndroidSDK\build-tools\23.0.3\lib\dx.jar
Launcher Type: SUN_STANDARD

Environment Variables:
JAVA_HOME=C:\Program Files\Java\jdk1.8.0_101
PATH=C:\ProgramData\Oracle\Java\javapath;C:\Program Files (x86)\Intel\iCLS Client\;C:\Program Files\Intel\iCLS Client\;C:\Windows\system32;C:\Windows;C:\Windows\System32\Wbem;C:\Windows\System32\WindowsPowerShell\v1.0\;C:\Program Files\Intel\Intel(R) Management Engine Components\DAL;C:\Program Files\Intel\Intel(R) Management Engine Components\IPT;C:\Program Files (x86)\Intel\Intel(R) Management Engine Components\DAL;C:\Program Files (x86)\Intel\Intel(R) Management Engine Components\IPT;C:\Program Files (x86)\VisualSVN Server\bin;C:\Program Files\TortoiseSVN\bin;C:\Program Files\TortoiseGit\bin;D:\AS\android-sdk-windows\platform-tools;C:\Program Files\Java\jdk1.8.0_101\bin;D:\adt-bundle-windows-x64\android-sdk-windows\platform-tools;D:\adt-bundle-windows-x64\android-sdk-windows\tools;D:\apache-tomcat-6.0.44\bin
USERNAME=Icy
OS=Windows_NT
PROCESSOR_IDENTIFIER=Intel64 Family 6 Model 58 Stepping 9, GenuineIntel



---------------  S Y S T E M  ---------------

OS: Windows 10.0 , 64 bit Build 10586 (10.0.10586.589)

CPU:total 4 (2 cores per cpu, 2 threads per core) family 6 model 58 stepping 9, cmov, cx8, fxsr, mmx, sse, sse2, sse3, ssse3, sse4.1, sse4.2, popcnt, avx, aes, clmul, erms, ht, tsc, tscinvbit, tscinv

Memory: 4k page, physical 8241668k(573304k free), swap 14752000k(3688k free)

vm_info: Java HotSpot(TM) 64-Bit Server VM (25.101-b13) for windows-amd64 JRE (1.8.0_101-b13), built on Jun 22 2016 01:21:29 by "java_re" with MS VC++ 10.0 (VS2010)

time: Wed Nov 09 16:02:05 2016
elapsed time: 8 seconds (0d 0h 0m 8s)

