#
# There is insufficient memory for the Java Runtime Environment to continue.
# Native memory allocation (malloc) failed to allocate 512176 bytes for Chunk::new
# Possible reasons:
#   The system is out of physical RAM or swap space
#   In 32 bit mode, the process size limit was hit
# Possible solutions:
#   Reduce memory load on the system
#   Increase physical memory or swap space
#   Check if swap backing store is full
#   Use 64 bit Java on a 64 bit OS
#   Decrease Java heap size (-Xmx/-Xms)
#   Decrease number of Java threads
#   Decrease Java thread stack sizes (-Xss)
#   Set larger code cache with -XX:ReservedCodeCacheSize=
# This output file may be truncated or incomplete.
#
#  Out of Memory Error (allocation.cpp:390), pid=12192, tid=0x00000000000030e4
#
# JRE version: Java(TM) SE Runtime Environment (8.0_101-b13) (build 1.8.0_101-b13)
# Java VM: Java HotSpot(TM) 64-Bit Server VM (25.101-b13 mixed mode windows-amd64 compressed oops)
# Failed to write core dump. Minidumps are not enabled by default on client versions of Windows
#

---------------  T H R E A D  ---------------

Current thread (0x00000000022ba000):  JavaThread "C2 CompilerThread0" daemon [_thread_in_native, id=12516, stack(0x0000000007720000,0x0000000007820000)]

Stack: [0x0000000007720000,0x0000000007820000]
[error occurred during error reporting (printing stack bounds), id 0xc0000005]

Native frames: (J=compiled Java code, j=interpreted, Vv=VM code, C=native code)


Current CompileTask:
C2:   1703 1226       4       com.android.dx.ssa.SCCP::simulateStmt (481 bytes)


---------------  P R O C E S S  ---------------

Java Threads: ( => current thread )
  0x0000000007438000 JavaThread "pool-1-thread-4" [_thread_blocked, id=7528, stack(0x0000000008020000,0x0000000008120000)]
  0x0000000007439000 JavaThread "pool-1-thread-3" [_thread_blocked, id=14676, stack(0x0000000007f20000,0x0000000008020000)]
  0x000000000742a800 JavaThread "pool-1-thread-2" [_thread_in_Java, id=3816, stack(0x0000000007e20000,0x0000000007f20000)]
  0x0000000007427800 JavaThread "pool-2-thread-1" [_thread_blocked, id=15340, stack(0x0000000007d20000,0x0000000007e20000)]
  0x000000000738f800 JavaThread "pool-1-thread-1" [_thread_blocked, id=14264, stack(0x0000000007c20000,0x0000000007d20000)]
  0x0000000007183000 JavaThread "Service Thread" daemon [_thread_blocked, id=6932, stack(0x0000000007a20000,0x0000000007b20000)]
  0x000000000717e800 JavaThread "C1 CompilerThread2" daemon [_thread_blocked, id=5264, stack(0x0000000007920000,0x0000000007a20000)]
  0x0000000005df6000 JavaThread "C2 CompilerThread1" daemon [_thread_in_vm, id=13520, stack(0x0000000007820000,0x0000000007920000)]
=>0x00000000022ba000 JavaThread "C2 CompilerThread0" daemon [_thread_in_native, id=12516, stack(0x0000000007720000,0x0000000007820000)]
  0x0000000007162800 JavaThread "Attach Listener" daemon [_thread_blocked, id=12140, stack(0x0000000007620000,0x0000000007720000)]
  0x0000000005de2800 JavaThread "Signal Dispatcher" daemon [_thread_blocked, id=14792, stack(0x0000000007520000,0x0000000007620000)]
  0x0000000005dba000 JavaThread "Finalizer" daemon [_thread_blocked, id=9064, stack(0x0000000007020000,0x0000000007120000)]
  0x0000000005d99000 JavaThread "Reference Handler" daemon [_thread_blocked, id=12072, stack(0x0000000006f20000,0x0000000007020000)]
  0x00000000021c1000 JavaThread "main" [_thread_blocked, id=1516, stack(0x0000000000970000,0x0000000000a70000)]

Other Threads:
  0x0000000005d97000 VMThread [stack: 0x0000000006e20000,0x0000000006f20000] [id=10296]
  0x00000000071e5800 WatcherThread [stack: 0x0000000007b20000,0x0000000007c20000] [id=12736]

VM state:not at safepoint (normal execution)

VM Mutex/Monitor currently owned by a thread: None

Heap:
 PSYoungGen      total 37888K, used 7750K [0x00000000eab00000, 0x00000000ef500000, 0x0000000100000000)
  eden space 32768K, 8% used [0x00000000eab00000,0x00000000ead97518,0x00000000ecb00000)
  from space 5120K, 99% used [0x00000000ecb00000,0x00000000ecffa410,0x00000000ed000000)
  to   space 5120K, 0% used [0x00000000ef000000,0x00000000ef000000,0x00000000ef500000)
 ParOldGen       total 86016K, used 1329K [0x00000000c0000000, 0x00000000c5400000, 0x00000000eab00000)
  object space 86016K, 1% used [0x00000000c0000000,0x00000000c014c670,0x00000000c5400000)
 Metaspace       used 6114K, capacity 6966K, committed 7040K, reserved 1056768K
  class space    used 607K, capacity 622K, committed 640K, reserved 1048576K

Card table byte_map: [0x0000000002ac0000,0x0000000002cd0000] byte_map_base: 0x00000000024c0000

Marking Bits: (ParMarkBitMap*) 0x0000000054d3a6d0
 Begin Bits: [0x0000000003230000, 0x0000000004230000)
 End Bits:   [0x0000000004230000, 0x0000000005230000)

Polling page: 0x0000000000620000

CodeCache: size=245760Kb used=5111Kb max_used=5111Kb free=240648Kb
 bounds [0x000000000f010000, 0x000000000f520000, 0x000000001e010000]
 total_blobs=1549 nmethods=1278 adapters=184
 compilation: enabled

Compilation events (10 events):
Event: 1.696 Thread 0x000000000717e800 nmethod 1275 0x000000000f510390 code [0x000000000f5104e0, 0x000000000f510690]
Event: 1.696 Thread 0x000000000717e800 1276   !   3       java.lang.ref.Finalizer::remove (94 bytes)
Event: 1.697 Thread 0x000000000717e800 nmethod 1276 0x000000000f510710 code [0x000000000f510880, 0x000000000f510d50]
Event: 1.697 Thread 0x000000000717e800 1277       3       java.lang.System$2::invokeFinalize (5 bytes)
Event: 1.697 Thread 0x000000000717e800 nmethod 1277 0x000000000f510e90 code [0x000000000f511000, 0x000000000f511228]
Event: 1.697 Thread 0x000000000717e800 1278       3       java.lang.ref.Reference::clear (6 bytes)
Event: 1.697 Thread 0x000000000717e800 nmethod 1278 0x000000000f5112d0 code [0x000000000f511420, 0x000000000f511590]
Event: 1.700 Thread 0x000000000717e800 1282       3       com.android.dx.cf.code.BytecodeArray::processWorkSet (50 bytes)
Event: 1.700 Thread 0x0000000005df6000 1283       4       com.android.dx.ssa.SsaRenamer$BlockRenamer::addMapping (143 bytes)
Event: 1.700 Thread 0x000000000717e800 nmethod 1282 0x000000000f511610 code [0x000000000f5117c0, 0x000000000f511d38]

GC Heap History (2 events):
Event: 1.626 GC heap before
{Heap before GC invocations=1 (full 0):
 PSYoungGen      total 37888K, used 32768K [0x00000000eab00000, 0x00000000ed500000, 0x0000000100000000)
  eden space 32768K, 100% used [0x00000000eab00000,0x00000000ecb00000,0x00000000ecb00000)
  from space 5120K, 0% used [0x00000000ed000000,0x00000000ed000000,0x00000000ed500000)
  to   space 5120K, 0% used [0x00000000ecb00000,0x00000000ecb00000,0x00000000ed000000)
 ParOldGen       total 86016K, used 0K [0x00000000c0000000, 0x00000000c5400000, 0x00000000eab00000)
  object space 86016K, 0% used [0x00000000c0000000,0x00000000c0000000,0x00000000c5400000)
 Metaspace       used 6091K, capacity 6966K, committed 7040K, reserved 1056768K
  class space    used 607K, capacity 622K, committed 640K, reserved 1048576K
Event: 1.667 GC heap after
Heap after GC invocations=1 (full 0):
 PSYoungGen      total 37888K, used 5097K [0x00000000eab00000, 0x00000000ef500000, 0x0000000100000000)
  eden space 32768K, 0% used [0x00000000eab00000,0x00000000eab00000,0x00000000ecb00000)
  from space 5120K, 99% used [0x00000000ecb00000,0x00000000ecffa410,0x00000000ed000000)
  to   space 5120K, 0% used [0x00000000ef000000,0x00000000ef000000,0x00000000ef500000)
 ParOldGen       total 86016K, used 1329K [0x00000000c0000000, 0x00000000c5400000, 0x00000000eab00000)
  object space 86016K, 1% used [0x00000000c0000000,0x00000000c014c670,0x00000000c5400000)
 Metaspace       used 6091K, capacity 6966K, committed 7040K, reserved 1056768K
  class space    used 607K, capacity 622K, committed 640K, reserved 1048576K
}

Deoptimization events (4 events):
Event: 0.634 Thread 0x00000000021c1000 Uncommon trap: reason=unstable_if action=reinterpret pc=0x000000000f161f14 method=java.lang.String.compareTo(Ljava/lang/String;)I @ 38
Event: 1.321 Thread 0x000000000742a800 Uncommon trap: reason=unstable_if action=reinterpret pc=0x000000000f3b766c method=com.android.dx.rop.code.RegisterSpecSet.put(Lcom/android/dx/rop/code/RegisterSpec;)V @ 77
Event: 1.350 Thread 0x000000000738f800 Uncommon trap: reason=unstable_if action=reinterpret pc=0x000000000f3d6110 method=com.android.dx.ssa.SsaRenamer$BlockRenamer.addMapping(ILcom/android/dx/rop/code/RegisterSpec;)V @ 120
Event: 1.617 Thread 0x000000000738f800 Uncommon trap: reason=unstable_if action=reinterpret pc=0x000000000f2d57e0 method=com.android.dx.rop.code.RegisterSpec.equals(ILcom/android/dx/rop/type/TypeBearer;Lcom/android/dx/rop/code/LocalItem;)Z @ 42

Internal exceptions (2 events):
Event: 0.145 Thread 0x00000000021c1000 Exception <a 'java/lang/NoSuchMethodError': Method sun.misc.Unsafe.defineClass(Ljava/lang/String;[BII)Ljava/lang/Class; name or signature does not match> (0x00000000eab07cc0) thrown at [C:\re\workspace\8-2-build-windows-amd64-cygwin\jdk8u101\7261\hotspot\sÚx¼òæƒÂ?
Event: 0.145 Thread 0x00000000021c1000 Exception <a 'java/lang/NoSuchMethodError': Method sun.misc.Unsafe.prefetchRead(Ljava/lang/Object;J)V name or signature does not match> (0x00000000eab07fa8) thrown at [C:\re\workspace\8-2-build-windows-amd64-cygwin\jdk8u101\7261\hotspot\src\share\vm\prims\

Events (10 events):
Event: 1.350 Thread 0x000000000738f800 DEOPT UNPACKING pc=0x000000000f05582a sp=0x0000000007d1e470 mode 2
Event: 1.428 loading class java/util/DualPivotQuicksort
Event: 1.428 loading class java/util/DualPivotQuicksort done
Event: 1.604 Executing VM operation: ForceSafepoint
Event: 1.610 Executing VM operation: ForceSafepoint done
Event: 1.617 Thread 0x000000000738f800 Uncommon trap: trap_request=0xffffff65 fr.pc=0x000000000f2d57e0
Event: 1.617 Thread 0x000000000738f800 DEOPT PACKING pc=0x000000000f2d57e0 sp=0x0000000007d1e600
Event: 1.617 Thread 0x000000000738f800 DEOPT UNPACKING pc=0x000000000f05582a sp=0x0000000007d1e588 mode 2
Event: 1.623 Executing VM operation: ParallelGCFailedAllocation
Event: 1.667 Executing VM operation: ParallelGCFailedAllocation done


Dynamic libraries:
0x00007ff78fcc0000 - 0x00007ff78fcf7000 	C:\Program Files\Java\jdk1.8.0_101\bin\java.exe
0x00007fffae780000 - 0x00007fffae941000 	C:\Windows\SYSTEM32\ntdll.dll
0x00007fffad9c0000 - 0x00007fffada6d000 	C:\Windows\system32\KERNEL32.DLL
0x00007fffab760000 - 0x00007fffab948000 	C:\Windows\system32\KERNELBASE.dll
0x00007fffad7a0000 - 0x00007fffad847000 	C:\Windows\system32\ADVAPI32.dll
0x00007fffad920000 - 0x00007fffad9bd000 	C:\Windows\system32\msvcrt.dll
0x00007fffae280000 - 0x00007fffae2db000 	C:\Windows\system32\sechost.dll
0x00007fffade20000 - 0x00007fffadf3c000 	C:\Windows\system32\RPCRT4.dll
0x00007fffad5e0000 - 0x00007fffad736000 	C:\Windows\system32\USER32.dll
0x00007fffabb80000 - 0x00007fffabd06000 	C:\Windows\system32\GDI32.dll
0x00007fffa6ba0000 - 0x00007fffa6e14000 	C:\Windows\WinSxS\amd64_microsoft.windows.common-controls_6595b64144ccf1df_6.0.10586.589_none_a2ddb3caa539acce\COMCTL32.dll
0x00007fffadba0000 - 0x00007fffade1d000 	C:\Windows\system32\combase.dll
0x00007fffaae30000 - 0x00007fffaae9a000 	C:\Windows\system32\bcryptPrimitives.dll
0x00007fffae090000 - 0x00007fffae0cb000 	C:\Windows\system32\IMM32.DLL
0x00007fffaac90000 - 0x00007fffaacc1000 	C:\Windows\system32\nvinitx.dll
0x00007fffaac80000 - 0x00007fffaac8a000 	C:\Windows\SYSTEM32\VERSION.dll
0x000000000f000000 - 0x000000000f006000 	C:\Program Files\NVIDIA Corporation\CoProcManager\_etoured.dll
0x00007fffa9500000 - 0x00007fffa9532000 	C:\Program Files\NVIDIA Corporation\CoProcManager\nvd3d9wrapx.dll
0x00007fffae350000 - 0x00007fffae779000 	C:\Windows\system32\SETUPAPI.dll
0x00007fffab710000 - 0x00007fffab753000 	C:\Windows\system32\CFGMGR32.dll
0x00007fffa94d0000 - 0x00007fffa94f2000 	C:\Program Files\NVIDIA Corporation\CoProcManager\nvdxgiwrapx.dll
0x0000000054dc0000 - 0x0000000054e92000 	C:\Program Files\Java\jdk1.8.0_101\jre\bin\msvcr100.dll
0x0000000054520000 - 0x0000000054dba000 	C:\Program Files\Java\jdk1.8.0_101\jre\bin\server\jvm.dll
0x00007fffadae0000 - 0x00007fffadae8000 	C:\Windows\system32\PSAPI.DLL
0x00007fffa8bc0000 - 0x00007fffa8bc9000 	C:\Windows\SYSTEM32\WSOCK32.dll
0x00007fffae2e0000 - 0x00007fffae34b000 	C:\Windows\system32\WS2_32.dll
0x00007fffa8fd0000 - 0x00007fffa8ff3000 	C:\Windows\SYSTEM32\WINMM.dll
0x00007fffa8f70000 - 0x00007fffa8f9c000 	C:\Windows\SYSTEM32\WINMMBASE.dll
0x0000000054510000 - 0x000000005451f000 	C:\Program Files\Java\jdk1.8.0_101\jre\bin\verify.dll
0x00000000544e0000 - 0x0000000054509000 	C:\Program Files\Java\jdk1.8.0_101\jre\bin\java.dll
0x00000000544c0000 - 0x00000000544d6000 	C:\Program Files\Java\jdk1.8.0_101\jre\bin\zip.dll
0x00007fffabea0000 - 0x00007fffad3fc000 	C:\Windows\system32\SHELL32.dll
0x00007fffaaf30000 - 0x00007fffab575000 	C:\Windows\system32\windows.storage.dll
0x00007fffad400000 - 0x00007fffad452000 	C:\Windows\system32\shlwapi.dll
0x00007fffaae20000 - 0x00007fffaae2f000 	C:\Windows\system32\kernel.appcore.dll
0x00007fffab580000 - 0x00007fffab635000 	C:\Windows\system32\shcore.dll
0x00007fffaada0000 - 0x00007fffaadeb000 	C:\Windows\system32\powrprof.dll
0x00007fffaadf0000 - 0x00007fffaae04000 	C:\Windows\system32\profapi.dll

VM Arguments:
jvm_args: -Djava.awt.headless=true -Xmx1024M -Dfile.encoding=GBK -Duser.country=CN -Duser.language=zh -Duser.variant 
java_command: com.android.dx.command.Main --dex --force-jumbo --num-threads=4 --output C:\Users\shenb\Desktop\Mpzn\app\build\intermediates\pre-dexed\debug\com.android.support-appcompat-v7-24.0.0-beta1_d515f51dfcb55e439189c49b490c0fe5253c292c.jar C:\Users\shenb\Desktop\Mpzn\app\build\intermediates\exploded-aar\com.android.support\appcompat-v7\24.0.0-beta1\jars\classes.jar
java_class_path (initial): D:\AndroidSDK\build-tools\23.0.3\lib\dx.jar
Launcher Type: SUN_STANDARD

Environment Variables:
JAVA_HOME=C:\Program Files\Java\jdk1.8.0_101
PATH=C:\ProgramData\Oracle\Java\javapath;C:\Program Files (x86)\Intel\iCLS Client\;C:\Program Files\Intel\iCLS Client\;C:\Windows\system32;C:\Windows;C:\Windows\System32\Wbem;C:\Windows\System32\WindowsPowerShell\v1.0\;C:\Program Files\Intel\Intel(R) Management Engine Components\DAL;C:\Program Files\Intel\Intel(R) Management Engine Components\IPT;C:\Program Files (x86)\Intel\Intel(R) Management Engine Components\DAL;C:\Program Files (x86)\Intel\Intel(R) Management Engine Components\IPT;C:\Program Files (x86)\VisualSVN Server\bin;C:\Program Files\TortoiseSVN\bin;C:\Program Files\TortoiseGit\bin;D:\AS\android-sdk-windows\platform-tools;C:\Program Files\Java\jdk1.8.0_101\bin;D:\adt-bundle-windows-x64\android-sdk-windows\platform-tools;D:\adt-bundle-windows-x64\android-sdk-windows\tools;D:\apache-tomcat-6.0.44\bin
USERNAME=Icy
OS=Windows_NT
PROCESSOR_IDENTIFIER=Intel64 Family 6 Model 58 Stepping 9, GenuineIntel



---------------  S Y S T E M  ---------------

OS: Windows 10.0 , 64 bit Build 10586 (10.0.10586.589)

CPU:total 4 (2 cores per cpu, 2 threads per core) family 6 model 58 stepping 9, cmov, cx8, fxsr, mmx, sse, sse2, sse3, ssse3, sse4.1, sse4.2, popcnt, avx, aes, clmul, erms, ht, tsc, tscinvbit, tscinv

Memory: 4k page, physical 8241668k(537540k free), swap 14949184k(5340k free)

vm_info: Java HotSpot(TM) 64-Bit Server VM (25.101-b13) for windows-amd64 JRE (1.8.0_101-b13), built on Jun 22 2016 01:21:29 by "java_re" with MS VC++ 10.0 (VS2010)

time: Wed Sep 28 17:10:36 2016
elapsed time: 1 seconds (0d 0h 0m 1s)

