#
# There is insufficient memory for the Java Runtime Environment to continue.
# Native memory allocation (malloc) failed to allocate 378016 bytes for Chunk::new
# Possible reasons:
#   The system is out of physical RAM or swap space
#   In 32 bit mode, the process size limit was hit
# Possible solutions:
#   Reduce memory load on the system
#   Increase physical memory or swap space
#   Check if swap backing store is full
#   Use 64 bit Java on a 64 bit OS
#   Decrease Java heap size (-Xmx/-Xms)
#   Decrease number of Java threads
#   Decrease Java thread stack sizes (-Xss)
#   Set larger code cache with -XX:ReservedCodeCacheSize=
# This output file may be truncated or incomplete.
#
#  Out of Memory Error (allocation.cpp:390), pid=7376, tid=0x0000000000001e28
#
# JRE version: Java(TM) SE Runtime Environment (8.0_101-b13) (build 1.8.0_101-b13)
# Java VM: Java HotSpot(TM) 64-Bit Server VM (25.101-b13 mixed mode windows-amd64 compressed oops)
# Failed to write core dump. Minidumps are not enabled by default on client versions of Windows
#

---------------  T H R E A D  ---------------

Current thread (0x0000000005e0c000):  JavaThread "C2 CompilerThread0" daemon [_thread_in_native, id=7720, stack(0x0000000007300000,0x0000000007400000)]

Stack: [0x0000000007300000,0x0000000007400000]
[error occurred during error reporting (printing stack bounds), id 0xc0000005]

Native frames: (J=compiled Java code, j=interpreted, Vv=VM code, C=native code)


Current CompileTask:
C2:   4743 1430       4       com.android.dx.ssa.SCCP::simulatePhi (169 bytes)


---------------  P R O C E S S  ---------------

Java Threads: ( => current thread )
  0x00000000076f8800 JavaThread "pool-1-thread-4" [_thread_blocked, id=10112, stack(0x0000000008000000,0x0000000008100000)]
  0x00000000076f7000 JavaThread "pool-1-thread-3" [_thread_blocked, id=212, stack(0x0000000007f00000,0x0000000008000000)]
  0x00000000076f6000 JavaThread "pool-1-thread-2" [_thread_blocked, id=6412, stack(0x0000000007e00000,0x0000000007f00000)]
  0x0000000007673800 JavaThread "pool-2-thread-1" [_thread_blocked, id=13536, stack(0x0000000007d00000,0x0000000007e00000)]
  0x0000000007673000 JavaThread "pool-1-thread-1" [_thread_blocked, id=7528, stack(0x0000000007c00000,0x0000000007d00000)]
  0x0000000007467000 JavaThread "Service Thread" daemon [_thread_blocked, id=12236, stack(0x0000000007a00000,0x0000000007b00000)]
  0x0000000007463800 JavaThread "C1 CompilerThread2" daemon [_thread_in_native, id=4092, stack(0x0000000007900000,0x0000000007a00000)]
  0x0000000005e0e800 JavaThread "C2 CompilerThread1" daemon [_thread_in_native, id=412, stack(0x0000000007800000,0x0000000007900000)]
=>0x0000000005e0c000 JavaThread "C2 CompilerThread0" daemon [_thread_in_native, id=7720, stack(0x0000000007300000,0x0000000007400000)]
  0x0000000005dbc800 JavaThread "Attach Listener" daemon [_thread_blocked, id=13016, stack(0x0000000007200000,0x0000000007300000)]
  0x0000000005dbb800 JavaThread "Signal Dispatcher" daemon [_thread_blocked, id=1864, stack(0x0000000007100000,0x0000000007200000)]
  0x00000000026da000 JavaThread "Finalizer" daemon [_thread_blocked, id=11268, stack(0x0000000007000000,0x0000000007100000)]
  0x00000000026cf800 JavaThread "Reference Handler" daemon [_thread_blocked, id=12448, stack(0x0000000006f00000,0x0000000007000000)]
  0x00000000025e1000 JavaThread "main" [_thread_in_Java, id=10496, stack(0x00000000020c0000,0x00000000021c0000)]

Other Threads:
  0x0000000005d78000 VMThread [stack: 0x0000000006e00000,0x0000000006f00000] [id=5428]
  0x00000000074ce000 WatcherThread [stack: 0x0000000007b00000,0x0000000007c00000] [id=13068]

VM state:not at safepoint (normal execution)

VM Mutex/Monitor currently owned by a thread: None

Heap:
 PSYoungGen      total 37888K, used 22222K [0x00000000eab00000, 0x00000000ed500000, 0x0000000100000000)
  eden space 32768K, 52% used [0x00000000eab00000,0x00000000ebbb3e60,0x00000000ecb00000)
  from space 5120K, 99% used [0x00000000ecb00000,0x00000000ecfffce8,0x00000000ed000000)
  to   space 5120K, 0% used [0x00000000ed000000,0x00000000ed000000,0x00000000ed500000)
 ParOldGen       total 86016K, used 1474K [0x00000000c0000000, 0x00000000c5400000, 0x00000000eab00000)
  object space 86016K, 1% used [0x00000000c0000000,0x00000000c0170ac0,0x00000000c5400000)
 Metaspace       used 6168K, capacity 7030K, committed 7296K, reserved 1056768K
  class space    used 606K, capacity 622K, committed 640K, reserved 1048576K

Card table byte_map: [0x0000000002aa0000,0x0000000002cb0000] byte_map_base: 0x00000000024a0000

Marking Bits: (ParMarkBitMap*) 0x0000000054d3a6d0
 Begin Bits: [0x0000000003210000, 0x0000000004210000)
 End Bits:   [0x0000000004210000, 0x0000000005210000)

Polling page: 0x0000000000470000

CodeCache: size=245760Kb used=5928Kb max_used=5938Kb free=239831Kb
 bounds [0x000000000f010000, 0x000000000f5f0000, 0x000000001e010000]
 total_blobs=1717 nmethods=1446 adapters=184
 compilation: enabled

Compilation events (10 events):
Event: 4.734 Thread 0x0000000007463800 1444       3       com.android.dx.cf.code.Frame::adjustLocalsForSubroutines (28 bytes)
Event: 4.734 Thread 0x0000000007463800 nmethod 1444 0x000000000f5d8c10 code [0x000000000f5d8da0, 0x000000000f5d92a8]
Event: 4.737 Thread 0x0000000007463800 1447       3       com.android.dx.ssa.NormalSsaInsn::clone (5 bytes)
Event: 4.737 Thread 0x0000000005e0e800 nmethod 1432 0x000000000f5cb650 code [0x000000000f5cb7a0, 0x000000000f5cbb98]
Event: 4.737 Thread 0x0000000005e0e800 1445   !   4       com.android.dx.cf.code.BaseMachine::arg (36 bytes)
Event: 4.737 Thread 0x0000000007463800 nmethod 1447 0x000000000f5cad10 code [0x000000000f5caec0, 0x000000000f5cb418]
Event: 4.737 Thread 0x0000000007463800 1448       3       com.android.dx.ssa.NormalSsaInsn::clone (8 bytes)
Event: 4.737 Thread 0x0000000007463800 nmethod 1448 0x000000000f5ca490 code [0x000000000f5ca620, 0x000000000f5caab8]
Event: 4.738 Thread 0x0000000005e0e800 nmethod 1445 0x000000000f5d8910 code [0x000000000f5d8a40, 0x000000000f5d8af8]
Event: 4.738 Thread 0x0000000005e0e800 1446       4       com.android.dx.rop.code.ThrowingCstInsn::<init> (51 bytes)

GC Heap History (2 events):
Event: 3.421 GC heap before
{Heap before GC invocations=1 (full 0):
 PSYoungGen      total 37888K, used 32768K [0x00000000eab00000, 0x00000000ed500000, 0x0000000100000000)
  eden space 32768K, 100% used [0x00000000eab00000,0x00000000ecb00000,0x00000000ecb00000)
  from space 5120K, 0% used [0x00000000ed000000,0x00000000ed000000,0x00000000ed500000)
  to   space 5120K, 0% used [0x00000000ecb00000,0x00000000ecb00000,0x00000000ed000000)
 ParOldGen       total 86016K, used 0K [0x00000000c0000000, 0x00000000c5400000, 0x00000000eab00000)
  object space 86016K, 0% used [0x00000000c0000000,0x00000000c0000000,0x00000000c5400000)
 Metaspace       used 6071K, capacity 6902K, committed 7040K, reserved 1056768K
  class space    used 606K, capacity 622K, committed 640K, reserved 1048576K
Event: 3.626 GC heap after
Heap after GC invocations=1 (full 0):
 PSYoungGen      total 37888K, used 5119K [0x00000000eab00000, 0x00000000ed500000, 0x0000000100000000)
  eden space 32768K, 0% used [0x00000000eab00000,0x00000000eab00000,0x00000000ecb00000)
  from space 5120K, 99% used [0x00000000ecb00000,0x00000000ecfffce8,0x00000000ed000000)
  to   space 5120K, 0% used [0x00000000ed000000,0x00000000ed000000,0x00000000ed500000)
 ParOldGen       total 86016K, used 1474K [0x00000000c0000000, 0x00000000c5400000, 0x00000000eab00000)
  object space 86016K, 1% used [0x00000000c0000000,0x00000000c0170ac0,0x00000000c5400000)
 Metaspace       used 6071K, capacity 6902K, committed 7040K, reserved 1056768K
  class space    used 606K, capacity 622K, committed 640K, reserved 1048576K
}

Deoptimization events (10 events):
Event: 1.502 Thread 0x00000000076f8800 Uncommon trap: reason=unstable_if action=reinterpret pc=0x000000000f270200 method=java.util.HashMap.getNode(ILjava/lang/Object;)Ljava/util/HashMap$Node; @ 62
Event: 1.794 Thread 0x00000000076f7000 Uncommon trap: reason=class_check action=maybe_recompile pc=0x000000000f2f81c4 method=com.android.dx.ssa.NormalSsaInsn.accept(Lcom/android/dx/ssa/SsaInsn$Visitor;)V @ 9
Event: 2.593 Thread 0x00000000025e1000 Uncommon trap: reason=unstable_if action=reinterpret pc=0x000000000f2d8384 method=java.util.HashMap.getNode(ILjava/lang/Object;)Ljava/util/HashMap$Node; @ 62
Event: 2.596 Thread 0x00000000025e1000 Uncommon trap: reason=null_check action=make_not_entrant pc=0x000000000f38fb6c method=com.android.dx.ssa.SsaRenamer.getLocalForNewReg(I)Lcom/android/dx/rop/code/LocalItem; @ 19
Event: 2.617 Thread 0x00000000076f7000 Uncommon trap: reason=unstable_if action=reinterpret pc=0x000000000f2a31b4 method=java.util.BitSet.ensureCapacity(I)V @ 6
Event: 3.019 Thread 0x00000000025e1000 Uncommon trap: reason=unstable_if action=reinterpret pc=0x000000000f41dcac method=com.android.dx.rop.code.RegisterSpecSet.put(Lcom/android/dx/rop/code/RegisterSpec;)V @ 77
Event: 4.253 Thread 0x00000000025e1000 Uncommon trap: reason=unstable_if action=reinterpret pc=0x000000000f4eaa3c method=com.android.dx.util.IntList.binarysearch(I)I @ 105
Event: 4.291 Thread 0x00000000025e1000 Uncommon trap: reason=null_check action=make_not_entrant pc=0x000000000f3abce0 method=com.android.dx.rop.type.Type.equals(Ljava/lang/Object;)Z @ 8
Event: 4.299 Thread 0x00000000025e1000 Uncommon trap: reason=bimorphic action=maybe_recompile pc=0x000000000f491328 method=java.util.HashMap.getNode(ILjava/lang/Object;)Ljava/util/HashMap$Node; @ 126
Event: 4.317 Thread 0x00000000025e1000 Uncommon trap: reason=unstable_if action=reinterpret pc=0x000000000f58b1cc method=com.android.dx.ssa.MoveParamCombiner$1.visitNonMoveInsn(Lcom/android/dx/ssa/NormalSsaInsn;)V @ 27

Internal exceptions (4 events):
Event: 0.051 Thread 0x00000000025e1000 Exception <a 'java/lang/NoSuchMethodError': Method sun.misc.Unsafe.defineClass(Ljava/lang/String;[BII)Ljava/lang/Class; name or signature does not match> (0x00000000eab07cc0) thrown at [C:\re\workspace\8-2-build-windows-amd64-cygwin\jdk8u101\7261\hotspot\s2žŠ$ë©?
Event: 0.051 Thread 0x00000000025e1000 Exception <a 'java/lang/NoSuchMethodError': Method sun.misc.Unsafe.prefetchRead(Ljava/lang/Object;J)V name or signature does not match> (0x00000000eab07fa8) thrown at [C:\re\workspace\8-2-build-windows-amd64-cygwin\jdk8u101\7261\hotspot\src\share\vm\prims\ôPqâ"Ä@
Event: 2.596 Thread 0x00000000025e1000 Implicit null exception at 0x000000000f38e3b1 to 0x000000000f38fb4d
Event: 4.291 Thread 0x00000000025e1000 Implicit null exception at 0x000000000f3abbe2 to 0x000000000f3abcd2

Events (10 events):
Event: 4.253 Thread 0x00000000025e1000 DEOPT UNPACKING pc=0x000000000f05582a sp=0x00000000021bdff8 mode 2
Event: 4.291 Thread 0x00000000025e1000 Uncommon trap: trap_request=0xfffffff4 fr.pc=0x000000000f3abce0
Event: 4.291 Thread 0x00000000025e1000 DEOPT PACKING pc=0x000000000f3abce0 sp=0x00000000021bdd70
Event: 4.291 Thread 0x00000000025e1000 DEOPT UNPACKING pc=0x000000000f05582a sp=0x00000000021bdcf8 mode 2
Event: 4.299 Thread 0x00000000025e1000 Uncommon trap: trap_request=0xffffffc6 fr.pc=0x000000000f491328
Event: 4.299 Thread 0x00000000025e1000 DEOPT PACKING pc=0x000000000f491328 sp=0x00000000021be070
Event: 4.299 Thread 0x00000000025e1000 DEOPT UNPACKING pc=0x000000000f05582a sp=0x00000000021bdff0 mode 2
Event: 4.317 Thread 0x00000000025e1000 Uncommon trap: trap_request=0xffffff65 fr.pc=0x000000000f58b1cc
Event: 4.317 Thread 0x00000000025e1000 DEOPT PACKING pc=0x000000000f58b1cc sp=0x00000000021be170
Event: 4.317 Thread 0x00000000025e1000 DEOPT UNPACKING pc=0x000000000f05582a sp=0x00000000021be0c8 mode 2


Dynamic libraries:
0x00007ff67bb80000 - 0x00007ff67bbb7000 	C:\Program Files\Java\jdk1.8.0_101\bin\java.exe
0x00007fffae780000 - 0x00007fffae941000 	C:\Windows\SYSTEM32\ntdll.dll
0x00007fffad9c0000 - 0x00007fffada6d000 	C:\Windows\system32\KERNEL32.DLL
0x00007fffab760000 - 0x00007fffab948000 	C:\Windows\system32\KERNELBASE.dll
0x00007fffad7a0000 - 0x00007fffad847000 	C:\Windows\system32\ADVAPI32.dll
0x00007fffad920000 - 0x00007fffad9bd000 	C:\Windows\system32\msvcrt.dll
0x00007fffae280000 - 0x00007fffae2db000 	C:\Windows\system32\sechost.dll
0x00007fffade20000 - 0x00007fffadf3c000 	C:\Windows\system32\RPCRT4.dll
0x00007fffad5e0000 - 0x00007fffad736000 	C:\Windows\system32\USER32.dll
0x00007fffabb80000 - 0x00007fffabd06000 	C:\Windows\system32\GDI32.dll
0x00007fffa6ba0000 - 0x00007fffa6e14000 	C:\Windows\WinSxS\amd64_microsoft.windows.common-controls_6595b64144ccf1df_6.0.10586.589_none_a2ddb3caa539acce\COMCTL32.dll
0x00007fffadba0000 - 0x00007fffade1d000 	C:\Windows\system32\combase.dll
0x00007fffaae30000 - 0x00007fffaae9a000 	C:\Windows\system32\bcryptPrimitives.dll
0x00007fffae090000 - 0x00007fffae0cb000 	C:\Windows\system32\IMM32.DLL
0x00007fffaac90000 - 0x00007fffaacc1000 	C:\Windows\system32\nvinitx.dll
0x00007fffaac80000 - 0x00007fffaac8a000 	C:\Windows\SYSTEM32\VERSION.dll
0x000000000f000000 - 0x000000000f006000 	C:\Program Files\NVIDIA Corporation\CoProcManager\_etoured.dll
0x00007fffa9500000 - 0x00007fffa9532000 	C:\Program Files\NVIDIA Corporation\CoProcManager\nvd3d9wrapx.dll
0x00007fffae350000 - 0x00007fffae779000 	C:\Windows\system32\SETUPAPI.dll
0x00007fffab710000 - 0x00007fffab753000 	C:\Windows\system32\CFGMGR32.dll
0x00007fffa94d0000 - 0x00007fffa94f2000 	C:\Program Files\NVIDIA Corporation\CoProcManager\nvdxgiwrapx.dll
0x0000000054dc0000 - 0x0000000054e92000 	C:\Program Files\Java\jdk1.8.0_101\jre\bin\msvcr100.dll
0x0000000054520000 - 0x0000000054dba000 	C:\Program Files\Java\jdk1.8.0_101\jre\bin\server\jvm.dll
0x00007fffadae0000 - 0x00007fffadae8000 	C:\Windows\system32\PSAPI.DLL
0x00007fffa8a60000 - 0x00007fffa8a69000 	C:\Windows\SYSTEM32\WSOCK32.dll
0x00007fffa8fd0000 - 0x00007fffa8ff3000 	C:\Windows\SYSTEM32\WINMM.dll
0x00007fffae2e0000 - 0x00007fffae34b000 	C:\Windows\system32\WS2_32.dll
0x00007fffa8f70000 - 0x00007fffa8f9c000 	C:\Windows\SYSTEM32\WINMMBASE.dll
0x0000000054510000 - 0x000000005451f000 	C:\Program Files\Java\jdk1.8.0_101\jre\bin\verify.dll
0x00000000544e0000 - 0x0000000054509000 	C:\Program Files\Java\jdk1.8.0_101\jre\bin\java.dll
0x00000000544c0000 - 0x00000000544d6000 	C:\Program Files\Java\jdk1.8.0_101\jre\bin\zip.dll
0x00007fffabea0000 - 0x00007fffad3fc000 	C:\Windows\system32\SHELL32.dll
0x00007fffaaf30000 - 0x00007fffab575000 	C:\Windows\system32\windows.storage.dll
0x00007fffad400000 - 0x00007fffad452000 	C:\Windows\system32\shlwapi.dll
0x00007fffaae20000 - 0x00007fffaae2f000 	C:\Windows\system32\kernel.appcore.dll
0x00007fffab580000 - 0x00007fffab635000 	C:\Windows\system32\shcore.dll
0x00007fffaada0000 - 0x00007fffaadeb000 	C:\Windows\system32\powrprof.dll
0x00007fffaadf0000 - 0x00007fffaae04000 	C:\Windows\system32\profapi.dll

VM Arguments:
jvm_args: -Djava.awt.headless=true -Xmx1024M -Dfile.encoding=GBK -Duser.country=CN -Duser.language=zh -Duser.variant 
java_command: com.android.dx.command.Main --dex --force-jumbo --num-threads=4 --output C:\Users\shenb\Desktop\Mpzn\app\build\intermediates\pre-dexed\debug\glide-3.7.0_bd594206a0e018e18067e6f5ae1bd8a60590a7e1.jar C:\Users\shenb\.gradle\caches\modules-2\files-2.1\com.github.bumptech.glide\glide\3.7.0\9e9eeaf9948ee4d6c3ab354e8dc14368f16994a4\glide-3.7.0.jar
java_class_path (initial): D:\AndroidSDK\build-tools\23.0.3\lib\dx.jar
Launcher Type: SUN_STANDARD

Environment Variables:
JAVA_HOME=C:\Program Files\Java\jdk1.8.0_101
PATH=C:\ProgramData\Oracle\Java\javapath;C:\Program Files (x86)\Intel\iCLS Client\;C:\Program Files\Intel\iCLS Client\;C:\Windows\system32;C:\Windows;C:\Windows\System32\Wbem;C:\Windows\System32\WindowsPowerShell\v1.0\;C:\Program Files\Intel\Intel(R) Management Engine Components\DAL;C:\Program Files\Intel\Intel(R) Management Engine Components\IPT;C:\Program Files (x86)\Intel\Intel(R) Management Engine Components\DAL;C:\Program Files (x86)\Intel\Intel(R) Management Engine Components\IPT;C:\Program Files (x86)\VisualSVN Server\bin;C:\Program Files\TortoiseSVN\bin;C:\Program Files\TortoiseGit\bin;D:\AS\android-sdk-windows\platform-tools;C:\Program Files\Java\jdk1.8.0_101\bin;D:\adt-bundle-windows-x64\android-sdk-windows\platform-tools;D:\adt-bundle-windows-x64\android-sdk-windows\tools;D:\apache-tomcat-6.0.44\bin
USERNAME=Icy
OS=Windows_NT
PROCESSOR_IDENTIFIER=Intel64 Family 6 Model 58 Stepping 9, GenuineIntel



---------------  S Y S T E M  ---------------

OS: Windows 10.0 , 64 bit Build 10586 (10.0.10586.589)

CPU:total 4 (2 cores per cpu, 2 threads per core) family 6 model 58 stepping 9, cmov, cx8, fxsr, mmx, sse, sse2, sse3, ssse3, sse4.1, sse4.2, popcnt, avx, aes, clmul, erms, ht, tsc, tscinvbit, tscinv

Memory: 4k page, physical 8241668k(1184360k free), swap 14949184k(5332k free)

vm_info: Java HotSpot(TM) 64-Bit Server VM (25.101-b13) for windows-amd64 JRE (1.8.0_101-b13), built on Jun 22 2016 01:21:29 by "java_re" with MS VC++ 10.0 (VS2010)

time: Tue Sep 27 18:03:33 2016
elapsed time: 4 seconds (0d 0h 0m 4s)

