#
# There is insufficient memory for the Java Runtime Environment to continue.
# Native memory allocation (malloc) failed to allocate 969264 bytes for Chunk::new
# Possible reasons:
#   The system is out of physical RAM or swap space
#   In 32 bit mode, the process size limit was hit
# Possible solutions:
#   Reduce memory load on the system
#   Increase physical memory or swap space
#   Check if swap backing store is full
#   Use 64 bit Java on a 64 bit OS
#   Decrease Java heap size (-Xmx/-Xms)
#   Decrease number of Java threads
#   Decrease Java thread stack sizes (-Xss)
#   Set larger code cache with -XX:ReservedCodeCacheSize=
# This output file may be truncated or incomplete.
#
#  Out of Memory Error (allocation.cpp:390), pid=10500, tid=0x0000000000002ce8
#
# JRE version: Java(TM) SE Runtime Environment (8.0_101-b13) (build 1.8.0_101-b13)
# Java VM: Java HotSpot(TM) 64-Bit Server VM (25.101-b13 mixed mode windows-amd64 compressed oops)
# Failed to write core dump. Minidumps are not enabled by default on client versions of Windows
#

---------------  T H R E A D  ---------------

Current thread (0x00000000077e3000):  JavaThread "C2 CompilerThread0" daemon [_thread_in_native, id=11496, stack(0x0000000007da0000,0x0000000007ea0000)]

Stack: [0x0000000007da0000,0x0000000007ea0000]
[error occurred during error reporting (printing stack bounds), id 0xc0000005]

Native frames: (J=compiled Java code, j=interpreted, Vv=VM code, C=native code)


Current CompileTask:
C2:   4971 1589   !   4       com.android.dx.cf.code.BytecodeArray::parseInstruction (2764 bytes)


---------------  P R O C E S S  ---------------

Java Threads: ( => current thread )
  0x0000000007a19800 JavaThread "pool-1-thread-4" [_thread_in_Java, id=4864, stack(0x00000000086a0000,0x00000000087a0000)]
  0x0000000007a15800 JavaThread "pool-1-thread-3" [_thread_in_Java, id=6768, stack(0x00000000085a0000,0x00000000086a0000)]
  0x0000000007a12000 JavaThread "pool-1-thread-2" [_thread_in_Java, id=2956, stack(0x00000000084a0000,0x00000000085a0000)]
  0x0000000007a69000 JavaThread "pool-2-thread-1" [_thread_blocked, id=5988, stack(0x00000000083a0000,0x00000000084a0000)]
  0x0000000007a68800 JavaThread "pool-1-thread-1" [_thread_in_Java, id=1276, stack(0x00000000082a0000,0x00000000083a0000)]
  0x0000000007802800 JavaThread "Service Thread" daemon [_thread_blocked, id=1300, stack(0x00000000080a0000,0x00000000081a0000)]
  0x00000000064ab800 JavaThread "C1 CompilerThread2" daemon [_thread_blocked, id=2836, stack(0x0000000007fa0000,0x00000000080a0000)]
  0x0000000002d7e000 JavaThread "C2 CompilerThread1" daemon [_thread_in_native, id=8504, stack(0x0000000007ea0000,0x0000000007fa0000)]
=>0x00000000077e3000 JavaThread "C2 CompilerThread0" daemon [_thread_in_native, id=11496, stack(0x0000000007da0000,0x0000000007ea0000)]
  0x0000000006462800 JavaThread "Attach Listener" daemon [_thread_blocked, id=9504, stack(0x0000000007ca0000,0x0000000007da0000)]
  0x0000000006461800 JavaThread "Signal Dispatcher" daemon [_thread_blocked, id=11888, stack(0x0000000007ba0000,0x0000000007ca0000)]
  0x000000000643a800 JavaThread "Finalizer" daemon [_thread_blocked, id=6396, stack(0x00000000076a0000,0x00000000077a0000)]
  0x0000000002d6f800 JavaThread "Reference Handler" daemon [_thread_blocked, id=12456, stack(0x00000000075a0000,0x00000000076a0000)]
  0x0000000002c81000 JavaThread "main" [_thread_blocked, id=10668, stack(0x0000000002a00000,0x0000000002b00000)]

Other Threads:
  0x0000000006418000 VMThread [stack: 0x00000000074a0000,0x00000000075a0000] [id=7604]
  0x0000000007830000 WatcherThread [stack: 0x00000000081a0000,0x00000000082a0000] [id=9616]

VM state:not at safepoint (normal execution)

VM Mutex/Monitor currently owned by a thread: None

Heap:
 PSYoungGen      total 70656K, used 42488K [0x00000000eab00000, 0x00000000ef500000, 0x0000000100000000)
  eden space 65536K, 57% used [0x00000000eab00000,0x00000000ecf81488,0x00000000eeb00000)
  from space 5120K, 99% used [0x00000000ef000000,0x00000000ef4fcf08,0x00000000ef500000)
  to   space 5120K, 0% used [0x00000000eeb00000,0x00000000eeb00000,0x00000000ef000000)
 ParOldGen       total 86016K, used 6184K [0x00000000c0000000, 0x00000000c5400000, 0x00000000eab00000)
  object space 86016K, 7% used [0x00000000c0000000,0x00000000c060a198,0x00000000c5400000)
 Metaspace       used 6337K, capacity 7096K, committed 7296K, reserved 1056768K
  class space    used 607K, capacity 624K, committed 640K, reserved 1048576K

Card table byte_map: [0x0000000003140000,0x0000000003350000] byte_map_base: 0x0000000002b40000

Marking Bits: (ParMarkBitMap*) 0x0000000054d3a6d0
 Begin Bits: [0x00000000038b0000, 0x00000000048b0000)
 End Bits:   [0x00000000048b0000, 0x00000000058b0000)

Polling page: 0x00000000009f0000

CodeCache: size=245760Kb used=6940Kb max_used=6940Kb free=238819Kb
 bounds [0x000000000f010000, 0x000000000f6e0000, 0x000000001e010000]
 total_blobs=1974 nmethods=1702 adapters=184
 compilation: enabled

Compilation events (10 events):
Event: 4.775 Thread 0x00000000064ab800 1718 %     3       com.android.dx.cf.cst.ConstantPoolParser::parse @ 96 (365 bytes)
Event: 4.778 Thread 0x00000000064ab800 nmethod 1718% 0x000000000f6cfdd0 code [0x000000000f6d0360, 0x000000000f6d39c8]
Event: 4.778 Thread 0x00000000064ab800 1719       2       com.android.dx.cf.direct.StdAttributeFactory::exceptions (105 bytes)
Event: 4.780 Thread 0x00000000064ab800 nmethod 1719 0x000000000f6d5cd0 code [0x000000000f6d5f20, 0x000000000f6d6838]
Event: 4.800 Thread 0x00000000064ab800 1720       1       com.android.dx.ssa.PhiInsn::canThrow (2 bytes)
Event: 4.800 Thread 0x00000000064ab800 nmethod 1720 0x000000000f6d8050 code [0x000000000f6d81a0, 0x000000000f6d82b0]
Event: 4.801 Thread 0x00000000064ab800 1721       2       com.android.dx.rop.code.CstInsn::contentEquals (31 bytes)
Event: 4.802 Thread 0x00000000064ab800 nmethod 1721 0x000000000f6d8310 code [0x000000000f6d8480, 0x000000000f6d8698]
Event: 4.828 Thread 0x00000000064ab800 1722       2       com.android.dx.ssa.LocalVariableExtractor::processBlock (383 bytes)
Event: 4.831 Thread 0x00000000064ab800 nmethod 1722 0x000000000f6d8790 code [0x000000000f6d8b00, 0x000000000f6d9d38]

GC Heap History (4 events):
Event: 3.230 GC heap before
{Heap before GC invocations=1 (full 0):
 PSYoungGen      total 37888K, used 32768K [0x00000000eab00000, 0x00000000ed500000, 0x0000000100000000)
  eden space 32768K, 100% used [0x00000000eab00000,0x00000000ecb00000,0x00000000ecb00000)
  from space 5120K, 0% used [0x00000000ed000000,0x00000000ed000000,0x00000000ed500000)
  to   space 5120K, 0% used [0x00000000ecb00000,0x00000000ecb00000,0x00000000ed000000)
 ParOldGen       total 86016K, used 0K [0x00000000c0000000, 0x00000000c5400000, 0x00000000eab00000)
  object space 86016K, 0% used [0x00000000c0000000,0x00000000c0000000,0x00000000c5400000)
 Metaspace       used 6056K, capacity 6902K, committed 7040K, reserved 1056768K
  class space    used 604K, capacity 622K, committed 640K, reserved 1048576K
Event: 3.293 GC heap after
Heap after GC invocations=1 (full 0):
 PSYoungGen      total 37888K, used 5119K [0x00000000eab00000, 0x00000000ef500000, 0x0000000100000000)
  eden space 32768K, 0% used [0x00000000eab00000,0x00000000eab00000,0x00000000ecb00000)
  from space 5120K, 99% used [0x00000000ecb00000,0x00000000ecfffca8,0x00000000ed000000)
  to   space 5120K, 0% used [0x00000000ef000000,0x00000000ef000000,0x00000000ef500000)
 ParOldGen       total 86016K, used 1619K [0x00000000c0000000, 0x00000000c5400000, 0x00000000eab00000)
  object space 86016K, 1% used [0x00000000c0000000,0x00000000c0194f70,0x00000000c5400000)
 Metaspace       used 6056K, capacity 6902K, committed 7040K, reserved 1056768K
  class space    used 604K, capacity 622K, committed 640K, reserved 1048576K
}
Event: 4.045 GC heap before
{Heap before GC invocations=2 (full 0):
 PSYoungGen      total 37888K, used 37887K [0x00000000eab00000, 0x00000000ef500000, 0x0000000100000000)
  eden space 32768K, 100% used [0x00000000eab00000,0x00000000ecb00000,0x00000000ecb00000)
  from space 5120K, 99% used [0x00000000ecb00000,0x00000000ecfffca8,0x00000000ed000000)
  to   space 5120K, 0% used [0x00000000ef000000,0x00000000ef000000,0x00000000ef500000)
 ParOldGen       total 86016K, used 1619K [0x00000000c0000000, 0x00000000c5400000, 0x00000000eab00000)
  object space 86016K, 1% used [0x00000000c0000000,0x00000000c0194f70,0x00000000c5400000)
 Metaspace       used 6242K, capacity 7094K, committed 7296K, reserved 1056768K
  class space    used 604K, capacity 622K, committed 640K, reserved 1048576K
Event: 4.060 GC heap after
Heap after GC invocations=2 (full 0):
 PSYoungGen      total 70656K, used 5107K [0x00000000eab00000, 0x00000000ef500000, 0x0000000100000000)
  eden space 65536K, 0% used [0x00000000eab00000,0x00000000eab00000,0x00000000eeb00000)
  from space 5120K, 99% used [0x00000000ef000000,0x00000000ef4fcf08,0x00000000ef500000)
  to   space 5120K, 0% used [0x00000000eeb00000,0x00000000eeb00000,0x00000000ef000000)
 ParOldGen       total 86016K, used 6184K [0x00000000c0000000, 0x00000000c5400000, 0x00000000eab00000)
  object space 86016K, 7% used [0x00000000c0000000,0x00000000c060a198,0x00000000c5400000)
 Metaspace       used 6242K, capacity 7094K, committed 7296K, reserved 1056768K
  class space    used 604K, capacity 622K, committed 640K, reserved 1048576K
}

Deoptimization events (10 events):
Event: 3.999 Thread 0x0000000007a12000 Uncommon trap: reason=unstable_if action=reinterpret pc=0x000000000f369e9c method=com.android.dx.rop.cst.Constant.compareTo(Lcom/android/dx/rop/cst/Constant;)I @ 12
Event: 4.035 Thread 0x0000000007a68800 Uncommon trap: reason=bimorphic action=maybe_recompile pc=0x000000000f651f10 method=com.android.dx.cf.code.BytecodeArray.parseInstruction(ILcom/android/dx/cf/code/BytecodeArray$Visitor;)I @ 1130
Event: 4.036 Thread 0x0000000007a68800 Uncommon trap: reason=bimorphic action=maybe_recompile pc=0x000000000f651f10 method=com.android.dx.cf.code.BytecodeArray.parseInstruction(ILcom/android/dx/cf/code/BytecodeArray$Visitor;)I @ 1130
Event: 4.420 Thread 0x0000000007a19800 Uncommon trap: reason=bimorphic action=maybe_recompile pc=0x000000000f650f3c method=com.android.dx.cf.code.BytecodeArray.parseInstruction(ILcom/android/dx/cf/code/BytecodeArray$Visitor;)I @ 2281
Event: 4.420 Thread 0x0000000007a19800 Uncommon trap: reason=bimorphic action=maybe_recompile pc=0x000000000f650f3c method=com.android.dx.cf.code.BytecodeArray.parseInstruction(ILcom/android/dx/cf/code/BytecodeArray$Visitor;)I @ 2281
Event: 4.724 Thread 0x0000000007a19800 Uncommon trap: reason=unstable_if action=reinterpret pc=0x000000000f593398 method=com.android.dx.rop.code.LocalItem.compareHandlesNulls(Lcom/android/dx/rop/cst/CstString;Lcom/android/dx/rop/cst/CstString;)I @ 14
Event: 4.804 Thread 0x0000000007a68800 Uncommon trap: reason=class_check action=maybe_recompile pc=0x000000000f67a7b4 method=com.android.dx.rop.code.RegisterSpec.withSimpleType()Lcom/android/dx/rop/code/RegisterSpec; @ 21
Event: 4.804 Thread 0x0000000007a68800 Uncommon trap: reason=class_check action=maybe_recompile pc=0x000000000f67a7b4 method=com.android.dx.rop.code.RegisterSpec.withSimpleType()Lcom/android/dx/rop/code/RegisterSpec; @ 21
Event: 4.804 Thread 0x0000000007a68800 Uncommon trap: reason=class_check action=maybe_recompile pc=0x000000000f67a7b4 method=com.android.dx.rop.code.RegisterSpec.withSimpleType()Lcom/android/dx/rop/code/RegisterSpec; @ 21
Event: 4.804 Thread 0x0000000007a68800 Uncommon trap: reason=class_check action=maybe_recompile pc=0x000000000f67a7b4 method=com.android.dx.rop.code.RegisterSpec.withSimpleType()Lcom/android/dx/rop/code/RegisterSpec; @ 21

Internal exceptions (5 events):
Event: 0.872 Thread 0x0000000002c81000 Exception <a 'java/lang/NoSuchMethodError': Method sun.misc.Unsafe.defineClass(Ljava/lang/String;[BII)Ljava/lang/Class; name or signature does not match> (0x00000000eab07cc0) thrown at [C:\re\workspace\8-2-build-windows-amd64-cygwin\jdk8u101\7261\hotspot\sI‡6MEËÎ?
Event: 0.872 Thread 0x0000000002c81000 Exception <a 'java/lang/NoSuchMethodError': Method sun.misc.Unsafe.prefetchRead(Ljava/lang/Object;J)V name or signature does not match> (0x00000000eab07fa8) thrown at [C:\re\workspace\8-2-build-windows-amd64-cygwin\jdk8u101\7261\hotspot\src\share\vm\prims\æzù1W	@
Event: 3.168 Thread 0x0000000007a68800 Implicit null exception at 0x000000000f36aee2 to 0x000000000f36afd2
Event: 3.175 Thread 0x0000000007a12000 Implicit null exception at 0x000000000f37122f to 0x000000000f373071
Event: 4.724 Thread 0x0000000007a19800 Implicit null exception at 0x000000000f59181d to 0x000000000f59336d

Events (10 events):
Event: 4.804 Thread 0x0000000007a68800 DEOPT UNPACKING pc=0x000000000f05582a sp=0x000000000839e6d8 mode 2
Event: 4.804 Thread 0x0000000007a68800 Uncommon trap: trap_request=0xffffffde fr.pc=0x000000000f67a7b4
Event: 4.804 Thread 0x0000000007a68800 DEOPT PACKING pc=0x000000000f67a7b4 sp=0x000000000839e770
Event: 4.804 Thread 0x0000000007a68800 DEOPT UNPACKING pc=0x000000000f05582a sp=0x000000000839e6d8 mode 2
Event: 4.804 Thread 0x0000000007a68800 Uncommon trap: trap_request=0xffffffde fr.pc=0x000000000f67a7b4
Event: 4.804 Thread 0x0000000007a68800 DEOPT PACKING pc=0x000000000f67a7b4 sp=0x000000000839e770
Event: 4.804 Thread 0x0000000007a68800 DEOPT UNPACKING pc=0x000000000f05582a sp=0x000000000839e6d8 mode 2
Event: 4.804 Thread 0x0000000007a68800 Uncommon trap: trap_request=0xffffffde fr.pc=0x000000000f67a7b4
Event: 4.804 Thread 0x0000000007a68800 DEOPT PACKING pc=0x000000000f67a7b4 sp=0x000000000839e770
Event: 4.804 Thread 0x0000000007a68800 DEOPT UNPACKING pc=0x000000000f05582a sp=0x000000000839e6d8 mode 2


Dynamic libraries:
0x00007ff67bb80000 - 0x00007ff67bbb7000 	C:\Program Files\Java\jdk1.8.0_101\bin\java.exe
0x00007fffae780000 - 0x00007fffae941000 	C:\Windows\SYSTEM32\ntdll.dll
0x00007fffad9c0000 - 0x00007fffada6d000 	C:\Windows\system32\KERNEL32.DLL
0x00007fffab760000 - 0x00007fffab948000 	C:\Windows\system32\KERNELBASE.dll
0x00007fffad7a0000 - 0x00007fffad847000 	C:\Windows\system32\ADVAPI32.dll
0x00007fffad920000 - 0x00007fffad9bd000 	C:\Windows\system32\msvcrt.dll
0x00007fffae280000 - 0x00007fffae2db000 	C:\Windows\system32\sechost.dll
0x00007fffade20000 - 0x00007fffadf3c000 	C:\Windows\system32\RPCRT4.dll
0x00007fffad5e0000 - 0x00007fffad736000 	C:\Windows\system32\USER32.dll
0x00007fffabb80000 - 0x00007fffabd06000 	C:\Windows\system32\GDI32.dll
0x00007fffa6ba0000 - 0x00007fffa6e14000 	C:\Windows\WinSxS\amd64_microsoft.windows.common-controls_6595b64144ccf1df_6.0.10586.589_none_a2ddb3caa539acce\COMCTL32.dll
0x00007fffadba0000 - 0x00007fffade1d000 	C:\Windows\system32\combase.dll
0x00007fffaae30000 - 0x00007fffaae9a000 	C:\Windows\system32\bcryptPrimitives.dll
0x00007fffae090000 - 0x00007fffae0cb000 	C:\Windows\system32\IMM32.DLL
0x00007fffaac90000 - 0x00007fffaacc1000 	C:\Windows\system32\nvinitx.dll
0x00007fffaac80000 - 0x00007fffaac8a000 	C:\Windows\SYSTEM32\VERSION.dll
0x000000000f000000 - 0x000000000f006000 	C:\Program Files\NVIDIA Corporation\CoProcManager\_etoured.dll
0x00007fffa9500000 - 0x00007fffa9532000 	C:\Program Files\NVIDIA Corporation\CoProcManager\nvd3d9wrapx.dll
0x00007fffae350000 - 0x00007fffae779000 	C:\Windows\system32\SETUPAPI.dll
0x00007fffab710000 - 0x00007fffab753000 	C:\Windows\system32\CFGMGR32.dll
0x00007fffa94d0000 - 0x00007fffa94f2000 	C:\Program Files\NVIDIA Corporation\CoProcManager\nvdxgiwrapx.dll
0x0000000054dc0000 - 0x0000000054e92000 	C:\Program Files\Java\jdk1.8.0_101\jre\bin\msvcr100.dll
0x0000000054520000 - 0x0000000054dba000 	C:\Program Files\Java\jdk1.8.0_101\jre\bin\server\jvm.dll
0x00007fffadae0000 - 0x00007fffadae8000 	C:\Windows\system32\PSAPI.DLL
0x00007fffa8a60000 - 0x00007fffa8a69000 	C:\Windows\SYSTEM32\WSOCK32.dll
0x00007fffae2e0000 - 0x00007fffae34b000 	C:\Windows\system32\WS2_32.dll
0x00007fffa8fd0000 - 0x00007fffa8ff3000 	C:\Windows\SYSTEM32\WINMM.dll
0x00007fffa8f70000 - 0x00007fffa8f9c000 	C:\Windows\SYSTEM32\WINMMBASE.dll
0x0000000054510000 - 0x000000005451f000 	C:\Program Files\Java\jdk1.8.0_101\jre\bin\verify.dll
0x00000000544e0000 - 0x0000000054509000 	C:\Program Files\Java\jdk1.8.0_101\jre\bin\java.dll
0x00000000544c0000 - 0x00000000544d6000 	C:\Program Files\Java\jdk1.8.0_101\jre\bin\zip.dll
0x00007fffabea0000 - 0x00007fffad3fc000 	C:\Windows\system32\SHELL32.dll
0x00007fffaaf30000 - 0x00007fffab575000 	C:\Windows\system32\windows.storage.dll
0x00007fffad400000 - 0x00007fffad452000 	C:\Windows\system32\shlwapi.dll
0x00007fffaae20000 - 0x00007fffaae2f000 	C:\Windows\system32\kernel.appcore.dll
0x00007fffab580000 - 0x00007fffab635000 	C:\Windows\system32\shcore.dll
0x00007fffaada0000 - 0x00007fffaadeb000 	C:\Windows\system32\powrprof.dll
0x00007fffaadf0000 - 0x00007fffaae04000 	C:\Windows\system32\profapi.dll

VM Arguments:
jvm_args: -Djava.awt.headless=true -Xmx1024M -Dfile.encoding=GBK -Duser.country=CN -Duser.language=zh -Duser.variant 
java_command: com.android.dx.command.Main --dex --force-jumbo --num-threads=4 --output C:\Users\shenb\Desktop\Mpzn\app\build\intermediates\pre-dexed\debug\gson-2.7_fa0b6e0c6a893e57e6464702eb65bfc90cb207d8.jar C:\Users\shenb\.gradle\caches\modules-2\files-2.1\com.google.code.gson\gson\2.7\751f548c85fa49f330cecbb1875893f971b33c4e\gson-2.7.jar
java_class_path (initial): D:\AndroidSDK\build-tools\23.0.3\lib\dx.jar
Launcher Type: SUN_STANDARD

Environment Variables:
JAVA_HOME=C:\Program Files\Java\jdk1.8.0_101
PATH=C:\ProgramData\Oracle\Java\javapath;C:\Program Files (x86)\Intel\iCLS Client\;C:\Program Files\Intel\iCLS Client\;C:\Windows\system32;C:\Windows;C:\Windows\System32\Wbem;C:\Windows\System32\WindowsPowerShell\v1.0\;C:\Program Files\Intel\Intel(R) Management Engine Components\DAL;C:\Program Files\Intel\Intel(R) Management Engine Components\IPT;C:\Program Files (x86)\Intel\Intel(R) Management Engine Components\DAL;C:\Program Files (x86)\Intel\Intel(R) Management Engine Components\IPT;C:\Program Files (x86)\VisualSVN Server\bin;C:\Program Files\TortoiseSVN\bin;C:\Program Files\TortoiseGit\bin;D:\AS\android-sdk-windows\platform-tools;C:\Program Files\Java\jdk1.8.0_101\bin;D:\adt-bundle-windows-x64\android-sdk-windows\platform-tools;D:\adt-bundle-windows-x64\android-sdk-windows\tools;D:\apache-tomcat-6.0.44\bin
USERNAME=Icy
OS=Windows_NT
PROCESSOR_IDENTIFIER=Intel64 Family 6 Model 58 Stepping 9, GenuineIntel



---------------  S Y S T E M  ---------------

OS: Windows 10.0 , 64 bit Build 10586 (10.0.10586.589)

CPU:total 4 (2 cores per cpu, 2 threads per core) family 6 model 58 stepping 9, cmov, cx8, fxsr, mmx, sse, sse2, sse3, ssse3, sse4.1, sse4.2, popcnt, avx, aes, clmul, erms, ht, tsc, tscinvbit, tscinv

Memory: 4k page, physical 8241668k(671856k free), swap 14949184k(5540k free)

vm_info: Java HotSpot(TM) 64-Bit Server VM (25.101-b13) for windows-amd64 JRE (1.8.0_101-b13), built on Jun 22 2016 01:21:29 by "java_re" with MS VC++ 10.0 (VS2010)

time: Tue Sep 27 17:56:10 2016
elapsed time: 4 seconds (0d 0h 0m 4s)

