#
# There is insufficient memory for the Java Runtime Environment to continue.
# Native memory allocation (malloc) failed to allocate 223696 bytes for Chunk::new
# Possible reasons:
#   The system is out of physical RAM or swap space
#   In 32 bit mode, the process size limit was hit
# Possible solutions:
#   Reduce memory load on the system
#   Increase physical memory or swap space
#   Check if swap backing store is full
#   Use 64 bit Java on a 64 bit OS
#   Decrease Java heap size (-Xmx/-Xms)
#   Decrease number of Java threads
#   Decrease Java thread stack sizes (-Xss)
#   Set larger code cache with -XX:ReservedCodeCacheSize=
# This output file may be truncated or incomplete.
#
#  Out of Memory Error (allocation.cpp:390), pid=11216, tid=0x0000000000002924
#
# JRE version: Java(TM) SE Runtime Environment (8.0_101-b13) (build 1.8.0_101-b13)
# Java VM: Java HotSpot(TM) 64-Bit Server VM (25.101-b13 mixed mode windows-amd64 compressed oops)
# Failed to write core dump. Minidumps are not enabled by default on client versions of Windows
#

---------------  T H R E A D  ---------------

Current thread (0x000000000337b000):  JavaThread "C2 CompilerThread0" daemon [_thread_in_native, id=10532, stack(0x00000000083a0000,0x00000000084a0000)]

Stack: [0x00000000083a0000,0x00000000084a0000]
[error occurred during error reporting (printing stack bounds), id 0xc0000005]

Native frames: (J=compiled Java code, j=interpreted, Vv=VM code, C=native code)


Current CompileTask:
C2:   3482 1038   !   4       com.android.dx.cf.code.BytecodeArray::parseInstruction (2764 bytes)


---------------  P R O C E S S  ---------------

Java Threads: ( => current thread )
  0x0000000008012000 JavaThread "pool-1-thread-4" [_thread_in_Java, id=23280, stack(0x0000000008ca0000,0x0000000008da0000)]
  0x0000000008010800 JavaThread "pool-1-thread-3" [_thread_blocked, id=13592, stack(0x0000000008ba0000,0x0000000008ca0000)]
  0x0000000007ef2800 JavaThread "pool-1-thread-2" [_thread_blocked, id=24440, stack(0x0000000008aa0000,0x0000000008ba0000)]
  0x0000000007ef0000 JavaThread "pool-2-thread-1" [_thread_blocked, id=8740, stack(0x00000000089a0000,0x0000000008aa0000)]
  0x0000000007eea000 JavaThread "pool-1-thread-1" [_thread_blocked, id=20740, stack(0x00000000088a0000,0x00000000089a0000)]
  0x0000000007e0b000 JavaThread "Service Thread" daemon [_thread_blocked, id=17288, stack(0x00000000086a0000,0x00000000087a0000)]
  0x0000000007e04000 JavaThread "C1 CompilerThread2" daemon [_thread_blocked, id=12036, stack(0x00000000085a0000,0x00000000086a0000)]
  0x000000000337d000 JavaThread "C2 CompilerThread1" daemon [_thread_in_native, id=20644, stack(0x00000000084a0000,0x00000000085a0000)]
=>0x000000000337b000 JavaThread "C2 CompilerThread0" daemon [_thread_in_native, id=10532, stack(0x00000000083a0000,0x00000000084a0000)]
  0x0000000007de2800 JavaThread "Attach Listener" daemon [_thread_blocked, id=3112, stack(0x00000000082a0000,0x00000000083a0000)]
  0x0000000006a62000 JavaThread "Signal Dispatcher" daemon [_thread_blocked, id=24100, stack(0x00000000081a0000,0x00000000082a0000)]
  0x0000000006a3a000 JavaThread "Finalizer" daemon [_thread_blocked, id=20716, stack(0x0000000007ca0000,0x0000000007da0000)]
  0x0000000006a19000 JavaThread "Reference Handler" daemon [_thread_blocked, id=14828, stack(0x0000000007ba0000,0x0000000007ca0000)]
  0x0000000003281000 JavaThread "main" [_thread_in_native, id=22052, stack(0x0000000003180000,0x0000000003280000)]

Other Threads:
  0x0000000006a17000 VMThread [stack: 0x0000000007aa0000,0x0000000007ba0000] [id=10664]
  0x0000000007e15800 WatcherThread [stack: 0x00000000087a0000,0x00000000088a0000] [id=23540]

VM state:not at safepoint (normal execution)

VM Mutex/Monitor currently owned by a thread: None

Heap:
 PSYoungGen      total 37888K, used 28877K [0x00000000eab00000, 0x00000000ed500000, 0x0000000100000000)
  eden space 32768K, 88% used [0x00000000eab00000,0x00000000ec7335c8,0x00000000ecb00000)
  from space 5120K, 0% used [0x00000000ed000000,0x00000000ed000000,0x00000000ed500000)
  to   space 5120K, 0% used [0x00000000ecb00000,0x00000000ecb00000,0x00000000ed000000)
 ParOldGen       total 86016K, used 0K [0x00000000c0000000, 0x00000000c5400000, 0x00000000eab00000)
  object space 86016K, 0% used [0x00000000c0000000,0x00000000c0000000,0x00000000c5400000)
 Metaspace       used 5745K, capacity 6832K, committed 7040K, reserved 1056768K
  class space    used 579K, capacity 616K, committed 640K, reserved 1048576K

Card table byte_map: [0x0000000003740000,0x0000000003950000] byte_map_base: 0x0000000003140000

Marking Bits: (ParMarkBitMap*) 0x0000000058ffa6d0
 Begin Bits: [0x0000000003eb0000, 0x0000000004eb0000)
 End Bits:   [0x0000000004eb0000, 0x0000000005eb0000)

Polling page: 0x0000000001120000

CodeCache: size=245760Kb used=4461Kb max_used=4471Kb free=241298Kb
 bounds [0x000000000f010000, 0x000000000f480000, 0x000000001e010000]
 total_blobs=1404 nmethods=1141 adapters=176
 compilation: enabled

Compilation events (10 events):
Event: 3.473 Thread 0x000000000337d000 nmethod 1109% 0x000000000f4655d0 code [0x000000000f465740, 0x000000000f465a78]
Event: 3.473 Thread 0x000000000337d000 1112       4       java.util.Collections$UnmodifiableCollection::iterator (9 bytes)
Event: 3.473 Thread 0x0000000007e04000 nmethod 1140 0x000000000f46b910 code [0x000000000f46bb20, 0x000000000f46c698]
Event: 3.473 Thread 0x0000000007e04000 1141       3       com.android.dx.dex.code.RopTranslator$TranslationVisitor::visitThrowingInsn (118 bytes)
Event: 3.475 Thread 0x0000000007e04000 nmethod 1141 0x000000000f46cd50 code [0x000000000f46d060, 0x000000000f46e968]
Event: 3.476 Thread 0x0000000007e04000 1142       3       com.android.dx.rop.code.FillArrayDataInsn::<init> (39 bytes)
Event: 3.476 Thread 0x0000000007e04000 nmethod 1142 0x000000000f46b2d0 code [0x000000000f46b460, 0x000000000f46b7d8]
Event: 3.478 Thread 0x000000000337d000 nmethod 1112 0x000000000f46abd0 code [0x000000000f46ad40, 0x000000000f46aff8]
Event: 3.478 Thread 0x000000000337d000 1130       4       com.android.dx.rop.code.RegisterSpec::make (7 bytes)
Event: 3.479 Thread 0x000000000337d000 nmethod 1130 0x000000000f46f790 code [0x000000000f46f8e0, 0x000000000f46f948]

GC Heap History (0 events):
No events

Deoptimization events (10 events):
Event: 2.985 Thread 0x0000000007ef2800 Uncommon trap: reason=class_check action=maybe_recompile pc=0x000000000f1dc210 method=com.android.dx.rop.cst.CstMemberRef.compareTo0(Lcom/android/dx/rop/cst/Constant;)I @ 1
Event: 2.985 Thread 0x0000000008010800 Uncommon trap: reason=class_check action=maybe_recompile pc=0x000000000f1dc210 method=com.android.dx.rop.cst.CstMemberRef.compareTo0(Lcom/android/dx/rop/cst/Constant;)I @ 1
Event: 2.985 Thread 0x0000000008010800 Uncommon trap: reason=class_check action=maybe_recompile pc=0x000000000f1dc210 method=com.android.dx.rop.cst.CstMemberRef.compareTo0(Lcom/android/dx/rop/cst/Constant;)I @ 1
Event: 2.985 Thread 0x0000000003281000 Uncommon trap: reason=class_check action=maybe_recompile pc=0x000000000f1dc210 method=com.android.dx.rop.cst.CstMemberRef.compareTo0(Lcom/android/dx/rop/cst/Constant;)I @ 1
Event: 2.998 Thread 0x0000000008010800 Uncommon trap: reason=unstable_if action=reinterpret pc=0x000000000f1c3c9c method=com.android.dx.rop.cst.Constant.compareTo(Lcom/android/dx/rop/cst/Constant;)I @ 12
Event: 3.006 Thread 0x0000000003281000 Uncommon trap: reason=unstable_if action=reinterpret pc=0x000000000f28e4f0 method=java.util.BitSet.nextSetBit(I)I @ 87
Event: 3.077 Thread 0x0000000008010800 Uncommon trap: reason=unstable_if action=reinterpret pc=0x000000000f21bb4c method=com.android.dx.rop.cst.CstFieldRef.compareTo0(Lcom/android/dx/rop/cst/Constant;)I @ 7
Event: 3.082 Thread 0x0000000008012000 Uncommon trap: reason=unstable_if action=reinterpret pc=0x000000000f1d7614 method=com.android.dx.rop.cst.CstFieldRef.compareTo0(Lcom/android/dx/rop/cst/Constant;)I @ 7
Event: 3.094 Thread 0x0000000003281000 Uncommon trap: reason=unstable_if action=reinterpret pc=0x000000000f2a37b0 method=java.util.BitSet.ensureCapacity(I)V @ 6
Event: 3.246 Thread 0x0000000003281000 Uncommon trap: reason=unstable_if action=reinterpret pc=0x000000000f27c700 method=java.util.HashMap.getNode(ILjava/lang/Object;)Ljava/util/HashMap$Node; @ 143

Internal exceptions (2 events):
Event: 0.076 Thread 0x0000000003281000 Exception <a 'java/lang/NoSuchMethodError': Method sun.misc.Unsafe.defineClass(Ljava/lang/String;[BII)Ljava/lang/Class; name or signature does not match> (0x00000000eab07cc0) thrown at [C:\re\workspace\8-2-build-windows-amd64-cygwin\jdk8u101\7261\hotspot\sÇBÒús³?
Event: 0.076 Thread 0x0000000003281000 Exception <a 'java/lang/NoSuchMethodError': Method sun.misc.Unsafe.prefetchRead(Ljava/lang/Object;J)V name or signature does not match> (0x00000000eab07fa8) thrown at [C:\re\workspace\8-2-build-windows-amd64-cygwin\jdk8u101\7261\hotspot\src\share\vm\prims\

Events (10 events):
Event: 3.094 Thread 0x0000000003281000 Uncommon trap: trap_request=0xffffff65 fr.pc=0x000000000f2a37b0
Event: 3.094 Thread 0x0000000003281000 DEOPT PACKING pc=0x000000000f2a37b0 sp=0x000000000327dcb0
Event: 3.094 Thread 0x0000000003281000 DEOPT UNPACKING pc=0x000000000f05582a sp=0x000000000327dbf0 mode 2
Event: 3.102 loading class java/util/ArrayList$1
Event: 3.102 loading class java/util/ArrayList$1 done
Event: 3.246 Thread 0x0000000003281000 Uncommon trap: trap_request=0xffffff65 fr.pc=0x000000000f27c700
Event: 3.246 Thread 0x0000000003281000 DEOPT PACKING pc=0x000000000f27c700 sp=0x000000000327dfb0
Event: 3.246 Thread 0x0000000003281000 DEOPT UNPACKING pc=0x000000000f05582a sp=0x000000000327ded0 mode 2
Event: 3.436 Executing VM operation: ForceSafepoint
Event: 3.453 Executing VM operation: ForceSafepoint done


Dynamic libraries:
0x00007ff7f02f0000 - 0x00007ff7f0327000 	C:\Program Files\Java\jdk1.8.0_101\bin\java.exe
0x00007ffd253d0000 - 0x00007ffd25591000 	C:\Windows\SYSTEM32\ntdll.dll
0x00007ffd227d0000 - 0x00007ffd2287d000 	C:\Windows\system32\KERNEL32.DLL
0x00007ffd225c0000 - 0x00007ffd227a8000 	C:\Windows\system32\KERNELBASE.dll
0x00007ffd23bf0000 - 0x00007ffd23c97000 	C:\Windows\system32\ADVAPI32.dll
0x00007ffd22bd0000 - 0x00007ffd22c6d000 	C:\Windows\system32\msvcrt.dll
0x00007ffd25210000 - 0x00007ffd2526b000 	C:\Windows\system32\sechost.dll
0x00007ffd23ad0000 - 0x00007ffd23bec000 	C:\Windows\system32\RPCRT4.dll
0x00007ffd23970000 - 0x00007ffd23ac6000 	C:\Windows\system32\USER32.dll
0x00007ffd22c70000 - 0x00007ffd22df6000 	C:\Windows\system32\GDI32.dll
0x00007ffd1d0d0000 - 0x00007ffd1d344000 	C:\Windows\WinSxS\amd64_microsoft.windows.common-controls_6595b64144ccf1df_6.0.10586.589_none_a2ddb3caa539acce\COMCTL32.dll
0x00007ffd22e00000 - 0x00007ffd2307d000 	C:\Windows\system32\combase.dll
0x00007ffd21a80000 - 0x00007ffd21aea000 	C:\Windows\system32\bcryptPrimitives.dll
0x00007ffd23820000 - 0x00007ffd2385b000 	C:\Windows\system32\IMM32.DLL
0x00007ffd218e0000 - 0x00007ffd21911000 	C:\Windows\system32\nvinitx.dll
0x00007ffd218d0000 - 0x00007ffd218da000 	C:\Windows\SYSTEM32\VERSION.dll
0x000000000f000000 - 0x000000000f006000 	C:\Program Files\NVIDIA Corporation\CoProcManager\_etoured.dll
0x00007ffd1fd60000 - 0x00007ffd1fd92000 	C:\Program Files\NVIDIA Corporation\CoProcManager\nvd3d9wrapx.dll
0x00007ffd231b0000 - 0x00007ffd235d9000 	C:\Windows\system32\SETUPAPI.dll
0x00007ffd22570000 - 0x00007ffd225b3000 	C:\Windows\system32\CFGMGR32.dll
0x00007ffd1fd30000 - 0x00007ffd1fd52000 	C:\Program Files\NVIDIA Corporation\CoProcManager\nvdxgiwrapx.dll
0x0000000059080000 - 0x0000000059152000 	C:\Program Files\Java\jdk1.8.0_101\jre\bin\msvcr100.dll
0x00000000587e0000 - 0x000000005907a000 	C:\Program Files\Java\jdk1.8.0_101\jre\bin\server\jvm.dll
0x00007ffd25270000 - 0x00007ffd25278000 	C:\Windows\system32\PSAPI.DLL
0x00007ffd18770000 - 0x00007ffd18779000 	C:\Windows\SYSTEM32\WSOCK32.dll
0x00007ffd235e0000 - 0x00007ffd2364b000 	C:\Windows\system32\WS2_32.dll
0x00007ffd1fc20000 - 0x00007ffd1fc43000 	C:\Windows\SYSTEM32\WINMM.dll
0x00007ffd1fbc0000 - 0x00007ffd1fbec000 	C:\Windows\SYSTEM32\WINMMBASE.dll
0x00000000587d0000 - 0x00000000587df000 	C:\Program Files\Java\jdk1.8.0_101\jre\bin\verify.dll
0x00000000587a0000 - 0x00000000587c9000 	C:\Program Files\Java\jdk1.8.0_101\jre\bin\java.dll
0x0000000058780000 - 0x0000000058796000 	C:\Program Files\Java\jdk1.8.0_101\jre\bin\zip.dll
0x00007ffd23cb0000 - 0x00007ffd2520c000 	C:\Windows\system32\SHELL32.dll
0x00007ffd21e90000 - 0x00007ffd224d5000 	C:\Windows\system32\windows.storage.dll
0x00007ffd22b70000 - 0x00007ffd22bc2000 	C:\Windows\system32\shlwapi.dll
0x00007ffd219f0000 - 0x00007ffd219ff000 	C:\Windows\system32\kernel.appcore.dll
0x00007ffd21b50000 - 0x00007ffd21c05000 	C:\Windows\system32\shcore.dll
0x00007ffd21a20000 - 0x00007ffd21a6b000 	C:\Windows\system32\powrprof.dll
0x00007ffd21a00000 - 0x00007ffd21a14000 	C:\Windows\system32\profapi.dll

VM Arguments:
jvm_args: -Djava.awt.headless=true -Xmx1024M -Dfile.encoding=GBK -Duser.country=CN -Duser.language=zh -Duser.variant 
java_command: com.android.dx.command.Main --dex --force-jumbo --num-threads=4 --output C:\Users\shenb\Desktop\Mpzn\app\build\intermediates\pre-dexed\debug\main_436d117f9bcfc687ce8682b107e62055936e4478.jar C:\Users\shenb\Desktop\Mpzn\app\build\intermediates\transforms\instantRun\debug\folders\1\5\main
java_class_path (initial): D:\AndroidSDK\build-tools\23.0.3\lib\dx.jar
Launcher Type: SUN_STANDARD

Environment Variables:
JAVA_HOME=C:\Program Files\Java\jdk1.8.0_101
PATH=C:\ProgramData\Oracle\Java\javapath;C:\Program Files (x86)\Intel\iCLS Client\;C:\Program Files\Intel\iCLS Client\;C:\Windows\system32;C:\Windows;C:\Windows\System32\Wbem;C:\Windows\System32\WindowsPowerShell\v1.0\;C:\Program Files\Intel\Intel(R) Management Engine Components\DAL;C:\Program Files\Intel\Intel(R) Management Engine Components\IPT;C:\Program Files (x86)\Intel\Intel(R) Management Engine Components\DAL;C:\Program Files (x86)\Intel\Intel(R) Management Engine Components\IPT;C:\Program Files (x86)\VisualSVN Server\bin;C:\Program Files\TortoiseSVN\bin;C:\Program Files\TortoiseGit\bin;D:\AS\android-sdk-windows\platform-tools;C:\Program Files\Java\jdk1.8.0_101\bin;D:\adt-bundle-windows-x64\android-sdk-windows\platform-tools;D:\adt-bundle-windows-x64\android-sdk-windows\tools;D:\apache-tomcat-6.0.44\bin
USERNAME=Icy
OS=Windows_NT
PROCESSOR_IDENTIFIER=Intel64 Family 6 Model 58 Stepping 9, GenuineIntel



---------------  S Y S T E M  ---------------

OS: Windows 10.0 , 64 bit Build 10586 (10.0.10586.589)

CPU:total 4 (2 cores per cpu, 2 threads per core) family 6 model 58 stepping 9, cmov, cx8, fxsr, mmx, sse, sse2, sse3, ssse3, sse4.1, sse4.2, popcnt, avx, aes, clmul, erms, ht, tsc, tscinvbit, tscinv

Memory: 4k page, physical 8241668k(1378624k free), swap 14752000k(4584k free)

vm_info: Java HotSpot(TM) 64-Bit Server VM (25.101-b13) for windows-amd64 JRE (1.8.0_101-b13), built on Jun 22 2016 01:21:29 by "java_re" with MS VC++ 10.0 (VS2010)

time: Wed Nov 09 16:42:51 2016
elapsed time: 3 seconds (0d 0h 0m 3s)

