#
# There is insufficient memory for the Java Runtime Environment to continue.
# Native memory allocation (malloc) failed to allocate 148304 bytes for Chunk::new
# Possible reasons:
#   The system is out of physical RAM or swap space
#   In 32 bit mode, the process size limit was hit
# Possible solutions:
#   Reduce memory load on the system
#   Increase physical memory or swap space
#   Check if swap backing store is full
#   Use 64 bit Java on a 64 bit OS
#   Decrease Java heap size (-Xmx/-Xms)
#   Decrease number of Java threads
#   Decrease Java thread stack sizes (-Xss)
#   Set larger code cache with -XX:ReservedCodeCacheSize=
# This output file may be truncated or incomplete.
#
#  Out of Memory Error (allocation.cpp:390), pid=11420, tid=0x00000000000006e4
#
# JRE version: Java(TM) SE Runtime Environment (8.0_101-b13) (build 1.8.0_101-b13)
# Java VM: Java HotSpot(TM) 64-Bit Server VM (25.101-b13 mixed mode windows-amd64 compressed oops)
# Failed to write core dump. Minidumps are not enabled by default on client versions of Windows
#

---------------  T H R E A D  ---------------

Current thread (0x000000000309b800):  JavaThread "C2 CompilerThread0" daemon [_thread_in_native, id=1764, stack(0x00000000080e0000,0x00000000081e0000)]

Stack: [0x00000000080e0000,0x00000000081e0000]
[error occurred during error reporting (printing stack bounds), id 0xc0000005]

Native frames: (J=compiled Java code, j=interpreted, Vv=VM code, C=native code)


Current CompileTask:
C2:   4297 1207       4       com.android.dx.ssa.LocalVariableInfo::mergeStarts (59 bytes)


---------------  P R O C E S S  ---------------

Java Threads: ( => current thread )
  0x0000000007d53000 JavaThread "pool-1-thread-4" [_thread_in_Java, id=5048, stack(0x00000000089e0000,0x0000000008ae0000)]
  0x0000000007c58800 JavaThread "pool-2-thread-1" [_thread_blocked, id=7156, stack(0x00000000086e0000,0x00000000087e0000)]
  0x0000000007b4b000 JavaThread "Service Thread" daemon [_thread_blocked, id=11928, stack(0x00000000083e0000,0x00000000084e0000)]
  0x0000000007b45000 JavaThread "C1 CompilerThread2" daemon [_thread_blocked, id=8988, stack(0x00000000082e0000,0x00000000083e0000)]
  0x000000000309d800 JavaThread "C2 CompilerThread1" daemon [_thread_in_native, id=8732, stack(0x00000000081e0000,0x00000000082e0000)]
=>0x000000000309b800 JavaThread "C2 CompilerThread0" daemon [_thread_in_native, id=1764, stack(0x00000000080e0000,0x00000000081e0000)]
  0x0000000006782800 JavaThread "Attach Listener" daemon [_thread_blocked, id=1872, stack(0x0000000007fe0000,0x00000000080e0000)]
  0x0000000007b23800 JavaThread "Signal Dispatcher" daemon [_thread_blocked, id=13196, stack(0x0000000007ee0000,0x0000000007fe0000)]
  0x000000000675a000 JavaThread "Finalizer" daemon [_thread_blocked, id=9596, stack(0x00000000079e0000,0x0000000007ae0000)]
  0x0000000006739000 JavaThread "Reference Handler" daemon [_thread_blocked, id=7992, stack(0x00000000078e0000,0x00000000079e0000)]
  0x0000000002fa1000 JavaThread "main" [_thread_blocked, id=5340, stack(0x0000000002de0000,0x0000000002ee0000)]

Other Threads:
  0x0000000006737000 VMThread [stack: 0x00000000077e0000,0x00000000078e0000] [id=13732]
  0x0000000007ba7000 WatcherThread [stack: 0x00000000084e0000,0x00000000085e0000] [id=3464]

VM state:not at safepoint (normal execution)

VM Mutex/Monitor currently owned by a thread: None

Heap:
 PSYoungGen      total 37888K, used 6807K [0x00000000eab00000, 0x00000000ed500000, 0x0000000100000000)
  eden space 32768K, 5% used [0x00000000eab00000,0x00000000eaca7d68,0x00000000ecb00000)
  from space 5120K, 99% used [0x00000000ecb00000,0x00000000ecffe038,0x00000000ed000000)
  to   space 5120K, 0% used [0x00000000ed000000,0x00000000ed000000,0x00000000ed500000)
 ParOldGen       total 86016K, used 1646K [0x00000000c0000000, 0x00000000c5400000, 0x00000000eab00000)
  object space 86016K, 1% used [0x00000000c0000000,0x00000000c019bb20,0x00000000c5400000)
 Metaspace       used 6009K, capacity 6904K, committed 7040K, reserved 1056768K
  class space    used 602K, capacity 624K, committed 640K, reserved 1048576K

Card table byte_map: [0x0000000003460000,0x0000000003670000] byte_map_base: 0x0000000002e60000

Marking Bits: (ParMarkBitMap*) 0x0000000054d3a6d0
 Begin Bits: [0x0000000003bd0000, 0x0000000004bd0000)
 End Bits:   [0x0000000004bd0000, 0x0000000005bd0000)

Polling page: 0x0000000001400000

CodeCache: size=245760Kb used=5166Kb max_used=5179Kb free=240593Kb
 bounds [0x000000000f010000, 0x000000000f530000, 0x000000001e010000]
 total_blobs=1511 nmethods=1240 adapters=184
 compilation: enabled

Compilation events (10 events):
Event: 4.232 Thread 0x0000000007b45000 1237       3       com.android.dx.dex.cf.AttributeTranslator::getSignature (26 bytes)
Event: 4.232 Thread 0x0000000007b45000 nmethod 1237 0x000000000f513ad0 code [0x000000000f513c80, 0x000000000f5140a8]
Event: 4.234 Thread 0x0000000007b45000 1239       3       com.android.dx.dex.file.Item::<init> (5 bytes)
Event: 4.234 Thread 0x0000000007b45000 nmethod 1239 0x000000000f50bd10 code [0x000000000f50be60, 0x000000000f50c010]
Event: 4.235 Thread 0x0000000007b45000 1241       3       com.android.dx.ssa.ConstCollector::getConstsSortedByCountUse (386 bytes)
Event: 4.240 Thread 0x0000000007b45000 nmethod 1241 0x000000000f514210 code [0x000000000f514800, 0x000000000f518d48]
Event: 4.240 Thread 0x0000000007b45000 1242       3       com.android.dx.rop.code.LocalVariableExtractor::doit (49 bytes)
Event: 4.241 Thread 0x0000000007b45000 nmethod 1242 0x000000000f51b750 code [0x000000000f51b8e0, 0x000000000f51bd98]
Event: 4.241 Thread 0x0000000007b45000 1243       3       com.android.dx.dex.code.BlockAddresses::setupArrays (113 bytes)
Event: 4.243 Thread 0x0000000007b45000 nmethod 1243 0x000000000f51bfd0 code [0x000000000f51c280, 0x000000000f51dcd8]

GC Heap History (2 events):
Event: 4.195 GC heap before
{Heap before GC invocations=1 (full 0):
 PSYoungGen      total 37888K, used 32768K [0x00000000eab00000, 0x00000000ed500000, 0x0000000100000000)
  eden space 32768K, 100% used [0x00000000eab00000,0x00000000ecb00000,0x00000000ecb00000)
  from space 5120K, 0% used [0x00000000ed000000,0x00000000ed000000,0x00000000ed500000)
  to   space 5120K, 0% used [0x00000000ecb00000,0x00000000ecb00000,0x00000000ed000000)
 ParOldGen       total 86016K, used 0K [0x00000000c0000000, 0x00000000c5400000, 0x00000000eab00000)
  object space 86016K, 0% used [0x00000000c0000000,0x00000000c0000000,0x00000000c5400000)
 Metaspace       used 5978K, capacity 6904K, committed 7040K, reserved 1056768K
  class space    used 602K, capacity 624K, committed 640K, reserved 1048576K
Event: 4.205 GC heap after
Heap after GC invocations=1 (full 0):
 PSYoungGen      total 37888K, used 5112K [0x00000000eab00000, 0x00000000ed500000, 0x0000000100000000)
  eden space 32768K, 0% used [0x00000000eab00000,0x00000000eab00000,0x00000000ecb00000)
  from space 5120K, 99% used [0x00000000ecb00000,0x00000000ecffe038,0x00000000ed000000)
  to   space 5120K, 0% used [0x00000000ed000000,0x00000000ed000000,0x00000000ed500000)
 ParOldGen       total 86016K, used 1646K [0x00000000c0000000, 0x00000000c5400000, 0x00000000eab00000)
  object space 86016K, 1% used [0x00000000c0000000,0x00000000c019bb20,0x00000000c5400000)
 Metaspace       used 5978K, capacity 6904K, committed 7040K, reserved 1056768K
  class space    used 602K, capacity 624K, committed 640K, reserved 1048576K
}

Deoptimization events (10 events):
Event: 1.621 Thread 0x0000000007c5b800 Uncommon trap: reason=unstable_if action=reinterpret pc=0x000000000f32e450 method=com.android.dx.rop.code.RegisterSpec.equals(ILcom/android/dx/rop/type/TypeBearer;Lcom/android/dx/rop/code/LocalItem;)Z @ 42
Event: 1.630 Thread 0x0000000007c5b800 Uncommon trap: reason=bimorphic action=maybe_recompile pc=0x000000000f2b7374 method=java.util.HashMap.getNode(ILjava/lang/Object;)Ljava/util/HashMap$Node; @ 126
Event: 1.630 Thread 0x0000000007c5b800 Uncommon trap: reason=bimorphic action=maybe_recompile pc=0x000000000f2b7374 method=java.util.HashMap.getNode(ILjava/lang/Object;)Ljava/util/HashMap$Node; @ 126
Event: 1.630 Thread 0x0000000007c5b800 Uncommon trap: reason=bimorphic action=maybe_recompile pc=0x000000000f2b7374 method=java.util.HashMap.getNode(ILjava/lang/Object;)Ljava/util/HashMap$Node; @ 126
Event: 1.630 Thread 0x0000000007c5b800 Uncommon trap: reason=bimorphic action=maybe_recompile pc=0x000000000f2b7374 method=java.util.HashMap.getNode(ILjava/lang/Object;)Ljava/util/HashMap$Node; @ 126
Event: 2.859 Thread 0x0000000007d53000 Uncommon trap: reason=bimorphic action=maybe_recompile pc=0x000000000f481044 method=com.android.dx.cf.code.BytecodeArray.parseInstruction(ILcom/android/dx/cf/code/BytecodeArray$Visitor;)I @ 939
Event: 2.859 Thread 0x0000000007d53000 Uncommon trap: reason=bimorphic action=maybe_recompile pc=0x000000000f481044 method=com.android.dx.cf.code.BytecodeArray.parseInstruction(ILcom/android/dx/cf/code/BytecodeArray$Visitor;)I @ 939
Event: 2.922 Thread 0x0000000007d53000 Uncommon trap: reason=bimorphic action=maybe_recompile pc=0x000000000f481044 method=com.android.dx.cf.code.BytecodeArray.parseInstruction(ILcom/android/dx/cf/code/BytecodeArray$Visitor;)I @ 939
Event: 2.922 Thread 0x0000000007d53000 Uncommon trap: reason=bimorphic action=maybe_recompile pc=0x000000000f481044 method=com.android.dx.cf.code.BytecodeArray.parseInstruction(ILcom/android/dx/cf/code/BytecodeArray$Visitor;)I @ 939
Event: 3.554 Thread 0x0000000007d53000 Uncommon trap: reason=null_check action=make_not_entrant pc=0x000000000f2eb3e0 method=com.android.dx.rop.type.Type.equals(Ljava/lang/Object;)Z @ 8

Internal exceptions (3 events):
Event: 0.088 Thread 0x0000000002fa1000 Exception <a 'java/lang/NoSuchMethodError': Method sun.misc.Unsafe.defineClass(Ljava/lang/String;[BII)Ljava/lang/Class; name or signature does not match> (0x00000000eab07cc0) thrown at [C:\re\workspace\8-2-build-windows-amd64-cygwin\jdk8u101\7261\hotspot\s@”7÷Œ¶?
Event: 0.088 Thread 0x0000000002fa1000 Exception <a 'java/lang/NoSuchMethodError': Method sun.misc.Unsafe.prefetchRead(Ljava/lang/Object;J)V name or signature does not match> (0x00000000eab07fa8) thrown at [C:\re\workspace\8-2-build-windows-amd64-cygwin\jdk8u101\7261\hotspot\src\share\vm\prims\ò©’Æn@
Event: 3.554 Thread 0x0000000007d53000 Implicit null exception at 0x000000000f2eb2e2 to 0x000000000f2eb3d2

Events (10 events):
Event: 2.922 Thread 0x0000000007d53000 Uncommon trap: trap_request=0xffffffc6 fr.pc=0x000000000f481044
Event: 2.922 Thread 0x0000000007d53000 DEOPT PACKING pc=0x000000000f481044 sp=0x0000000008ade9d0
Event: 2.922 Thread 0x0000000007d53000 DEOPT UNPACKING pc=0x000000000f05582a sp=0x0000000008ade948 mode 2
Event: 2.958 Thread 0x0000000007d53000 DEOPT PACKING pc=0x000000000f396ecf sp=0x0000000008adec50
Event: 2.958 Thread 0x0000000007d53000 DEOPT UNPACKING pc=0x000000000f05787f sp=0x0000000008adea30 mode 0
Event: 3.554 Thread 0x0000000007d53000 Uncommon trap: trap_request=0xfffffff4 fr.pc=0x000000000f2eb3e0
Event: 3.554 Thread 0x0000000007d53000 DEOPT PACKING pc=0x000000000f2eb3e0 sp=0x0000000008ade870
Event: 3.554 Thread 0x0000000007d53000 DEOPT UNPACKING pc=0x000000000f05582a sp=0x0000000008ade7f8 mode 2
Event: 4.195 Executing VM operation: ParallelGCFailedAllocation
Event: 4.206 Executing VM operation: ParallelGCFailedAllocation done


Dynamic libraries:
0x00007ff67bb80000 - 0x00007ff67bbb7000 	C:\Program Files\Java\jdk1.8.0_101\bin\java.exe
0x00007fffae780000 - 0x00007fffae941000 	C:\Windows\SYSTEM32\ntdll.dll
0x00007fffad9c0000 - 0x00007fffada6d000 	C:\Windows\system32\KERNEL32.DLL
0x00007fffab760000 - 0x00007fffab948000 	C:\Windows\system32\KERNELBASE.dll
0x00007fffad7a0000 - 0x00007fffad847000 	C:\Windows\system32\ADVAPI32.dll
0x00007fffad920000 - 0x00007fffad9bd000 	C:\Windows\system32\msvcrt.dll
0x00007fffae280000 - 0x00007fffae2db000 	C:\Windows\system32\sechost.dll
0x00007fffade20000 - 0x00007fffadf3c000 	C:\Windows\system32\RPCRT4.dll
0x00007fffad5e0000 - 0x00007fffad736000 	C:\Windows\system32\USER32.dll
0x00007fffabb80000 - 0x00007fffabd06000 	C:\Windows\system32\GDI32.dll
0x00007fffa6ba0000 - 0x00007fffa6e14000 	C:\Windows\WinSxS\amd64_microsoft.windows.common-controls_6595b64144ccf1df_6.0.10586.589_none_a2ddb3caa539acce\COMCTL32.dll
0x00007fffadba0000 - 0x00007fffade1d000 	C:\Windows\system32\combase.dll
0x00007fffaae30000 - 0x00007fffaae9a000 	C:\Windows\system32\bcryptPrimitives.dll
0x00007fffae090000 - 0x00007fffae0cb000 	C:\Windows\system32\IMM32.DLL
0x00007fffaac90000 - 0x00007fffaacc1000 	C:\Windows\system32\nvinitx.dll
0x00007fffaac80000 - 0x00007fffaac8a000 	C:\Windows\SYSTEM32\VERSION.dll
0x000000000f000000 - 0x000000000f006000 	C:\Program Files\NVIDIA Corporation\CoProcManager\_etoured.dll
0x00007fffa9500000 - 0x00007fffa9532000 	C:\Program Files\NVIDIA Corporation\CoProcManager\nvd3d9wrapx.dll
0x00007fffae350000 - 0x00007fffae779000 	C:\Windows\system32\SETUPAPI.dll
0x00007fffab710000 - 0x00007fffab753000 	C:\Windows\system32\CFGMGR32.dll
0x00007fffa94d0000 - 0x00007fffa94f2000 	C:\Program Files\NVIDIA Corporation\CoProcManager\nvdxgiwrapx.dll
0x0000000054dc0000 - 0x0000000054e92000 	C:\Program Files\Java\jdk1.8.0_101\jre\bin\msvcr100.dll
0x0000000054520000 - 0x0000000054dba000 	C:\Program Files\Java\jdk1.8.0_101\jre\bin\server\jvm.dll
0x00007fffadae0000 - 0x00007fffadae8000 	C:\Windows\system32\PSAPI.DLL
0x00007fffa8a60000 - 0x00007fffa8a69000 	C:\Windows\SYSTEM32\WSOCK32.dll
0x00007fffae2e0000 - 0x00007fffae34b000 	C:\Windows\system32\WS2_32.dll
0x00007fffa8fd0000 - 0x00007fffa8ff3000 	C:\Windows\SYSTEM32\WINMM.dll
0x00007fffa8f70000 - 0x00007fffa8f9c000 	C:\Windows\SYSTEM32\WINMMBASE.dll
0x0000000054510000 - 0x000000005451f000 	C:\Program Files\Java\jdk1.8.0_101\jre\bin\verify.dll
0x00000000544e0000 - 0x0000000054509000 	C:\Program Files\Java\jdk1.8.0_101\jre\bin\java.dll
0x00000000544c0000 - 0x00000000544d6000 	C:\Program Files\Java\jdk1.8.0_101\jre\bin\zip.dll
0x00007fffabea0000 - 0x00007fffad3fc000 	C:\Windows\system32\SHELL32.dll
0x00007fffaaf30000 - 0x00007fffab575000 	C:\Windows\system32\windows.storage.dll
0x00007fffad400000 - 0x00007fffad452000 	C:\Windows\system32\shlwapi.dll
0x00007fffaae20000 - 0x00007fffaae2f000 	C:\Windows\system32\kernel.appcore.dll
0x00007fffab580000 - 0x00007fffab635000 	C:\Windows\system32\shcore.dll
0x00007fffaada0000 - 0x00007fffaadeb000 	C:\Windows\system32\powrprof.dll
0x00007fffaadf0000 - 0x00007fffaae04000 	C:\Windows\system32\profapi.dll

VM Arguments:
jvm_args: -Djava.awt.headless=true -Xmx1024M -Dfile.encoding=GBK -Duser.country=CN -Duser.language=zh -Duser.variant 
java_command: com.android.dx.command.Main --dex --force-jumbo --num-threads=4 --output C:\Users\shenb\Desktop\Mpzn\app\build\intermediates\pre-dexed\debug\com.bm.photoview-library-1.4.1_820cfeae55ba8208a3eb2e5e40997e24240e2fad.jar C:\Users\shenb\Desktop\Mpzn\app\build\intermediates\exploded-aar\com.bm.photoview\library\1.4.1\jars\classes.jar
java_class_path (initial): D:\AndroidSDK\build-tools\23.0.3\lib\dx.jar
Launcher Type: SUN_STANDARD

Environment Variables:
JAVA_HOME=C:\Program Files\Java\jdk1.8.0_101
PATH=C:\ProgramData\Oracle\Java\javapath;C:\Program Files (x86)\Intel\iCLS Client\;C:\Program Files\Intel\iCLS Client\;C:\Windows\system32;C:\Windows;C:\Windows\System32\Wbem;C:\Windows\System32\WindowsPowerShell\v1.0\;C:\Program Files\Intel\Intel(R) Management Engine Components\DAL;C:\Program Files\Intel\Intel(R) Management Engine Components\IPT;C:\Program Files (x86)\Intel\Intel(R) Management Engine Components\DAL;C:\Program Files (x86)\Intel\Intel(R) Management Engine Components\IPT;C:\Program Files (x86)\VisualSVN Server\bin;C:\Program Files\TortoiseSVN\bin;C:\Program Files\TortoiseGit\bin;D:\AS\android-sdk-windows\platform-tools;C:\Program Files\Java\jdk1.8.0_101\bin;D:\adt-bundle-windows-x64\android-sdk-windows\platform-tools;D:\adt-bundle-windows-x64\android-sdk-windows\tools;D:\apache-tomcat-6.0.44\bin
USERNAME=Icy
OS=Windows_NT
PROCESSOR_IDENTIFIER=Intel64 Family 6 Model 58 Stepping 9, GenuineIntel



---------------  S Y S T E M  ---------------

OS: Windows 10.0 , 64 bit Build 10586 (10.0.10586.589)

CPU:total 4 (2 cores per cpu, 2 threads per core) family 6 model 58 stepping 9, cmov, cx8, fxsr, mmx, sse, sse2, sse3, ssse3, sse4.1, sse4.2, popcnt, avx, aes, clmul, erms, ht, tsc, tscinvbit, tscinv

Memory: 4k page, physical 8241668k(1100564k free), swap 14949184k(3716k free)

vm_info: Java HotSpot(TM) 64-Bit Server VM (25.101-b13) for windows-amd64 JRE (1.8.0_101-b13), built on Jun 22 2016 01:21:29 by "java_re" with MS VC++ 10.0 (VS2010)

time: Tue Sep 27 18:03:38 2016
elapsed time: 4 seconds (0d 0h 0m 4s)

