#
# There is insufficient memory for the Java Runtime Environment to continue.
# Native memory allocation (malloc) failed to allocate 1027376 bytes for Chunk::new
# Possible reasons:
#   The system is out of physical RAM or swap space
#   In 32 bit mode, the process size limit was hit
# Possible solutions:
#   Reduce memory load on the system
#   Increase physical memory or swap space
#   Check if swap backing store is full
#   Use 64 bit Java on a 64 bit OS
#   Decrease Java heap size (-Xmx/-Xms)
#   Decrease number of Java threads
#   Decrease Java thread stack sizes (-Xss)
#   Set larger code cache with -XX:ReservedCodeCacheSize=
# This output file may be truncated or incomplete.
#
#  Out of Memory Error (allocation.cpp:390), pid=24888, tid=0x000000000000452c
#
# JRE version: Java(TM) SE Runtime Environment (8.0_101-b13) (build 1.8.0_101-b13)
# Java VM: Java HotSpot(TM) 64-Bit Server VM (25.101-b13 mixed mode windows-amd64 compressed oops)
# Failed to write core dump. Minidumps are not enabled by default on client versions of Windows
#

---------------  T H R E A D  ---------------

Current thread (0x00000000061ac000):  JavaThread "C2 CompilerThread0" daemon [_thread_in_native, id=17708, stack(0x00000000076c0000,0x00000000077c0000)]

Stack: [0x00000000076c0000,0x00000000077c0000]
[error occurred during error reporting (printing stack bounds), id 0xc0000005]

Native frames: (J=compiled Java code, j=interpreted, Vv=VM code, C=native code)


Current CompileTask:
C2:   3705 1341   !   4       com.android.dx.cf.code.BytecodeArray::parseInstruction (2764 bytes)


---------------  P R O C E S S  ---------------

Java Threads: ( => current thread )
  0x0000000007a51000 JavaThread "pool-1-thread-4" [_thread_blocked, id=23296, stack(0x00000000083c0000,0x00000000084c0000)]
  0x0000000007a4f800 JavaThread "pool-1-thread-3" [_thread_blocked, id=6016, stack(0x00000000082c0000,0x00000000083c0000)]
  0x0000000007a4e000 JavaThread "pool-1-thread-2" [_thread_in_Java, id=19520, stack(0x00000000081c0000,0x00000000082c0000)]
  0x0000000007a7f000 JavaThread "pool-2-thread-1" [_thread_blocked, id=6280, stack(0x00000000080c0000,0x00000000081c0000)]
  0x0000000007a7c000 JavaThread "pool-1-thread-1" [_thread_blocked, id=17320, stack(0x0000000007fc0000,0x00000000080c0000)]
  0x0000000007824000 JavaThread "Service Thread" daemon [_thread_blocked, id=12040, stack(0x0000000007dc0000,0x0000000007ec0000)]
  0x000000000781b800 JavaThread "C1 CompilerThread2" daemon [_thread_blocked, id=11936, stack(0x0000000007cc0000,0x0000000007dc0000)]
  0x00000000061ae800 JavaThread "C2 CompilerThread1" daemon [_thread_in_native, id=24904, stack(0x0000000007bc0000,0x0000000007cc0000)]
=>0x00000000061ac000 JavaThread "C2 CompilerThread0" daemon [_thread_in_native, id=17708, stack(0x00000000076c0000,0x00000000077c0000)]
  0x000000000615c800 JavaThread "Attach Listener" daemon [_thread_blocked, id=10268, stack(0x00000000075c0000,0x00000000076c0000)]
  0x000000000615b800 JavaThread "Signal Dispatcher" daemon [_thread_blocked, id=6988, stack(0x00000000074c0000,0x00000000075c0000)]
  0x000000000613a800 JavaThread "Finalizer" daemon [_thread_blocked, id=4420, stack(0x00000000073c0000,0x00000000074c0000)]
  0x0000000006119000 JavaThread "Reference Handler" daemon [_thread_blocked, id=24848, stack(0x00000000072c0000,0x00000000073c0000)]
  0x0000000002981000 JavaThread "main" [_thread_in_vm, id=17636, stack(0x0000000002880000,0x0000000002980000)]

Other Threads:
  0x0000000006117000 VMThread [stack: 0x00000000071c0000,0x00000000072c0000] [id=14472]
  0x000000000785a000 WatcherThread [stack: 0x0000000007ec0000,0x0000000007fc0000] [id=11460]

VM state:not at safepoint (normal execution)

VM Mutex/Monitor currently owned by a thread: None

Heap:
 PSYoungGen      total 37888K, used 9949K [0x00000000eab00000, 0x00000000ef500000, 0x0000000100000000)
  eden space 32768K, 14% used [0x00000000eab00000,0x00000000eafbae98,0x00000000ecb00000)
  from space 5120K, 99% used [0x00000000ecb00000,0x00000000ecffc870,0x00000000ed000000)
  to   space 5120K, 0% used [0x00000000ef000000,0x00000000ef000000,0x00000000ef500000)
 ParOldGen       total 86016K, used 1308K [0x00000000c0000000, 0x00000000c5400000, 0x00000000eab00000)
  object space 86016K, 1% used [0x00000000c0000000,0x00000000c01472b0,0x00000000c5400000)
 Metaspace       used 6111K, capacity 6966K, committed 7040K, reserved 1056768K
  class space    used 604K, capacity 622K, committed 640K, reserved 1048576K

Card table byte_map: [0x0000000002e40000,0x0000000003050000] byte_map_base: 0x0000000002840000

Marking Bits: (ParMarkBitMap*) 0x0000000058ffa6d0
 Begin Bits: [0x00000000035b0000, 0x00000000045b0000)
 End Bits:   [0x00000000045b0000, 0x00000000055b0000)

Polling page: 0x0000000000840000

CodeCache: size=245760Kb used=5507Kb max_used=5513Kb free=240252Kb
 bounds [0x000000000f010000, 0x000000000f580000, 0x000000001e010000]
 total_blobs=1630 nmethods=1359 adapters=184
 compilation: enabled

Compilation events (10 events):
Event: 3.637 Thread 0x00000000061ae800 nmethod 1366 0x000000000f56f290 code [0x000000000f56f700, 0x000000000f572f20]
Event: 3.638 Thread 0x000000000781b800 1367       3       com.android.dx.ssa.SsaBasicBlock::addMoveToEnd (172 bytes)
Event: 3.641 Thread 0x000000000781b800 nmethod 1367 0x000000000f56ba10 code [0x000000000f56bda0, 0x000000000f56dcc8]
Event: 3.641 Thread 0x00000000061ae800 1368       4       com.android.dx.rop.code.ThrowingCstInsn::withNewRegisters (25 bytes)
Event: 3.644 Thread 0x00000000061ae800 nmethod 1368 0x000000000f565b90 code [0x000000000f565ce0, 0x000000000f565f18]
Event: 3.644 Thread 0x000000000781b800 1369       3       com.android.dx.rop.code.BasicBlockList$RegCountVisitor::visitThrowingInsn (6 bytes)
Event: 3.645 Thread 0x000000000781b800 nmethod 1369 0x000000000f565810 code [0x000000000f565980, 0x000000000f565b08]
Event: 3.648 Thread 0x000000000781b800 1370       3       com.android.dx.rop.type.Prototype::makeParameterArray (131 bytes)
Event: 3.649 Thread 0x000000000781b800 nmethod 1370 0x000000000f56a690 code [0x000000000f56a8c0, 0x000000000f56b498]
Event: 3.649 Thread 0x00000000061ae800 1371   !   4       com.android.dx.cf.cst.ConstantPoolParser::parse0 (731 bytes)

GC Heap History (2 events):
Event: 2.666 GC heap before
{Heap before GC invocations=1 (full 0):
 PSYoungGen      total 37888K, used 32768K [0x00000000eab00000, 0x00000000ed500000, 0x0000000100000000)
  eden space 32768K, 100% used [0x00000000eab00000,0x00000000ecb00000,0x00000000ecb00000)
  from space 5120K, 0% used [0x00000000ed000000,0x00000000ed000000,0x00000000ed500000)
  to   space 5120K, 0% used [0x00000000ecb00000,0x00000000ecb00000,0x00000000ed000000)
 ParOldGen       total 86016K, used 0K [0x00000000c0000000, 0x00000000c5400000, 0x00000000eab00000)
  object space 86016K, 0% used [0x00000000c0000000,0x00000000c0000000,0x00000000c5400000)
 Metaspace       used 6049K, capacity 6902K, committed 7040K, reserved 1056768K
  class space    used 603K, capacity 622K, committed 640K, reserved 1048576K
Event: 2.800 GC heap after
Heap after GC invocations=1 (full 0):
 PSYoungGen      total 37888K, used 5106K [0x00000000eab00000, 0x00000000ef500000, 0x0000000100000000)
  eden space 32768K, 0% used [0x00000000eab00000,0x00000000eab00000,0x00000000ecb00000)
  from space 5120K, 99% used [0x00000000ecb00000,0x00000000ecffc870,0x00000000ed000000)
  to   space 5120K, 0% used [0x00000000ef000000,0x00000000ef000000,0x00000000ef500000)
 ParOldGen       total 86016K, used 1308K [0x00000000c0000000, 0x00000000c5400000, 0x00000000eab00000)
  object space 86016K, 1% used [0x00000000c0000000,0x00000000c01472b0,0x00000000c5400000)
 Metaspace       used 6049K, capacity 6902K, committed 7040K, reserved 1056768K
  class space    used 603K, capacity 622K, committed 640K, reserved 1048576K
}

Deoptimization events (6 events):
Event: 0.965 Thread 0x0000000007a7c000 Uncommon trap: reason=unstable_if action=reinterpret pc=0x000000000f224bbc method=java.util.HashMap.getNode(ILjava/lang/Object;)Ljava/util/HashMap$Node; @ 62
Event: 1.123 Thread 0x0000000002981000 Uncommon trap: reason=unstable_if action=reinterpret pc=0x000000000f2544d0 method=java.lang.String.<init>([CII)V @ 18
Event: 1.155 Thread 0x0000000007a7c000 Uncommon trap: reason=unstable_if action=reinterpret pc=0x000000000f256eb4 method=java.util.BitSet.ensureCapacity(I)V @ 6
Event: 1.155 Thread 0x0000000007a7c000 Uncommon trap: reason=unstable_if action=reinterpret pc=0x000000000f230ff0 method=java.util.BitSet.nextSetBit(I)I @ 87
Event: 1.435 Thread 0x0000000007a4f800 Uncommon trap: reason=unstable_if action=reinterpret pc=0x000000000f2c226c method=com.android.dx.rop.code.RegisterSpecSet.put(Lcom/android/dx/rop/code/RegisterSpec;)V @ 77
Event: 1.435 Thread 0x0000000007a4f800 Uncommon trap: reason=unstable_if action=reinterpret pc=0x000000000f34c8ec method=com.android.dx.rop.code.RegisterSpecSet.put(Lcom/android/dx/rop/code/RegisterSpec;)V @ 77

Internal exceptions (2 events):
Event: 0.048 Thread 0x0000000002981000 Exception <a 'java/lang/NoSuchMethodError': Method sun.misc.Unsafe.defineClass(Ljava/lang/String;[BII)Ljava/lang/Class; name or signature does not match> (0x00000000eab07cc0) thrown at [C:\re\workspace\8-2-build-windows-amd64-cygwin\jdk8u101\7261\hotspot\sF;Äûµ¨?
Event: 0.048 Thread 0x0000000002981000 Exception <a 'java/lang/NoSuchMethodError': Method sun.misc.Unsafe.prefetchRead(Ljava/lang/Object;J)V name or signature does not match> (0x00000000eab07fa8) thrown at [C:\re\workspace\8-2-build-windows-amd64-cygwin\jdk8u101\7261\hotspot\src\share\vm\prims\

Events (10 events):
Event: 1.449 loading class java/util/DualPivotQuicksort
Event: 1.449 loading class java/util/DualPivotQuicksort done
Event: 2.002 Thread 0x0000000007a7c000 DEOPT PACKING pc=0x000000000f28a865 sp=0x00000000080be540
Event: 2.002 Thread 0x0000000007a7c000 DEOPT UNPACKING pc=0x000000000f05787f sp=0x00000000080be330 mode 0
Event: 2.045 Executing VM operation: ForceSafepoint
Event: 2.188 Executing VM operation: ForceSafepoint done
Event: 2.335 Executing VM operation: ParallelGCFailedAllocation
Event: 2.800 Executing VM operation: ParallelGCFailedAllocation done
Event: 3.100 loading class com/android/dx/cf/attrib/AttAnnotationDefault
Event: 3.100 loading class com/android/dx/cf/attrib/AttAnnotationDefault done


Dynamic libraries:
0x00007ff7f02f0000 - 0x00007ff7f0327000 	C:\Program Files\Java\jdk1.8.0_101\bin\java.exe
0x00007ffd253d0000 - 0x00007ffd25591000 	C:\Windows\SYSTEM32\ntdll.dll
0x00007ffd227d0000 - 0x00007ffd2287d000 	C:\Windows\system32\KERNEL32.DLL
0x00007ffd225c0000 - 0x00007ffd227a8000 	C:\Windows\system32\KERNELBASE.dll
0x00007ffd23bf0000 - 0x00007ffd23c97000 	C:\Windows\system32\ADVAPI32.dll
0x00007ffd22bd0000 - 0x00007ffd22c6d000 	C:\Windows\system32\msvcrt.dll
0x00007ffd25210000 - 0x00007ffd2526b000 	C:\Windows\system32\sechost.dll
0x00007ffd23ad0000 - 0x00007ffd23bec000 	C:\Windows\system32\RPCRT4.dll
0x00007ffd23970000 - 0x00007ffd23ac6000 	C:\Windows\system32\USER32.dll
0x00007ffd22c70000 - 0x00007ffd22df6000 	C:\Windows\system32\GDI32.dll
0x00007ffd1d0d0000 - 0x00007ffd1d344000 	C:\Windows\WinSxS\amd64_microsoft.windows.common-controls_6595b64144ccf1df_6.0.10586.589_none_a2ddb3caa539acce\COMCTL32.dll
0x00007ffd22e00000 - 0x00007ffd2307d000 	C:\Windows\system32\combase.dll
0x00007ffd21a80000 - 0x00007ffd21aea000 	C:\Windows\system32\bcryptPrimitives.dll
0x00007ffd23820000 - 0x00007ffd2385b000 	C:\Windows\system32\IMM32.DLL
0x00007ffd218e0000 - 0x00007ffd21911000 	C:\Windows\system32\nvinitx.dll
0x00007ffd218d0000 - 0x00007ffd218da000 	C:\Windows\SYSTEM32\VERSION.dll
0x000000000f000000 - 0x000000000f006000 	C:\Program Files\NVIDIA Corporation\CoProcManager\_etoured.dll
0x00007ffd1fd60000 - 0x00007ffd1fd92000 	C:\Program Files\NVIDIA Corporation\CoProcManager\nvd3d9wrapx.dll
0x00007ffd231b0000 - 0x00007ffd235d9000 	C:\Windows\system32\SETUPAPI.dll
0x00007ffd22570000 - 0x00007ffd225b3000 	C:\Windows\system32\CFGMGR32.dll
0x00007ffd1fd30000 - 0x00007ffd1fd52000 	C:\Program Files\NVIDIA Corporation\CoProcManager\nvdxgiwrapx.dll
0x0000000059080000 - 0x0000000059152000 	C:\Program Files\Java\jdk1.8.0_101\jre\bin\msvcr100.dll
0x00000000587e0000 - 0x000000005907a000 	C:\Program Files\Java\jdk1.8.0_101\jre\bin\server\jvm.dll
0x00007ffd25270000 - 0x00007ffd25278000 	C:\Windows\system32\PSAPI.DLL
0x00007ffd18770000 - 0x00007ffd18779000 	C:\Windows\SYSTEM32\WSOCK32.dll
0x00007ffd235e0000 - 0x00007ffd2364b000 	C:\Windows\system32\WS2_32.dll
0x00007ffd1fc20000 - 0x00007ffd1fc43000 	C:\Windows\SYSTEM32\WINMM.dll
0x00007ffd1fbc0000 - 0x00007ffd1fbec000 	C:\Windows\SYSTEM32\WINMMBASE.dll
0x00000000587d0000 - 0x00000000587df000 	C:\Program Files\Java\jdk1.8.0_101\jre\bin\verify.dll
0x00000000587a0000 - 0x00000000587c9000 	C:\Program Files\Java\jdk1.8.0_101\jre\bin\java.dll
0x0000000058780000 - 0x0000000058796000 	C:\Program Files\Java\jdk1.8.0_101\jre\bin\zip.dll
0x00007ffd23cb0000 - 0x00007ffd2520c000 	C:\Windows\system32\SHELL32.dll
0x00007ffd21e90000 - 0x00007ffd224d5000 	C:\Windows\system32\windows.storage.dll
0x00007ffd22b70000 - 0x00007ffd22bc2000 	C:\Windows\system32\shlwapi.dll
0x00007ffd219f0000 - 0x00007ffd219ff000 	C:\Windows\system32\kernel.appcore.dll
0x00007ffd21b50000 - 0x00007ffd21c05000 	C:\Windows\system32\shcore.dll
0x00007ffd21a20000 - 0x00007ffd21a6b000 	C:\Windows\system32\powrprof.dll
0x00007ffd21a00000 - 0x00007ffd21a14000 	C:\Windows\system32\profapi.dll

VM Arguments:
jvm_args: -Djava.awt.headless=true -Xmx1024M -Dfile.encoding=GBK -Duser.country=CN -Duser.language=zh -Duser.variant 
java_command: com.android.dx.command.Main --dex --force-jumbo --num-threads=4 --output C:\Users\shenb\Desktop\Mpzn\app\build\intermediates\pre-dexed\debug\gson-2.8.0_fd43e50c864e422888b0994eb75f825d7ec45eb0.jar C:\Users\shenb\.gradle\caches\modules-2\files-2.1\com.google.code.gson\gson\2.8.0\c4ba5371a29ac9b2ad6129b1d39ea38750043eff\gson-2.8.0.jar
java_class_path (initial): D:\AndroidSDK\build-tools\23.0.3\lib\dx.jar
Launcher Type: SUN_STANDARD

Environment Variables:
JAVA_HOME=C:\Program Files\Java\jdk1.8.0_101
PATH=C:\ProgramData\Oracle\Java\javapath;C:\Program Files (x86)\Intel\iCLS Client\;C:\Program Files\Intel\iCLS Client\;C:\Windows\system32;C:\Windows;C:\Windows\System32\Wbem;C:\Windows\System32\WindowsPowerShell\v1.0\;C:\Program Files\Intel\Intel(R) Management Engine Components\DAL;C:\Program Files\Intel\Intel(R) Management Engine Components\IPT;C:\Program Files (x86)\Intel\Intel(R) Management Engine Components\DAL;C:\Program Files (x86)\Intel\Intel(R) Management Engine Components\IPT;C:\Program Files (x86)\VisualSVN Server\bin;C:\Program Files\TortoiseSVN\bin;C:\Program Files\TortoiseGit\bin;D:\AS\android-sdk-windows\platform-tools;C:\Program Files\Java\jdk1.8.0_101\bin;D:\adt-bundle-windows-x64\android-sdk-windows\platform-tools;D:\adt-bundle-windows-x64\android-sdk-windows\tools;D:\apache-tomcat-6.0.44\bin
USERNAME=Icy
OS=Windows_NT
PROCESSOR_IDENTIFIER=Intel64 Family 6 Model 58 Stepping 9, GenuineIntel



---------------  S Y S T E M  ---------------

OS: Windows 10.0 , 64 bit Build 10586 (10.0.10586.589)

CPU:total 4 (2 cores per cpu, 2 threads per core) family 6 model 58 stepping 9, cmov, cx8, fxsr, mmx, sse, sse2, sse3, ssse3, sse4.1, sse4.2, popcnt, avx, aes, clmul, erms, ht, tsc, tscinvbit, tscinv

Memory: 4k page, physical 8241668k(1267668k free), swap 14752000k(8596k free)

vm_info: Java HotSpot(TM) 64-Bit Server VM (25.101-b13) for windows-amd64 JRE (1.8.0_101-b13), built on Jun 22 2016 01:21:29 by "java_re" with MS VC++ 10.0 (VS2010)

time: Wed Nov 09 16:47:07 2016
elapsed time: 3 seconds (0d 0h 0m 3s)

