#
# There is insufficient memory for the Java Runtime Environment to continue.
# Native memory allocation (malloc) failed to allocate 254576 bytes for Chunk::new
# Possible reasons:
#   The system is out of physical RAM or swap space
#   In 32 bit mode, the process size limit was hit
# Possible solutions:
#   Reduce memory load on the system
#   Increase physical memory or swap space
#   Check if swap backing store is full
#   Use 64 bit Java on a 64 bit OS
#   Decrease Java heap size (-Xmx/-Xms)
#   Decrease number of Java threads
#   Decrease Java thread stack sizes (-Xss)
#   Set larger code cache with -XX:ReservedCodeCacheSize=
# This output file may be truncated or incomplete.
#
#  Out of Memory Error (allocation.cpp:390), pid=1756, tid=0x00000000000036a0
#
# JRE version: Java(TM) SE Runtime Environment (8.0_101-b13) (build 1.8.0_101-b13)
# Java VM: Java HotSpot(TM) 64-Bit Server VM (25.101-b13 mixed mode windows-amd64 compressed oops)
# Failed to write core dump. Minidumps are not enabled by default on client versions of Windows
#

---------------  T H R E A D  ---------------

Current thread (0x0000000007713000):  JavaThread "C2 CompilerThread0" daemon [_thread_in_native, id=13984, stack(0x0000000007cd0000,0x0000000007dd0000)]

Stack: [0x0000000007cd0000,0x0000000007dd0000]
[error occurred during error reporting (printing stack bounds), id 0xc0000005]

Native frames: (J=compiled Java code, j=interpreted, Vv=VM code, C=native code)


Current CompileTask:
C2:   3801  676       4       com.android.dx.ssa.NormalSsaInsn::accept (25 bytes)


---------------  P R O C E S S  ---------------

Java Threads: ( => current thread )
  0x0000000007952800 JavaThread "pool-1-thread-4" [_thread_blocked, id=8380, stack(0x00000000085d0000,0x00000000086d0000)]
  0x0000000007951000 JavaThread "pool-1-thread-3" [_thread_in_Java, id=12448, stack(0x00000000084d0000,0x00000000085d0000)]
  0x0000000007864800 JavaThread "pool-1-thread-2" [_thread_in_Java, id=7024, stack(0x00000000083d0000,0x00000000084d0000)]
  0x0000000007863800 JavaThread "pool-2-thread-1" [_thread_blocked, id=5108, stack(0x00000000082d0000,0x00000000083d0000)]
  0x0000000007860800 JavaThread "pool-1-thread-1" [_thread_in_Java, id=8876, stack(0x00000000081d0000,0x00000000082d0000)]
  0x000000000772e000 JavaThread "Service Thread" daemon [_thread_blocked, id=6832, stack(0x0000000007fd0000,0x00000000080d0000)]
  0x00000000063be000 JavaThread "C1 CompilerThread2" daemon [_thread_in_native, id=11444, stack(0x0000000007ed0000,0x0000000007fd0000)]
  0x00000000063bb000 JavaThread "C2 CompilerThread1" daemon [_thread_in_native, id=2124, stack(0x0000000007dd0000,0x0000000007ed0000)]
=>0x0000000007713000 JavaThread "C2 CompilerThread0" daemon [_thread_in_native, id=13984, stack(0x0000000007cd0000,0x0000000007dd0000)]
  0x0000000006373000 JavaThread "Attach Listener" daemon [_thread_blocked, id=644, stack(0x0000000007bd0000,0x0000000007cd0000)]
  0x0000000006372000 JavaThread "Signal Dispatcher" daemon [_thread_blocked, id=8564, stack(0x0000000007ad0000,0x0000000007bd0000)]
  0x000000000634a000 JavaThread "Finalizer" daemon [_thread_blocked, id=10360, stack(0x00000000075d0000,0x00000000076d0000)]
  0x0000000006328800 JavaThread "Reference Handler" daemon [_thread_blocked, id=9928, stack(0x00000000074d0000,0x00000000075d0000)]
  0x0000000002b91000 JavaThread "main" [_thread_in_Java, id=7192, stack(0x0000000002940000,0x0000000002a40000)]

Other Threads:
  0x0000000006327000 VMThread [stack: 0x00000000073d0000,0x00000000074d0000] [id=6748]
  0x000000000777e800 WatcherThread [stack: 0x00000000080d0000,0x00000000081d0000] [id=8488]

VM state:not at safepoint (normal execution)

VM Mutex/Monitor currently owned by a thread: None

Heap:
 PSYoungGen      total 37888K, used 14437K [0x00000000eab00000, 0x00000000ed500000, 0x0000000100000000)
  eden space 32768K, 44% used [0x00000000eab00000,0x00000000eb919418,0x00000000ecb00000)
  from space 5120K, 0% used [0x00000000ed000000,0x00000000ed000000,0x00000000ed500000)
  to   space 5120K, 0% used [0x00000000ecb00000,0x00000000ecb00000,0x00000000ed000000)
 ParOldGen       total 86016K, used 0K [0x00000000c0000000, 0x00000000c5400000, 0x00000000eab00000)
  object space 86016K, 0% used [0x00000000c0000000,0x00000000c0000000,0x00000000c5400000)
 Metaspace       used 5803K, capacity 6708K, committed 6784K, reserved 1056768K
  class space    used 603K, capacity 620K, committed 640K, reserved 1048576K

Card table byte_map: [0x0000000003050000,0x0000000003260000] byte_map_base: 0x0000000002a50000

Marking Bits: (ParMarkBitMap*) 0x0000000054d3a6d0
 Begin Bits: [0x00000000037c0000, 0x00000000047c0000)
 End Bits:   [0x00000000047c0000, 0x00000000057c0000)

Polling page: 0x00000000007f0000

CodeCache: size=245760Kb used=3002Kb max_used=3002Kb free=242757Kb
 bounds [0x000000000f010000, 0x000000000f310000, 0x000000001e010000]
 total_blobs=976 nmethods=705 adapters=184
 compilation: enabled

Compilation events (10 events):
Event: 3.794 Thread 0x00000000063be000 nmethod 712 0x000000000f2f9510 code [0x000000000f2f9680, 0x000000000f2f9828]
Event: 3.794 Thread 0x00000000063be000  706       3       com.android.dx.util.BitIntSet::iterator (9 bytes)
Event: 3.795 Thread 0x00000000063be000 nmethod 706 0x000000000f2f98d0 code [0x000000000f2f9a40, 0x000000000f2f9d08]
Event: 3.795 Thread 0x00000000063be000  713       3       com.android.dx.ssa.SsaMethod::onSourcesChanged (69 bytes)
Event: 3.796 Thread 0x00000000063be000 nmethod 713 0x000000000f2f9e50 code [0x000000000f2fa060, 0x000000000f2fac78]
Event: 3.796 Thread 0x00000000063be000  714       3       java.util.Collections$UnmodifiableCollection::<init> (22 bytes)
Event: 3.796 Thread 0x00000000063be000 nmethod 714 0x000000000f2fb350 code [0x000000000f2fb4c0, 0x000000000f2fb788]
Event: 3.796 Thread 0x00000000063be000  708       3       com.android.dx.ssa.SsaRenamer$BlockRenamer::processResultReg (56 bytes)
Event: 3.797 Thread 0x00000000063be000 nmethod 708 0x000000000f2fb890 code [0x000000000f2fba60, 0x000000000f2fc318]
Event: 3.797 Thread 0x00000000063be000  716       3       java.util.ArrayList::subListRangeCheck (110 bytes)

GC Heap History (0 events):
No events

Deoptimization events (2 events):
Event: 3.383 Thread 0x0000000002b91000 Uncommon trap: reason=unstable_if action=reinterpret pc=0x000000000f246db8 method=java.util.HashMap.getNode(ILjava/lang/Object;)Ljava/util/HashMap$Node; @ 62
Event: 3.770 Thread 0x0000000002b91000 Uncommon trap: reason=unstable_if action=reinterpret pc=0x000000000f2d3368 method=java.util.HashMap.getNode(ILjava/lang/Object;)Ljava/util/HashMap$Node; @ 129

Internal exceptions (2 events):
Event: 0.154 Thread 0x0000000002b91000 Exception <a 'java/lang/NoSuchMethodError': Method sun.misc.Unsafe.defineClass(Ljava/lang/String;[BII)Ljava/lang/Class; name or signature does not match> (0x00000000eab07cc0) thrown at [C:\re\workspace\8-2-build-windows-amd64-cygwin\jdk8u101\7261\hotspot\s‹„VsÁ∑√?
Event: 0.154 Thread 0x0000000002b91000 Exception <a 'java/lang/NoSuchMethodError': Method sun.misc.Unsafe.prefetchRead(Ljava/lang/Object;J)V name or signature does not match> (0x00000000eab07fa8) thrown at [C:\re\workspace\8-2-build-windows-amd64-cygwin\jdk8u101\7261\hotspot\src\share\vm\prims\

Events (10 events):
Event: 3.735 loading class java/util/HashMap$ValueIterator done
Event: 3.770 Thread 0x0000000002b91000 Uncommon trap: trap_request=0xffffff65 fr.pc=0x000000000f2d3368
Event: 3.770 Thread 0x0000000002b91000 DEOPT PACKING pc=0x000000000f2d3368 sp=0x0000000002a3de40
Event: 3.770 Thread 0x0000000002b91000 DEOPT UNPACKING pc=0x000000000f05582a sp=0x0000000002a3ddc8 mode 2
Event: 3.772 Executing VM operation: ForceSafepoint
Event: 3.772 Executing VM operation: ForceSafepoint done
Event: 3.785 loading class java/util/DualPivotQuicksort
Event: 3.786 loading class java/util/DualPivotQuicksort done
Event: 3.789 loading class java/util/ArrayList$1
Event: 3.789 loading class java/util/ArrayList$1 done


Dynamic libraries:
0x00007ff67bb80000 - 0x00007ff67bbb7000 	C:\Program Files\Java\jdk1.8.0_101\bin\java.exe
0x00007fffae780000 - 0x00007fffae941000 	C:\Windows\SYSTEM32\ntdll.dll
0x00007fffad9c0000 - 0x00007fffada6d000 	C:\Windows\system32\KERNEL32.DLL
0x00007fffab760000 - 0x00007fffab948000 	C:\Windows\system32\KERNELBASE.dll
0x00007fffad7a0000 - 0x00007fffad847000 	C:\Windows\system32\ADVAPI32.dll
0x00007fffad920000 - 0x00007fffad9bd000 	C:\Windows\system32\msvcrt.dll
0x00007fffae280000 - 0x00007fffae2db000 	C:\Windows\system32\sechost.dll
0x00007fffade20000 - 0x00007fffadf3c000 	C:\Windows\system32\RPCRT4.dll
0x00007fffad5e0000 - 0x00007fffad736000 	C:\Windows\system32\USER32.dll
0x00007fffabb80000 - 0x00007fffabd06000 	C:\Windows\system32\GDI32.dll
0x00007fffa6ba0000 - 0x00007fffa6e14000 	C:\Windows\WinSxS\amd64_microsoft.windows.common-controls_6595b64144ccf1df_6.0.10586.589_none_a2ddb3caa539acce\COMCTL32.dll
0x00007fffadba0000 - 0x00007fffade1d000 	C:\Windows\system32\combase.dll
0x00007fffaae30000 - 0x00007fffaae9a000 	C:\Windows\system32\bcryptPrimitives.dll
0x00007fffae090000 - 0x00007fffae0cb000 	C:\Windows\system32\IMM32.DLL
0x00007fffaac90000 - 0x00007fffaacc1000 	C:\Windows\system32\nvinitx.dll
0x00007fffaac80000 - 0x00007fffaac8a000 	C:\Windows\SYSTEM32\VERSION.dll
0x000000000f000000 - 0x000000000f006000 	C:\Program Files\NVIDIA Corporation\CoProcManager\_etoured.dll
0x00007fffa9500000 - 0x00007fffa9532000 	C:\Program Files\NVIDIA Corporation\CoProcManager\nvd3d9wrapx.dll
0x00007fffae350000 - 0x00007fffae779000 	C:\Windows\system32\SETUPAPI.dll
0x00007fffab710000 - 0x00007fffab753000 	C:\Windows\system32\CFGMGR32.dll
0x00007fffa94d0000 - 0x00007fffa94f2000 	C:\Program Files\NVIDIA Corporation\CoProcManager\nvdxgiwrapx.dll
0x0000000054dc0000 - 0x0000000054e92000 	C:\Program Files\Java\jdk1.8.0_101\jre\bin\msvcr100.dll
0x0000000054520000 - 0x0000000054dba000 	C:\Program Files\Java\jdk1.8.0_101\jre\bin\server\jvm.dll
0x00007fffadae0000 - 0x00007fffadae8000 	C:\Windows\system32\PSAPI.DLL
0x00007fffa8a60000 - 0x00007fffa8a69000 	C:\Windows\SYSTEM32\WSOCK32.dll
0x00007fffae2e0000 - 0x00007fffae34b000 	C:\Windows\system32\WS2_32.dll
0x00007fffa8fd0000 - 0x00007fffa8ff3000 	C:\Windows\SYSTEM32\WINMM.dll
0x00007fffa8f70000 - 0x00007fffa8f9c000 	C:\Windows\SYSTEM32\WINMMBASE.dll
0x0000000054510000 - 0x000000005451f000 	C:\Program Files\Java\jdk1.8.0_101\jre\bin\verify.dll
0x00000000544e0000 - 0x0000000054509000 	C:\Program Files\Java\jdk1.8.0_101\jre\bin\java.dll
0x00000000544c0000 - 0x00000000544d6000 	C:\Program Files\Java\jdk1.8.0_101\jre\bin\zip.dll
0x00007fffabea0000 - 0x00007fffad3fc000 	C:\Windows\system32\SHELL32.dll
0x00007fffaaf30000 - 0x00007fffab575000 	C:\Windows\system32\windows.storage.dll
0x00007fffad400000 - 0x00007fffad452000 	C:\Windows\system32\shlwapi.dll
0x00007fffaae20000 - 0x00007fffaae2f000 	C:\Windows\system32\kernel.appcore.dll
0x00007fffab580000 - 0x00007fffab635000 	C:\Windows\system32\shcore.dll
0x00007fffaada0000 - 0x00007fffaadeb000 	C:\Windows\system32\powrprof.dll
0x00007fffaadf0000 - 0x00007fffaae04000 	C:\Windows\system32\profapi.dll

VM Arguments:
jvm_args: -Djava.awt.headless=true -Xmx1024M -Dfile.encoding=GBK -Duser.country=CN -Duser.language=zh -Duser.variant 
java_command: com.android.dx.command.Main --dex --force-jumbo --num-threads=4 --output C:\Users\shenb\Desktop\Mpzn\app\build\intermediates\pre-dexed\debug\com.android.support-support-vector-drawable-24.0.0-beta1_f1ca201a0833fc2a3fdc81261f6fa08d3215426a.jar C:\Users\shenb\Desktop\Mpzn\app\build\intermediates\exploded-aar\com.android.support\support-vector-drawable\24.0.0-beta1\jars\classes.jar
java_class_path (initial): D:\AndroidSDK\build-tools\23.0.3\lib\dx.jar
Launcher Type: SUN_STANDARD

Environment Variables:
JAVA_HOME=C:\Program Files\Java\jdk1.8.0_101
PATH=C:\ProgramData\Oracle\Java\javapath;C:\Program Files (x86)\Intel\iCLS Client\;C:\Program Files\Intel\iCLS Client\;C:\Windows\system32;C:\Windows;C:\Windows\System32\Wbem;C:\Windows\System32\WindowsPowerShell\v1.0\;C:\Program Files\Intel\Intel(R) Management Engine Components\DAL;C:\Program Files\Intel\Intel(R) Management Engine Components\IPT;C:\Program Files (x86)\Intel\Intel(R) Management Engine Components\DAL;C:\Program Files (x86)\Intel\Intel(R) Management Engine Components\IPT;C:\Program Files (x86)\VisualSVN Server\bin;C:\Program Files\TortoiseSVN\bin;C:\Program Files\TortoiseGit\bin;D:\AS\android-sdk-windows\platform-tools;C:\Program Files\Java\jdk1.8.0_101\bin;D:\adt-bundle-windows-x64\android-sdk-windows\platform-tools;D:\adt-bundle-windows-x64\android-sdk-windows\tools;D:\apache-tomcat-6.0.44\bin
USERNAME=Icy
OS=Windows_NT
PROCESSOR_IDENTIFIER=Intel64 Family 6 Model 58 Stepping 9, GenuineIntel



---------------  S Y S T E M  ---------------

OS: Windows 10.0 , 64 bit Build 10586 (10.0.10586.589)

CPU:total 4 (2 cores per cpu, 2 threads per core) family 6 model 58 stepping 9, cmov, cx8, fxsr, mmx, sse, sse2, sse3, ssse3, sse4.1, sse4.2, popcnt, avx, aes, clmul, erms, ht, tsc, tscinvbit, tscinv

Memory: 4k page, physical 8241668k(668808k free), swap 14949184k(5124k free)

vm_info: Java HotSpot(TM) 64-Bit Server VM (25.101-b13) for windows-amd64 JRE (1.8.0_101-b13), built on Jun 22 2016 01:21:29 by "java_re" with MS VC++ 10.0 (VS2010)

time: Tue Sep 27 17:56:10 2016
elapsed time: 3 seconds (0d 0h 0m 3s)

