#
# There is insufficient memory for the Java Runtime Environment to continue.
# Native memory allocation (malloc) failed to allocate 51648 bytes for Chunk::new
# Possible reasons:
#   The system is out of physical RAM or swap space
#   In 32 bit mode, the process size limit was hit
# Possible solutions:
#   Reduce memory load on the system
#   Increase physical memory or swap space
#   Check if swap backing store is full
#   Use 64 bit Java on a 64 bit OS
#   Decrease Java heap size (-Xmx/-Xms)
#   Decrease number of Java threads
#   Decrease Java thread stack sizes (-Xss)
#   Set larger code cache with -XX:ReservedCodeCacheSize=
# This output file may be truncated or incomplete.
#
#  Out of Memory Error (allocation.cpp:390), pid=18204, tid=0x0000000000005e64
#
# JRE version: Java(TM) SE Runtime Environment (8.0_101-b13) (build 1.8.0_101-b13)
# Java VM: Java HotSpot(TM) 64-Bit Server VM (25.101-b13 mixed mode windows-amd64 compressed oops)
# Failed to write core dump. Minidumps are not enabled by default on client versions of Windows
#

---------------  T H R E A D  ---------------

Current thread (0x0000000007b23000):  JavaThread "C2 CompilerThread0" daemon [_thread_in_native, id=24164, stack(0x00000000080e0000,0x00000000081e0000)]

Stack: [0x00000000080e0000,0x00000000081e0000]
[error occurred during error reporting (printing stack bounds), id 0xc0000005]

Native frames: (J=compiled Java code, j=interpreted, Vv=VM code, C=native code)


Current CompileTask:
C2:   2400  676       4       java.util.HashMap::containsKey (18 bytes)


---------------  P R O C E S S  ---------------

Java Threads: ( => current thread )
  0x0000000007d4c000 JavaThread "pool-2-thread-1" [_thread_blocked, id=17416, stack(0x00000000086e0000,0x00000000087e0000)]
  0x0000000007d49000 JavaThread "pool-1-thread-1" [_thread_in_Java, id=11724, stack(0x00000000085e0000,0x00000000086e0000)]
  0x0000000007b42000 JavaThread "Service Thread" daemon [_thread_blocked, id=23776, stack(0x00000000083e0000,0x00000000084e0000)]
  0x0000000007b3c000 JavaThread "C1 CompilerThread2" daemon [_thread_in_native, id=2772, stack(0x00000000082e0000,0x00000000083e0000)]
  0x000000000305c800 JavaThread "C2 CompilerThread1" daemon [_thread_in_native, id=16956, stack(0x00000000081e0000,0x00000000082e0000)]
=>0x0000000007b23000 JavaThread "C2 CompilerThread0" daemon [_thread_in_native, id=24164, stack(0x00000000080e0000,0x00000000081e0000)]
  0x0000000006743000 JavaThread "Attach Listener" daemon [_thread_blocked, id=21568, stack(0x0000000007fe0000,0x00000000080e0000)]
  0x0000000006742000 JavaThread "Signal Dispatcher" daemon [_thread_blocked, id=19264, stack(0x0000000007ee0000,0x0000000007fe0000)]
  0x000000000671a000 JavaThread "Finalizer" daemon [_thread_blocked, id=18040, stack(0x0000000007980000,0x0000000007a80000)]
  0x00000000066f9000 JavaThread "Reference Handler" daemon [_thread_blocked, id=6936, stack(0x0000000007880000,0x0000000007980000)]
  0x0000000002f63000 JavaThread "main" [_thread_blocked, id=6300, stack(0x0000000002e10000,0x0000000002f10000)]

Other Threads:
  0x00000000066f7000 VMThread [stack: 0x0000000007780000,0x0000000007880000] [id=21652]
  0x0000000007b97000 WatcherThread [stack: 0x00000000084e0000,0x00000000085e0000] [id=25552]

VM state:not at safepoint (normal execution)

VM Mutex/Monitor currently owned by a thread: None

Heap:
 PSYoungGen      total 37888K, used 13407K [0x00000000eab00000, 0x00000000ed500000, 0x0000000100000000)
  eden space 32768K, 40% used [0x00000000eab00000,0x00000000eb817ea8,0x00000000ecb00000)
  from space 5120K, 0% used [0x00000000ed000000,0x00000000ed000000,0x00000000ed500000)
  to   space 5120K, 0% used [0x00000000ecb00000,0x00000000ecb00000,0x00000000ed000000)
 ParOldGen       total 86016K, used 0K [0x00000000c0000000, 0x00000000c5400000, 0x00000000eab00000)
  object space 86016K, 0% used [0x00000000c0000000,0x00000000c0000000,0x00000000c5400000)
 Metaspace       used 5739K, capacity 6646K, committed 6784K, reserved 1056768K
  class space    used 605K, capacity 622K, committed 640K, reserved 1048576K

Card table byte_map: [0x0000000003420000,0x0000000003630000] byte_map_base: 0x0000000002e20000

Marking Bits: (ParMarkBitMap*) 0x0000000058ffa6d0
 Begin Bits: [0x0000000003b90000, 0x0000000004b90000)
 End Bits:   [0x0000000004b90000, 0x0000000005b90000)

Polling page: 0x0000000000fa0000

CodeCache: size=245760Kb used=2897Kb max_used=2905Kb free=242862Kb
 bounds [0x000000000f010000, 0x000000000f2f0000, 0x000000001e010000]
 total_blobs=962 nmethods=691 adapters=184
 compilation: enabled

Compilation events (10 events):
Event: 2.393 Thread 0x0000000007b3c000 nmethod 681 0x000000000f2d3ad0 code [0x000000000f2d3ee0, 0x000000000f2d6db8]
Event: 2.393 Thread 0x0000000007b3c000  685       3       com.android.dx.ssa.SCCP::simulateBlock (54 bytes)
Event: 2.393 Thread 0x0000000007b3c000 nmethod 685 0x000000000f2d8ad0 code [0x000000000f2d8cc0, 0x000000000f2d9608]
Event: 2.393 Thread 0x0000000007b3c000  686       3       java.util.ArrayList::removeRange (75 bytes)
Event: 2.394 Thread 0x0000000007b3c000 nmethod 686 0x000000000f2d99d0 code [0x000000000f2d9b60, 0x000000000f2d9fc8]
Event: 2.394 Thread 0x0000000007b3c000  690       3       java.util.ArrayList$SubList::removeRange (47 bytes)
Event: 2.394 Thread 0x0000000007b3c000 nmethod 690 0x000000000f2c6010 code [0x000000000f2c61a0, 0x000000000f2c6518]
Event: 2.394 Thread 0x0000000007b3c000  687       3       com.android.dx.ssa.SsaBasicBlock::scheduleMovesFromPhis (108 bytes)
Event: 2.395 Thread 0x0000000007b3c000 nmethod 687 0x000000000f2da190 code [0x000000000f2da400, 0x000000000f2daff8]
Event: 2.395 Thread 0x0000000007b3c000  689       3       com.android.dx.dex.code.RopToDop::dopFor (792 bytes)

GC Heap History (0 events):
No events

Deoptimization events (1 events):
Event: 2.214 Thread 0x0000000007d49000 Uncommon trap: reason=unstable_if action=reinterpret pc=0x000000000f24062c method=java.util.HashMap.getNode(ILjava/lang/Object;)Ljava/util/HashMap$Node; @ 62

Internal exceptions (2 events):
Event: 0.077 Thread 0x0000000002f63000 Exception <a 'java/lang/NoSuchMethodError': Method sun.misc.Unsafe.defineClass(Ljava/lang/String;[BII)Ljava/lang/Class; name or signature does not match> (0x00000000eab07cc0) thrown at [C:\re\workspace\8-2-build-windows-amd64-cygwin\jdk8u101\7261\hotspot\sŸøHÉ	Æ³?
Event: 0.077 Thread 0x0000000002f63000 Exception <a 'java/lang/NoSuchMethodError': Method sun.misc.Unsafe.prefetchRead(Ljava/lang/Object;J)V name or signature does not match> (0x00000000eab07fa8) thrown at [C:\re\workspace\8-2-build-windows-amd64-cygwin\jdk8u101\7261\hotspot\src\share\vm\prims\

Events (10 events):
Event: 2.214 Thread 0x0000000007d49000 DEOPT PACKING pc=0x000000000f24062c sp=0x00000000086de460
Event: 2.214 Thread 0x0000000007d49000 DEOPT UNPACKING pc=0x000000000f05582a sp=0x00000000086de3d8 mode 2
Event: 2.215 loading class java/util/HashMap$Values
Event: 2.215 loading class java/util/HashMap$Values done
Event: 2.215 loading class java/util/HashMap$ValueIterator
Event: 2.215 loading class java/util/HashMap$ValueIterator done
Event: 2.251 loading class java/util/DualPivotQuicksort
Event: 2.251 loading class java/util/DualPivotQuicksort done
Event: 2.301 loading class com/android/dx/dex/file/MethodAnnotationStruct
Event: 2.301 loading class com/android/dx/dex/file/MethodAnnotationStruct done


Dynamic libraries:
0x00007ff7f02f0000 - 0x00007ff7f0327000 	C:\Program Files\Java\jdk1.8.0_101\bin\java.exe
0x00007ffd253d0000 - 0x00007ffd25591000 	C:\Windows\SYSTEM32\ntdll.dll
0x00007ffd227d0000 - 0x00007ffd2287d000 	C:\Windows\system32\KERNEL32.DLL
0x00007ffd225c0000 - 0x00007ffd227a8000 	C:\Windows\system32\KERNELBASE.dll
0x00007ffd23bf0000 - 0x00007ffd23c97000 	C:\Windows\system32\ADVAPI32.dll
0x00007ffd22bd0000 - 0x00007ffd22c6d000 	C:\Windows\system32\msvcrt.dll
0x00007ffd25210000 - 0x00007ffd2526b000 	C:\Windows\system32\sechost.dll
0x00007ffd23ad0000 - 0x00007ffd23bec000 	C:\Windows\system32\RPCRT4.dll
0x00007ffd23970000 - 0x00007ffd23ac6000 	C:\Windows\system32\USER32.dll
0x00007ffd22c70000 - 0x00007ffd22df6000 	C:\Windows\system32\GDI32.dll
0x00007ffd1d0d0000 - 0x00007ffd1d344000 	C:\Windows\WinSxS\amd64_microsoft.windows.common-controls_6595b64144ccf1df_6.0.10586.589_none_a2ddb3caa539acce\COMCTL32.dll
0x00007ffd22e00000 - 0x00007ffd2307d000 	C:\Windows\system32\combase.dll
0x00007ffd21a80000 - 0x00007ffd21aea000 	C:\Windows\system32\bcryptPrimitives.dll
0x00007ffd23820000 - 0x00007ffd2385b000 	C:\Windows\system32\IMM32.DLL
0x00007ffd218e0000 - 0x00007ffd21911000 	C:\Windows\system32\nvinitx.dll
0x00007ffd218d0000 - 0x00007ffd218da000 	C:\Windows\SYSTEM32\VERSION.dll
0x000000000f000000 - 0x000000000f006000 	C:\Program Files\NVIDIA Corporation\CoProcManager\_etoured.dll
0x00007ffd1fd60000 - 0x00007ffd1fd92000 	C:\Program Files\NVIDIA Corporation\CoProcManager\nvd3d9wrapx.dll
0x00007ffd231b0000 - 0x00007ffd235d9000 	C:\Windows\system32\SETUPAPI.dll
0x00007ffd22570000 - 0x00007ffd225b3000 	C:\Windows\system32\CFGMGR32.dll
0x00007ffd1fd30000 - 0x00007ffd1fd52000 	C:\Program Files\NVIDIA Corporation\CoProcManager\nvdxgiwrapx.dll
0x0000000059080000 - 0x0000000059152000 	C:\Program Files\Java\jdk1.8.0_101\jre\bin\msvcr100.dll
0x00000000587e0000 - 0x000000005907a000 	C:\Program Files\Java\jdk1.8.0_101\jre\bin\server\jvm.dll
0x00007ffd25270000 - 0x00007ffd25278000 	C:\Windows\system32\PSAPI.DLL
0x00007ffd18770000 - 0x00007ffd18779000 	C:\Windows\SYSTEM32\WSOCK32.dll
0x00007ffd235e0000 - 0x00007ffd2364b000 	C:\Windows\system32\WS2_32.dll
0x00007ffd1fc20000 - 0x00007ffd1fc43000 	C:\Windows\SYSTEM32\WINMM.dll
0x00007ffd1fbc0000 - 0x00007ffd1fbec000 	C:\Windows\SYSTEM32\WINMMBASE.dll
0x00000000587d0000 - 0x00000000587df000 	C:\Program Files\Java\jdk1.8.0_101\jre\bin\verify.dll
0x00000000587a0000 - 0x00000000587c9000 	C:\Program Files\Java\jdk1.8.0_101\jre\bin\java.dll
0x0000000058780000 - 0x0000000058796000 	C:\Program Files\Java\jdk1.8.0_101\jre\bin\zip.dll
0x00007ffd23cb0000 - 0x00007ffd2520c000 	C:\Windows\system32\SHELL32.dll
0x00007ffd21e90000 - 0x00007ffd224d5000 	C:\Windows\system32\windows.storage.dll
0x00007ffd22b70000 - 0x00007ffd22bc2000 	C:\Windows\system32\shlwapi.dll
0x00007ffd219f0000 - 0x00007ffd219ff000 	C:\Windows\system32\kernel.appcore.dll
0x00007ffd21b50000 - 0x00007ffd21c05000 	C:\Windows\system32\shcore.dll
0x00007ffd21a20000 - 0x00007ffd21a6b000 	C:\Windows\system32\powrprof.dll
0x00007ffd21a00000 - 0x00007ffd21a14000 	C:\Windows\system32\profapi.dll

VM Arguments:
jvm_args: -Djava.awt.headless=true -Xmx1024M -Dfile.encoding=GBK -Duser.country=CN -Duser.language=zh -Duser.variant 
java_command: com.android.dx.command.Main --dex --force-jumbo --num-threads=4 --output C:\Users\shenb\Desktop\Mpzn\app\build\intermediates\pre-dexed\debug\com.android.support-animated-vector-drawable-24.0.0-beta1_c0423e5f25714dc839c60a6fa7dceb39b6a8f3a6.jar C:\Users\shenb\Desktop\Mpzn\app\build\intermediates\exploded-aar\com.android.support\animated-vector-drawable\24.0.0-beta1\jars\classes.jar
java_class_path (initial): D:\AndroidSDK\build-tools\23.0.3\lib\dx.jar
Launcher Type: SUN_STANDARD

Environment Variables:
JAVA_HOME=C:\Program Files\Java\jdk1.8.0_101
PATH=C:\ProgramData\Oracle\Java\javapath;C:\Program Files (x86)\Intel\iCLS Client\;C:\Program Files\Intel\iCLS Client\;C:\Windows\system32;C:\Windows;C:\Windows\System32\Wbem;C:\Windows\System32\WindowsPowerShell\v1.0\;C:\Program Files\Intel\Intel(R) Management Engine Components\DAL;C:\Program Files\Intel\Intel(R) Management Engine Components\IPT;C:\Program Files (x86)\Intel\Intel(R) Management Engine Components\DAL;C:\Program Files (x86)\Intel\Intel(R) Management Engine Components\IPT;C:\Program Files (x86)\VisualSVN Server\bin;C:\Program Files\TortoiseSVN\bin;C:\Program Files\TortoiseGit\bin;D:\AS\android-sdk-windows\platform-tools;C:\Program Files\Java\jdk1.8.0_101\bin;D:\adt-bundle-windows-x64\android-sdk-windows\platform-tools;D:\adt-bundle-windows-x64\android-sdk-windows\tools;D:\apache-tomcat-6.0.44\bin
USERNAME=Icy
OS=Windows_NT
PROCESSOR_IDENTIFIER=Intel64 Family 6 Model 58 Stepping 9, GenuineIntel



---------------  S Y S T E M  ---------------

OS: Windows 10.0 , 64 bit Build 10586 (10.0.10586.589)

CPU:total 4 (2 cores per cpu, 2 threads per core) family 6 model 58 stepping 9, cmov, cx8, fxsr, mmx, sse, sse2, sse3, ssse3, sse4.1, sse4.2, popcnt, avx, aes, clmul, erms, ht, tsc, tscinvbit, tscinv

Memory: 4k page, physical 8241668k(1436940k free), swap 14752000k(3284k free)

vm_info: Java HotSpot(TM) 64-Bit Server VM (25.101-b13) for windows-amd64 JRE (1.8.0_101-b13), built on Jun 22 2016 01:21:29 by "java_re" with MS VC++ 10.0 (VS2010)

time: Wed Nov 09 16:42:18 2016
elapsed time: 2 seconds (0d 0h 0m 2s)

