#
# There is insufficient memory for the Java Runtime Environment to continue.
# Native memory allocation (malloc) failed to allocate 498736 bytes for Chunk::new
# Possible reasons:
#   The system is out of physical RAM or swap space
#   In 32 bit mode, the process size limit was hit
# Possible solutions:
#   Reduce memory load on the system
#   Increase physical memory or swap space
#   Check if swap backing store is full
#   Use 64 bit Java on a 64 bit OS
#   Decrease Java heap size (-Xmx/-Xms)
#   Decrease number of Java threads
#   Decrease Java thread stack sizes (-Xss)
#   Set larger code cache with -XX:ReservedCodeCacheSize=
# This output file may be truncated or incomplete.
#
#  Out of Memory Error (allocation.cpp:390), pid=19000, tid=0x000000000000246c
#
# JRE version: Java(TM) SE Runtime Environment (8.0_101-b13) (build 1.8.0_101-b13)
# Java VM: Java HotSpot(TM) 64-Bit Server VM (25.101-b13 mixed mode windows-amd64 compressed oops)
# Failed to write core dump. Minidumps are not enabled by default on client versions of Windows
#

---------------  T H R E A D  ---------------

Current thread (0x0000000006a6c800):  JavaThread "C2 CompilerThread1" daemon [_thread_in_native, id=9324, stack(0x0000000008480000,0x0000000008580000)]

Stack: [0x0000000008480000,0x0000000008580000]
[error occurred during error reporting (printing stack bounds), id 0xc0000005]

Native frames: (J=compiled Java code, j=interpreted, Vv=VM code, C=native code)


Current CompileTask:
C2:   4307 1400   !   4       com.android.dx.cf.cst.ConstantPoolParser::parse0 (731 bytes)


---------------  P R O C E S S  ---------------

Java Threads: ( => current thread )
  0x0000000008008000 JavaThread "pool-1-thread-4" [_thread_in_Java, id=15392, stack(0x0000000008c80000,0x0000000008d80000)]
  0x000000000805d000 JavaThread "pool-1-thread-3" [_thread_blocked, id=18628, stack(0x0000000008b80000,0x0000000008c80000)]
  0x000000000805b800 JavaThread "pool-1-thread-2" [_thread_in_Java, id=19780, stack(0x0000000008a80000,0x0000000008b80000)]
  0x0000000008056800 JavaThread "pool-2-thread-1" [_thread_blocked, id=6544, stack(0x0000000008980000,0x0000000008a80000)]
  0x0000000008055800 JavaThread "pool-1-thread-1" [_thread_in_Java, id=21692, stack(0x0000000008880000,0x0000000008980000)]
  0x0000000007de1800 JavaThread "Service Thread" daemon [_thread_blocked, id=10932, stack(0x0000000008680000,0x0000000008780000)]
  0x0000000007ddd000 JavaThread "C1 CompilerThread2" daemon [_thread_blocked, id=20060, stack(0x0000000008580000,0x0000000008680000)]
=>0x0000000006a6c800 JavaThread "C2 CompilerThread1" daemon [_thread_in_native, id=9324, stack(0x0000000008480000,0x0000000008580000)]
  0x0000000006a64800 JavaThread "C2 CompilerThread0" daemon [_thread_blocked, id=17188, stack(0x0000000008380000,0x0000000008480000)]
  0x0000000006a62800 JavaThread "Attach Listener" daemon [_thread_blocked, id=14644, stack(0x0000000008280000,0x0000000008380000)]
  0x0000000006a20000 JavaThread "Signal Dispatcher" daemon [_thread_blocked, id=4348, stack(0x0000000008180000,0x0000000008280000)]
  0x0000000003338000 JavaThread "Finalizer" daemon [_thread_blocked, id=21484, stack(0x0000000007c80000,0x0000000007d80000)]
  0x0000000003332800 JavaThread "Reference Handler" daemon [_thread_blocked, id=14156, stack(0x0000000007b80000,0x0000000007c80000)]
  0x0000000003241000 JavaThread "main" [_thread_in_vm, id=19940, stack(0x0000000003140000,0x0000000003240000)]

Other Threads:
  0x00000000069d7000 VMThread [stack: 0x0000000007a80000,0x0000000007b80000] [id=22668]
  0x0000000007e4d000 WatcherThread [stack: 0x0000000008780000,0x0000000008880000] [id=4312]

VM state:synchronizing (normal execution)

VM Mutex/Monitor currently owned by a thread:  ([mutex/lock_event])
[0x000000000146c230] Safepoint_lock - owner thread: 0x00000000069d7000
[0x000000000146bf30] Threads_lock - owner thread: 0x00000000069d7000
[0x000000000146d040] Compile_lock - owner thread: 0x0000000003241000

Heap:
 PSYoungGen      total 37888K, used 27314K [0x00000000eab00000, 0x00000000ef500000, 0x0000000100000000)
  eden space 32768K, 67% used [0x00000000eab00000,0x00000000ec0ae448,0x00000000ecb00000)
  from space 5120K, 99% used [0x00000000ecb00000,0x00000000ecffe410,0x00000000ed000000)
  to   space 5120K, 0% used [0x00000000ef000000,0x00000000ef000000,0x00000000ef500000)
 ParOldGen       total 86016K, used 4089K [0x00000000c0000000, 0x00000000c5400000, 0x00000000eab00000)
  object space 86016K, 4% used [0x00000000c0000000,0x00000000c03fe6c8,0x00000000c5400000)
 Metaspace       used 6144K, capacity 6968K, committed 7040K, reserved 1056768K
  class space    used 600K, capacity 624K, committed 640K, reserved 1048576K

Card table byte_map: [0x0000000003700000,0x0000000003910000] byte_map_base: 0x0000000003100000

Marking Bits: (ParMarkBitMap*) 0x0000000058ffa6d0
 Begin Bits: [0x0000000003e70000, 0x0000000004e70000)
 End Bits:   [0x0000000004e70000, 0x0000000005e70000)

Polling page: 0x0000000001420000

CodeCache: size=245760Kb used=5842Kb max_used=5842Kb free=239918Kb
 bounds [0x000000000f010000, 0x000000000f5d0000, 0x000000001e010000]
 total_blobs=1700 nmethods=1430 adapters=183
 compilation: enabled

Compilation events (10 events):
Event: 4.278 Thread 0x0000000007ddd000 1440       3       com.android.dx.rop.type.Prototype::intern (31 bytes)
Event: 4.278 Thread 0x0000000007ddd000 nmethod 1440 0x000000000f5ae750 code [0x000000000f5ae8e0, 0x000000000f5aec68]
Event: 4.278 Thread 0x0000000007ddd000 1441       3       com.android.dx.cf.code.BytecodeArray::<init> (43 bytes)
Event: 4.279 Thread 0x0000000007ddd000 nmethod 1441 0x000000000f5b5450 code [0x000000000f5b55e0, 0x000000000f5b5998]
Event: 4.279 Thread 0x0000000007ddd000 1442   !   3       com.android.dx.cf.attrib.AttCode::<init> (144 bytes)
Event: 4.280 Thread 0x0000000007ddd000 nmethod 1442 0x000000000f5ba050 code [0x000000000f5ba280, 0x000000000f5bad48]
Event: 4.280 Thread 0x0000000007ddd000 1443       3       com.android.dx.cf.attrib.AttCode::byteLength (29 bytes)
Event: 4.280 Thread 0x0000000007ddd000 nmethod 1443 0x000000000f5bb390 code [0x000000000f5bb560, 0x000000000f5bbfd8]
Event: 4.281 Thread 0x0000000007ddd000 1444       3       com.android.dx.cf.direct.StdAttributeFactory::code (613 bytes)
Event: 4.289 Thread 0x0000000007ddd000 nmethod 1444 0x000000000f5bc450 code [0x000000000f5bcdc0, 0x000000000f5c39d8]

GC Heap History (2 events):
Event: 3.252 GC heap before
{Heap before GC invocations=1 (full 0):
 PSYoungGen      total 37888K, used 32768K [0x00000000eab00000, 0x00000000ed500000, 0x0000000100000000)
  eden space 32768K, 100% used [0x00000000eab00000,0x00000000ecb00000,0x00000000ecb00000)
  from space 5120K, 0% used [0x00000000ed000000,0x00000000ed000000,0x00000000ed500000)
  to   space 5120K, 0% used [0x00000000ecb00000,0x00000000ecb00000,0x00000000ed000000)
 ParOldGen       total 86016K, used 0K [0x00000000c0000000, 0x00000000c5400000, 0x00000000eab00000)
  object space 86016K, 0% used [0x00000000c0000000,0x00000000c0000000,0x00000000c5400000)
 Metaspace       used 5944K, capacity 6838K, committed 7040K, reserved 1056768K
  class space    used 597K, capacity 622K, committed 640K, reserved 1048576K
Event: 3.358 GC heap after
Heap after GC invocations=1 (full 0):
 PSYoungGen      total 37888K, used 5113K [0x00000000eab00000, 0x00000000ef500000, 0x0000000100000000)
  eden space 32768K, 0% used [0x00000000eab00000,0x00000000eab00000,0x00000000ecb00000)
  from space 5120K, 99% used [0x00000000ecb00000,0x00000000ecffe410,0x00000000ed000000)
  to   space 5120K, 0% used [0x00000000ef000000,0x00000000ef000000,0x00000000ef500000)
 ParOldGen       total 86016K, used 4089K [0x00000000c0000000, 0x00000000c5400000, 0x00000000eab00000)
  object space 86016K, 4% used [0x00000000c0000000,0x00000000c03fe6c8,0x00000000c5400000)
 Metaspace       used 5944K, capacity 6838K, committed 7040K, reserved 1056768K
  class space    used 597K, capacity 622K, committed 640K, reserved 1048576K
}

Deoptimization events (10 events):
Event: 2.954 Thread 0x000000000805b800 Uncommon trap: reason=unstable_if action=reinterpret pc=0x000000000f164f54 method=java.util.regex.Pattern$BnM.optimize(Ljava/util/regex/Pattern$Node;)Ljava/util/regex/Pattern$Node; @ 22
Event: 3.057 Thread 0x000000000805d000 Uncommon trap: reason=class_check action=maybe_recompile pc=0x000000000f40ffa0 method=com.android.dx.ssa.SCCP.setLatticeValueTo(IILcom/android/dx/rop/cst/Constant;)Z @ 43
Event: 3.058 Thread 0x000000000805d000 Uncommon trap: reason=class_check action=maybe_recompile pc=0x000000000f40ffa0 method=com.android.dx.ssa.SCCP.setLatticeValueTo(IILcom/android/dx/rop/cst/Constant;)Z @ 43
Event: 3.368 Thread 0x0000000008055800 Uncommon trap: reason=class_check action=maybe_recompile pc=0x000000000f40ffa0 method=com.android.dx.ssa.SCCP.setLatticeValueTo(IILcom/android/dx/rop/cst/Constant;)Z @ 43
Event: 3.448 Thread 0x0000000008008000 Uncommon trap: reason=class_check action=maybe_recompile pc=0x000000000f40ffa0 method=com.android.dx.ssa.SCCP.setLatticeValueTo(IILcom/android/dx/rop/cst/Constant;)Z @ 43
Event: 3.609 Thread 0x0000000003241000 Uncommon trap: reason=unstable_if action=reinterpret pc=0x000000000f41ca68 method=com.android.dx.util.IntList.binarysearch(I)I @ 105
Event: 3.912 Thread 0x0000000008055800 Uncommon trap: reason=class_check action=maybe_recompile pc=0x000000000f367b8c method=com.android.dx.ssa.NormalSsaInsn.accept(Lcom/android/dx/ssa/SsaInsn$Visitor;)V @ 9
Event: 3.912 Thread 0x0000000008055800 Uncommon trap: reason=class_check action=maybe_recompile pc=0x000000000f2b86dc method=com.android.dx.ssa.NormalSsaInsn.accept(Lcom/android/dx/ssa/SsaInsn$Visitor;)V @ 9
Event: 3.912 Thread 0x0000000008055800 Uncommon trap: reason=class_check action=maybe_recompile pc=0x000000000f2b86dc method=com.android.dx.ssa.NormalSsaInsn.accept(Lcom/android/dx/ssa/SsaInsn$Visitor;)V @ 9
Event: 3.912 Thread 0x0000000008055800 Uncommon trap: reason=class_check action=maybe_recompile pc=0x000000000f2b86dc method=com.android.dx.ssa.NormalSsaInsn.accept(Lcom/android/dx/ssa/SsaInsn$Visitor;)V @ 9

Internal exceptions (2 events):
Event: 0.097 Thread 0x0000000003241000 Exception <a 'java/lang/NoSuchMethodError': Method sun.misc.Unsafe.defineClass(Ljava/lang/String;[BII)Ljava/lang/Class; name or signature does not match> (0x00000000eab07cc0) thrown at [C:\re\workspace\8-2-build-windows-amd64-cygwin\jdk8u101\7261\hotspot\sndZº	Ç¸?
Event: 0.097 Thread 0x0000000003241000 Exception <a 'java/lang/NoSuchMethodError': Method sun.misc.Unsafe.prefetchRead(Ljava/lang/Object;J)V name or signature does not match> (0x00000000eab07fa8) thrown at [C:\re\workspace\8-2-build-windows-amd64-cygwin\jdk8u101\7261\hotspot\src\share\vm\prims\

Events (10 events):
Event: 4.073 Thread 0x0000000008055800 DEOPT UNPACKING pc=0x000000000f05787f sp=0x000000000897e700 mode 0
Event: 4.238 Thread 0x0000000008008000 DEOPT PACKING pc=0x000000000f35f821 sp=0x0000000008d7ec50
Event: 4.238 Thread 0x0000000008008000 DEOPT UNPACKING pc=0x000000000f05787f sp=0x0000000008d7e9d0 mode 0
Event: 4.290 loading class com/android/dx/cf/attrib/AttDeprecated
Event: 4.290 loading class com/android/dx/cf/attrib/AttDeprecated done
Event: 4.290 loading class com/android/dx/cf/direct/AnnotationParser
Event: 4.290 loading class com/android/dx/cf/direct/AnnotationParser done
Event: 4.291 loading class com/android/dx/util/ByteArray$MyDataInputStream
Event: 4.291 loading class com/android/dx/util/ByteArray$MyDataInputStream done
Event: 4.292 Executing VM operation: Deoptimize


Dynamic libraries:
0x00007ff7f02f0000 - 0x00007ff7f0327000 	C:\Program Files\Java\jdk1.8.0_101\bin\java.exe
0x00007ffd253d0000 - 0x00007ffd25591000 	C:\Windows\SYSTEM32\ntdll.dll
0x00007ffd227d0000 - 0x00007ffd2287d000 	C:\Windows\system32\KERNEL32.DLL
0x00007ffd225c0000 - 0x00007ffd227a8000 	C:\Windows\system32\KERNELBASE.dll
0x00007ffd23bf0000 - 0x00007ffd23c97000 	C:\Windows\system32\ADVAPI32.dll
0x00007ffd22bd0000 - 0x00007ffd22c6d000 	C:\Windows\system32\msvcrt.dll
0x00007ffd25210000 - 0x00007ffd2526b000 	C:\Windows\system32\sechost.dll
0x00007ffd23ad0000 - 0x00007ffd23bec000 	C:\Windows\system32\RPCRT4.dll
0x00007ffd23970000 - 0x00007ffd23ac6000 	C:\Windows\system32\USER32.dll
0x00007ffd22c70000 - 0x00007ffd22df6000 	C:\Windows\system32\GDI32.dll
0x00007ffd1d0d0000 - 0x00007ffd1d344000 	C:\Windows\WinSxS\amd64_microsoft.windows.common-controls_6595b64144ccf1df_6.0.10586.589_none_a2ddb3caa539acce\COMCTL32.dll
0x00007ffd22e00000 - 0x00007ffd2307d000 	C:\Windows\system32\combase.dll
0x00007ffd21a80000 - 0x00007ffd21aea000 	C:\Windows\system32\bcryptPrimitives.dll
0x00007ffd23820000 - 0x00007ffd2385b000 	C:\Windows\system32\IMM32.DLL
0x00007ffd218e0000 - 0x00007ffd21911000 	C:\Windows\system32\nvinitx.dll
0x00007ffd218d0000 - 0x00007ffd218da000 	C:\Windows\SYSTEM32\VERSION.dll
0x000000000f000000 - 0x000000000f006000 	C:\Program Files\NVIDIA Corporation\CoProcManager\_etoured.dll
0x00007ffd1fd60000 - 0x00007ffd1fd92000 	C:\Program Files\NVIDIA Corporation\CoProcManager\nvd3d9wrapx.dll
0x00007ffd231b0000 - 0x00007ffd235d9000 	C:\Windows\system32\SETUPAPI.dll
0x00007ffd22570000 - 0x00007ffd225b3000 	C:\Windows\system32\CFGMGR32.dll
0x00007ffd1fd30000 - 0x00007ffd1fd52000 	C:\Program Files\NVIDIA Corporation\CoProcManager\nvdxgiwrapx.dll
0x0000000059080000 - 0x0000000059152000 	C:\Program Files\Java\jdk1.8.0_101\jre\bin\msvcr100.dll
0x00000000587e0000 - 0x000000005907a000 	C:\Program Files\Java\jdk1.8.0_101\jre\bin\server\jvm.dll
0x00007ffd25270000 - 0x00007ffd25278000 	C:\Windows\system32\PSAPI.DLL
0x00007ffd18770000 - 0x00007ffd18779000 	C:\Windows\SYSTEM32\WSOCK32.dll
0x00007ffd235e0000 - 0x00007ffd2364b000 	C:\Windows\system32\WS2_32.dll
0x00007ffd1fc20000 - 0x00007ffd1fc43000 	C:\Windows\SYSTEM32\WINMM.dll
0x00007ffd1fbc0000 - 0x00007ffd1fbec000 	C:\Windows\SYSTEM32\WINMMBASE.dll
0x00000000587d0000 - 0x00000000587df000 	C:\Program Files\Java\jdk1.8.0_101\jre\bin\verify.dll
0x00000000587a0000 - 0x00000000587c9000 	C:\Program Files\Java\jdk1.8.0_101\jre\bin\java.dll
0x0000000058780000 - 0x0000000058796000 	C:\Program Files\Java\jdk1.8.0_101\jre\bin\zip.dll
0x00007ffd23cb0000 - 0x00007ffd2520c000 	C:\Windows\system32\SHELL32.dll
0x00007ffd21e90000 - 0x00007ffd224d5000 	C:\Windows\system32\windows.storage.dll
0x00007ffd22b70000 - 0x00007ffd22bc2000 	C:\Windows\system32\shlwapi.dll
0x00007ffd219f0000 - 0x00007ffd219ff000 	C:\Windows\system32\kernel.appcore.dll
0x00007ffd21b50000 - 0x00007ffd21c05000 	C:\Windows\system32\shcore.dll
0x00007ffd21a20000 - 0x00007ffd21a6b000 	C:\Windows\system32\powrprof.dll
0x00007ffd21a00000 - 0x00007ffd21a14000 	C:\Windows\system32\profapi.dll

VM Arguments:
jvm_args: -Djava.awt.headless=true -Xmx1024M -Dfile.encoding=GBK -Duser.country=CN -Duser.language=zh -Duser.variant 
java_command: com.android.dx.command.Main --dex --force-jumbo --num-threads=4 --output C:\Users\shenb\Desktop\Mpzn\app\build\intermediates\pre-dexed\debug\BaiduLBS_Android_45d63e570ec94413ba49b3ed06521f02cbb18f64.jar C:\Users\shenb\Desktop\Mpzn\app\libs\BaiduLBS_Android.jar
java_class_path (initial): D:\AndroidSDK\build-tools\23.0.3\lib\dx.jar
Launcher Type: SUN_STANDARD

Environment Variables:
JAVA_HOME=C:\Program Files\Java\jdk1.8.0_101
PATH=C:\ProgramData\Oracle\Java\javapath;C:\Program Files (x86)\Intel\iCLS Client\;C:\Program Files\Intel\iCLS Client\;C:\Windows\system32;C:\Windows;C:\Windows\System32\Wbem;C:\Windows\System32\WindowsPowerShell\v1.0\;C:\Program Files\Intel\Intel(R) Management Engine Components\DAL;C:\Program Files\Intel\Intel(R) Management Engine Components\IPT;C:\Program Files (x86)\Intel\Intel(R) Management Engine Components\DAL;C:\Program Files (x86)\Intel\Intel(R) Management Engine Components\IPT;C:\Program Files (x86)\VisualSVN Server\bin;C:\Program Files\TortoiseSVN\bin;C:\Program Files\TortoiseGit\bin;D:\AS\android-sdk-windows\platform-tools;C:\Program Files\Java\jdk1.8.0_101\bin;D:\adt-bundle-windows-x64\android-sdk-windows\platform-tools;D:\adt-bundle-windows-x64\android-sdk-windows\tools;D:\apache-tomcat-6.0.44\bin
USERNAME=Icy
OS=Windows_NT
PROCESSOR_IDENTIFIER=Intel64 Family 6 Model 58 Stepping 9, GenuineIntel



---------------  S Y S T E M  ---------------

OS: Windows 10.0 , 64 bit Build 10586 (10.0.10586.589)

CPU:total 4 (2 cores per cpu, 2 threads per core) family 6 model 58 stepping 9, cmov, cx8, fxsr, mmx, sse, sse2, sse3, ssse3, sse4.1, sse4.2, popcnt, avx, aes, clmul, erms, ht, tsc, tscinvbit, tscinv

Memory: 4k page, physical 8241668k(1270704k free), swap 14752000k(6320k free)

vm_info: Java HotSpot(TM) 64-Bit Server VM (25.101-b13) for windows-amd64 JRE (1.8.0_101-b13), built on Jun 22 2016 01:21:29 by "java_re" with MS VC++ 10.0 (VS2010)

time: Wed Nov 09 16:47:23 2016
elapsed time: 4 seconds (0d 0h 0m 4s)

