#
# There is insufficient memory for the Java Runtime Environment to continue.
# Native memory allocation (malloc) failed to allocate 32744 bytes for ChunkPool::allocate
# Possible reasons:
#   The system is out of physical RAM or swap space
#   In 32 bit mode, the process size limit was hit
# Possible solutions:
#   Reduce memory load on the system
#   Increase physical memory or swap space
#   Check if swap backing store is full
#   Use 64 bit Java on a 64 bit OS
#   Decrease Java heap size (-Xmx/-Xms)
#   Decrease number of Java threads
#   Decrease Java thread stack sizes (-Xss)
#   Set larger code cache with -XX:ReservedCodeCacheSize=
# This output file may be truncated or incomplete.
#
#  Out of Memory Error (allocation.cpp:273), pid=13988, tid=0x0000000000001bbc
#
# JRE version: Java(TM) SE Runtime Environment (8.0_101-b13) (build 1.8.0_101-b13)
# Java VM: Java HotSpot(TM) 64-Bit Server VM (25.101-b13 mixed mode windows-amd64 compressed oops)
# Failed to write core dump. Minidumps are not enabled by default on client versions of Windows
#

---------------  T H R E A D  ---------------

Current thread (0x0000000007a73800):  JavaThread "C2 CompilerThread0" daemon [_thread_in_native, id=7100, stack(0x0000000008030000,0x0000000008130000)]

Stack: [0x0000000008030000,0x0000000008130000]
[error occurred during error reporting (printing stack bounds), id 0xc0000005]

Native frames: (J=compiled Java code, j=interpreted, Vv=VM code, C=native code)


Current CompileTask:
C2:   2212  704       4       com.android.dx.rop.code.RegisterSpec::hashCodeOf (30 bytes)


---------------  P R O C E S S  ---------------

Java Threads: ( => current thread )
  0x0000000007d10000 JavaThread "pool-1-thread-4" [_thread_in_Java, id=22264, stack(0x0000000008930000,0x0000000008a30000)]
  0x0000000007c91000 JavaThread "pool-1-thread-3" [_thread_in_Java, id=8148, stack(0x0000000008830000,0x0000000008930000)]
  0x0000000007c8f800 JavaThread "pool-1-thread-2" [_thread_in_Java, id=22228, stack(0x0000000008730000,0x0000000008830000)]
  0x0000000007cf0000 JavaThread "pool-2-thread-1" [_thread_blocked, id=12772, stack(0x0000000008630000,0x0000000008730000)]
  0x0000000007cef800 JavaThread "pool-1-thread-1" [_thread_blocked, id=13768, stack(0x0000000008530000,0x0000000008630000)]
  0x0000000007a9a800 JavaThread "Service Thread" daemon [_thread_blocked, id=25004, stack(0x0000000008330000,0x0000000008430000)]
  0x0000000007a8c000 JavaThread "C1 CompilerThread2" daemon [_thread_in_native, id=8692, stack(0x0000000008230000,0x0000000008330000)]
  0x000000000300c800 JavaThread "C2 CompilerThread1" daemon [_thread_in_native, id=18864, stack(0x0000000008130000,0x0000000008230000)]
=>0x0000000007a73800 JavaThread "C2 CompilerThread0" daemon [_thread_in_native, id=7100, stack(0x0000000008030000,0x0000000008130000)]
  0x00000000066f3000 JavaThread "Attach Listener" daemon [_thread_blocked, id=2240, stack(0x0000000007f30000,0x0000000008030000)]
  0x00000000066f2000 JavaThread "Signal Dispatcher" daemon [_thread_blocked, id=4656, stack(0x0000000007e30000,0x0000000007f30000)]
  0x00000000066ca800 JavaThread "Finalizer" daemon [_thread_blocked, id=16136, stack(0x0000000007930000,0x0000000007a30000)]
  0x0000000002fff800 JavaThread "Reference Handler" daemon [_thread_blocked, id=14032, stack(0x0000000007830000,0x0000000007930000)]
  0x0000000002f11000 JavaThread "main" [_thread_in_vm, id=18396, stack(0x0000000002d20000,0x0000000002e20000)]

Other Threads:
  0x00000000066a8000 VMThread [stack: 0x0000000007730000,0x0000000007830000] [id=7844]
  0x0000000007ad3000 WatcherThread [stack: 0x0000000008430000,0x0000000008530000] [id=21376]

VM state:not at safepoint (normal execution)

VM Mutex/Monitor currently owned by a thread: None

Heap:
 PSYoungGen      total 37888K, used 17437K [0x00000000eab00000, 0x00000000ed500000, 0x0000000100000000)
  eden space 32768K, 53% used [0x00000000eab00000,0x00000000ebc07400,0x00000000ecb00000)
  from space 5120K, 0% used [0x00000000ed000000,0x00000000ed000000,0x00000000ed500000)
  to   space 5120K, 0% used [0x00000000ecb00000,0x00000000ecb00000,0x00000000ed000000)
 ParOldGen       total 86016K, used 0K [0x00000000c0000000, 0x00000000c5400000, 0x00000000eab00000)
  object space 86016K, 0% used [0x00000000c0000000,0x00000000c0000000,0x00000000c5400000)
 Metaspace       used 5727K, capacity 6642K, committed 6784K, reserved 1056768K
  class space    used 599K, capacity 618K, committed 640K, reserved 1048576K

Card table byte_map: [0x00000000033d0000,0x00000000035e0000] byte_map_base: 0x0000000002dd0000

Marking Bits: (ParMarkBitMap*) 0x0000000058ffa6d0
 Begin Bits: [0x0000000003b40000, 0x0000000004b40000)
 End Bits:   [0x0000000004b40000, 0x0000000005b40000)

Polling page: 0x00000000011b0000

CodeCache: size=245760Kb used=2581Kb max_used=2593Kb free=243178Kb
 bounds [0x000000000f010000, 0x000000000f2a0000, 0x000000001e010000]
 total_blobs=949 nmethods=678 adapters=184
 compilation: enabled

Compilation events (10 events):
Event: 2.197 Thread 0x0000000007a8c000  636       3       com.android.dx.ssa.SsaMethod::getUseListForRegister (18 bytes)
Event: 2.197 Thread 0x0000000007a8c000 nmethod 636 0x000000000f297b10 code [0x000000000f297c80, 0x000000000f297e88]
Event: 2.197 Thread 0x0000000007a8c000  662       3       com.android.dx.ssa.back.LivenessAnalyzer::liveOutAtBlock (68 bytes)
Event: 2.198 Thread 0x0000000007a8c000 nmethod 662 0x000000000f296850 code [0x000000000f296a60, 0x000000000f297508]
Event: 2.198 Thread 0x0000000007a73800  694       4       com.android.dx.ssa.SsaBasicBlock::isReachable (29 bytes)
Event: 2.198 Thread 0x0000000007a8c000  657   !   3       com.android.dx.cf.code.BytecodeArray::parseInstruction (2764 bytes)
Event: 2.199 Thread 0x0000000007a73800 nmethod 694 0x000000000f282350 code [0x000000000f282480, 0x000000000f282518]
Event: 2.204 Thread 0x0000000007a73800  703       4       java.util.ArrayList::remove (69 bytes)
Event: 2.207 Thread 0x0000000007a73800 nmethod 703 0x000000000f2963d0 code [0x000000000f296520, 0x000000000f2966b8]
Event: 2.207 Thread 0x0000000007a73800  704       4       com.android.dx.rop.code.RegisterSpec::hashCodeOf (30 bytes)

GC Heap History (0 events):
No events

Deoptimization events (4 events):
Event: 2.128 Thread 0x0000000007cef800 Uncommon trap: reason=unstable_if action=reinterpret pc=0x000000000f241370 method=java.util.HashMap.getNode(ILjava/lang/Object;)Ljava/util/HashMap$Node; @ 62
Event: 2.178 Thread 0x0000000007c91000 Uncommon trap: reason=class_check action=maybe_recompile pc=0x000000000f2733b0 method=com.android.dx.ssa.NormalSsaInsn.accept(Lcom/android/dx/ssa/SsaInsn$Visitor;)V @ 9
Event: 2.192 Thread 0x0000000007cef800 Uncommon trap: reason=class_check action=maybe_recompile pc=0x000000000f2733b0 method=com.android.dx.ssa.NormalSsaInsn.accept(Lcom/android/dx/ssa/SsaInsn$Visitor;)V @ 9
Event: 2.202 Thread 0x0000000007c91000 Uncommon trap: reason=class_check action=maybe_recompile pc=0x000000000f2733b0 method=com.android.dx.ssa.NormalSsaInsn.accept(Lcom/android/dx/ssa/SsaInsn$Visitor;)V @ 9

Internal exceptions (2 events):
Event: 0.140 Thread 0x0000000002f11000 Exception <a 'java/lang/NoSuchMethodError': Method sun.misc.Unsafe.defineClass(Ljava/lang/String;[BII)Ljava/lang/Class; name or signature does not match> (0x00000000eab07cc0) thrown at [C:\re\workspace\8-2-build-windows-amd64-cygwin\jdk8u101\7261\hotspot\s¾—ÖBáÁ?
Event: 0.140 Thread 0x0000000002f11000 Exception <a 'java/lang/NoSuchMethodError': Method sun.misc.Unsafe.prefetchRead(Ljava/lang/Object;J)V name or signature does not match> (0x00000000eab07fa8) thrown at [C:\re\workspace\8-2-build-windows-amd64-cygwin\jdk8u101\7261\hotspot\src\share\vm\prims\

Events (10 events):
Event: 2.183 loading class java/util/ArrayList$1
Event: 2.183 loading class java/util/ArrayList$1 done
Event: 2.192 Thread 0x0000000007cef800 Uncommon trap: trap_request=0xffffffde fr.pc=0x000000000f2733b0
Event: 2.192 Thread 0x0000000007cef800 DEOPT PACKING pc=0x000000000f2733b0 sp=0x000000000862e650
Event: 2.193 Thread 0x0000000007cef800 DEOPT UNPACKING pc=0x000000000f05582a sp=0x000000000862e5e0 mode 2
Event: 2.202 Thread 0x0000000007c91000 Uncommon trap: trap_request=0xffffffde fr.pc=0x000000000f2733b0
Event: 2.202 Thread 0x0000000007c91000 DEOPT PACKING pc=0x000000000f2733b0 sp=0x000000000892e450
Event: 2.202 Thread 0x0000000007c91000 DEOPT UNPACKING pc=0x000000000f05582a sp=0x000000000892e3e0 mode 2
Event: 2.207 loading class com/android/dx/cf/code/SwitchList
Event: 2.207 loading class com/android/dx/cf/code/SwitchList done


Dynamic libraries:
0x00007ff7f02f0000 - 0x00007ff7f0327000 	C:\Program Files\Java\jdk1.8.0_101\bin\java.exe
0x00007ffd253d0000 - 0x00007ffd25591000 	C:\Windows\SYSTEM32\ntdll.dll
0x00007ffd227d0000 - 0x00007ffd2287d000 	C:\Windows\system32\KERNEL32.DLL
0x00007ffd225c0000 - 0x00007ffd227a8000 	C:\Windows\system32\KERNELBASE.dll
0x00007ffd23bf0000 - 0x00007ffd23c97000 	C:\Windows\system32\ADVAPI32.dll
0x00007ffd22bd0000 - 0x00007ffd22c6d000 	C:\Windows\system32\msvcrt.dll
0x00007ffd25210000 - 0x00007ffd2526b000 	C:\Windows\system32\sechost.dll
0x00007ffd23ad0000 - 0x00007ffd23bec000 	C:\Windows\system32\RPCRT4.dll
0x00007ffd23970000 - 0x00007ffd23ac6000 	C:\Windows\system32\USER32.dll
0x00007ffd22c70000 - 0x00007ffd22df6000 	C:\Windows\system32\GDI32.dll
0x00007ffd1d0d0000 - 0x00007ffd1d344000 	C:\Windows\WinSxS\amd64_microsoft.windows.common-controls_6595b64144ccf1df_6.0.10586.589_none_a2ddb3caa539acce\COMCTL32.dll
0x00007ffd22e00000 - 0x00007ffd2307d000 	C:\Windows\system32\combase.dll
0x00007ffd21a80000 - 0x00007ffd21aea000 	C:\Windows\system32\bcryptPrimitives.dll
0x00007ffd23820000 - 0x00007ffd2385b000 	C:\Windows\system32\IMM32.DLL
0x00007ffd218e0000 - 0x00007ffd21911000 	C:\Windows\system32\nvinitx.dll
0x00007ffd218d0000 - 0x00007ffd218da000 	C:\Windows\SYSTEM32\VERSION.dll
0x000000000f000000 - 0x000000000f006000 	C:\Program Files\NVIDIA Corporation\CoProcManager\_etoured.dll
0x00007ffd1fd60000 - 0x00007ffd1fd92000 	C:\Program Files\NVIDIA Corporation\CoProcManager\nvd3d9wrapx.dll
0x00007ffd231b0000 - 0x00007ffd235d9000 	C:\Windows\system32\SETUPAPI.dll
0x00007ffd22570000 - 0x00007ffd225b3000 	C:\Windows\system32\CFGMGR32.dll
0x00007ffd1fd30000 - 0x00007ffd1fd52000 	C:\Program Files\NVIDIA Corporation\CoProcManager\nvdxgiwrapx.dll
0x0000000059080000 - 0x0000000059152000 	C:\Program Files\Java\jdk1.8.0_101\jre\bin\msvcr100.dll
0x00000000587e0000 - 0x000000005907a000 	C:\Program Files\Java\jdk1.8.0_101\jre\bin\server\jvm.dll
0x00007ffd25270000 - 0x00007ffd25278000 	C:\Windows\system32\PSAPI.DLL
0x00007ffd18770000 - 0x00007ffd18779000 	C:\Windows\SYSTEM32\WSOCK32.dll
0x00007ffd235e0000 - 0x00007ffd2364b000 	C:\Windows\system32\WS2_32.dll
0x00007ffd1fc20000 - 0x00007ffd1fc43000 	C:\Windows\SYSTEM32\WINMM.dll
0x00007ffd1fbc0000 - 0x00007ffd1fbec000 	C:\Windows\SYSTEM32\WINMMBASE.dll
0x00000000587d0000 - 0x00000000587df000 	C:\Program Files\Java\jdk1.8.0_101\jre\bin\verify.dll
0x00000000587a0000 - 0x00000000587c9000 	C:\Program Files\Java\jdk1.8.0_101\jre\bin\java.dll
0x0000000058780000 - 0x0000000058796000 	C:\Program Files\Java\jdk1.8.0_101\jre\bin\zip.dll
0x00007ffd23cb0000 - 0x00007ffd2520c000 	C:\Windows\system32\SHELL32.dll
0x00007ffd21e90000 - 0x00007ffd224d5000 	C:\Windows\system32\windows.storage.dll
0x00007ffd22b70000 - 0x00007ffd22bc2000 	C:\Windows\system32\shlwapi.dll
0x00007ffd219f0000 - 0x00007ffd219ff000 	C:\Windows\system32\kernel.appcore.dll
0x00007ffd21b50000 - 0x00007ffd21c05000 	C:\Windows\system32\shcore.dll
0x00007ffd21a20000 - 0x00007ffd21a6b000 	C:\Windows\system32\powrprof.dll
0x00007ffd21a00000 - 0x00007ffd21a14000 	C:\Windows\system32\profapi.dll

VM Arguments:
jvm_args: -Djava.awt.headless=true -Xmx1024M -Dfile.encoding=GBK -Duser.country=CN -Duser.language=zh -Duser.variant 
java_command: com.android.dx.command.Main --dex --force-jumbo --num-threads=4 --output C:\Users\shenb\Desktop\Mpzn\app\build\intermediates\pre-dexed\debug\com.android.support-design-24.0.0-beta1_d0fac12fddf429d413a203338b9ab903ee53de06.jar C:\Users\shenb\Desktop\Mpzn\app\build\intermediates\exploded-aar\com.android.support\design\24.0.0-beta1\jars\classes.jar
java_class_path (initial): D:\AndroidSDK\build-tools\23.0.3\lib\dx.jar
Launcher Type: SUN_STANDARD

Environment Variables:
JAVA_HOME=C:\Program Files\Java\jdk1.8.0_101
PATH=C:\ProgramData\Oracle\Java\javapath;C:\Program Files (x86)\Intel\iCLS Client\;C:\Program Files\Intel\iCLS Client\;C:\Windows\system32;C:\Windows;C:\Windows\System32\Wbem;C:\Windows\System32\WindowsPowerShell\v1.0\;C:\Program Files\Intel\Intel(R) Management Engine Components\DAL;C:\Program Files\Intel\Intel(R) Management Engine Components\IPT;C:\Program Files (x86)\Intel\Intel(R) Management Engine Components\DAL;C:\Program Files (x86)\Intel\Intel(R) Management Engine Components\IPT;C:\Program Files (x86)\VisualSVN Server\bin;C:\Program Files\TortoiseSVN\bin;C:\Program Files\TortoiseGit\bin;D:\AS\android-sdk-windows\platform-tools;C:\Program Files\Java\jdk1.8.0_101\bin;D:\adt-bundle-windows-x64\android-sdk-windows\platform-tools;D:\adt-bundle-windows-x64\android-sdk-windows\tools;D:\apache-tomcat-6.0.44\bin
USERNAME=Icy
OS=Windows_NT
PROCESSOR_IDENTIFIER=Intel64 Family 6 Model 58 Stepping 9, GenuineIntel



---------------  S Y S T E M  ---------------

OS: Windows 10.0 , 64 bit Build 10586 (10.0.10586.589)

CPU:total 4 (2 cores per cpu, 2 threads per core) family 6 model 58 stepping 9, cmov, cx8, fxsr, mmx, sse, sse2, sse3, ssse3, sse4.1, sse4.2, popcnt, avx, aes, clmul, erms, ht, tsc, tscinvbit, tscinv

Memory: 4k page, physical 8241668k(1440960k free), swap 14752000k(4116k free)

vm_info: Java HotSpot(TM) 64-Bit Server VM (25.101-b13) for windows-amd64 JRE (1.8.0_101-b13), built on Jun 22 2016 01:21:29 by "java_re" with MS VC++ 10.0 (VS2010)

time: Wed Nov 09 16:42:18 2016
elapsed time: 2 seconds (0d 0h 0m 2s)

