#
# There is insufficient memory for the Java Runtime Environment to continue.
# Native memory allocation (malloc) failed to allocate 32744 bytes for ChunkPool::allocate
# Possible reasons:
#   The system is out of physical RAM or swap space
#   In 32 bit mode, the process size limit was hit
# Possible solutions:
#   Reduce memory load on the system
#   Increase physical memory or swap space
#   Check if swap backing store is full
#   Use 64 bit Java on a 64 bit OS
#   Decrease Java heap size (-Xmx/-Xms)
#   Decrease number of Java threads
#   Decrease Java thread stack sizes (-Xss)
#   Set larger code cache with -XX:ReservedCodeCacheSize=
# This output file may be truncated or incomplete.
#
#  Out of Memory Error (allocation.cpp:273), pid=10828, tid=0x0000000000001640
#
# JRE version: Java(TM) SE Runtime Environment (8.0_101-b13) (build 1.8.0_101-b13)
# Java VM: Java HotSpot(TM) 64-Bit Server VM (25.101-b13 mixed mode windows-amd64 compressed oops)
# Failed to write core dump. Minidumps are not enabled by default on client versions of Windows
#

---------------  T H R E A D  ---------------

Current thread (0x000000000365d000):  JavaThread "C2 CompilerThread1" daemon [_thread_in_native, id=5696, stack(0x0000000008790000,0x0000000008890000)]

Stack: [0x0000000008790000,0x0000000008890000]
[error occurred during error reporting (printing stack bounds), id 0xc0000005]

Native frames: (J=compiled Java code, j=interpreted, Vv=VM code, C=native code)


Current CompileTask:
C2:   1150    7       4       java.util.TreeMap::parentOf (13 bytes)


---------------  P R O C E S S  ---------------

Java Threads: ( => current thread )
  0x00000000080f3000 JavaThread "Service Thread" daemon [_thread_new, id=5892, stack(0x0000000000000000,0x0000000000000000)]
  0x00000000080ec000 JavaThread "C1 CompilerThread2" daemon [_thread_in_native, id=12032, stack(0x0000000008890000,0x0000000008990000)]
=>0x000000000365d000 JavaThread "C2 CompilerThread1" daemon [_thread_in_native, id=5696, stack(0x0000000008790000,0x0000000008890000)]
  0x000000000365b000 JavaThread "C2 CompilerThread0" daemon [_thread_in_native, id=5648, stack(0x0000000008690000,0x0000000008790000)]
  0x00000000080d2800 JavaThread "Attach Listener" daemon [_thread_blocked, id=4076, stack(0x0000000008590000,0x0000000008690000)]
  0x0000000006d42800 JavaThread "Signal Dispatcher" daemon [_thread_blocked, id=6228, stack(0x0000000008490000,0x0000000008590000)]
  0x0000000006d1a800 JavaThread "Finalizer" daemon [_thread_blocked, id=1848, stack(0x0000000007f90000,0x0000000008090000)]
  0x000000000364f800 JavaThread "Reference Handler" daemon [_thread_blocked, id=7828, stack(0x0000000007e90000,0x0000000007f90000)]
  0x0000000003561000 JavaThread "main" [_thread_in_native, id=5272, stack(0x0000000003360000,0x0000000003460000)]

Other Threads:
  0x0000000006cf8000 VMThread [stack: 0x0000000007d90000,0x0000000007e90000] [id=3056]

VM state:not at safepoint (normal execution)

VM Mutex/Monitor currently owned by a thread: None

Heap:
 PSYoungGen      total 37888K, used 1310K [0x00000000eab00000, 0x00000000ed500000, 0x0000000100000000)
  eden space 32768K, 4% used [0x00000000eab00000,0x00000000eac47b18,0x00000000ecb00000)
  from space 5120K, 0% used [0x00000000ed000000,0x00000000ed000000,0x00000000ed500000)
  to   space 5120K, 0% used [0x00000000ecb00000,0x00000000ecb00000,0x00000000ed000000)
 ParOldGen       total 86016K, used 0K [0x00000000c0000000, 0x00000000c5400000, 0x00000000eab00000)
  object space 86016K, 0% used [0x00000000c0000000,0x00000000c0000000,0x00000000c5400000)
 Metaspace       used 2364K, capacity 4480K, committed 4480K, reserved 1056768K
  class space    used 259K, capacity 384K, committed 384K, reserved 1048576K

Card table byte_map: [0x0000000003a20000,0x0000000003c30000] byte_map_base: 0x0000000003420000

Marking Bits: (ParMarkBitMap*) 0x0000000054d3a6d0
 Begin Bits: [0x0000000004190000, 0x0000000005190000)
 End Bits:   [0x0000000005190000, 0x0000000006190000)

Polling page: 0x0000000001430000

CodeCache: size=245760Kb used=1069Kb max_used=1069Kb free=244690Kb
 bounds [0x000000000f010000, 0x000000000f280000, 0x000000001e010000]
 total_blobs=231 nmethods=5 adapters=140
 compilation: enabled

Compilation events (10 events):
Event: 1.132 Thread 0x00000000080ec000    1       3       java.lang.String::hashCode (55 bytes)
Event: 1.133 Thread 0x00000000080ec000 nmethod 1 0x000000000f119590 code [0x000000000f119700, 0x000000000f119990]
Event: 1.133 Thread 0x00000000080ec000    2       3       java.lang.String::equals (81 bytes)
Event: 1.133 Thread 0x00000000080ec000 nmethod 2 0x000000000f119a90 code [0x000000000f119c20, 0x000000000f11a170]
Event: 1.141 Thread 0x00000000080ec000    3       3       java.lang.String::indexOf (70 bytes)
Event: 1.141 Thread 0x00000000080ec000 nmethod 3 0x000000000f11a350 code [0x000000000f11a4e0, 0x000000000f11a868]
Event: 1.141 Thread 0x00000000080ec000    4       3       java.lang.String::<init> (82 bytes)
Event: 1.142 Thread 0x00000000080ec000 nmethod 4 0x000000000f11a9d0 code [0x000000000f11aba0, 0x000000000f11b098]
Event: 1.143 Thread 0x000000000365b000    6       4       java.lang.String::charAt (29 bytes)
Event: 1.143 Thread 0x000000000365d000    7       4       java.util.TreeMap::parentOf (13 bytes)

GC Heap History (0 events):
No events

Deoptimization events (0 events):
No events

Internal exceptions (2 events):
Event: 0.778 Thread 0x0000000003561000 Exception <a 'java/lang/NoSuchMethodError': Method sun.misc.Unsafe.defineClass(Ljava/lang/String;[BII)Ljava/lang/Class; name or signature does not match> (0x00000000eab07cc0) thrown at [C:\re\workspace\8-2-build-windows-amd64-cygwin\jdk8u101\7261\hotspot\sç7√wÿ‚Ë?
Event: 0.778 Thread 0x0000000003561000 Exception <a 'java/lang/NoSuchMethodError': Method sun.misc.Unsafe.prefetchRead(Ljava/lang/Object;J)V name or signature does not match> (0x00000000eab07fa8) thrown at [C:\re\workspace\8-2-build-windows-amd64-cygwin\jdk8u101\7261\hotspot\src\share\vm\prims\

Events (10 events):
Event: 1.142 loading class java/util/HashMap$EntrySet
Event: 1.143 loading class java/util/HashMap$EntrySet done
Event: 1.143 loading class java/lang/ProcessEnvironment$CheckedEntrySet$1
Event: 1.143 loading class java/lang/ProcessEnvironment$CheckedEntrySet$1 done
Event: 1.143 loading class java/util/HashMap$EntryIterator
Event: 1.143 loading class java/util/HashMap$HashIterator
Event: 1.143 loading class java/util/HashMap$HashIterator done
Event: 1.143 loading class java/util/HashMap$EntryIterator done
Event: 1.143 loading class java/lang/ProcessEnvironment$CheckedEntry
Event: 1.143 loading class java/lang/ProcessEnvironment$CheckedEntry done


Dynamic libraries:
0x00007ff67bb80000 - 0x00007ff67bbb7000 	C:\Program Files\Java\jdk1.8.0_101\bin\java.exe
0x00007fffae780000 - 0x00007fffae941000 	C:\Windows\SYSTEM32\ntdll.dll
0x00007fffad9c0000 - 0x00007fffada6d000 	C:\Windows\system32\KERNEL32.DLL
0x00007fffab760000 - 0x00007fffab948000 	C:\Windows\system32\KERNELBASE.dll
0x00007fffad7a0000 - 0x00007fffad847000 	C:\Windows\system32\ADVAPI32.dll
0x00007fffad920000 - 0x00007fffad9bd000 	C:\Windows\system32\msvcrt.dll
0x00007fffae280000 - 0x00007fffae2db000 	C:\Windows\system32\sechost.dll
0x00007fffade20000 - 0x00007fffadf3c000 	C:\Windows\system32\RPCRT4.dll
0x00007fffad5e0000 - 0x00007fffad736000 	C:\Windows\system32\USER32.dll
0x00007fffabb80000 - 0x00007fffabd06000 	C:\Windows\system32\GDI32.dll
0x00007fffa6ba0000 - 0x00007fffa6e14000 	C:\Windows\WinSxS\amd64_microsoft.windows.common-controls_6595b64144ccf1df_6.0.10586.589_none_a2ddb3caa539acce\COMCTL32.dll
0x00007fffadba0000 - 0x00007fffade1d000 	C:\Windows\system32\combase.dll
0x00007fffaae30000 - 0x00007fffaae9a000 	C:\Windows\system32\bcryptPrimitives.dll
0x00007fffae090000 - 0x00007fffae0cb000 	C:\Windows\system32\IMM32.DLL
0x00007fffaac90000 - 0x00007fffaacc1000 	C:\Windows\system32\nvinitx.dll
0x00007fffaac80000 - 0x00007fffaac8a000 	C:\Windows\SYSTEM32\VERSION.dll
0x000000000f000000 - 0x000000000f006000 	C:\Program Files\NVIDIA Corporation\CoProcManager\_etoured.dll
0x00007fffa9500000 - 0x00007fffa9532000 	C:\Program Files\NVIDIA Corporation\CoProcManager\nvd3d9wrapx.dll
0x00007fffae350000 - 0x00007fffae779000 	C:\Windows\system32\SETUPAPI.dll
0x00007fffab710000 - 0x00007fffab753000 	C:\Windows\system32\CFGMGR32.dll
0x00007fffa94d0000 - 0x00007fffa94f2000 	C:\Program Files\NVIDIA Corporation\CoProcManager\nvdxgiwrapx.dll
0x0000000054dc0000 - 0x0000000054e92000 	C:\Program Files\Java\jdk1.8.0_101\jre\bin\msvcr100.dll
0x0000000054520000 - 0x0000000054dba000 	C:\Program Files\Java\jdk1.8.0_101\jre\bin\server\jvm.dll
0x00007fffadae0000 - 0x00007fffadae8000 	C:\Windows\system32\PSAPI.DLL
0x00007fffa8a60000 - 0x00007fffa8a69000 	C:\Windows\SYSTEM32\WSOCK32.dll
0x00007fffae2e0000 - 0x00007fffae34b000 	C:\Windows\system32\WS2_32.dll
0x00007fffa8fd0000 - 0x00007fffa8ff3000 	C:\Windows\SYSTEM32\WINMM.dll
0x00007fffa8f70000 - 0x00007fffa8f9c000 	C:\Windows\SYSTEM32\WINMMBASE.dll
0x0000000054510000 - 0x000000005451f000 	C:\Program Files\Java\jdk1.8.0_101\jre\bin\verify.dll
0x00000000544e0000 - 0x0000000054509000 	C:\Program Files\Java\jdk1.8.0_101\jre\bin\java.dll
0x00000000544c0000 - 0x00000000544d6000 	C:\Program Files\Java\jdk1.8.0_101\jre\bin\zip.dll
0x00007fffabea0000 - 0x00007fffad3fc000 	C:\Windows\system32\SHELL32.dll
0x00007fffaaf30000 - 0x00007fffab575000 	C:\Windows\system32\windows.storage.dll
0x00007fffad400000 - 0x00007fffad452000 	C:\Windows\system32\shlwapi.dll
0x00007fffaae20000 - 0x00007fffaae2f000 	C:\Windows\system32\kernel.appcore.dll
0x00007fffab580000 - 0x00007fffab635000 	C:\Windows\system32\shcore.dll
0x00007fffaada0000 - 0x00007fffaadeb000 	C:\Windows\system32\powrprof.dll
0x00007fffaadf0000 - 0x00007fffaae04000 	C:\Windows\system32\profapi.dll

VM Arguments:
jvm_args: -Djava.awt.headless=true -Xmx1024M -Dfile.encoding=GBK -Duser.country=CN -Duser.language=zh -Duser.variant 
java_command: com.android.dx.command.Main --dex --force-jumbo --num-threads=4 --output C:\Users\shenb\Desktop\Mpzn\app\build\intermediates\pre-dexed\debug\in.srain.cube-ultra-ptr-1.0.11_d11857a4d9ad6cfc96ee70de3eb6e360d79a2684.jar C:\Users\shenb\Desktop\Mpzn\app\build\intermediates\exploded-aar\in.srain.cube\ultra-ptr\1.0.11\jars\classes.jar
java_class_path (initial): D:\AndroidSDK\build-tools\23.0.3\lib\dx.jar
Launcher Type: SUN_STANDARD

Environment Variables:
JAVA_HOME=C:\Program Files\Java\jdk1.8.0_101
PATH=C:\ProgramData\Oracle\Java\javapath;C:\Program Files (x86)\Intel\iCLS Client\;C:\Program Files\Intel\iCLS Client\;C:\Windows\system32;C:\Windows;C:\Windows\System32\Wbem;C:\Windows\System32\WindowsPowerShell\v1.0\;C:\Program Files\Intel\Intel(R) Management Engine Components\DAL;C:\Program Files\Intel\Intel(R) Management Engine Components\IPT;C:\Program Files (x86)\Intel\Intel(R) Management Engine Components\DAL;C:\Program Files (x86)\Intel\Intel(R) Management Engine Components\IPT;C:\Program Files (x86)\VisualSVN Server\bin;C:\Program Files\TortoiseSVN\bin;C:\Program Files\TortoiseGit\bin;D:\AS\android-sdk-windows\platform-tools;C:\Program Files\Java\jdk1.8.0_101\bin;D:\adt-bundle-windows-x64\android-sdk-windows\platform-tools;D:\adt-bundle-windows-x64\android-sdk-windows\tools;D:\apache-tomcat-6.0.44\bin
USERNAME=Icy
OS=Windows_NT
PROCESSOR_IDENTIFIER=Intel64 Family 6 Model 58 Stepping 9, GenuineIntel



---------------  S Y S T E M  ---------------

OS: Windows 10.0 , 64 bit Build 10586 (10.0.10586.589)

CPU:total 4 (2 cores per cpu, 2 threads per core) family 6 model 58 stepping 9, cmov, cx8, fxsr, mmx, sse, sse2, sse3, ssse3, sse4.1, sse4.2, popcnt, avx, aes, clmul, erms, ht, tsc, tscinvbit, tscinv

Memory: 4k page, physical 8241668k(628004k free), swap 14949184k(2160k free)

vm_info: Java HotSpot(TM) 64-Bit Server VM (25.101-b13) for windows-amd64 JRE (1.8.0_101-b13), built on Jun 22 2016 01:21:29 by "java_re" with MS VC++ 10.0 (VS2010)

time: Tue Sep 27 17:56:29 2016
elapsed time: 1 seconds (0d 0h 0m 1s)

