#
# There is insufficient memory for the Java Runtime Environment to continue.
# Native memory allocation (malloc) failed to allocate 392240 bytes for Chunk::new
# Possible reasons:
#   The system is out of physical RAM or swap space
#   In 32 bit mode, the process size limit was hit
# Possible solutions:
#   Reduce memory load on the system
#   Increase physical memory or swap space
#   Check if swap backing store is full
#   Use 64 bit Java on a 64 bit OS
#   Decrease Java heap size (-Xmx/-Xms)
#   Decrease number of Java threads
#   Decrease Java thread stack sizes (-Xss)
#   Set larger code cache with -XX:ReservedCodeCacheSize=
# This output file may be truncated or incomplete.
#
#  Out of Memory Error (allocation.cpp:390), pid=12136, tid=0x0000000000003180
#
# JRE version: Java(TM) SE Runtime Environment (8.0_101-b13) (build 1.8.0_101-b13)
# Java VM: Java HotSpot(TM) 64-Bit Server VM (25.101-b13 mixed mode windows-amd64 compressed oops)
# Failed to write core dump. Minidumps are not enabled by default on client versions of Windows
#

---------------  T H R E A D  ---------------

Current thread (0x0000000007033800):  JavaThread "C2 CompilerThread0" daemon [_thread_in_native, id=12672, stack(0x00000000075f0000,0x00000000076f0000)]

Stack: [0x00000000075f0000,0x00000000076f0000]
[error occurred during error reporting (printing stack bounds), id 0xc0000005]

Native frames: (J=compiled Java code, j=interpreted, Vv=VM code, C=native code)


Current CompileTask:
C2:   2304 1488   !   4       com.android.dx.cf.code.BytecodeArray::parseInstruction (2764 bytes)


---------------  P R O C E S S  ---------------

Java Threads: ( => current thread )
  0x00000000072e4000 JavaThread "pool-1-thread-4" [_thread_blocked, id=4076, stack(0x00000000086f0000,0x00000000087f0000)]
  0x0000000007357000 JavaThread "pool-1-thread-3" [_thread_in_Java, id=6632, stack(0x00000000085f0000,0x00000000086f0000)]
  0x0000000007356800 JavaThread "pool-1-thread-2" [_thread_in_vm, id=7580, stack(0x00000000084f0000,0x00000000085f0000)]
  0x000000000730f800 JavaThread "pool-2-thread-1" [_thread_blocked, id=15132, stack(0x00000000083f0000,0x00000000084f0000)]
  0x000000000730f000 JavaThread "pool-1-thread-1" [_thread_in_vm, id=9800, stack(0x00000000082f0000,0x00000000083f0000)]
  0x0000000007062800 JavaThread "Service Thread" daemon [_thread_blocked, id=15452, stack(0x00000000078f0000,0x00000000079f0000)]
  0x0000000007054000 JavaThread "C1 CompilerThread2" daemon [_thread_blocked, id=10020, stack(0x00000000077f0000,0x00000000078f0000)]
  0x00000000025bc800 JavaThread "C2 CompilerThread1" daemon [_thread_in_native, id=22864, stack(0x00000000076f0000,0x00000000077f0000)]
=>0x0000000007033800 JavaThread "C2 CompilerThread0" daemon [_thread_in_native, id=12672, stack(0x00000000075f0000,0x00000000076f0000)]
  0x0000000005ca3000 JavaThread "Attach Listener" daemon [_thread_blocked, id=20432, stack(0x00000000074f0000,0x00000000075f0000)]
  0x0000000005ca2000 JavaThread "Signal Dispatcher" daemon [_thread_blocked, id=204, stack(0x00000000073f0000,0x00000000074f0000)]
  0x0000000005c7a000 JavaThread "Finalizer" daemon [_thread_blocked, id=20428, stack(0x0000000006ef0000,0x0000000006ff0000)]
  0x0000000005c59000 JavaThread "Reference Handler" daemon [_thread_blocked, id=20396, stack(0x0000000006df0000,0x0000000006ef0000)]
  0x00000000024c1000 JavaThread "main" [_thread_blocked, id=13380, stack(0x0000000000780000,0x0000000000880000)]

Other Threads:
  0x0000000005c57000 VMThread [stack: 0x0000000006cf0000,0x0000000006df0000] [id=13888]
  0x00000000070af000 WatcherThread [stack: 0x00000000079f0000,0x0000000007af0000] [id=22092]

VM state:not at safepoint (normal execution)

VM Mutex/Monitor currently owned by a thread: None

Heap:
 PSYoungGen      total 70656K, used 33288K [0x00000000eab00000, 0x00000000ef500000, 0x0000000100000000)
  eden space 65536K, 42% used [0x00000000eab00000,0x00000000ec683f68,0x00000000eeb00000)
  from space 5120K, 99% used [0x00000000ef000000,0x00000000ef4fe280,0x00000000ef500000)
  to   space 5120K, 0% used [0x00000000eeb00000,0x00000000eeb00000,0x00000000ef000000)
 ParOldGen       total 86016K, used 7784K [0x00000000c0000000, 0x00000000c5400000, 0x00000000eab00000)
  object space 86016K, 9% used [0x00000000c0000000,0x00000000c079a050,0x00000000c5400000)
 Metaspace       used 6345K, capacity 7128K, committed 7424K, reserved 1056768K
  class space    used 622K, capacity 656K, committed 768K, reserved 1048576K

Card table byte_map: [0x0000000002980000,0x0000000002b90000] byte_map_base: 0x0000000002380000

Marking Bits: (ParMarkBitMap*) 0x0000000058ffa6d0
 Begin Bits: [0x00000000030f0000, 0x00000000040f0000)
 End Bits:   [0x00000000040f0000, 0x00000000050f0000)

Polling page: 0x00000000001f0000

CodeCache: size=245760Kb used=6174Kb max_used=6174Kb free=239585Kb
 bounds [0x000000000f010000, 0x000000000f620000, 0x000000001e010000]
 total_blobs=1856 nmethods=1584 adapters=184
 compilation: enabled

Compilation events (10 events):
Event: 2.215 Thread 0x0000000007054000 1605       2       java.util.EnumSet::<init> (15 bytes)
Event: 2.215 Thread 0x0000000007054000 nmethod 1605 0x000000000f61a210 code [0x000000000f61a360, 0x000000000f61a4d0]
Event: 2.215 Thread 0x0000000007054000 1606       2       java.util.RegularEnumSet::addAll (23 bytes)
Event: 2.215 Thread 0x0000000007054000 nmethod 1606 0x000000000f61a550 code [0x000000000f61a6a0, 0x000000000f61a810]
Event: 2.215 Thread 0x0000000007054000 1607       2       java.util.Arrays::sort (47 bytes)
Event: 2.215 Thread 0x0000000007054000 nmethod 1607 0x000000000f61a8d0 code [0x000000000f61aa60, 0x000000000f61acd8]
Event: 2.215 Thread 0x0000000007054000 1608       2       java.util.Arrays$LegacyMergeSort::access$000 (4 bytes)
Event: 2.215 Thread 0x0000000007054000 nmethod 1608 0x000000000f61ae50 code [0x000000000f61afa0, 0x000000000f61b0d0]
Event: 2.215 Thread 0x0000000007054000 1603       2       java.lang.System$2::getEnumConstantsShared (8 bytes)
Event: 2.216 Thread 0x0000000007054000 nmethod 1603 0x000000000f61b150 code [0x000000000f61b2c0, 0x000000000f61b468]

GC Heap History (4 events):
Event: 1.315 GC heap before
{Heap before GC invocations=1 (full 0):
 PSYoungGen      total 37888K, used 32768K [0x00000000eab00000, 0x00000000ed500000, 0x0000000100000000)
  eden space 32768K, 100% used [0x00000000eab00000,0x00000000ecb00000,0x00000000ecb00000)
  from space 5120K, 0% used [0x00000000ed000000,0x00000000ed000000,0x00000000ed500000)
  to   space 5120K, 0% used [0x00000000ecb00000,0x00000000ecb00000,0x00000000ed000000)
 ParOldGen       total 86016K, used 0K [0x00000000c0000000, 0x00000000c5400000, 0x00000000eab00000)
  object space 86016K, 0% used [0x00000000c0000000,0x00000000c0000000,0x00000000c5400000)
 Metaspace       used 6045K, capacity 6902K, committed 7040K, reserved 1056768K
  class space    used 601K, capacity 622K, committed 640K, reserved 1048576K
Event: 1.340 GC heap after
Heap after GC invocations=1 (full 0):
 PSYoungGen      total 37888K, used 5103K [0x00000000eab00000, 0x00000000ef500000, 0x0000000100000000)
  eden space 32768K, 0% used [0x00000000eab00000,0x00000000eab00000,0x00000000ecb00000)
  from space 5120K, 99% used [0x00000000ecb00000,0x00000000ecffbc98,0x00000000ed000000)
  to   space 5120K, 0% used [0x00000000ef000000,0x00000000ef000000,0x00000000ef500000)
 ParOldGen       total 86016K, used 1751K [0x00000000c0000000, 0x00000000c5400000, 0x00000000eab00000)
  object space 86016K, 2% used [0x00000000c0000000,0x00000000c01b5c80,0x00000000c5400000)
 Metaspace       used 6045K, capacity 6902K, committed 7040K, reserved 1056768K
  class space    used 601K, capacity 622K, committed 640K, reserved 1048576K
}
Event: 1.857 GC heap before
{Heap before GC invocations=2 (full 0):
 PSYoungGen      total 37888K, used 37871K [0x00000000eab00000, 0x00000000ef500000, 0x0000000100000000)
  eden space 32768K, 100% used [0x00000000eab00000,0x00000000ecb00000,0x00000000ecb00000)
  from space 5120K, 99% used [0x00000000ecb00000,0x00000000ecffbc98,0x00000000ed000000)
  to   space 5120K, 0% used [0x00000000ef000000,0x00000000ef000000,0x00000000ef500000)
 ParOldGen       total 86016K, used 1751K [0x00000000c0000000, 0x00000000c5400000, 0x00000000eab00000)
  object space 86016K, 2% used [0x00000000c0000000,0x00000000c01b5c80,0x00000000c5400000)
 Metaspace       used 6299K, capacity 7064K, committed 7424K, reserved 1056768K
  class space    used 622K, capacity 656K, committed 768K, reserved 1048576K
Event: 1.892 GC heap after
Heap after GC invocations=2 (full 0):
 PSYoungGen      total 70656K, used 5112K [0x00000000eab00000, 0x00000000ef500000, 0x0000000100000000)
  eden space 65536K, 0% used [0x00000000eab00000,0x00000000eab00000,0x00000000eeb00000)
  from space 5120K, 99% used [0x00000000ef000000,0x00000000ef4fe280,0x00000000ef500000)
  to   space 5120K, 0% used [0x00000000eeb00000,0x00000000eeb00000,0x00000000ef000000)
 ParOldGen       total 86016K, used 7784K [0x00000000c0000000, 0x00000000c5400000, 0x00000000eab00000)
  object space 86016K, 9% used [0x00000000c0000000,0x00000000c079a050,0x00000000c5400000)
 Metaspace       used 6299K, capacity 7064K, committed 7424K, reserved 1056768K
  class space    used 622K, capacity 656K, committed 768K, reserved 1048576K
}

Deoptimization events (10 events):
Event: 1.600 Thread 0x0000000007356800 Uncommon trap: reason=unstable_if action=reinterpret pc=0x000000000f2f771c method=java.util.HashMap.putVal(ILjava/lang/Object;Ljava/lang/Object;ZZ)Ljava/lang/Object; @ 162
Event: 1.733 Thread 0x00000000072e4000 Uncommon trap: reason=class_check action=maybe_recompile pc=0x000000000f4ea70c method=java.util.HashMap.putVal(ILjava/lang/Object;Ljava/lang/Object;ZZ)Ljava/lang/Object; @ 203
Event: 1.733 Thread 0x00000000072e4000 Uncommon trap: reason=class_check action=maybe_recompile pc=0x000000000f4ea70c method=java.util.HashMap.putVal(ILjava/lang/Object;Ljava/lang/Object;ZZ)Ljava/lang/Object; @ 203
Event: 1.756 Thread 0x00000000072e4000 Uncommon trap: reason=bimorphic action=maybe_recompile pc=0x000000000f5c83c8 method=com.android.dx.cf.code.BytecodeArray.parseInstruction(ILcom/android/dx/cf/code/BytecodeArray$Visitor;)I @ 2281
Event: 1.756 Thread 0x00000000072e4000 Uncommon trap: reason=bimorphic action=maybe_recompile pc=0x000000000f5c83c8 method=com.android.dx.cf.code.BytecodeArray.parseInstruction(ILcom/android/dx/cf/code/BytecodeArray$Visitor;)I @ 2281
Event: 1.803 Thread 0x00000000024c1000 Uncommon trap: reason=bimorphic action=maybe_recompile pc=0x000000000f5c8dc4 method=com.android.dx.cf.code.BytecodeArray.parseInstruction(ILcom/android/dx/cf/code/BytecodeArray$Visitor;)I @ 939
Event: 1.803 Thread 0x00000000024c1000 Uncommon trap: reason=bimorphic action=maybe_recompile pc=0x000000000f5c8cc4 method=com.android.dx.cf.code.BytecodeArray.parseInstruction(ILcom/android/dx/cf/code/BytecodeArray$Visitor;)I @ 907
Event: 1.803 Thread 0x00000000024c1000 Uncommon trap: reason=bimorphic action=maybe_recompile pc=0x000000000f5c909c method=com.android.dx.cf.code.BytecodeArray.parseInstruction(ILcom/android/dx/cf/code/BytecodeArray$Visitor;)I @ 1130
Event: 1.803 Thread 0x00000000024c1000 Uncommon trap: reason=bimorphic action=maybe_recompile pc=0x000000000f5c8d44 method=com.android.dx.cf.code.BytecodeArray.parseInstruction(ILcom/android/dx/cf/code/BytecodeArray$Visitor;)I @ 923
Event: 1.803 Thread 0x00000000024c1000 Uncommon trap: reason=bimorphic action=maybe_recompile pc=0x000000000f5c909c method=com.android.dx.cf.code.BytecodeArray.parseInstruction(ILcom/android/dx/cf/code/BytecodeArray$Visitor;)I @ 1130

Internal exceptions (6 events):
Event: 0.111 Thread 0x00000000024c1000 Exception <a 'java/lang/NoSuchMethodError': Method sun.misc.Unsafe.defineClass(Ljava/lang/String;[BII)Ljava/lang/Class; name or signature does not match> (0x00000000eab07cc0) thrown at [C:\re\workspace\8-2-build-windows-amd64-cygwin\jdk8u101\7261\hotspot\smˇ46Öº?
Event: 0.111 Thread 0x00000000024c1000 Exception <a 'java/lang/NoSuchMethodError': Method sun.misc.Unsafe.prefetchRead(Ljava/lang/Object;J)V name or signature does not match> (0x00000000eab07fa8) thrown at [C:\re\workspace\8-2-build-windows-amd64-cygwin\jdk8u101\7261\hotspot\src\share\vm\prims\•¸˜Å∫LÒ?
Event: 1.081 Thread 0x0000000007357000 Implicit null exception at 0x000000000f320376 to 0x000000000f321ab9
Event: 1.603 Thread 0x0000000007356800 Exception <a 'java/lang/ArrayIndexOutOfBoundsException': 18> (0x00000000ebcf8918) thrown at [C:\re\workspace\8-2-build-windows-amd64-cygwin\jdk8u101\7261\hotspot\src\share\vm\interpreter\interpreterRuntime.cpp, line 366]
Event: 1.603 Thread 0x0000000007356800 Exception <a 'java/lang/ArrayIndexOutOfBoundsException': 145> (0x00000000ebcfa498) thrown at [C:\re\workspace\8-2-build-windows-amd64-cygwin\jdk8u101\7261\hotspot\src\share\vm\interpreter\interpreterRuntime.cpp, line 366]
Event: 1.604 Thread 0x0000000007356800 Exception <a 'java/lang/ArrayIndexOutOfBoundsException'> (0x00000000ebcfb780) thrown at [C:\re\workspace\8-2-build-windows-amd64-cygwin\jdk8u101\7261\hotspot\src\share\vm\runtime\sharedRuntime.cpp, line 605]

Events (10 events):
Event: 1.841 Executing VM operation: ParallelGCFailedAllocation
Event: 1.892 Executing VM operation: ParallelGCFailedAllocation done
Event: 1.943 Thread 0x0000000007356800 DEOPT PACKING pc=0x000000000f2ec29b sp=0x00000000085ee970
Event: 1.943 Thread 0x0000000007356800 DEOPT UNPACKING pc=0x000000000f05787f sp=0x00000000085ee738 mode 0
Event: 2.084 Thread 0x0000000007357000 DEOPT PACKING pc=0x000000000f2ec29b sp=0x00000000086eed50
Event: 2.084 Thread 0x0000000007357000 DEOPT UNPACKING pc=0x000000000f05787f sp=0x00000000086eeb18 mode 0
Event: 2.192 Thread 0x0000000007356800 DEOPT PACKING pc=0x000000000f2ec29b sp=0x00000000085ee890
Event: 2.192 Thread 0x0000000007356800 DEOPT UNPACKING pc=0x000000000f05787f sp=0x00000000085ee658 mode 0
Event: 2.208 Thread 0x000000000730f000 DEOPT PACKING pc=0x000000000f2ec29b sp=0x00000000083eea80
Event: 2.208 Thread 0x000000000730f000 DEOPT UNPACKING pc=0x000000000f05787f sp=0x00000000083ee848 mode 0


Dynamic libraries:
0x00007ff7f02f0000 - 0x00007ff7f0327000 	C:\Program Files\Java\jdk1.8.0_101\bin\java.exe
0x00007ffd253d0000 - 0x00007ffd25591000 	C:\Windows\SYSTEM32\ntdll.dll
0x00007ffd227d0000 - 0x00007ffd2287d000 	C:\Windows\system32\KERNEL32.DLL
0x00007ffd225c0000 - 0x00007ffd227a8000 	C:\Windows\system32\KERNELBASE.dll
0x00007ffd23bf0000 - 0x00007ffd23c97000 	C:\Windows\system32\ADVAPI32.dll
0x00007ffd22bd0000 - 0x00007ffd22c6d000 	C:\Windows\system32\msvcrt.dll
0x00007ffd25210000 - 0x00007ffd2526b000 	C:\Windows\system32\sechost.dll
0x00007ffd23ad0000 - 0x00007ffd23bec000 	C:\Windows\system32\RPCRT4.dll
0x00007ffd23970000 - 0x00007ffd23ac6000 	C:\Windows\system32\USER32.dll
0x00007ffd22c70000 - 0x00007ffd22df6000 	C:\Windows\system32\GDI32.dll
0x00007ffd1d0d0000 - 0x00007ffd1d344000 	C:\Windows\WinSxS\amd64_microsoft.windows.common-controls_6595b64144ccf1df_6.0.10586.589_none_a2ddb3caa539acce\COMCTL32.dll
0x00007ffd22e00000 - 0x00007ffd2307d000 	C:\Windows\system32\combase.dll
0x00007ffd21a80000 - 0x00007ffd21aea000 	C:\Windows\system32\bcryptPrimitives.dll
0x00007ffd23820000 - 0x00007ffd2385b000 	C:\Windows\system32\IMM32.DLL
0x00007ffd218e0000 - 0x00007ffd21911000 	C:\Windows\system32\nvinitx.dll
0x00007ffd218d0000 - 0x00007ffd218da000 	C:\Windows\SYSTEM32\VERSION.dll
0x000000000f000000 - 0x000000000f006000 	C:\Program Files\NVIDIA Corporation\CoProcManager\_etoured.dll
0x00007ffd1fd60000 - 0x00007ffd1fd92000 	C:\Program Files\NVIDIA Corporation\CoProcManager\nvd3d9wrapx.dll
0x00007ffd231b0000 - 0x00007ffd235d9000 	C:\Windows\system32\SETUPAPI.dll
0x00007ffd22570000 - 0x00007ffd225b3000 	C:\Windows\system32\CFGMGR32.dll
0x00007ffd1fd30000 - 0x00007ffd1fd52000 	C:\Program Files\NVIDIA Corporation\CoProcManager\nvdxgiwrapx.dll
0x0000000059080000 - 0x0000000059152000 	C:\Program Files\Java\jdk1.8.0_101\jre\bin\msvcr100.dll
0x00000000587e0000 - 0x000000005907a000 	C:\Program Files\Java\jdk1.8.0_101\jre\bin\server\jvm.dll
0x00007ffd25270000 - 0x00007ffd25278000 	C:\Windows\system32\PSAPI.DLL
0x00007ffd18770000 - 0x00007ffd18779000 	C:\Windows\SYSTEM32\WSOCK32.dll
0x00007ffd235e0000 - 0x00007ffd2364b000 	C:\Windows\system32\WS2_32.dll
0x00007ffd1fc20000 - 0x00007ffd1fc43000 	C:\Windows\SYSTEM32\WINMM.dll
0x00007ffd1fbc0000 - 0x00007ffd1fbec000 	C:\Windows\SYSTEM32\WINMMBASE.dll
0x00000000587d0000 - 0x00000000587df000 	C:\Program Files\Java\jdk1.8.0_101\jre\bin\verify.dll
0x00000000587a0000 - 0x00000000587c9000 	C:\Program Files\Java\jdk1.8.0_101\jre\bin\java.dll
0x0000000058780000 - 0x0000000058796000 	C:\Program Files\Java\jdk1.8.0_101\jre\bin\zip.dll
0x00007ffd23cb0000 - 0x00007ffd2520c000 	C:\Windows\system32\SHELL32.dll
0x00007ffd21e90000 - 0x00007ffd224d5000 	C:\Windows\system32\windows.storage.dll
0x00007ffd22b70000 - 0x00007ffd22bc2000 	C:\Windows\system32\shlwapi.dll
0x00007ffd219f0000 - 0x00007ffd219ff000 	C:\Windows\system32\kernel.appcore.dll
0x00007ffd21b50000 - 0x00007ffd21c05000 	C:\Windows\system32\shcore.dll
0x00007ffd21a20000 - 0x00007ffd21a6b000 	C:\Windows\system32\powrprof.dll
0x00007ffd21a00000 - 0x00007ffd21a14000 	C:\Windows\system32\profapi.dll

VM Arguments:
jvm_args: -Djava.awt.headless=true -Xmx1024M -Dfile.encoding=GBK -Duser.country=CN -Duser.language=zh -Duser.variant 
java_command: com.android.dx.command.Main --dex --force-jumbo --num-threads=4 --output C:\Users\shenb\Desktop\Mpzn\app\build\intermediates\pre-dexed\debug\okhttp-3.3.1_0c30aff8cbc274a05737e128b8c87f653a99dc7c.jar C:\Users\shenb\.gradle\caches\modules-2\files-2.1\com.squareup.okhttp3\okhttp\3.3.1\19047bdb6a4fc00a44124f64ca98e88fc204e7e3\okhttp-3.3.1.jar
java_class_path (initial): D:\AndroidSDK\build-tools\23.0.3\lib\dx.jar
Launcher Type: SUN_STANDARD

Environment Variables:
JAVA_HOME=C:\Program Files\Java\jdk1.8.0_101
PATH=C:\ProgramData\Oracle\Java\javapath;C:\Program Files (x86)\Intel\iCLS Client\;C:\Program Files\Intel\iCLS Client\;C:\Windows\system32;C:\Windows;C:\Windows\System32\Wbem;C:\Windows\System32\WindowsPowerShell\v1.0\;C:\Program Files\Intel\Intel(R) Management Engine Components\DAL;C:\Program Files\Intel\Intel(R) Management Engine Components\IPT;C:\Program Files (x86)\Intel\Intel(R) Management Engine Components\DAL;C:\Program Files (x86)\Intel\Intel(R) Management Engine Components\IPT;C:\Program Files (x86)\VisualSVN Server\bin;C:\Program Files\TortoiseSVN\bin;C:\Program Files\TortoiseGit\bin;D:\AS\android-sdk-windows\platform-tools;C:\Program Files\Java\jdk1.8.0_101\bin;D:\adt-bundle-windows-x64\android-sdk-windows\platform-tools;D:\adt-bundle-windows-x64\android-sdk-windows\tools;D:\apache-tomcat-6.0.44\bin
USERNAME=Icy
OS=Windows_NT
PROCESSOR_IDENTIFIER=Intel64 Family 6 Model 58 Stepping 9, GenuineIntel



---------------  S Y S T E M  ---------------

OS: Windows 10.0 , 64 bit Build 10586 (10.0.10586.589)

CPU:total 4 (2 cores per cpu, 2 threads per core) family 6 model 58 stepping 9, cmov, cx8, fxsr, mmx, sse, sse2, sse3, ssse3, sse4.1, sse4.2, popcnt, avx, aes, clmul, erms, ht, tsc, tscinvbit, tscinv

Memory: 4k page, physical 8241668k(1447844k free), swap 14752000k(4348k free)

vm_info: Java HotSpot(TM) 64-Bit Server VM (25.101-b13) for windows-amd64 JRE (1.8.0_101-b13), built on Jun 22 2016 01:21:29 by "java_re" with MS VC++ 10.0 (VS2010)

time: Wed Nov 09 16:42:18 2016
elapsed time: 2 seconds (0d 0h 0m 2s)

