#
# There is insufficient memory for the Java Runtime Environment to continue.
# Native memory allocation (malloc) failed to allocate 1048576 bytes for AllocateHeap
# Possible reasons:
#   The system is out of physical RAM or swap space
#   In 32 bit mode, the process size limit was hit
# Possible solutions:
#   Reduce memory load on the system
#   Increase physical memory or swap space
#   Check if swap backing store is full
#   Use 64 bit Java on a 64 bit OS
#   Decrease Java heap size (-Xmx/-Xms)
#   Decrease number of Java threads
#   Decrease Java thread stack sizes (-Xss)
#   Set larger code cache with -XX:ReservedCodeCacheSize=
# This output file may be truncated or incomplete.
#
#  Out of Memory Error (memory/allocation.inline.hpp:61), pid=24016, tid=0x0000000000004914
#
# JRE version:  (8.0_101-b13) (build )
# Java VM: Java HotSpot(TM) 64-Bit Server VM (25.101-b13 mixed mode windows-amd64 compressed oops)
# Failed to write core dump. Minidumps are not enabled by default on client versions of Windows
#

---------------  T H R E A D  ---------------

Current thread (0x00000000026f1000):  JavaThread "Unknown thread" [_thread_in_vm, id=18708, stack(0x00000000025f0000,0x00000000026f0000)]

Stack: [0x00000000025f0000,0x00000000026f0000]
[error occurred during error reporting (printing stack bounds), id 0xc0000005]

Native frames: (J=compiled Java code, j=interpreted, Vv=VM code, C=native code)


---------------  P R O C E S S  ---------------

Java Threads: ( => current thread )

Other Threads:

=>0x00000000026f1000 (exited) JavaThread "Unknown thread" [_thread_in_vm, id=18708, stack(0x00000000025f0000,0x00000000026f0000)]

VM state:not at safepoint (normal execution)

VM Mutex/Monitor currently owned by a thread: None

Heap:
 PSYoungGen      total 37888K, used 655K [0x00000000eab00000, 0x00000000ed500000, 0x0000000100000000)
  eden space 32768K, 2% used [0x00000000eab00000,0x00000000eaba3d80,0x00000000ecb00000)
  from space 5120K, 0% used [0x00000000ed000000,0x00000000ed000000,0x00000000ed500000)
  to   space 5120K, 0% used [0x00000000ecb00000,0x00000000ecb00000,0x00000000ed000000)
 ParOldGen       total 86016K, used 0K [0x00000000c0000000, 0x00000000c5400000, 0x00000000eab00000)
  object space 86016K, 0% used [0x00000000c0000000,0x00000000c0000000,0x00000000c5400000)
 Metaspace       used 769K, capacity 4480K, committed 4480K, reserved 1056768K
  class space    used 75K, capacity 384K, committed 384K, reserved 1048576K

Card table byte_map: [0x0000000002bb0000,0x0000000002dc0000] byte_map_base: 0x00000000025b0000

Marking Bits: (ParMarkBitMap*) 0x0000000058ffa6d0
 Begin Bits: [0x0000000003320000, 0x0000000004320000)
 End Bits:   [0x0000000004320000, 0x0000000005320000)

Polling page: 0x0000000000760000

CodeCache: size=245760Kb used=328Kb max_used=328Kb free=245431Kb
 bounds [0x000000000f010000, 0x000000000f280000, 0x000000001e010000]
 total_blobs=58 nmethods=0 adapters=38
 compilation: enabled

Compilation events (0 events):
No events

GC Heap History (0 events):
No events

Deoptimization events (0 events):
No events

Internal exceptions (0 events):
No events

Events (10 events):
Event: 0.049 loading class java/lang/Short
Event: 0.049 loading class java/lang/Short done
Event: 0.049 loading class java/lang/Integer
Event: 0.050 loading class java/lang/Integer done
Event: 0.050 loading class java/lang/Long
Event: 0.050 loading class java/lang/Long done
Event: 0.051 loading class java/lang/NullPointerException
Event: 0.051 loading class java/lang/NullPointerException done
Event: 0.051 loading class java/lang/ArithmeticException
Event: 0.051 loading class java/lang/ArithmeticException done


Dynamic libraries:
0x00007ff7f02f0000 - 0x00007ff7f0327000 	C:\Program Files\Java\jdk1.8.0_101\bin\java.exe
0x00007ffd253d0000 - 0x00007ffd25591000 	C:\Windows\SYSTEM32\ntdll.dll
0x00007ffd227d0000 - 0x00007ffd2287d000 	C:\Windows\system32\KERNEL32.DLL
0x00007ffd225c0000 - 0x00007ffd227a8000 	C:\Windows\system32\KERNELBASE.dll
0x00007ffd23bf0000 - 0x00007ffd23c97000 	C:\Windows\system32\ADVAPI32.dll
0x00007ffd22bd0000 - 0x00007ffd22c6d000 	C:\Windows\system32\msvcrt.dll
0x00007ffd25210000 - 0x00007ffd2526b000 	C:\Windows\system32\sechost.dll
0x00007ffd23ad0000 - 0x00007ffd23bec000 	C:\Windows\system32\RPCRT4.dll
0x00007ffd23970000 - 0x00007ffd23ac6000 	C:\Windows\system32\USER32.dll
0x00007ffd22c70000 - 0x00007ffd22df6000 	C:\Windows\system32\GDI32.dll
0x00007ffd1d0d0000 - 0x00007ffd1d344000 	C:\Windows\WinSxS\amd64_microsoft.windows.common-controls_6595b64144ccf1df_6.0.10586.589_none_a2ddb3caa539acce\COMCTL32.dll
0x00007ffd22e00000 - 0x00007ffd2307d000 	C:\Windows\system32\combase.dll
0x00007ffd21a80000 - 0x00007ffd21aea000 	C:\Windows\system32\bcryptPrimitives.dll
0x00007ffd23820000 - 0x00007ffd2385b000 	C:\Windows\system32\IMM32.DLL
0x00007ffd218e0000 - 0x00007ffd21911000 	C:\Windows\system32\nvinitx.dll
0x00007ffd218d0000 - 0x00007ffd218da000 	C:\Windows\SYSTEM32\VERSION.dll
0x000000000f000000 - 0x000000000f006000 	C:\Program Files\NVIDIA Corporation\CoProcManager\_etoured.dll
0x00007ffd1fd60000 - 0x00007ffd1fd92000 	C:\Program Files\NVIDIA Corporation\CoProcManager\nvd3d9wrapx.dll
0x00007ffd231b0000 - 0x00007ffd235d9000 	C:\Windows\system32\SETUPAPI.dll
0x00007ffd22570000 - 0x00007ffd225b3000 	C:\Windows\system32\CFGMGR32.dll
0x00007ffd1fd30000 - 0x00007ffd1fd52000 	C:\Program Files\NVIDIA Corporation\CoProcManager\nvdxgiwrapx.dll
0x0000000059080000 - 0x0000000059152000 	C:\Program Files\Java\jdk1.8.0_101\jre\bin\msvcr100.dll
0x00000000587e0000 - 0x000000005907a000 	C:\Program Files\Java\jdk1.8.0_101\jre\bin\server\jvm.dll
0x00007ffd25270000 - 0x00007ffd25278000 	C:\Windows\system32\PSAPI.DLL
0x00007ffd18770000 - 0x00007ffd18779000 	C:\Windows\SYSTEM32\WSOCK32.dll
0x00007ffd235e0000 - 0x00007ffd2364b000 	C:\Windows\system32\WS2_32.dll
0x00007ffd1fc20000 - 0x00007ffd1fc43000 	C:\Windows\SYSTEM32\WINMM.dll
0x00007ffd1fbc0000 - 0x00007ffd1fbec000 	C:\Windows\SYSTEM32\WINMMBASE.dll
0x00000000587d0000 - 0x00000000587df000 	C:\Program Files\Java\jdk1.8.0_101\jre\bin\verify.dll
0x00000000587a0000 - 0x00000000587c9000 	C:\Program Files\Java\jdk1.8.0_101\jre\bin\java.dll
0x0000000058780000 - 0x0000000058796000 	C:\Program Files\Java\jdk1.8.0_101\jre\bin\zip.dll

VM Arguments:
jvm_args: -Djava.awt.headless=true -Xmx1024M -Dfile.encoding=GBK -Duser.country=CN -Duser.language=zh -Duser.variant 
java_command: com.android.dx.command.Main --dex --force-jumbo --num-threads=4 --output C:\Users\shenb\Desktop\Mpzn\app\build\intermediates\pre-dexed\debug\glide-3.7.0_bd594206a0e018e18067e6f5ae1bd8a60590a7e1.jar C:\Users\shenb\.gradle\caches\modules-2\files-2.1\com.github.bumptech.glide\glide\3.7.0\9e9eeaf9948ee4d6c3ab354e8dc14368f16994a4\glide-3.7.0.jar
java_class_path (initial): D:\AndroidSDK\build-tools\23.0.3\lib\dx.jar
Launcher Type: SUN_STANDARD

Environment Variables:
JAVA_HOME=C:\Program Files\Java\jdk1.8.0_101
PATH=C:\ProgramData\Oracle\Java\javapath;C:\Program Files (x86)\Intel\iCLS Client\;C:\Program Files\Intel\iCLS Client\;C:\Windows\system32;C:\Windows;C:\Windows\System32\Wbem;C:\Windows\System32\WindowsPowerShell\v1.0\;C:\Program Files\Intel\Intel(R) Management Engine Components\DAL;C:\Program Files\Intel\Intel(R) Management Engine Components\IPT;C:\Program Files (x86)\Intel\Intel(R) Management Engine Components\DAL;C:\Program Files (x86)\Intel\Intel(R) Management Engine Components\IPT;C:\Program Files (x86)\VisualSVN Server\bin;C:\Program Files\TortoiseSVN\bin;C:\Program Files\TortoiseGit\bin;D:\AS\android-sdk-windows\platform-tools;C:\Program Files\Java\jdk1.8.0_101\bin;D:\adt-bundle-windows-x64\android-sdk-windows\platform-tools;D:\adt-bundle-windows-x64\android-sdk-windows\tools;D:\apache-tomcat-6.0.44\bin
USERNAME=Icy
OS=Windows_NT
PROCESSOR_IDENTIFIER=Intel64 Family 6 Model 58 Stepping 9, GenuineIntel



---------------  S Y S T E M  ---------------

OS: Windows 10.0 , 64 bit Build 10586 (10.0.10586.589)

CPU:total 4 (2 cores per cpu, 2 threads per core) family 6 model 58 stepping 9, cmov, cx8, fxsr, mmx, sse, sse2, sse3, ssse3, sse4.1, sse4.2, popcnt, avx, aes, clmul, erms, ht, tsc, tscinvbit, tscinv

Memory: 4k page, physical 8241668k(862924k free), swap 14752000k(5256k free)

vm_info: Java HotSpot(TM) 64-Bit Server VM (25.101-b13) for windows-amd64 JRE (1.8.0_101-b13), built on Jun 22 2016 01:21:29 by "java_re" with MS VC++ 10.0 (VS2010)

time: Wed Nov 09 16:39:12 2016
elapsed time: 0 seconds (0d 0h 0m 0s)

