#
# There is insufficient memory for the Java Runtime Environment to continue.
# Native memory allocation (malloc) failed to allocate 188016 bytes for Chunk::new
# Possible reasons:
#   The system is out of physical RAM or swap space
#   In 32 bit mode, the process size limit was hit
# Possible solutions:
#   Reduce memory load on the system
#   Increase physical memory or swap space
#   Check if swap backing store is full
#   Use 64 bit Java on a 64 bit OS
#   Decrease Java heap size (-Xmx/-Xms)
#   Decrease number of Java threads
#   Decrease Java thread stack sizes (-Xss)
#   Set larger code cache with -XX:ReservedCodeCacheSize=
# This output file may be truncated or incomplete.
#
#  Out of Memory Error (allocation.cpp:390), pid=6444, tid=0x000000000000564c
#
# JRE version: Java(TM) SE Runtime Environment (8.0_101-b13) (build 1.8.0_101-b13)
# Java VM: Java HotSpot(TM) 64-Bit Server VM (25.101-b13 mixed mode windows-amd64 compressed oops)
# Failed to write core dump. Minidumps are not enabled by default on client versions of Windows
#

---------------  T H R E A D  ---------------

Current thread (0x00000000034cd800):  JavaThread "C2 CompilerThread1" daemon [_thread_in_native, id=22092, stack(0x00000000085f0000,0x00000000086f0000)]

Stack: [0x00000000085f0000,0x00000000086f0000]
[error occurred during error reporting (printing stack bounds), id 0xc0000005]

Native frames: (J=compiled Java code, j=interpreted, Vv=VM code, C=native code)


Current CompileTask:
C2:   8934 1457       4       com.android.dx.ssa.LiteralOpUpgrader$1::visitNonMoveInsn (203 bytes)


---------------  P R O C E S S  ---------------

Java Threads: ( => current thread )
  0x000000000825e000 JavaThread "pool-1-thread-4" [_thread_in_Java, id=9968, stack(0x0000000008df0000,0x0000000008ef0000)]
  0x000000000825d000 JavaThread "pool-1-thread-3" [_thread_blocked, id=644, stack(0x0000000008cf0000,0x0000000008df0000)]
  0x000000000825c800 JavaThread "pool-1-thread-2" [_thread_in_Java, id=24192, stack(0x0000000008bf0000,0x0000000008cf0000)]
  0x000000000816c800 JavaThread "pool-2-thread-1" [_thread_blocked, id=1576, stack(0x0000000008af0000,0x0000000008bf0000)]
  0x000000000819f000 JavaThread "pool-1-thread-1" [_thread_blocked, id=4000, stack(0x00000000089f0000,0x0000000008af0000)]
  0x0000000007f53800 JavaThread "Service Thread" daemon [_thread_blocked, id=10128, stack(0x00000000087f0000,0x00000000088f0000)]
  0x0000000006bfc800 JavaThread "C1 CompilerThread2" daemon [_thread_blocked, id=15068, stack(0x00000000086f0000,0x00000000087f0000)]
=>0x00000000034cd800 JavaThread "C2 CompilerThread1" daemon [_thread_in_native, id=22092, stack(0x00000000085f0000,0x00000000086f0000)]
  0x00000000034cb800 JavaThread "C2 CompilerThread0" daemon [_thread_in_native, id=7296, stack(0x00000000084f0000,0x00000000085f0000)]
  0x0000000006bb2800 JavaThread "Attach Listener" daemon [_thread_blocked, id=17080, stack(0x00000000083f0000,0x00000000084f0000)]
  0x0000000007f33800 JavaThread "Signal Dispatcher" daemon [_thread_blocked, id=21584, stack(0x00000000082f0000,0x00000000083f0000)]
  0x0000000006b8a800 JavaThread "Finalizer" daemon [_thread_blocked, id=24976, stack(0x0000000007df0000,0x0000000007ef0000)]
  0x00000000034bf800 JavaThread "Reference Handler" daemon [_thread_blocked, id=3276, stack(0x0000000007cf0000,0x0000000007df0000)]
  0x00000000033d1000 JavaThread "main" [_thread_blocked, id=13712, stack(0x00000000032d0000,0x00000000033d0000)]

Other Threads:
  0x0000000006b68000 VMThread [stack: 0x0000000007bf0000,0x0000000007cf0000] [id=22208]
  0x0000000007fbb000 WatcherThread [stack: 0x00000000088f0000,0x00000000089f0000] [id=1568]

VM state:not at safepoint (normal execution)

VM Mutex/Monitor currently owned by a thread: None

Heap:
 PSYoungGen      total 37888K, used 22563K [0x00000000eab00000, 0x00000000ed500000, 0x0000000100000000)
  eden space 32768K, 53% used [0x00000000eab00000,0x00000000ebc104a8,0x00000000ecb00000)
  from space 5120K, 99% used [0x00000000ecb00000,0x00000000ecff8ab8,0x00000000ed000000)
  to   space 5120K, 0% used [0x00000000ed000000,0x00000000ed000000,0x00000000ed500000)
 ParOldGen       total 86016K, used 1829K [0x00000000c0000000, 0x00000000c5400000, 0x00000000eab00000)
  object space 86016K, 2% used [0x00000000c0000000,0x00000000c01c9450,0x00000000c5400000)
 Metaspace       used 6198K, capacity 7030K, committed 7296K, reserved 1056768K
  class space    used 606K, capacity 622K, committed 640K, reserved 1048576K

Card table byte_map: [0x0000000003890000,0x0000000003aa0000] byte_map_base: 0x0000000003290000

Marking Bits: (ParMarkBitMap*) 0x0000000058ffa6d0
 Begin Bits: [0x0000000004000000, 0x0000000005000000)
 End Bits:   [0x0000000005000000, 0x0000000006000000)

Polling page: 0x0000000001610000

CodeCache: size=245760Kb used=6360Kb max_used=6360Kb free=239400Kb
 bounds [0x000000000f010000, 0x000000000f650000, 0x000000001e010000]
 total_blobs=1739 nmethods=1468 adapters=184
 compilation: enabled

Compilation events (10 events):
Event: 8.916 Thread 0x0000000006bfc800 1473       3       com.android.dx.ssa.SsaBasicBlock::addMoveToEnd (172 bytes)
Event: 8.919 Thread 0x0000000006bfc800 nmethod 1473 0x000000000f63f810 code [0x000000000f63fba0, 0x000000000f641ac8]
Event: 8.919 Thread 0x0000000006bfc800 1474       3       com.android.dx.ssa.PhiInsn::predBlockIndexForSourcesIndex (15 bytes)
Event: 8.920 Thread 0x0000000006bfc800 nmethod 1474 0x000000000f643090 code [0x000000000f643240, 0x000000000f643718]
Event: 8.920 Thread 0x0000000006bfc800 1475       3       com.android.dx.rop.code.SourcePosition::equals (46 bytes)
Event: 8.921 Thread 0x0000000006bfc800 nmethod 1475 0x000000000f643a90 code [0x000000000f643c20, 0x000000000f644128]
Event: 8.921 Thread 0x0000000006bfc800 1476       3       com.android.dx.rop.type.StdTypeList::equalContents (56 bytes)
Event: 8.921 Thread 0x0000000006bfc800 nmethod 1476 0x000000000f644210 code [0x000000000f6443e0, 0x000000000f644ca8]
Event: 8.922 Thread 0x0000000006bfc800 1477       3       com.android.dx.ssa.LocalVariableExtractor::processBlock (383 bytes)
Event: 8.927 Thread 0x0000000006bfc800 nmethod 1477 0x000000000f644f50 code [0x000000000f645440, 0x000000000f648c18]

GC Heap History (2 events):
Event: 6.055 GC heap before
{Heap before GC invocations=1 (full 0):
 PSYoungGen      total 37888K, used 32768K [0x00000000eab00000, 0x00000000ed500000, 0x0000000100000000)
  eden space 32768K, 100% used [0x00000000eab00000,0x00000000ecb00000,0x00000000ecb00000)
  from space 5120K, 0% used [0x00000000ed000000,0x00000000ed000000,0x00000000ed500000)
  to   space 5120K, 0% used [0x00000000ecb00000,0x00000000ecb00000,0x00000000ed000000)
 ParOldGen       total 86016K, used 0K [0x00000000c0000000, 0x00000000c5400000, 0x00000000eab00000)
  object space 86016K, 0% used [0x00000000c0000000,0x00000000c0000000,0x00000000c5400000)
 Metaspace       used 6135K, capacity 6966K, committed 7040K, reserved 1056768K
  class space    used 606K, capacity 622K, committed 640K, reserved 1048576K
Event: 7.698 GC heap after
Heap after GC invocations=1 (full 0):
 PSYoungGen      total 37888K, used 5090K [0x00000000eab00000, 0x00000000ed500000, 0x0000000100000000)
  eden space 32768K, 0% used [0x00000000eab00000,0x00000000eab00000,0x00000000ecb00000)
  from space 5120K, 99% used [0x00000000ecb00000,0x00000000ecff8ab8,0x00000000ed000000)
  to   space 5120K, 0% used [0x00000000ed000000,0x00000000ed000000,0x00000000ed500000)
 ParOldGen       total 86016K, used 1829K [0x00000000c0000000, 0x00000000c5400000, 0x00000000eab00000)
  object space 86016K, 2% used [0x00000000c0000000,0x00000000c01c9450,0x00000000c5400000)
 Metaspace       used 6135K, capacity 6966K, committed 7040K, reserved 1056768K
  class space    used 606K, capacity 622K, committed 640K, reserved 1048576K
}

Deoptimization events (10 events):
Event: 4.275 Thread 0x000000000825e000 Uncommon trap: reason=unstable_if action=reinterpret pc=0x000000000f2e5774 method=java.util.BitSet.ensureCapacity(I)V @ 6
Event: 4.429 Thread 0x00000000033d1000 Uncommon trap: reason=null_check action=make_not_entrant pc=0x000000000f3432f0 method=com.android.dx.ssa.SsaRenamer.getLocalForNewReg(I)Lcom/android/dx/rop/code/LocalItem; @ 19
Event: 6.005 Thread 0x00000000033d1000 Uncommon trap: reason=unloaded action=reinterpret pc=0x000000000f4effd4 method=com.android.dx.cf.cst.ConstantPoolParser.parse0(ILjava/util/BitSet;)Lcom/android/dx/rop/cst/Constant; @ 198
Event: 7.734 Thread 0x000000000825e000 Uncommon trap: reason=unstable_if action=reinterpret pc=0x000000000f53747c method=com.android.dx.ssa.SsaRenamer$BlockRenamer.addMapping(ILcom/android/dx/rop/code/RegisterSpec;)V @ 120
Event: 7.791 Thread 0x00000000033d1000 Uncommon trap: reason=unstable_if action=reinterpret pc=0x000000000f4070ac method=com.android.dx.rop.code.RegisterSpecSet.put(Lcom/android/dx/rop/code/RegisterSpec;)V @ 77
Event: 7.840 Thread 0x000000000825c800 Uncommon trap: reason=unstable_if action=reinterpret pc=0x000000000f52eeec method=com.android.dx.rop.code.RegisterSpecSet.put(Lcom/android/dx/rop/code/RegisterSpec;)V @ 77
Event: 8.719 Thread 0x000000000825c800 Uncommon trap: reason=bimorphic action=maybe_recompile pc=0x000000000f4a6768 method=java.util.HashMap.getNode(ILjava/lang/Object;)Ljava/util/HashMap$Node; @ 126
Event: 8.904 Thread 0x000000000825e000 Uncommon trap: reason=bimorphic action=maybe_recompile pc=0x000000000f6047d4 method=com.android.dx.cf.code.BytecodeArray.parseInstruction(ILcom/android/dx/cf/code/BytecodeArray$Visitor;)I @ 1501
Event: 8.904 Thread 0x000000000825e000 Uncommon trap: reason=bimorphic action=maybe_recompile pc=0x000000000f6047d4 method=com.android.dx.cf.code.BytecodeArray.parseInstruction(ILcom/android/dx/cf/code/BytecodeArray$Visitor;)I @ 1501
Event: 8.914 Thread 0x000000000825e000 Uncommon trap: reason=unstable_if action=reinterpret pc=0x000000000f620f38 method=com.android.dx.rop.code.RegisterSpec.intersect(Lcom/android/dx/rop/code/RegisterSpec;Z)Lcom/android/dx/rop/code/RegisterSpec; @ 8

Internal exceptions (3 events):
Event: 0.066 Thread 0x00000000033d1000 Exception <a 'java/lang/NoSuchMethodError': Method sun.misc.Unsafe.defineClass(Ljava/lang/String;[BII)Ljava/lang/Class; name or signature does not match> (0x00000000eab07cc0) thrown at [C:\re\workspace\8-2-build-windows-amd64-cygwin\jdk8u101\7261\hotspot\syá÷W…ç°?
Event: 0.066 Thread 0x00000000033d1000 Exception <a 'java/lang/NoSuchMethodError': Method sun.misc.Unsafe.prefetchRead(Ljava/lang/Object;J)V name or signature does not match> (0x00000000eab07fa8) thrown at [C:\re\workspace\8-2-build-windows-amd64-cygwin\jdk8u101\7261\hotspot\src\share\vm\prims\¡WÜŠ·@
Event: 4.429 Thread 0x00000000033d1000 Implicit null exception at 0x000000000f341388 to 0x000000000f3432d1

Events (10 events):
Event: 8.720 Thread 0x000000000825c800 DEOPT UNPACKING pc=0x000000000f05582a sp=0x0000000008ceeb20 mode 2
Event: 8.904 Thread 0x000000000825e000 Uncommon trap: trap_request=0xffffffc6 fr.pc=0x000000000f6047d4
Event: 8.904 Thread 0x000000000825e000 DEOPT PACKING pc=0x000000000f6047d4 sp=0x0000000008eee7e0
Event: 8.904 Thread 0x000000000825e000 DEOPT UNPACKING pc=0x000000000f05582a sp=0x0000000008eee750 mode 2
Event: 8.904 Thread 0x000000000825e000 Uncommon trap: trap_request=0xffffffc6 fr.pc=0x000000000f6047d4
Event: 8.904 Thread 0x000000000825e000 DEOPT PACKING pc=0x000000000f6047d4 sp=0x0000000008eee640
Event: 8.904 Thread 0x000000000825e000 DEOPT UNPACKING pc=0x000000000f05582a sp=0x0000000008eee5b0 mode 2
Event: 8.914 Thread 0x000000000825e000 Uncommon trap: trap_request=0xffffff65 fr.pc=0x000000000f620f38
Event: 8.914 Thread 0x000000000825e000 DEOPT PACKING pc=0x000000000f620f38 sp=0x0000000008eeea00
Event: 8.914 Thread 0x000000000825e000 DEOPT UNPACKING pc=0x000000000f05582a sp=0x0000000008eee818 mode 2


Dynamic libraries:
0x00007ff67b770000 - 0x00007ff67b7a7000 	C:\Program Files\Java\jdk1.8.0_101\bin\java.exe
0x00007ffd253d0000 - 0x00007ffd25591000 	C:\Windows\SYSTEM32\ntdll.dll
0x00007ffd227d0000 - 0x00007ffd2287d000 	C:\Windows\system32\KERNEL32.DLL
0x00007ffd225c0000 - 0x00007ffd227a8000 	C:\Windows\system32\KERNELBASE.dll
0x00007ffd23bf0000 - 0x00007ffd23c97000 	C:\Windows\system32\ADVAPI32.dll
0x00007ffd22bd0000 - 0x00007ffd22c6d000 	C:\Windows\system32\msvcrt.dll
0x00007ffd25210000 - 0x00007ffd2526b000 	C:\Windows\system32\sechost.dll
0x00007ffd23ad0000 - 0x00007ffd23bec000 	C:\Windows\system32\RPCRT4.dll
0x00007ffd23970000 - 0x00007ffd23ac6000 	C:\Windows\system32\USER32.dll
0x00007ffd22c70000 - 0x00007ffd22df6000 	C:\Windows\system32\GDI32.dll
0x00007ffd1d0d0000 - 0x00007ffd1d344000 	C:\Windows\WinSxS\amd64_microsoft.windows.common-controls_6595b64144ccf1df_6.0.10586.589_none_a2ddb3caa539acce\COMCTL32.dll
0x00007ffd22e00000 - 0x00007ffd2307d000 	C:\Windows\system32\combase.dll
0x00007ffd21a80000 - 0x00007ffd21aea000 	C:\Windows\system32\bcryptPrimitives.dll
0x00007ffd23820000 - 0x00007ffd2385b000 	C:\Windows\system32\IMM32.DLL
0x00007ffd218e0000 - 0x00007ffd21911000 	C:\Windows\system32\nvinitx.dll
0x00007ffd218d0000 - 0x00007ffd218da000 	C:\Windows\SYSTEM32\VERSION.dll
0x000000000f000000 - 0x000000000f006000 	C:\Program Files\NVIDIA Corporation\CoProcManager\_etoured.dll
0x00007ffd1fd60000 - 0x00007ffd1fd92000 	C:\Program Files\NVIDIA Corporation\CoProcManager\nvd3d9wrapx.dll
0x00007ffd231b0000 - 0x00007ffd235d9000 	C:\Windows\system32\SETUPAPI.dll
0x00007ffd22570000 - 0x00007ffd225b3000 	C:\Windows\system32\CFGMGR32.dll
0x00007ffd1fd30000 - 0x00007ffd1fd52000 	C:\Program Files\NVIDIA Corporation\CoProcManager\nvdxgiwrapx.dll
0x0000000059080000 - 0x0000000059152000 	C:\Program Files\Java\jdk1.8.0_101\jre\bin\msvcr100.dll
0x00000000587e0000 - 0x000000005907a000 	C:\Program Files\Java\jdk1.8.0_101\jre\bin\server\jvm.dll
0x00007ffd25270000 - 0x00007ffd25278000 	C:\Windows\system32\PSAPI.DLL
0x00007ffd18770000 - 0x00007ffd18779000 	C:\Windows\SYSTEM32\WSOCK32.dll
0x00007ffd235e0000 - 0x00007ffd2364b000 	C:\Windows\system32\WS2_32.dll
0x00007ffd1fc20000 - 0x00007ffd1fc43000 	C:\Windows\SYSTEM32\WINMM.dll
0x00007ffd1fbc0000 - 0x00007ffd1fbec000 	C:\Windows\SYSTEM32\WINMMBASE.dll
0x00000000587d0000 - 0x00000000587df000 	C:\Program Files\Java\jdk1.8.0_101\jre\bin\verify.dll
0x00000000587a0000 - 0x00000000587c9000 	C:\Program Files\Java\jdk1.8.0_101\jre\bin\java.dll
0x0000000058780000 - 0x0000000058796000 	C:\Program Files\Java\jdk1.8.0_101\jre\bin\zip.dll
0x00007ffd23cb0000 - 0x00007ffd2520c000 	C:\Windows\system32\SHELL32.dll
0x00007ffd21e90000 - 0x00007ffd224d5000 	C:\Windows\system32\windows.storage.dll
0x00007ffd22b70000 - 0x00007ffd22bc2000 	C:\Windows\system32\shlwapi.dll
0x00007ffd219f0000 - 0x00007ffd219ff000 	C:\Windows\system32\kernel.appcore.dll
0x00007ffd21b50000 - 0x00007ffd21c05000 	C:\Windows\system32\shcore.dll
0x00007ffd21a20000 - 0x00007ffd21a6b000 	C:\Windows\system32\powrprof.dll
0x00007ffd21a00000 - 0x00007ffd21a14000 	C:\Windows\system32\profapi.dll

VM Arguments:
jvm_args: -Djava.awt.headless=true -Xmx1024M -Dfile.encoding=GBK -Duser.country=CN -Duser.language=zh -Duser.variant 
java_command: com.android.dx.command.Main --dex --force-jumbo --num-threads=4 --output C:\Users\shenb\Desktop\Mpzn\app\build\intermediates\pre-dexed\debug\glide-3.7.0_bd594206a0e018e18067e6f5ae1bd8a60590a7e1.jar C:\Users\shenb\.gradle\caches\modules-2\files-2.1\com.github.bumptech.glide\glide\3.7.0\9e9eeaf9948ee4d6c3ab354e8dc14368f16994a4\glide-3.7.0.jar
java_class_path (initial): D:\AndroidSDK\build-tools\23.0.3\lib\dx.jar
Launcher Type: SUN_STANDARD

Environment Variables:
JAVA_HOME=C:\Program Files\Java\jdk1.8.0_101
PATH=C:\ProgramData\Oracle\Java\javapath;C:\Program Files (x86)\Intel\iCLS Client\;C:\Program Files\Intel\iCLS Client\;C:\Windows\system32;C:\Windows;C:\Windows\System32\Wbem;C:\Windows\System32\WindowsPowerShell\v1.0\;C:\Program Files\Intel\Intel(R) Management Engine Components\DAL;C:\Program Files\Intel\Intel(R) Management Engine Components\IPT;C:\Program Files (x86)\Intel\Intel(R) Management Engine Components\DAL;C:\Program Files (x86)\Intel\Intel(R) Management Engine Components\IPT;C:\Program Files (x86)\VisualSVN Server\bin;C:\Program Files\TortoiseSVN\bin;C:\Program Files\TortoiseGit\bin;D:\AS\android-sdk-windows\platform-tools;C:\Program Files\Java\jdk1.8.0_101\bin;D:\adt-bundle-windows-x64\android-sdk-windows\platform-tools;D:\adt-bundle-windows-x64\android-sdk-windows\tools;D:\apache-tomcat-6.0.44\bin
USERNAME=Icy
OS=Windows_NT
PROCESSOR_IDENTIFIER=Intel64 Family 6 Model 58 Stepping 9, GenuineIntel



---------------  S Y S T E M  ---------------

OS: Windows 10.0 , 64 bit Build 10586 (10.0.10586.589)

CPU:total 4 (2 cores per cpu, 2 threads per core) family 6 model 58 stepping 9, cmov, cx8, fxsr, mmx, sse, sse2, sse3, ssse3, sse4.1, sse4.2, popcnt, avx, aes, clmul, erms, ht, tsc, tscinvbit, tscinv

Memory: 4k page, physical 8241668k(574360k free), swap 14752000k(4240k free)

vm_info: Java HotSpot(TM) 64-Bit Server VM (25.101-b13) for windows-amd64 JRE (1.8.0_101-b13), built on Jun 22 2016 01:21:29 by "java_re" with MS VC++ 10.0 (VS2010)

time: Wed Nov 09 16:02:05 2016
elapsed time: 8 seconds (0d 0h 0m 8s)

