#
# There is insufficient memory for the Java Runtime Environment to continue.
# Native memory allocation (malloc) failed to allocate 776176 bytes for Chunk::new
# Possible reasons:
#   The system is out of physical RAM or swap space
#   In 32 bit mode, the process size limit was hit
# Possible solutions:
#   Reduce memory load on the system
#   Increase physical memory or swap space
#   Check if swap backing store is full
#   Use 64 bit Java on a 64 bit OS
#   Decrease Java heap size (-Xmx/-Xms)
#   Decrease number of Java threads
#   Decrease Java thread stack sizes (-Xss)
#   Set larger code cache with -XX:ReservedCodeCacheSize=
# This output file may be truncated or incomplete.
#
#  Out of Memory Error (allocation.cpp:390), pid=5060, tid=0x000000000000373c
#
# JRE version: Java(TM) SE Runtime Environment (8.0_101-b13) (build 1.8.0_101-b13)
# Java VM: Java HotSpot(TM) 64-Bit Server VM (25.101-b13 mixed mode windows-amd64 compressed oops)
# Failed to write core dump. Minidumps are not enabled by default on client versions of Windows
#

---------------  T H R E A D  ---------------

Current thread (0x0000000007d63000):  JavaThread "C2 CompilerThread0" daemon [_thread_in_native, id=14140, stack(0x0000000008320000,0x0000000008420000)]

Stack: [0x0000000008320000,0x0000000008420000]
[error occurred during error reporting (printing stack bounds), id 0xc0000005]

Native frames: (J=compiled Java code, j=interpreted, Vv=VM code, C=native code)


Current CompileTask:
C2:   4668 1644       4       com.android.dx.rop.code.LocalVariableExtractor::processBlock (327 bytes)


---------------  P R O C E S S  ---------------

Java Threads: ( => current thread )
  0x0000000007faa000 JavaThread "pool-1-thread-4" [_thread_in_Java, id=11136, stack(0x0000000008c20000,0x0000000008d20000)]
  0x0000000007fa9800 JavaThread "pool-1-thread-3" [_thread_blocked, id=12172, stack(0x0000000008b20000,0x0000000008c20000)]
  0x0000000007fa8800 JavaThread "pool-1-thread-2" [_thread_in_vm, id=2376, stack(0x0000000008a20000,0x0000000008b20000)]
  0x0000000007f96800 JavaThread "pool-2-thread-1" [_thread_blocked, id=10516, stack(0x0000000008920000,0x0000000008a20000)]
  0x0000000007f96000 JavaThread "pool-1-thread-1" [_thread_blocked, id=10692, stack(0x0000000008820000,0x0000000008920000)]
  0x0000000007d87000 JavaThread "Service Thread" daemon [_thread_blocked, id=5696, stack(0x0000000008620000,0x0000000008720000)]
  0x0000000006a0d800 JavaThread "C1 CompilerThread2" daemon [_thread_blocked, id=3312, stack(0x0000000008520000,0x0000000008620000)]
  0x00000000032db000 JavaThread "C2 CompilerThread1" daemon [_thread_in_native, id=11404, stack(0x0000000008420000,0x0000000008520000)]
=>0x0000000007d63000 JavaThread "C2 CompilerThread0" daemon [_thread_in_native, id=14140, stack(0x0000000008320000,0x0000000008420000)]
  0x00000000069c8800 JavaThread "Attach Listener" daemon [_thread_blocked, id=9624, stack(0x0000000008220000,0x0000000008320000)]
  0x00000000069c7800 JavaThread "Signal Dispatcher" daemon [_thread_blocked, id=6704, stack(0x0000000008120000,0x0000000008220000)]
  0x000000000699a800 JavaThread "Finalizer" daemon [_thread_blocked, id=3116, stack(0x0000000007c20000,0x0000000007d20000)]
  0x00000000032cf800 JavaThread "Reference Handler" daemon [_thread_blocked, id=12640, stack(0x0000000007b20000,0x0000000007c20000)]
  0x00000000031e1000 JavaThread "main" [_thread_blocked, id=5976, stack(0x00000000030e0000,0x00000000031e0000)]

Other Threads:
  0x0000000006978000 VMThread [stack: 0x0000000007a20000,0x0000000007b20000] [id=7592]
  0x0000000007dae000 WatcherThread [stack: 0x0000000008720000,0x0000000008820000] [id=3500]

VM state:not at safepoint (normal execution)

VM Mutex/Monitor currently owned by a thread: None

Heap:
 PSYoungGen      total 70656K, used 34073K [0x00000000eab00000, 0x00000000ef500000, 0x0000000100000000)
  eden space 65536K, 44% used [0x00000000eab00000,0x00000000ec7469d8,0x00000000eeb00000)
  from space 5120K, 99% used [0x00000000ef000000,0x00000000ef4ffca8,0x00000000ef500000)
  to   space 5120K, 0% used [0x00000000eeb00000,0x00000000eeb00000,0x00000000ef000000)
 ParOldGen       total 86016K, used 4359K [0x00000000c0000000, 0x00000000c5400000, 0x00000000eab00000)
  object space 86016K, 5% used [0x00000000c0000000,0x00000000c0441fa8,0x00000000c5400000)
 Metaspace       used 6364K, capacity 7158K, committed 7296K, reserved 1056768K
  class space    used 608K, capacity 622K, committed 640K, reserved 1048576K

Card table byte_map: [0x00000000036a0000,0x00000000038b0000] byte_map_base: 0x00000000030a0000

Marking Bits: (ParMarkBitMap*) 0x0000000054d3a6d0
 Begin Bits: [0x0000000003e10000, 0x0000000004e10000)
 End Bits:   [0x0000000004e10000, 0x0000000005e10000)

Polling page: 0x00000000014a0000

CodeCache: size=245760Kb used=7089Kb max_used=7101Kb free=238670Kb
 bounds [0x000000000f010000, 0x000000000f710000, 0x000000001e010000]
 total_blobs=1956 nmethods=1684 adapters=184
 compilation: enabled

Compilation events (10 events):
Event: 4.525 Thread 0x00000000032db000 nmethod 1646 0x000000000f6fbc90 code [0x000000000f6fc180, 0x000000000f6fec60]
Event: 4.525 Thread 0x00000000032db000 1699       4       com.android.dx.dex.code.OutputFinisher::updateInfo (44 bytes)
Event: 4.532 Thread 0x00000000032db000 nmethod 1699 0x000000000f6f8710 code [0x000000000f6f8860, 0x000000000f6f8af8]
Event: 4.532 Thread 0x00000000032db000 1647       4       com.android.dx.rop.code.RegisterSpecSet::size (49 bytes)
Event: 4.535 Thread 0x00000000032db000 nmethod 1647 0x000000000f6f83d0 code [0x000000000f6f8500, 0x000000000f6f8638]
Event: 4.535 Thread 0x00000000032db000 1664       4       com.android.dx.ssa.DeadCodeRemover::pruneDeadInstructions (246 bytes)
Event: 4.547 Thread 0x00000000032db000 nmethod 1664 0x000000000f6f99d0 code [0x000000000f6f9b60, 0x000000000f6fa178]
Event: 4.547 Thread 0x00000000032db000 1650       4       com.android.dx.rop.code.BasicBlockList::forEachInsn (39 bytes)
Event: 4.551 Thread 0x00000000032db000 nmethod 1650 0x000000000f6f9190 code [0x000000000f6f92e0, 0x000000000f6f9598]
Event: 4.551 Thread 0x00000000032db000 1693       4       com.android.dx.ssa.SCCP::simulatePhi (169 bytes)

GC Heap History (4 events):
Event: 1.470 GC heap before
{Heap before GC invocations=1 (full 0):
 PSYoungGen      total 37888K, used 32768K [0x00000000eab00000, 0x00000000ed500000, 0x0000000100000000)
  eden space 32768K, 100% used [0x00000000eab00000,0x00000000ecb00000,0x00000000ecb00000)
  from space 5120K, 0% used [0x00000000ed000000,0x00000000ed000000,0x00000000ed500000)
  to   space 5120K, 0% used [0x00000000ecb00000,0x00000000ecb00000,0x00000000ed000000)
 ParOldGen       total 86016K, used 0K [0x00000000c0000000, 0x00000000c5400000, 0x00000000eab00000)
  object space 86016K, 0% used [0x00000000c0000000,0x00000000c0000000,0x00000000c5400000)
 Metaspace       used 6078K, capacity 6902K, committed 7040K, reserved 1056768K
  class space    used 607K, capacity 622K, committed 640K, reserved 1048576K
Event: 1.569 GC heap after
Heap after GC invocations=1 (full 0):
 PSYoungGen      total 37888K, used 5112K [0x00000000eab00000, 0x00000000ef500000, 0x0000000100000000)
  eden space 32768K, 0% used [0x00000000eab00000,0x00000000eab00000,0x00000000ecb00000)
  from space 5120K, 99% used [0x00000000ecb00000,0x00000000ecffe060,0x00000000ed000000)
  to   space 5120K, 0% used [0x00000000ef000000,0x00000000ef000000,0x00000000ef500000)
 ParOldGen       total 86016K, used 923K [0x00000000c0000000, 0x00000000c5400000, 0x00000000eab00000)
  object space 86016K, 1% used [0x00000000c0000000,0x00000000c00e6d68,0x00000000c5400000)
 Metaspace       used 6078K, capacity 6902K, committed 7040K, reserved 1056768K
  class space    used 607K, capacity 622K, committed 640K, reserved 1048576K
}
Event: 3.414 GC heap before
{Heap before GC invocations=2 (full 0):
 PSYoungGen      total 37888K, used 37880K [0x00000000eab00000, 0x00000000ef500000, 0x0000000100000000)
  eden space 32768K, 100% used [0x00000000eab00000,0x00000000ecb00000,0x00000000ecb00000)
  from space 5120K, 99% used [0x00000000ecb00000,0x00000000ecffe060,0x00000000ed000000)
  to   space 5120K, 0% used [0x00000000ef000000,0x00000000ef000000,0x00000000ef500000)
 ParOldGen       total 86016K, used 923K [0x00000000c0000000, 0x00000000c5400000, 0x00000000eab00000)
  object space 86016K, 1% used [0x00000000c0000000,0x00000000c00e6d68,0x00000000c5400000)
 Metaspace       used 6299K, capacity 7094K, committed 7296K, reserved 1056768K
  class space    used 607K, capacity 622K, committed 640K, reserved 1048576K
Event: 3.511 GC heap after
Heap after GC invocations=2 (full 0):
 PSYoungGen      total 70656K, used 5119K [0x00000000eab00000, 0x00000000ef500000, 0x0000000100000000)
  eden space 65536K, 0% used [0x00000000eab00000,0x00000000eab00000,0x00000000eeb00000)
  from space 5120K, 99% used [0x00000000ef000000,0x00000000ef4ffca8,0x00000000ef500000)
  to   space 5120K, 0% used [0x00000000eeb00000,0x00000000eeb00000,0x00000000ef000000)
 ParOldGen       total 86016K, used 4359K [0x00000000c0000000, 0x00000000c5400000, 0x00000000eab00000)
  object space 86016K, 5% used [0x00000000c0000000,0x00000000c0441fa8,0x00000000c5400000)
 Metaspace       used 6299K, capacity 7094K, committed 7296K, reserved 1056768K
  class space    used 607K, capacity 622K, committed 640K, reserved 1048576K
}

Deoptimization events (10 events):
Event: 0.392 Thread 0x00000000031e1000 Uncommon trap: reason=unstable_if action=reinterpret pc=0x000000000f166714 method=java.lang.String.compareTo(Ljava/lang/String;)I @ 38
Event: 0.885 Thread 0x00000000031e1000 Uncommon trap: reason=unstable_if action=reinterpret pc=0x000000000f235330 method=java.util.BitSet.nextSetBit(I)I @ 87
Event: 0.889 Thread 0x00000000031e1000 Uncommon trap: reason=unstable_if action=reinterpret pc=0x000000000f22819c method=java.util.HashMap.getNode(ILjava/lang/Object;)Ljava/util/HashMap$Node; @ 129
Event: 0.898 Thread 0x00000000031e1000 Uncommon trap: reason=class_check action=maybe_recompile pc=0x000000000f29de70 method=com.android.dx.ssa.NormalSsaInsn.accept(Lcom/android/dx/ssa/SsaInsn$Visitor;)V @ 9
Event: 0.918 Thread 0x00000000031e1000 Uncommon trap: reason=class_check action=maybe_recompile pc=0x000000000f29de70 method=com.android.dx.ssa.NormalSsaInsn.accept(Lcom/android/dx/ssa/SsaInsn$Visitor;)V @ 9
Event: 1.153 Thread 0x0000000007faa000 Uncommon trap: reason=unstable_if action=reinterpret pc=0x000000000f3b5960 method=com.android.dx.rop.code.LocalItem.hashCode()I @ 25
Event: 1.363 Thread 0x0000000007f96000 Uncommon trap: reason=unstable_if action=reinterpret pc=0x000000000f35cf9c method=com.android.dx.rop.cst.Constant.compareTo(Lcom/android/dx/rop/cst/Constant;)I @ 12
Event: 2.978 Thread 0x0000000007fa8800 Uncommon trap: reason=unstable_if action=reinterpret pc=0x000000000f581540 method=com.android.dx.ssa.SCCP.simulateStmt(Lcom/android/dx/ssa/SsaInsn;)V @ 53
Event: 3.546 Thread 0x0000000007faa000 Uncommon trap: reason=unstable_if action=reinterpret pc=0x000000000f4d2cb8 method=com.android.dx.dex.code.OutputFinisher.hasLocalInfo(Lcom/android/dx/dex/code/DalvInsn;)Z @ 24
Event: 4.189 Thread 0x0000000007fa8800 Uncommon trap: reason=unstable_if action=reinterpret pc=0x000000000f3fc8e0 method=com.android.dx.rop.code.RegisterSpecSet.<init>(I)V @ 2

Internal exceptions (2 events):
Event: 0.057 Thread 0x00000000031e1000 Exception <a 'java/lang/NoSuchMethodError': Method sun.misc.Unsafe.defineClass(Ljava/lang/String;[BII)Ljava/lang/Class; name or signature does not match> (0x00000000eab07cc0) thrown at [C:\re\workspace\8-2-build-windows-amd64-cygwin\jdk8u101\7261\hotspot\sf ’î2≠?
Event: 0.057 Thread 0x00000000031e1000 Exception <a 'java/lang/NoSuchMethodError': Method sun.misc.Unsafe.prefetchRead(Ljava/lang/Object;J)V name or signature does not match> (0x00000000eab07fa8) thrown at [C:\re\workspace\8-2-build-windows-amd64-cygwin\jdk8u101\7261\hotspot\src\share\vm\prims\

Events (10 events):
Event: 3.546 Thread 0x0000000007faa000 DEOPT UNPACKING pc=0x000000000f05582a sp=0x0000000008d1eaf8 mode 2
Event: 3.566 Thread 0x0000000007f96000 DEOPT PACKING pc=0x000000000f39df6d sp=0x000000000891e870
Event: 3.566 Thread 0x0000000007f96000 DEOPT UNPACKING pc=0x000000000f05787f sp=0x000000000891e608 mode 0
Event: 3.607 loading class com/android/dx/cf/code/SwitchList
Event: 3.608 loading class com/android/dx/cf/code/SwitchList done
Event: 4.189 Thread 0x0000000007fa8800 Uncommon trap: trap_request=0xffffff65 fr.pc=0x000000000f3fc8e0
Event: 4.189 Thread 0x0000000007fa8800 DEOPT PACKING pc=0x000000000f3fc8e0 sp=0x0000000008b1eba0
Event: 4.189 Thread 0x0000000007fa8800 DEOPT UNPACKING pc=0x000000000f05582a sp=0x0000000008b1ead0 mode 2
Event: 4.250 Executing VM operation: EnableBiasedLocking
Event: 4.514 Executing VM operation: EnableBiasedLocking done


Dynamic libraries:
0x00007ff67bb80000 - 0x00007ff67bbb7000 	C:\Program Files\Java\jdk1.8.0_101\bin\java.exe
0x00007fffae780000 - 0x00007fffae941000 	C:\Windows\SYSTEM32\ntdll.dll
0x00007fffad9c0000 - 0x00007fffada6d000 	C:\Windows\system32\KERNEL32.DLL
0x00007fffab760000 - 0x00007fffab948000 	C:\Windows\system32\KERNELBASE.dll
0x00007fffad7a0000 - 0x00007fffad847000 	C:\Windows\system32\ADVAPI32.dll
0x00007fffad920000 - 0x00007fffad9bd000 	C:\Windows\system32\msvcrt.dll
0x00007fffae280000 - 0x00007fffae2db000 	C:\Windows\system32\sechost.dll
0x00007fffade20000 - 0x00007fffadf3c000 	C:\Windows\system32\RPCRT4.dll
0x00007fffad5e0000 - 0x00007fffad736000 	C:\Windows\system32\USER32.dll
0x00007fffabb80000 - 0x00007fffabd06000 	C:\Windows\system32\GDI32.dll
0x00007fffa6ba0000 - 0x00007fffa6e14000 	C:\Windows\WinSxS\amd64_microsoft.windows.common-controls_6595b64144ccf1df_6.0.10586.589_none_a2ddb3caa539acce\COMCTL32.dll
0x00007fffadba0000 - 0x00007fffade1d000 	C:\Windows\system32\combase.dll
0x00007fffaae30000 - 0x00007fffaae9a000 	C:\Windows\system32\bcryptPrimitives.dll
0x00007fffae090000 - 0x00007fffae0cb000 	C:\Windows\system32\IMM32.DLL
0x00007fffaac90000 - 0x00007fffaacc1000 	C:\Windows\system32\nvinitx.dll
0x00007fffaac80000 - 0x00007fffaac8a000 	C:\Windows\SYSTEM32\VERSION.dll
0x000000000f000000 - 0x000000000f006000 	C:\Program Files\NVIDIA Corporation\CoProcManager\_etoured.dll
0x00007fffa9500000 - 0x00007fffa9532000 	C:\Program Files\NVIDIA Corporation\CoProcManager\nvd3d9wrapx.dll
0x00007fffae350000 - 0x00007fffae779000 	C:\Windows\system32\SETUPAPI.dll
0x00007fffab710000 - 0x00007fffab753000 	C:\Windows\system32\CFGMGR32.dll
0x00007fffa94d0000 - 0x00007fffa94f2000 	C:\Program Files\NVIDIA Corporation\CoProcManager\nvdxgiwrapx.dll
0x0000000054dc0000 - 0x0000000054e92000 	C:\Program Files\Java\jdk1.8.0_101\jre\bin\msvcr100.dll
0x0000000054520000 - 0x0000000054dba000 	C:\Program Files\Java\jdk1.8.0_101\jre\bin\server\jvm.dll
0x00007fffadae0000 - 0x00007fffadae8000 	C:\Windows\system32\PSAPI.DLL
0x00007fffa8a60000 - 0x00007fffa8a69000 	C:\Windows\SYSTEM32\WSOCK32.dll
0x00007fffae2e0000 - 0x00007fffae34b000 	C:\Windows\system32\WS2_32.dll
0x00007fffa8fd0000 - 0x00007fffa8ff3000 	C:\Windows\SYSTEM32\WINMM.dll
0x00007fffa8f70000 - 0x00007fffa8f9c000 	C:\Windows\SYSTEM32\WINMMBASE.dll
0x0000000054510000 - 0x000000005451f000 	C:\Program Files\Java\jdk1.8.0_101\jre\bin\verify.dll
0x00000000544e0000 - 0x0000000054509000 	C:\Program Files\Java\jdk1.8.0_101\jre\bin\java.dll
0x00000000544c0000 - 0x00000000544d6000 	C:\Program Files\Java\jdk1.8.0_101\jre\bin\zip.dll
0x00007fffabea0000 - 0x00007fffad3fc000 	C:\Windows\system32\SHELL32.dll
0x00007fffaaf30000 - 0x00007fffab575000 	C:\Windows\system32\windows.storage.dll
0x00007fffad400000 - 0x00007fffad452000 	C:\Windows\system32\shlwapi.dll
0x00007fffaae20000 - 0x00007fffaae2f000 	C:\Windows\system32\kernel.appcore.dll
0x00007fffab580000 - 0x00007fffab635000 	C:\Windows\system32\shcore.dll
0x00007fffaada0000 - 0x00007fffaadeb000 	C:\Windows\system32\powrprof.dll
0x00007fffaadf0000 - 0x00007fffaae04000 	C:\Windows\system32\profapi.dll

VM Arguments:
jvm_args: -Djava.awt.headless=true -Xmx1024M -Dfile.encoding=GBK -Duser.country=CN -Duser.language=zh -Duser.variant 
java_command: com.android.dx.command.Main --dex --force-jumbo --num-threads=4 --output C:\Users\shenb\Desktop\Mpzn\app\build\intermediates\pre-dexed\debug\internal_impl-24.0.0-beta1_f7d6c382c6a451f7d977222c0b155ef681c5045d.jar C:\Users\shenb\Desktop\Mpzn\app\build\intermediates\exploded-aar\com.android.support\support-v4\24.0.0-beta1\jars\libs\internal_impl-24.0.0-beta1.jar
java_class_path (initial): D:\AndroidSDK\build-tools\23.0.3\lib\dx.jar
Launcher Type: SUN_STANDARD

Environment Variables:
JAVA_HOME=C:\Program Files\Java\jdk1.8.0_101
PATH=C:\ProgramData\Oracle\Java\javapath;C:\Program Files (x86)\Intel\iCLS Client\;C:\Program Files\Intel\iCLS Client\;C:\Windows\system32;C:\Windows;C:\Windows\System32\Wbem;C:\Windows\System32\WindowsPowerShell\v1.0\;C:\Program Files\Intel\Intel(R) Management Engine Components\DAL;C:\Program Files\Intel\Intel(R) Management Engine Components\IPT;C:\Program Files (x86)\Intel\Intel(R) Management Engine Components\DAL;C:\Program Files (x86)\Intel\Intel(R) Management Engine Components\IPT;C:\Program Files (x86)\VisualSVN Server\bin;C:\Program Files\TortoiseSVN\bin;C:\Program Files\TortoiseGit\bin;D:\AS\android-sdk-windows\platform-tools;C:\Program Files\Java\jdk1.8.0_101\bin;D:\adt-bundle-windows-x64\android-sdk-windows\platform-tools;D:\adt-bundle-windows-x64\android-sdk-windows\tools;D:\apache-tomcat-6.0.44\bin
USERNAME=Icy
OS=Windows_NT
PROCESSOR_IDENTIFIER=Intel64 Family 6 Model 58 Stepping 9, GenuineIntel



---------------  S Y S T E M  ---------------

OS: Windows 10.0 , 64 bit Build 10586 (10.0.10586.589)

CPU:total 4 (2 cores per cpu, 2 threads per core) family 6 model 58 stepping 9, cmov, cx8, fxsr, mmx, sse, sse2, sse3, ssse3, sse4.1, sse4.2, popcnt, avx, aes, clmul, erms, ht, tsc, tscinvbit, tscinv

Memory: 4k page, physical 8241668k(1184272k free), swap 14949184k(5636k free)

vm_info: Java HotSpot(TM) 64-Bit Server VM (25.101-b13) for windows-amd64 JRE (1.8.0_101-b13), built on Jun 22 2016 01:21:29 by "java_re" with MS VC++ 10.0 (VS2010)

time: Tue Sep 27 18:03:33 2016
elapsed time: 4 seconds (0d 0h 0m 4s)

